DESC version=0.16.0+592.g7b21b40f1.
Using JAX backend: jax version=0.7.2, jaxlib version=0.7.2, dtype=float64.
Using device: NVIDIA A100-SXM4-80GB (id=0), with 80.00 GB available memory.
Optimizing heliotron 
Optimizing for 0.0001 seconds
===================

=========== Optimizing with modes  > 3 ===========
Building objective: Particle Confinement
Precomputing transforms
Timer: Precomputing transforms = 1.78 sec
Building objective: aspect ratio
Precomputing transforms
Timer: Precomputing transforms = 88.9 ms
Building objective: elongation
Precomputing transforms
Timer: Precomputing transforms = 85.7 ms
Timer: Objective build = 7.80 sec
Building objective: force
Precomputing transforms
Timer: Precomputing transforms = 1.22 sec
Timer: Objective build = 1.75 sec
Timer: Objective build = 2.75 ms
Timer: Eq Update LinearConstraintProjection build = 7.25 sec
Timer: Proximal projection build = 51.8 sec
Building objective: fixed pressure
Building objective: fixed Psi
Building objective: fixed current
Building objective: lcfs R
Building objective: lcfs Z
Timer: Objective build = 883 ms
Timer: LinearConstraintProjection build = 2.17 sec
Number of parameters: 48
Number of objectives: 10002
Timer: Initializing the optimization = 56.2 sec

Starting optimization
Using method: proximal-lsq-exact
Solver options:
------------------------------------------------------------
Maximum Function Evaluations       : 60
Maximum Allowed Total Δx Norm      : inf
Scaled Termination                 : True
Trust Region Method                : qr
Initial Trust Radius               : 2.745e-01
Maximum Trust Radius               : inf
Minimum Trust Radius               : 2.220e-16
Trust Radius Increase Ratio        : 2.000e+00
Trust Radius Decrease Ratio        : 2.500e-01
Trust Radius Increase Threshold    : 7.500e-01
Trust Radius Decrease Threshold    : 2.500e-01
------------------------------------------------------------ 

   Iteration     Total nfev        Cost      Cost reduction    Step norm     Optimality   
       0              1          2.027e+06                                    6.475e+07   
       1              2          1.521e+06      5.057e+05      1.588e-01      1.439e+08   
       2              3          1.122e+06      3.993e+05      1.636e-01      9.693e+07   
       3              5          9.565e+05      1.652e+05      1.578e-01      3.341e+07   
       4              6          7.682e+05      1.883e+05      1.478e-01      1.502e+08   
       5              9          7.600e+05      8.169e+03      2.122e-02      2.352e+08   
[2025-12-19T14:10:07.010] error: *** JOB 3134624 ON della-l09g4 CANCELLED AT 2025-12-19T14:10:07 DUE TO TIME LIMIT ***
