DESC version=0.15.0+555.g9b2e71684.
Using JAX backend: jax version=0.7.2, jaxlib version=0.7.2, dtype=float64.
Using device: NVIDIA A100-PCIE-40GB (id=0), with 40.00 GB available memory.
=========== Optimizing with modes  > 1 ===========
Building objective: Particle Confinement
Precomputing transforms
Timer: Precomputing transforms = 2.08 sec
Building objective: aspect ratio
Precomputing transforms
Timer: Precomputing transforms = 107 ms
Timer: Objective build = 22.8 sec
Building objective: force
Precomputing transforms
Timer: Precomputing transforms = 1.39 sec
Timer: Objective build = 2.03 sec
Timer: Objective build = 2.83 ms
Timer: Eq Update LinearConstraintProjection build = 13.0 sec
Timer: Proximal projection build = 59.6 sec
Building objective: fixed pressure
Building objective: fixed Psi
Building objective: fixed current
Building objective: lcfs R
Building objective: lcfs Z
Timer: Objective build = 1.01 sec
Timer: LinearConstraintProjection build = 2.38 sec
Number of parameters: 8
Number of objectives: 2
Timer: Initializing the optimization = 1.05 min

Starting optimization
Using method: proximal-lsq-exact
Solver options:
------------------------------------------------------------
Maximum Function Evaluations       : 30
Maximum Allowed Total Δx Norm      : inf
Scaled Termination                 : True
Trust Region Method                : qr
Initial Trust Radius               : 1.000e+00
Maximum Trust Radius               : inf
Minimum Trust Radius               : 2.220e-16
Trust Radius Increase Ratio        : 2.000e+00
Trust Radius Decrease Ratio        : 2.500e-01
Trust Radius Increase Threshold    : 7.500e-01
Trust Radius Decrease Threshold    : 2.500e-01
------------------------------------------------------------ 

   Iteration     Total nfev        Cost      Cost reduction    Step norm     Optimality   
       0              1          5.615e-06                                    3.351e-03   
       1              2          5.233e-06      3.818e-07      9.093e-03      3.229e-03   
       2              3          5.084e-06      1.496e-07      1.094e-03      3.188e-03   
       3              5          5.002e-06      8.175e-08      2.850e-05      2.601e-03   
       4             13          4.990e-06      1.158e-08      2.358e-09      5.049e-04   
`gtol` condition satisfied. (gtol=1.00e-03)
         Current function value: 4.990e-06
         Total delta_x: 7.973e-03
         Iterations: 4
         Function evaluations: 13
         Jacobian evaluations: 5
Timer: Solution time = 8.06 min
Timer: Avg time per step = 1.61 min
==============================================================================================================
                                                                 Start  -->   End
Total (sum of squares):                                      5.323e-06  -->   4.990e-06, 
Maximum absolute Particle Confinement error:                 3.263e-03  -->   3.158e-03 (dimensionless)
Minimum absolute Particle Confinement error:                 3.263e-03  -->   3.158e-03 (dimensionless)
Average absolute Particle Confinement error:                 3.263e-03  -->   3.158e-03 (dimensionless)
Aspect ratio:                                                4.469e+00  -->   4.469e+00 (dimensionless)
Maximum absolute Force error:                                2.710e+06  -->   2.710e+06 (N)
Minimum absolute Force error:                                2.972e-01  -->   1.044e+00 (N)
Average absolute Force error:                                3.814e+04  -->   3.811e+04 (N)
Maximum absolute Force error:                                7.564e-04  -->   7.564e-04 (normalized)
Minimum absolute Force error:                                8.297e-11  -->   2.915e-10 (normalized)
Average absolute Force error:                                1.065e-05  -->   1.064e-05 (normalized)
Fixed pressure profile error:                                0.000e+00  -->   0.000e+00 (Pa)
Fixed Psi error:                                             0.000e+00  -->   0.000e+00 (Wb)
Fixed current profile error:                                 0.000e+00  -->   0.000e+00 (A)
R boundary error:                                            2.085e-17  -->   8.674e-19 (m)
Z boundary error:                                            8.695e-18  -->   3.999e-18 (m)
==============================================================================================================

