DESC version=0.16.0+592.g7b21b40f1.
Using JAX backend: jax version=0.7.2, jaxlib version=0.7.2, dtype=float64.
Using device: NVIDIA A100 80GB PCIe (id=0), with 80.00 GB available memory.

===================
Optimizing ncsx 
Optimizing for 0.0001 seconds
===================

=========== Optimizing with modes  > 2 ===========
Building objective: Particle Confinement
Precomputing transforms
Timer: Precomputing transforms = 2.10 sec
Building objective: aspect ratio
Precomputing transforms
Timer: Precomputing transforms = 86.2 ms
Building objective: elongation
Precomputing transforms
Timer: Precomputing transforms = 87.0 ms
Timer: Objective build = 9.32 sec
Building objective: force
Precomputing transforms
Timer: Precomputing transforms = 1.48 sec
Timer: Objective build = 2.20 sec
Timer: Objective build = 2.49 ms
Timer: Eq Update LinearConstraintProjection build = 6.51 sec
Timer: Proximal projection build = 37.7 sec
Building objective: fixed pressure
Building objective: fixed Psi
Building objective: fixed current
Building objective: lcfs R
Building objective: lcfs Z
Timer: Objective build = 1.01 sec
Timer: LinearConstraintProjection build = 2.45 sec
Number of parameters: 24
Number of objectives: 10002
Timer: Initializing the optimization = 42.8 sec

Starting optimization
Using method: proximal-sgd
Solver options:
----------------------------------------
Alpha          : 9.426e-11
Beta           : 9.000e-01
---------------------------------------- 

   Iteration     Total nfev        Cost      Cost reduction    Step norm     Optimality   
       0              1          4.318e+05                                    3.597e+08   
       1              2          4.526e+05     -2.082e+04      3.391e-03      1.441e+08   
       2              3          4.768e+05     -2.425e+04      1.270e-03      4.051e+08   
       3              4          5.328e+05     -5.596e+04      7.669e-03      2.109e+08   
       4              5          7.080e+05     -1.753e+05      7.268e-03      1.528e+08   
       5              6          7.236e+05     -1.551e+04      7.395e-03      1.513e+08   
       6              7          6.510e+05      7.252e+04      5.443e-03      6.704e+07   
       7              8          6.408e+05      1.024e+04      5.453e-03      4.084e+09   
       8              9          1.022e+06     -3.815e+05      6.800e-02      5.908e+07   
       9             10          1.260e+06     -2.374e+05      6.052e-02      6.637e+06   
      10             11          1.474e+06     -2.145e+05      5.456e-02      4.080e+07   
      11             12          1.693e+06     -2.190e+05      4.867e-02      6.066e+07   
      12             13          1.904e+06     -2.113e+05      4.412e-02      1.806e+08   
      13             14          2.105e+06     -2.002e+05      4.151e-02      7.477e+07   
      14             15          2.315e+06     -2.104e+05      3.672e-02      3.609e+08   
      15             16          2.490e+06     -1.755e+05      3.016e-02      1.383e+10   
      16             17          2.041e+06      4.490e+05      2.942e-01      3.013e+09   
      17             18          3.147e+06     -1.105e+06      2.480e-01      1.035e+09   
      18             19          3.774e+06     -6.270e+05      2.304e-01      4.277e+10   
      19             20          7.296e+07     -6.919e+07      5.297e-01         nan      
Traceback (most recent call last):
  File "/home/ye2698/DESC/DEBUG/Particle_Tracing/Optimization/optimization-sgd.py", line 376, in <module>
    eq.optimize(
  File "/home/ye2698/DESC/desc/equilibrium/equilibrium.py", line 2420, in optimize
    things, result = optimizer.optimize(
                     ^^^^^^^^^^^^^^^^^^^
  File "/home/ye2698/DESC/desc/optimize/optimizer.py", line 318, in optimize
    result = optimizers[method]["fun"](
             ^^^^^^^^^^^^^^^^^^^^^^^^^^
  File "/home/ye2698/DESC/desc/optimize/_desc_wrappers.py", line 435, in _optimize_desc_stochastic
    result = sgd(
             ^^^^
  File "/home/ye2698/DESC/desc/optimize/stochastic.py", line 157, in sgd
    g = grad(x, *args)
        ^^^^^^^^^^^^^^
  File "/home/ye2698/DESC/desc/optimize/_constraint_wrappers.py", line 359, in grad
    df = self._objective.grad(x, constants)
         ^^^^^^^^^^^^^^^^^^^^^^^^^^^^^^^^^^
  File "/home/ye2698/DESC/desc/optimize/_constraint_wrappers.py", line 1069, in grad
    xg, xf = self._update_equilibrium(x, store=True)
             ^^^^^^^^^^^^^^^^^^^^^^^^^^^^^^^^^^^^^^^
  File "/home/ye2698/DESC/desc/optimize/_constraint_wrappers.py", line 935, in _update_equilibrium
    self._eq.solve(
  File "/home/ye2698/DESC/desc/equilibrium/equilibrium.py", line 2319, in solve
    things, result = optimizer.optimize(
                     ^^^^^^^^^^^^^^^^^^^
  File "/home/ye2698/DESC/desc/optimize/optimizer.py", line 318, in optimize
    result = optimizers[method]["fun"](
             ^^^^^^^^^^^^^^^^^^^^^^^^^^
  File "/home/ye2698/DESC/desc/optimize/_desc_wrappers.py", line 270, in _optimize_desc_least_squares
    result = lsqtr(
             ^^^^^^
  File "/home/ye2698/DESC/desc/optimize/least_squares.py", line 175, in lsqtr
    assert in_bounds(x, lb, ub), "x0 is infeasible"
           ^^^^^^^^^^^^^^^^^^^^
AssertionError: x0 is infeasible
