DESC version=0.15.0+555.g9b2e71684.
Using JAX backend: jax version=0.7.2, jaxlib version=0.7.2, dtype=float64.
Using device: NVIDIA A100-PCIE-40GB (id=0), with 40.00 GB available memory.
=========== Optimizing with modes  > 1 ===========
Building objective: Particle Confinement
Precomputing transforms
Timer: Precomputing transforms = 2.11 sec
Building objective: aspect ratio
Precomputing transforms
Timer: Precomputing transforms = 113 ms
Timer: Objective build = 8.04 sec
Building objective: force
Precomputing transforms
Timer: Precomputing transforms = 1.41 sec
Timer: Objective build = 2.04 sec
Timer: Objective build = 2.95 ms
Timer: Eq Update LinearConstraintProjection build = 7.92 sec
Timer: Proximal projection build = 39.7 sec
Building objective: fixed pressure
Building objective: fixed Psi
Building objective: fixed current
Building objective: lcfs R
Building objective: lcfs Z
Timer: Objective build = 1.00 sec
Timer: LinearConstraintProjection build = 2.14 sec
Number of parameters: 8
Number of objectives: 2
Timer: Initializing the optimization = 42.9 sec

Starting optimization
Using method: proximal-lsq-exact
Solver options:
------------------------------------------------------------
Maximum Function Evaluations       : 30
Maximum Allowed Total Δx Norm      : inf
Scaled Termination                 : True
Trust Region Method                : qr
Initial Trust Radius               : 1.000e+00
Maximum Trust Radius               : inf
Minimum Trust Radius               : 2.220e-16
Trust Radius Increase Ratio        : 2.000e+00
Trust Radius Decrease Ratio        : 2.500e-01
Trust Radius Increase Threshold    : 7.500e-01
Trust Radius Decrease Threshold    : 2.500e-01
------------------------------------------------------------ 

   Iteration     Total nfev        Cost      Cost reduction    Step norm     Optimality   
       0              1          5.238e-02                                    3.237e-01   
       1              2          5.166e-02      7.230e-04      5.973e-03      3.214e-01   
       2              3          5.046e-02      1.197e-03      8.316e-04      3.177e-01   
       3              5          4.820e-02      2.262e-03      3.641e-05      3.105e-01   
       4              8          4.557e-02      2.631e-03      2.806e-06      2.479e-01   
       5             30          4.557e-02      0.000e+00      0.000e+00      2.479e-01   
Warning: Maximum number of function evaluations has been exceeded.
         Current function value: 4.557e-02
         Total delta_x: 6.273e-03
         Iterations: 5
         Function evaluations: 30
         Jacobian evaluations: 5
Timer: Solution time = 10.7 min
Timer: Avg time per step = 1.80 min
==============================================================================================================
                                                                 Start  -->   End
Total (sum of squares):                                      5.150e-02  -->   4.557e-02, 
Maximum absolute Particle Confinement error:                 3.209e-03  -->   3.019e-03 (dimensionless)
Minimum absolute Particle Confinement error:                 3.209e-03  -->   3.019e-03 (dimensionless)
Average absolute Particle Confinement error:                 3.209e-03  -->   3.019e-03 (dimensionless)
Aspect ratio:                                                4.469e+00  -->   4.469e+00 (dimensionless)
Maximum absolute Force error:                                2.710e+06  -->   2.697e+06 (N)
Minimum absolute Force error:                                2.972e-01  -->   1.505e+00 (N)
Average absolute Force error:                                3.814e+04  -->   3.808e+04 (N)
Maximum absolute Force error:                                7.564e-04  -->   7.527e-04 (normalized)
Minimum absolute Force error:                                8.297e-11  -->   4.201e-10 (normalized)
Average absolute Force error:                                1.065e-05  -->   1.063e-05 (normalized)
Fixed pressure profile error:                                0.000e+00  -->   0.000e+00 (Pa)
Fixed Psi error:                                             0.000e+00  -->   0.000e+00 (Wb)
Fixed current profile error:                                 0.000e+00  -->   0.000e+00 (A)
R boundary error:                                            2.085e-17  -->   8.674e-19 (m)
Z boundary error:                                            8.695e-18  -->   3.999e-18 (m)
==============================================================================================================

