DESC version=0.16.0+592.g7b21b40f1.
Using JAX backend: jax version=0.7.2, jaxlib version=0.7.2, dtype=float64.
Using device: NVIDIA A100 80GB PCIe (id=0), with 80.00 GB available memory.

===================
Optimizing ncsx 
Optimizing for 0.0001 seconds
===================

=========== Optimizing with modes  > 2 ===========
Building objective: Particle Confinement
Precomputing transforms
Timer: Precomputing transforms = 2.12 sec
Building objective: aspect ratio
Precomputing transforms
Timer: Precomputing transforms = 85.5 ms
Building objective: elongation
Precomputing transforms
Timer: Precomputing transforms = 86.0 ms
Timer: Objective build = 9.97 sec
Building objective: force
Precomputing transforms
Timer: Precomputing transforms = 1.46 sec
Timer: Objective build = 2.18 sec
Timer: Objective build = 2.50 ms
Timer: Eq Update LinearConstraintProjection build = 6.39 sec
Timer: Proximal projection build = 39.8 sec
Building objective: fixed pressure
Building objective: fixed Psi
Building objective: fixed current
Building objective: lcfs R
Building objective: lcfs Z
Timer: Objective build = 1.01 sec
Timer: LinearConstraintProjection build = 2.46 sec
Number of parameters: 24
Number of objectives: 10002
Timer: Initializing the optimization = 44.9 sec

Starting optimization
Using method: proximal-lsq-exact
Solver options:
------------------------------------------------------------
Maximum Function Evaluations       : 60
Maximum Allowed Total Δx Norm      : inf
Scaled Termination                 : True
Trust Region Method                : qr
Initial Trust Radius               : 4.122e-01
Maximum Trust Radius               : inf
Minimum Trust Radius               : 2.220e-16
Trust Radius Increase Ratio        : 2.000e+00
Trust Radius Decrease Ratio        : 2.500e-01
Trust Radius Increase Threshold    : 7.500e-01
Trust Radius Decrease Threshold    : 2.500e-01
------------------------------------------------------------ 

   Iteration     Total nfev        Cost      Cost reduction    Step norm     Optimality   
       0              1          4.757e+05                                    7.977e+07   
       1              2          4.615e+05      1.428e+04      1.573e-02      4.782e+07   
       2             28          4.615e+05      0.000e+00      0.000e+00      4.782e+07   
Warning: A bad approximation caused failure to predict improvement.
         Current function value: 4.615e+05
         Total delta_x: 1.573e-02
         Iterations: 2
         Function evaluations: 28
         Jacobian evaluations: 2
Timer: Solution time = 27.4 min
Timer: Avg time per step = 9.13 min
==============================================================================================================
                                                                 Start  -->   End
Total (sum of squares):                                      4.720e+05  -->   4.615e+05, 
Maximum absolute Particle Confinement error:                 9.506e-01  -->   9.126e-01 (dimensionless)
Minimum absolute Particle Confinement error:                 0.000e+00  -->   0.000e+00 (dimensionless)
Average absolute Particle Confinement error:                 4.138e-02  -->   4.105e-02 (dimensionless)
Aspect ratio:                                                4.469e+00  -->   4.473e+00 (dimensionless)
Elongation:                                                  5.763e+00  -->   5.787e+00 (dimensionless)
Maximum absolute Force error:                                2.710e+06  -->   2.727e+06 (N)
Minimum absolute Force error:                                2.972e-01  -->   2.865e-01 (N)
Average absolute Force error:                                3.814e+04  -->   3.852e+04 (N)
Maximum absolute Force error:                                7.564e-04  -->   7.611e-04 (normalized)
Minimum absolute Force error:                                8.297e-11  -->   7.998e-11 (normalized)
Average absolute Force error:                                1.065e-05  -->   1.075e-05 (normalized)
Fixed pressure profile error:                                0.000e+00  -->   0.000e+00 (Pa)
Fixed Psi error:                                             0.000e+00  -->   0.000e+00 (Wb)
Fixed current profile error:                                 0.000e+00  -->   0.000e+00 (A)
R boundary error:                                            1.557e-17  -->   8.674e-19 (m)
Z boundary error:                                            7.973e-18  -->   1.841e-18 (m)
==============================================================================================================

