/home/ye2698/DESC/desc/integrals/_interp_utils.py:19: UserWarning: 
jax-finufft is not installed.
If you want to use NUFFTs, follow the DESC installation instructions.
Otherwise you must set the parameter nufft_eps to zero
when computing effective ripple, Gamma_c, and any other
computations that involve bounce integrals.

  warnings.warn(
DESC version=0.15.0+424.gdbba9ba17.
Using JAX backend: jax version=0.6.2, jaxlib version=0.6.2, dtype=float64.
Using device: NVIDIA A100-PCIE-40GB (id=0), with 40.00 GB available memory.
Building objective: QS two-term
Precomputing transforms
Timer: Precomputing transforms = 343 ms
Building objective: aspect ratio
Precomputing transforms
Timer: Precomputing transforms = 40.3 ms
Building objective: volume
Precomputing transforms
Timer: Precomputing transforms = 40.1 ms
Building objective: rotational transform
Precomputing transforms
Timer: Precomputing transforms = 302 ms
Timer: Objective build = 816 ms
Building objective: force
Precomputing transforms
Timer: Precomputing transforms = 533 ms
Timer: Objective build = 856 ms
Timer: Objective build = 3.10 ms
Timer: Eq Update LinearConstraintProjection build = 2.28 sec
Timer: Proximal projection build = 10.4 sec
Building objective: fixed cross-section R
Building objective: fixed cross-section Z
Building objective: fixed pressure
Building objective: fixed current
Building objective: fixed Psi
Timer: Objective build = 287 ms
Timer: LinearConstraintProjection build = 850 ms
Number of parameters: 45
Number of objectives: 478
Timer: Initializing the optimization = 11.6 sec

Starting optimization
Using method: proximal-lsq-exact
Solver options:
------------------------------------------------------------
Maximum Function Evaluations       : 1251
Maximum Allowed Total Δx Norm      : inf
Scaled Termination                 : True
Trust Region Method                : qr
Initial Trust Radius               : 5.681e+02
Maximum Trust Radius               : inf
Minimum Trust Radius               : 2.220e-16
Trust Radius Increase Ratio        : 2.000e+00
Trust Radius Decrease Ratio        : 2.500e-01
Trust Radius Increase Threshold    : 7.500e-01
Trust Radius Decrease Threshold    : 2.500e-01
------------------------------------------------------------ 

   Iteration     Total nfev        Cost      Cost reduction    Step norm     Optimality   
       0              1          1.248e+04                                    7.616e+01   
       1              2          3.271e+03      9.207e+03      1.696e-01      2.999e+01   
       2              5          2.403e+03      8.684e+02      2.278e-02      3.691e+01   
       3              6          2.374e+03      2.839e+01      2.466e-02      4.865e+01   
       4              7          1.529e+03      8.454e+02      1.682e-03      1.543e+01   
       5              8          1.263e+03      2.659e+02      1.168e-02      8.882e+00   
       6              9          1.262e+03      1.371e+00      9.298e-03      1.326e+01   
       7             10          1.225e+03      3.698e+01      5.275e-04      8.837e+00   
       8             11          1.181e+03      4.401e+01      5.289e-04      5.005e+00   
       9             13          1.171e+03      9.144e+00      3.606e-05      4.634e+00   
      10             15          1.166e+03      5.294e+00      1.369e-05      4.210e+00   
      11             16          1.159e+03      7.078e+00      1.793e-05      3.874e+00   
      12             17          1.152e+03      6.551e+00      1.783e-05      3.582e+00   
      13             18          1.145e+03      7.058e+00      1.588e-05      3.439e+00   
      14             19          1.139e+03      5.934e+00      9.386e-06      3.191e+00   
      15             20          1.135e+03      4.761e+00      1.251e-05      2.857e+00   
      16             21          1.131e+03      3.741e+00      3.039e-05      2.471e+00   
      17             22          1.128e+03      2.988e+00      5.064e-05      2.082e+00   
      18             23          1.125e+03      2.516e+00      6.770e-05      1.721e+00   
      19             24          1.123e+03      2.267e+00      7.884e-05      1.402e+00   
      20             25          1.121e+03      2.175e+00      8.371e-05      1.382e+00   
      21             26          1.119e+03      2.183e+00      8.332e-05      1.348e+00   
      22             27          1.117e+03      2.245e+00      7.918e-05      1.302e+00   
      23             28          1.114e+03      2.322e+00      7.302e-05      1.246e+00   
      24             29          1.112e+03      2.385e+00      6.652e-05      1.180e+00   
      25             30          1.109e+03      3.306e+00      6.118e-05      1.092e+00   
      26             31          1.103e+03      5.673e+00      1.316e-04      1.015e+00   
      27             32          1.091e+03      1.165e+01      2.931e-04      7.905e-01   
      28             33          1.086e+03      5.329e+00      8.655e-04      1.829e+00   
      29             34          1.068e+03      1.774e+01      1.092e-03      8.460e-01   
      30             35          1.049e+03      1.881e+01      4.784e-03      3.449e+00   
      31             37          1.033e+03      1.602e+01      3.351e-03      1.075e+00   
      32             38          1.029e+03      4.214e+00      8.735e-03      4.992e+00   
      33             39          1.012e+03      1.691e+01      8.262e-03      3.443e+00   
      34             41          1.002e+03      1.037e+01      2.070e-03      5.087e-01   
      35             43          1.001e+03      1.356e+00      1.024e-03      9.978e-01   
      36             44          9.984e+02      2.159e+00      1.979e-03      1.514e+00   
      37             45          9.954e+02      2.947e+00      2.001e-03      1.449e+00   
      38             47          9.929e+02      2.501e+00      9.970e-04      5.489e-01   
      39             48          9.924e+02      4.730e-01      1.963e-03      2.167e+00   
      40             49          9.895e+02      2.962e+00      4.385e-04      4.766e-01   
      41             50          9.890e+02      4.302e-01      9.667e-04      1.484e+00   
Optimization terminated successfully.
`ftol` condition satisfied. (ftol=1.00e-03)
         Current function value: 9.890e+02
         Total delta_x: 7.138e-02
         Iterations: 41
         Function evaluations: 50
         Jacobian evaluations: 42
Timer: Solution time = 2.02 min
Timer: Avg time per step = 2.89 sec
==============================================================================================================
                                                                 Start  -->   End
Total (sum of squares):                                      1.241e+04  -->   9.890e+02, 
Maximum absolute Quasi-symmetry (1,0) two-term error:        3.034e-01  -->   1.940e-02 (T^3)
Minimum absolute Quasi-symmetry (1,0) two-term error:        2.375e-05  -->   1.968e-06 (T^3)
Average absolute Quasi-symmetry (1,0) two-term error:        5.504e-02  -->   2.732e-03 (T^3)
Aspect ratio:                                                6.037e+00  -->   6.004e+00 (dimensionless)
Plasma volume:                                               5.420e-01  -->   8.334e-01 (m^3)
Maximum Rotational transform:                                2.750e-02  -->   1.216e-03 (dimensionless)
Minimum Rotational transform:                                2.745e-02  -->  -9.048e-04 (dimensionless)
Average Rotational transform:                                2.749e-02  -->  -1.378e-04 (dimensionless)
Maximum absolute Force error:                                6.082e-01  -->   1.635e-01 (N)
Minimum absolute Force error:                                3.191e-05  -->   3.573e-07 (N)
Average absolute Force error:                                5.827e-02  -->   2.208e-03 (N)
Maximum absolute Force error:                                2.953e-07  -->   7.936e-08 (normalized)
Minimum absolute Force error:                                1.549e-11  -->   1.734e-13 (normalized)
Average absolute Force error:                                2.829e-08  -->   1.072e-09 (normalized)
Cross-section R error:                                       0.000e+00  -->   0.000e+00 (m)
Cross-section Z error:                                       0.000e+00  -->   0.000e+00 (m)
Fixed pressure profile error:                                0.000e+00  -->   0.000e+00 (Pa)
Fixed current profile error:                                 0.000e+00  -->   0.000e+00 (A)
Fixed Psi error:                                             0.000e+00  -->   0.000e+00 (Wb)
==============================================================================================================

