/home/ye2698/DESC/desc/integrals/_interp_utils.py:19: UserWarning: 
jax-finufft is not installed.
If you want to use NUFFTs, follow the DESC installation instructions.
Otherwise you must set the parameter nufft_eps to zero
when computing effective ripple, Gamma_c, and any other
computations that involve bounce integrals.

  warnings.warn(
DESC version=0.15.0+424.gdbba9ba17.
Using JAX backend: jax version=0.6.2, jaxlib version=0.6.2, dtype=float64.
Using device: NVIDIA A100-PCIE-40GB (id=0), with 40.00 GB available memory.
Building objective: QS two-term
Precomputing transforms
Timer: Precomputing transforms = 341 ms
Building objective: aspect ratio
Precomputing transforms
Timer: Precomputing transforms = 39.9 ms
Building objective: volume
Precomputing transforms
Timer: Precomputing transforms = 39.8 ms
Building objective: rotational transform
Precomputing transforms
Timer: Precomputing transforms = 300 ms
Timer: Objective build = 812 ms
Building objective: force
Precomputing transforms
Timer: Precomputing transforms = 528 ms
Timer: Objective build = 851 ms
Timer: Objective build = 3.00 ms
Timer: Eq Update LinearConstraintProjection build = 2.25 sec
Timer: Proximal projection build = 10.2 sec
Building objective: fixed cross-section R
Building objective: fixed cross-section Z
Building objective: fixed pressure
Building objective: fixed current
Building objective: fixed Psi
Timer: Objective build = 286 ms
Timer: LinearConstraintProjection build = 842 ms
Number of parameters: 45
Number of objectives: 478
Timer: Initializing the optimization = 11.4 sec

Starting optimization
Using method: proximal-lsq-exact
Solver options:
------------------------------------------------------------
Maximum Function Evaluations       : 1251
Maximum Allowed Total Δx Norm      : inf
Scaled Termination                 : True
Trust Region Method                : qr
Initial Trust Radius               : 6.791e+01
Maximum Trust Radius               : inf
Minimum Trust Radius               : 2.220e-16
Trust Radius Increase Ratio        : 2.000e+00
Trust Radius Decrease Ratio        : 2.500e-01
Trust Radius Increase Threshold    : 7.500e-01
Trust Radius Decrease Threshold    : 2.500e-01
------------------------------------------------------------ 

   Iteration     Total nfev        Cost      Cost reduction    Step norm     Optimality   
       0              1          7.904e+02                                    6.677e+00   
       1              5          7.740e+02      1.645e+01      6.632e-04      1.389e+01   
       2              6          7.479e+02      2.606e+01      5.332e-04      7.443e+00   
       3              7          7.206e+02      2.729e+01      1.204e-03      1.551e+00   
       4              8          7.176e+02      2.967e+00      2.364e-03      6.331e+00   
       5              9          7.018e+02      1.582e+01      4.123e-04      4.226e+00   
       6             11          6.998e+02      2.041e+00      1.909e-04      3.998e+00   
       7             12          6.981e+02      1.687e+00      1.780e-04      3.604e+00   
       8             14          6.972e+02      9.080e-01      4.985e-05      3.505e+00   
       9             15          6.960e+02      1.176e+00      9.228e-05      3.091e+00   
      10             16          6.950e+02      1.057e+00      9.176e-05      2.552e+00   
      11             17          6.940e+02      9.320e-01      9.347e-05      1.971e+00   
      12             18          6.935e+02      5.687e-01      9.612e-05      1.695e+00   
Optimization terminated successfully.
`ftol` condition satisfied. (ftol=1.00e-03)
         Current function value: 6.935e+02
         Total delta_x: 5.469e-03
         Iterations: 12
         Function evaluations: 18
         Jacobian evaluations: 13
Timer: Solution time = 1.30 min
Timer: Avg time per step = 6.02 sec
==============================================================================================================
                                                                 Start  -->   End
Total (sum of squares):                                      7.902e+02  -->   6.935e+02, 
Maximum absolute Quasi-symmetry (1,0) two-term error:        3.034e-01  -->   3.034e-01 (T^3)
Minimum absolute Quasi-symmetry (1,0) two-term error:        2.375e-05  -->   1.258e-05 (T^3)
Average absolute Quasi-symmetry (1,0) two-term error:        5.504e-02  -->   7.905e-02 (T^3)
Aspect ratio:                                                6.037e+00  -->   5.992e+00 (dimensionless)
Plasma volume:                                               5.420e-01  -->   5.919e-01 (m^3)
Maximum Rotational transform:                                2.750e-02  -->   5.268e-02 (dimensionless)
Minimum Rotational transform:                                2.745e-02  -->   4.663e-02 (dimensionless)
Average Rotational transform:                                2.749e-02  -->   5.056e-02 (dimensionless)
Maximum absolute Force error:                                6.082e-01  -->   3.099e-01 (N)
Minimum absolute Force error:                                3.191e-05  -->   4.440e-07 (N)
Average absolute Force error:                                5.827e-02  -->   5.564e-03 (N)
Maximum absolute Force error:                                2.953e-07  -->   1.505e-07 (normalized)
Minimum absolute Force error:                                1.549e-11  -->   2.156e-13 (normalized)
Average absolute Force error:                                2.829e-08  -->   2.701e-09 (normalized)
Cross-section R error:                                       0.000e+00  -->   0.000e+00 (m)
Cross-section Z error:                                       0.000e+00  -->   0.000e+00 (m)
Fixed pressure profile error:                                0.000e+00  -->   0.000e+00 (Pa)
Fixed current profile error:                                 0.000e+00  -->   0.000e+00 (A)
Fixed Psi error:                                             0.000e+00  -->   0.000e+00 (Wb)
==============================================================================================================

