/home/ye2698/DESC/desc/integrals/_interp_utils.py:19: UserWarning: 
jax-finufft is not installed.
If you want to use NUFFTs, follow the DESC installation instructions.
Otherwise you must set the parameter nufft_eps to zero
when computing effective ripple, Gamma_c, and any other
computations that involve bounce integrals.

  warnings.warn(
DESC version=0.15.0+424.gdbba9ba17.
Using JAX backend: jax version=0.6.2, jaxlib version=0.6.2, dtype=float64.
Using device: NVIDIA A100-PCIE-40GB (id=0), with 40.00 GB available memory.
Building objective: QS two-term
Precomputing transforms
Timer: Precomputing transforms = 341 ms
Building objective: aspect ratio
Precomputing transforms
Timer: Precomputing transforms = 40.0 ms
Building objective: volume
Precomputing transforms
Timer: Precomputing transforms = 39.7 ms
Building objective: rotational transform
Precomputing transforms
Timer: Precomputing transforms = 299 ms
Timer: Objective build = 810 ms
Building objective: force
Precomputing transforms
Timer: Precomputing transforms = 529 ms
Timer: Objective build = 854 ms
Timer: Objective build = 3.04 ms
Timer: Eq Update LinearConstraintProjection build = 2.25 sec
Timer: Proximal projection build = 10.3 sec
Building objective: fixed cross-section R
Building objective: fixed cross-section Z
Building objective: fixed pressure
Building objective: fixed current
Building objective: fixed Psi
Timer: Objective build = 290 ms
Timer: LinearConstraintProjection build = 844 ms
Number of parameters: 45
Number of objectives: 478
Timer: Initializing the optimization = 11.5 sec

Starting optimization
Using method: proximal-lsq-exact
Solver options:
------------------------------------------------------------
Maximum Function Evaluations       : 1251
Maximum Allowed Total Δx Norm      : inf
Scaled Termination                 : True
Trust Region Method                : qr
Initial Trust Radius               : 5.671e+02
Maximum Trust Radius               : inf
Minimum Trust Radius               : 2.220e-16
Trust Radius Increase Ratio        : 2.000e+00
Trust Radius Decrease Ratio        : 2.500e-01
Trust Radius Increase Threshold    : 7.500e-01
Trust Radius Decrease Threshold    : 2.500e-01
------------------------------------------------------------ 

   Iteration     Total nfev        Cost      Cost reduction    Step norm     Optimality   
       0              1          1.173e+04                                    7.637e+01   
       1              2          2.970e+03      8.765e+03      1.319e-01      6.049e+01   
       2              3          1.017e+03      1.952e+03      1.356e-01      1.214e+01   
       3              5          1.202e+02      8.971e+02      5.427e-02      1.148e+00   
       4              6          8.526e+01      3.494e+01      1.701e-01      8.917e-01   
       5              8          6.279e+01      2.247e+01      4.263e-03      2.853e-01   
       6              9          5.534e+01      7.455e+00      8.692e-03      4.918e-01   
       7             11          4.972e+01      5.622e+00      2.796e-03      9.903e-02   
       8             13          4.844e+01      1.277e+00      9.091e-04      1.286e-01   
       9             14          4.789e+01      5.527e-01      2.964e-03      3.005e-01   
      10             16          4.728e+01      6.101e-01      1.748e-03      1.247e-01   
      11             17          4.715e+01      1.274e-01      3.709e-03      2.867e-01   
      12             18          4.673e+01      4.159e-01      1.158e-03      5.495e-02   
      13             19          4.661e+01      1.235e-01      2.159e-03      1.561e-01   
      14             20          4.641e+01      2.015e-01      2.122e-03      1.445e-01   
      15             21          4.624e+01      1.721e-01      2.036e-03      1.446e-01   
      16             22          4.607e+01      1.637e-01      1.975e-03      1.501e-01   
      17             23          4.589e+01      1.813e-01      1.914e-03      1.582e-01   
      18             24          4.570e+01      1.951e-01      1.707e-03      1.384e-01   
      19             25          4.555e+01      1.504e-01      2.751e-03      2.850e-01   
      20             26          4.511e+01      4.382e-01      2.720e-03      2.242e-01   
      21             27          4.509e+01      1.705e-02      4.321e-03      4.852e-01   
      22             28          4.419e+01      9.039e-01      1.527e-03      2.851e-02   
      23             29          4.405e+01      1.416e-01      1.822e-03      2.363e-01   
      24             30          4.376e+01      2.893e-01      1.835e-03      2.126e-01   
      25             31          4.360e+01      1.592e-01      1.939e-03      2.790e-01   
      26             32          4.339e+01      2.066e-01      2.162e-03      3.023e-01   
      27             33          4.322e+01      1.692e-01      2.371e-03      3.417e-01   
      28             34          4.307e+01      1.493e-01      2.603e-03      3.875e-01   
      29             35          4.292e+01      1.520e-01      2.829e-03      4.208e-01   
      30             36          4.285e+01      6.756e-02      3.048e-03      4.962e-01   
      31             37          4.231e+01      5.429e-01      9.209e-04      5.183e-02   
      32             39          4.229e+01      2.333e-02      4.996e-04      7.150e-02   
Optimization terminated successfully.
`ftol` condition satisfied. (ftol=1.00e-03)
         Current function value: 4.229e+01
         Total delta_x: 3.024e-01
         Iterations: 32
         Function evaluations: 39
         Jacobian evaluations: 33
Timer: Solution time = 1.51 min
Timer: Avg time per step = 2.74 sec
==============================================================================================================
                                                                 Start  -->   End
Total (sum of squares):                                      1.167e+04  -->   4.229e+01, 
Maximum absolute Quasi-symmetry (1,0) two-term error:        3.034e-01  -->   5.959e-03 (T^3)
Minimum absolute Quasi-symmetry (1,0) two-term error:        2.375e-05  -->   1.813e-06 (T^3)
Average absolute Quasi-symmetry (1,0) two-term error:        5.504e-02  -->   5.888e-04 (T^3)
Aspect ratio:                                                6.037e+00  -->   3.609e+00 (dimensionless)
Plasma volume:                                               5.420e-01  -->   8.233e-01 (m^3)
Maximum Rotational transform:                                2.750e-02  -->   1.437e-04 (dimensionless)
Minimum Rotational transform:                                2.745e-02  -->  -1.918e-04 (dimensionless)
Average Rotational transform:                                2.749e-02  -->   2.589e-05 (dimensionless)
Maximum absolute Force error:                                6.082e-01  -->   7.634e-02 (N)
Minimum absolute Force error:                                3.191e-05  -->   9.969e-08 (N)
Average absolute Force error:                                5.827e-02  -->   1.433e-03 (N)
Maximum absolute Force error:                                2.953e-07  -->   3.706e-08 (normalized)
Minimum absolute Force error:                                1.549e-11  -->   4.840e-14 (normalized)
Average absolute Force error:                                2.829e-08  -->   6.958e-10 (normalized)
Cross-section R error:                                       0.000e+00  -->   0.000e+00 (m)
Cross-section Z error:                                       0.000e+00  -->   0.000e+00 (m)
Fixed pressure profile error:                                0.000e+00  -->   0.000e+00 (Pa)
Fixed current profile error:                                 0.000e+00  -->   0.000e+00 (A)
Fixed Psi error:                                             0.000e+00  -->   0.000e+00 (Wb)
==============================================================================================================

