/home/ye2698/DESC/desc/integrals/_interp_utils.py:19: UserWarning: 
jax-finufft is not installed.
If you want to use NUFFTs, follow the DESC installation instructions.
Otherwise you must set the parameter nufft_eps to zero
when computing effective ripple, Gamma_c, and any other
computations that involve bounce integrals.

  warnings.warn(
DESC version=0.15.0+424.gdbba9ba17.
Using JAX backend: jax version=0.6.2, jaxlib version=0.6.2, dtype=float64.
Using device: NVIDIA A100-PCIE-40GB (id=0), with 40.00 GB available memory.
Building objective: QS two-term
Precomputing transforms
Timer: Precomputing transforms = 347 ms
Building objective: aspect ratio
Precomputing transforms
Timer: Precomputing transforms = 40.6 ms
Building objective: volume
Precomputing transforms
Timer: Precomputing transforms = 40.7 ms
Building objective: rotational transform
Precomputing transforms
Timer: Precomputing transforms = 303 ms
Timer: Objective build = 822 ms
Building objective: force
Precomputing transforms
Timer: Precomputing transforms = 530 ms
Timer: Objective build = 852 ms
Timer: Objective build = 3.14 ms
Timer: Eq Update LinearConstraintProjection build = 2.27 sec
Timer: Proximal projection build = 10.3 sec
Building objective: fixed cross-section R
Building objective: fixed cross-section Z
Building objective: fixed pressure
Building objective: fixed current
Building objective: fixed Psi
Timer: Objective build = 287 ms
Timer: LinearConstraintProjection build = 840 ms
Number of parameters: 45
Number of objectives: 478
Timer: Initializing the optimization = 11.5 sec

Starting optimization
Using method: proximal-lsq-exact
Solver options:
------------------------------------------------------------
Maximum Function Evaluations       : 1251
Maximum Allowed Total Δx Norm      : inf
Scaled Termination                 : True
Trust Region Method                : qr
Initial Trust Radius               : 1.134e+02
Maximum Trust Radius               : inf
Minimum Trust Radius               : 2.220e-16
Trust Radius Increase Ratio        : 2.000e+00
Trust Radius Decrease Ratio        : 2.500e-01
Trust Radius Increase Threshold    : 7.500e-01
Trust Radius Decrease Threshold    : 2.500e-01
------------------------------------------------------------ 

   Iteration     Total nfev        Cost      Cost reduction    Step norm     Optimality   
       0              1          4.758e+02                                    1.526e+01   
       1              2          1.001e+02      3.757e+02      1.639e-01      3.793e+00   
       2              3          7.402e+01      2.610e+01      2.200e-01      2.759e+00   
       3              4          4.482e+01      2.919e+01      2.948e-01      1.013e+00   
       4              5          2.452e+01      2.030e+01      1.815e-01      1.351e-01   
       5              6          2.323e+01      1.295e+00      1.952e-01      4.901e-02   
       6              7          2.275e+01      4.803e-01      2.214e-01      3.379e-02   
       7              8          2.181e+01      9.343e-01      2.248e-02      3.911e-02   
       8              9          1.977e+01      2.045e+00      5.806e-02      3.924e-02   
       9             10          1.666e+01      3.114e+00      8.715e-02      4.150e-02   
      10             12          1.481e+01      1.842e+00      1.171e-01      3.566e-02   
      11             14          1.449e+01      3.271e-01      5.844e-02      3.080e-02   
      12             15          1.421e+01      2.766e-01      5.550e-02      2.996e-02   
      13             16          1.404e+01      1.733e-01      5.672e-02      2.415e-02   
      14             17          1.395e+01      8.343e-02      4.169e-02      2.173e-02   
      15             18          1.395e+01      3.027e-03      1.280e-02      2.231e-02   
      16             19          1.395e+01      3.249e-04      3.286e-03      2.214e-02   
      17             37          1.395e+01      1.243e-14      4.761e-14      2.214e-02   
      18             39          1.395e+01      8.882e-15      2.975e-15      2.214e-02   
Optimization terminated successfully.
`ftol` condition satisfied. (ftol=1.00e-03)
`xtol` condition satisfied. (xtol=1.00e-06)
         Current function value: 1.395e+01
         Total delta_x: 2.062e-01
         Iterations: 18
         Function evaluations: 39
         Jacobian evaluations: 19
Timer: Solution time = 2.03 min
Timer: Avg time per step = 6.43 sec
==============================================================================================================
                                                                 Start  -->   End
Total (sum of squares):                                      4.733e+02  -->   1.395e+01, 
Maximum absolute Quasi-symmetry (1,0) two-term error:        3.034e-01  -->   1.206e-02 (T^3)
Minimum absolute Quasi-symmetry (1,0) two-term error:        2.375e-05  -->   8.855e-07 (T^3)
Average absolute Quasi-symmetry (1,0) two-term error:        5.504e-02  -->   2.428e-03 (T^3)
Aspect ratio:                                                6.037e+00  -->   4.342e+00 (dimensionless)
Plasma volume:                                               5.420e-01  -->   3.087e+00 (m^3)
Maximum Rotational transform:                                2.750e-02  -->   7.983e-03 (dimensionless)
Minimum Rotational transform:                                2.745e-02  -->   4.101e-03 (dimensionless)
Average Rotational transform:                                2.749e-02  -->   6.572e-03 (dimensionless)
Maximum absolute Force error:                                6.082e-01  -->   2.400e-01 (N)
Minimum absolute Force error:                                3.191e-05  -->   1.104e-06 (N)
Average absolute Force error:                                5.827e-02  -->   6.036e-03 (N)
Maximum absolute Force error:                                2.953e-07  -->   1.165e-07 (normalized)
Minimum absolute Force error:                                1.549e-11  -->   5.362e-13 (normalized)
Average absolute Force error:                                2.829e-08  -->   2.931e-09 (normalized)
Cross-section R error:                                       0.000e+00  -->   0.000e+00 (m)
Cross-section Z error:                                       0.000e+00  -->   0.000e+00 (m)
Fixed pressure profile error:                                0.000e+00  -->   0.000e+00 (Pa)
Fixed current profile error:                                 0.000e+00  -->   0.000e+00 (A)
Fixed Psi error:                                             0.000e+00  -->   0.000e+00 (Wb)
==============================================================================================================

