/home/ye2698/DESC/desc/integrals/_interp_utils.py:19: UserWarning: 
jax-finufft is not installed.
If you want to use NUFFTs, follow the DESC installation instructions.
Otherwise you must set the parameter nufft_eps to zero
when computing effective ripple, Gamma_c, and any other
computations that involve bounce integrals.

  warnings.warn(
DESC version=0.15.0+424.gdbba9ba17.
Using JAX backend: jax version=0.6.2, jaxlib version=0.6.2, dtype=float64.
Using device: NVIDIA A100-PCIE-40GB (id=0), with 40.00 GB available memory.
Building objective: QS two-term
Precomputing transforms
Timer: Precomputing transforms = 347 ms
Building objective: aspect ratio
Precomputing transforms
Timer: Precomputing transforms = 39.9 ms
Building objective: volume
Precomputing transforms
Timer: Precomputing transforms = 39.7 ms
Building objective: rotational transform
Precomputing transforms
Timer: Precomputing transforms = 305 ms
Timer: Objective build = 824 ms
Building objective: force
Precomputing transforms
Timer: Precomputing transforms = 535 ms
Timer: Objective build = 867 ms
Timer: Objective build = 3.07 ms
Timer: Eq Update LinearConstraintProjection build = 2.29 sec
Timer: Proximal projection build = 10.4 sec
Building objective: fixed cross-section R
Building objective: fixed cross-section Z
Building objective: fixed pressure
Building objective: fixed current
Building objective: fixed Psi
Timer: Objective build = 292 ms
Timer: LinearConstraintProjection build = 861 ms
Number of parameters: 45
Number of objectives: 478
Timer: Initializing the optimization = 11.6 sec

Starting optimization
Using method: proximal-lsq-exact
Solver options:
------------------------------------------------------------
Maximum Function Evaluations       : 1251
Maximum Allowed Total Δx Norm      : inf
Scaled Termination                 : True
Trust Region Method                : qr
Initial Trust Radius               : 5.710e+02
Maximum Trust Radius               : inf
Minimum Trust Radius               : 2.220e-16
Trust Radius Increase Ratio        : 2.000e+00
Trust Radius Decrease Ratio        : 2.500e-01
Trust Radius Increase Threshold    : 7.500e-01
Trust Radius Decrease Threshold    : 2.500e-01
------------------------------------------------------------ 

   Iteration     Total nfev        Cost      Cost reduction    Step norm     Optimality   
       0              1          1.191e+04                                    7.642e+01   
       1              2          4.429e+03      7.483e+03      8.158e-02      3.800e+01   
       2              4          4.419e+03      9.490e+00      2.648e-02      4.690e+01   
       3              5          1.713e+03      2.706e+03      3.051e-03      1.430e+01   
       4              6          1.340e+03      3.728e+02      5.639e-03      1.002e+01   
       5              7          8.629e+02      4.775e+02      6.237e-03      1.234e+01   
       6              9          6.425e+02      2.204e+02      1.269e-02      5.676e+00   
       7             10          6.041e+02      3.840e+01      3.633e-02      8.312e+00   
       8             11          5.326e+02      7.148e+01      6.909e-03      9.037e+00   
       9             12          4.498e+02      8.283e+01      6.706e-03      2.522e+00   
      10             14          4.295e+02      2.028e+01      3.694e-03      1.399e+00   
      11             15          4.199e+02      9.671e+00      7.376e-03      6.696e+00   
      12             16          3.739e+02      4.593e+01      8.729e-03      2.616e+00   
      13             18          3.590e+02      1.487e+01      4.639e-03      1.718e+00   
      14             20          3.528e+02      6.238e+00      2.259e-03      1.169e+00   
      15             21          3.503e+02      2.513e+00      4.147e-03      3.489e+00   
      16             22          3.392e+02      1.110e+01      4.020e-03      2.583e+00   
      17             24          3.324e+02      6.839e+00      2.003e-03      1.080e+00   
      18             25          3.307e+02      1.682e+00      3.711e-03      3.426e+00   
      19             26          3.232e+02      7.427e+00      9.166e-04      3.844e-01   
      20             27          3.215e+02      1.786e+00      1.774e-03      1.784e+00   
      21             28          3.176e+02      3.900e+00      1.769e-03      1.270e+00   
      22             29          3.148e+02      2.736e+00      3.361e-03      2.902e+00   
      23             30          3.072e+02      7.586e+00      3.320e-03      2.240e+00   
      24             31          3.038e+02      3.448e+00      6.060e-03      4.125e+00   
      25             32          2.943e+02      9.453e+00      6.150e-03      3.793e+00   
      26             33          2.889e+02      5.429e+00      5.976e-03      2.328e+00   
      27             34          2.811e+02      7.764e+00      4.713e-03      2.826e+00   
      28             35          2.747e+02      6.416e+00      2.757e-03      2.198e+00   
      29             36          2.705e+02      4.221e+00      2.434e-03      1.931e+00   
      30             37          2.654e+02      5.157e+00      1.707e-03      6.381e-01   
      31             39          2.635e+02      1.867e+00      7.783e-04      4.951e-01   
      32             40          2.613e+02      2.229e+00      1.434e-03      9.881e-01   
      33             42          2.599e+02      1.389e+00      1.226e-03      1.316e+00   
      34             43          2.580e+02      1.839e+00      1.126e-03      5.766e-01   
      35             44          2.564e+02      1.588e+00      1.525e-03      8.857e-01   
      36             46          2.559e+02      5.485e-01      7.352e-04      9.433e-01   
      37             47          2.552e+02      7.128e-01      5.810e-04      6.551e-01   
      38             48          2.550e+02      2.194e-01      7.461e-04      1.256e+00   
      39             49          2.540e+02      1.003e+00      2.443e-04      1.696e-01   
      40             51          2.539e+02      7.632e-02      9.343e-05      2.899e-01   
Optimization terminated successfully.
`ftol` condition satisfied. (ftol=1.00e-03)
         Current function value: 2.539e+02
         Total delta_x: 4.968e-02
         Iterations: 40
         Function evaluations: 51
         Jacobian evaluations: 41
Timer: Solution time = 1.92 min
Timer: Avg time per step = 2.81 sec
==============================================================================================================
                                                                 Start  -->   End
Total (sum of squares):                                      1.185e+04  -->   2.539e+02, 
Maximum absolute Quasi-symmetry (1,0) two-term error:        3.034e-01  -->   2.460e-02 (T^3)
Minimum absolute Quasi-symmetry (1,0) two-term error:        2.375e-05  -->   8.120e-05 (T^3)
Average absolute Quasi-symmetry (1,0) two-term error:        5.504e-02  -->   3.440e-03 (T^3)
Aspect ratio:                                                6.037e+00  -->   5.999e+00 (dimensionless)
Plasma volume:                                               5.420e-01  -->   6.015e-01 (m^3)
Maximum Rotational transform:                                2.750e-02  -->   6.195e-03 (dimensionless)
Minimum Rotational transform:                                2.745e-02  -->   3.889e-03 (dimensionless)
Average Rotational transform:                                2.749e-02  -->   5.367e-03 (dimensionless)
Maximum absolute Force error:                                6.082e-01  -->   7.256e-01 (N)
Minimum absolute Force error:                                3.191e-05  -->   4.469e-07 (N)
Average absolute Force error:                                5.827e-02  -->   6.382e-03 (N)
Maximum absolute Force error:                                2.953e-07  -->   3.523e-07 (normalized)
Minimum absolute Force error:                                1.549e-11  -->   2.170e-13 (normalized)
Average absolute Force error:                                2.829e-08  -->   3.099e-09 (normalized)
Cross-section R error:                                       0.000e+00  -->   0.000e+00 (m)
Cross-section Z error:                                       0.000e+00  -->   0.000e+00 (m)
Fixed pressure profile error:                                0.000e+00  -->   0.000e+00 (Pa)
Fixed current profile error:                                 0.000e+00  -->   0.000e+00 (A)
Fixed Psi error:                                             0.000e+00  -->   0.000e+00 (Wb)
==============================================================================================================

