/home/ye2698/DESC/desc/integrals/_interp_utils.py:19: UserWarning: 
jax-finufft is not installed.
If you want to use NUFFTs, follow the DESC installation instructions.
Otherwise you must set the parameter nufft_eps to zero
when computing effective ripple, Gamma_c, and any other
computations that involve bounce integrals.

  warnings.warn(
DESC version=0.15.0+424.gdbba9ba17.
Using JAX backend: jax version=0.6.2, jaxlib version=0.6.2, dtype=float64.
Using device: NVIDIA A100-PCIE-40GB (id=0), with 40.00 GB available memory.
Building objective: QS two-term
Precomputing transforms
Timer: Precomputing transforms = 341 ms
Building objective: aspect ratio
Precomputing transforms
Timer: Precomputing transforms = 40.5 ms
Building objective: volume
Precomputing transforms
Timer: Precomputing transforms = 40.1 ms
Building objective: rotational transform
Precomputing transforms
Timer: Precomputing transforms = 298 ms
Timer: Objective build = 810 ms
Building objective: force
Precomputing transforms
Timer: Precomputing transforms = 527 ms
Timer: Objective build = 848 ms
Timer: Objective build = 3.11 ms
Timer: Eq Update LinearConstraintProjection build = 2.24 sec
Timer: Proximal projection build = 10.2 sec
Building objective: fixed cross-section R
Building objective: fixed cross-section Z
Building objective: fixed pressure
Building objective: fixed current
Building objective: fixed Psi
Timer: Objective build = 284 ms
Timer: LinearConstraintProjection build = 838 ms
Number of parameters: 45
Number of objectives: 478
Timer: Initializing the optimization = 11.4 sec

Starting optimization
Using method: proximal-lsq-exact
Solver options:
------------------------------------------------------------
Maximum Function Evaluations       : 751
Maximum Allowed Total Δx Norm      : inf
Scaled Termination                 : True
Trust Region Method                : qr
Initial Trust Radius               : 1.252e+01
Maximum Trust Radius               : inf
Minimum Trust Radius               : 2.220e-16
Trust Radius Increase Ratio        : 2.000e+00
Trust Radius Decrease Ratio        : 2.500e-01
Trust Radius Increase Threshold    : 7.500e-01
Trust Radius Decrease Threshold    : 2.500e-01
------------------------------------------------------------ 

   Iteration     Total nfev        Cost      Cost reduction    Step norm     Optimality   
       0              1          1.993e+02                                    2.144e+00   
       1              3          1.841e+02      1.522e+01      3.713e-02      3.241e+00   
       2              4          1.584e+02      2.572e+01      3.261e-02      4.641e+00   
       3              5          9.935e+01      5.905e+01      6.602e-02      4.774e+00   
       4              7          8.566e+01      1.370e+01      7.262e-02      5.217e+00   
       5              8          7.260e+01      1.306e+01      5.300e-02      5.010e+00   
       6              9          5.845e+01      1.415e+01      1.210e-01      1.450e+00   
       7             10          4.470e+01      1.374e+01      7.692e-03      5.038e-01   
       8             11          3.878e+01      5.920e+00      7.259e-02      7.508e-01   
       9             12          3.673e+01      2.055e+00      1.167e-01      2.396e+00   
      10             13          3.042e+01      6.306e+00      7.584e-03      4.372e-01   
      11             14          2.884e+01      1.586e+00      9.645e-03      1.606e+00   
      12             15          2.455e+01      4.284e+00      1.282e-02      7.021e-01   
      13             16          2.278e+01      1.777e+00      2.135e-02      1.011e+00   
      14             17          1.997e+01      2.805e+00      1.217e-02      7.924e-01   
      15             18          1.789e+01      2.080e+00      1.511e-02      2.132e+00   
      16             19          1.732e+01      5.694e-01      4.746e-02      1.105e+00   
      17             20          1.391e+01      3.408e+00      2.745e-02      6.911e-01   
      18             22          1.314e+01      7.680e-01      4.582e-03      3.119e-01   
      19             23          1.296e+01      1.888e-01      2.465e-03      3.136e-01   
      20             24          1.284e+01      1.174e-01      9.398e-04      2.691e-01   
      21             25          1.279e+01      5.008e-02      1.057e-03      2.354e-01   
      22             26          1.273e+01      5.739e-02      1.208e-03      1.968e-01   
      23             27          1.269e+01      4.541e-02      1.449e-03      1.560e-01   
      24             28          1.266e+01      3.071e-02      1.735e-03      1.149e-01   
      25             29          1.262e+01      3.374e-02      2.054e-03      8.666e-02   
      26             30          1.259e+01      3.488e-02      2.415e-03      7.394e-02   
      27             32          1.258e+01      9.562e-03      6.936e-04      7.171e-02   
Optimization terminated successfully.
`ftol` condition satisfied. (ftol=1.00e-03)
         Current function value: 1.258e+01
         Total delta_x: 2.897e-01
         Iterations: 27
         Function evaluations: 32
         Jacobian evaluations: 28
Timer: Solution time = 3.25 min
Timer: Avg time per step = 6.97 sec
==============================================================================================================
                                                                 Start  -->   End
Total (sum of squares):                                      1.993e+02  -->   1.258e+01, 
Maximum absolute Quasi-symmetry (1,0) two-term error:        3.034e-01  -->   3.708e-01 (T^3)
Minimum absolute Quasi-symmetry (1,0) two-term error:        2.375e-05  -->   4.964e-04 (T^3)
Average absolute Quasi-symmetry (1,0) two-term error:        5.504e-02  -->   7.566e-02 (T^3)
Aspect ratio:                                                6.037e+00  -->   3.768e+00 (dimensionless)
Plasma volume:                                               5.420e-01  -->   6.044e-01 (m^3)
Maximum Rotational transform:                                2.750e-02  -->   3.994e-01 (dimensionless)
Minimum Rotational transform:                                2.745e-02  -->   3.731e-01 (dimensionless)
Average Rotational transform:                                2.749e-02  -->   3.901e-01 (dimensionless)
Maximum absolute Force error:                                6.082e-01  -->   4.524e+00 (N)
Minimum absolute Force error:                                3.191e-05  -->   4.289e-05 (N)
Average absolute Force error:                                5.827e-02  -->   1.237e-01 (N)
Maximum absolute Force error:                                2.953e-07  -->   2.196e-06 (normalized)
Minimum absolute Force error:                                1.549e-11  -->   2.082e-11 (normalized)
Average absolute Force error:                                2.829e-08  -->   6.007e-08 (normalized)
Cross-section R error:                                       0.000e+00  -->   0.000e+00 (m)
Cross-section Z error:                                       0.000e+00  -->   0.000e+00 (m)
Fixed pressure profile error:                                0.000e+00  -->   0.000e+00 (Pa)
Fixed current profile error:                                 0.000e+00  -->   0.000e+00 (A)
Fixed Psi error:                                             0.000e+00  -->   0.000e+00 (Wb)
==============================================================================================================

