/home/ye2698/DESC/desc/integrals/_interp_utils.py:19: UserWarning: 
jax-finufft is not installed.
If you want to use NUFFTs, follow the DESC installation instructions.
Otherwise you must set the parameter nufft_eps to zero
when computing effective ripple, Gamma_c, and any other
computations that involve bounce integrals.

  warnings.warn(
DESC version=0.15.0+424.gdbba9ba17.
Using JAX backend: jax version=0.6.2, jaxlib version=0.6.2, dtype=float64.
Using device: NVIDIA A100-PCIE-40GB (id=0), with 40.00 GB available memory.
Building objective: QS two-term
Precomputing transforms
Timer: Precomputing transforms = 338 ms
Building objective: aspect ratio
Precomputing transforms
Timer: Precomputing transforms = 40.3 ms
Building objective: volume
Precomputing transforms
Timer: Precomputing transforms = 40.0 ms
Building objective: rotational transform
Precomputing transforms
Timer: Precomputing transforms = 298 ms
Timer: Objective build = 804 ms
Building objective: force
Precomputing transforms
Timer: Precomputing transforms = 522 ms
Timer: Objective build = 842 ms
Timer: Objective build = 2.95 ms
Timer: Eq Update LinearConstraintProjection build = 2.22 sec
Timer: Proximal projection build = 10.1 sec
Building objective: fixed cross-section R
Building objective: fixed cross-section Z
Building objective: fixed pressure
Building objective: fixed current
Building objective: fixed Psi
Timer: Objective build = 282 ms
Timer: LinearConstraintProjection build = 824 ms
Number of parameters: 45
Number of objectives: 478
Timer: Initializing the optimization = 11.3 sec

Starting optimization
Using method: proximal-lsq-exact
Solver options:
------------------------------------------------------------
Maximum Function Evaluations       : 1251
Maximum Allowed Total Δx Norm      : inf
Scaled Termination                 : True
Trust Region Method                : qr
Initial Trust Radius               : 1.141e+02
Maximum Trust Radius               : inf
Minimum Trust Radius               : 2.220e-16
Trust Radius Increase Ratio        : 2.000e+00
Trust Radius Decrease Ratio        : 2.500e-01
Trust Radius Increase Threshold    : 7.500e-01
Trust Radius Decrease Threshold    : 2.500e-01
------------------------------------------------------------ 

   Iteration     Total nfev        Cost      Cost reduction    Step norm     Optimality   
       0              1          4.842e+02                                    1.547e+01   
       1              4          3.866e+02      9.754e+01      4.392e-03      1.240e+01   
       2              5          3.045e+02      8.212e+01      9.050e-03      6.811e+00   
       3              6          2.687e+02      3.586e+01      8.535e-03      5.892e+00   
       4              7          2.217e+02      4.692e+01      5.063e-03      3.490e+00   
       5              9          2.040e+02      1.778e+01      1.646e-03      1.481e+00   
       6             10          1.899e+02      1.408e+01      1.968e-03      3.557e+00   
       7             11          1.717e+02      1.817e+01      2.654e-03      3.629e+00   
       8             12          1.605e+02      1.118e+01      1.291e-02      3.895e+00   
       9             13          1.413e+02      1.925e+01      1.206e-02      3.386e+00   
      10             14          1.391e+02      2.146e+00      1.934e-02      3.626e+00   
      11             15          1.266e+02      1.256e+01      6.070e-03      8.986e-01   
      12             16          1.174e+02      9.135e+00      7.176e-03      1.760e+00   
      13             17          1.042e+02      1.329e+01      9.021e-03      3.244e+00   
      14             19          8.998e+01      1.417e+01      1.222e-02      2.080e+00   
      15             21          8.526e+01      4.717e+00      4.498e-03      2.028e+00   
      16             22          7.704e+01      8.222e+00      4.628e-03      1.108e+00   
      17             23          6.810e+01      8.941e+00      7.914e-03      2.760e+00   
      18             25          6.174e+01      6.358e+00      9.738e-04      1.494e+00   
      19             26          5.295e+01      8.788e+00      2.080e-03      1.556e+00   
      20             27          4.287e+01      1.008e+01      3.069e-03      1.257e+00   
      21             29          3.589e+01      6.980e+00      2.354e-03      8.399e-01   
      22             30          3.458e+01      1.305e+00      2.858e-03      1.867e+00   
      23             31          3.029e+01      4.291e+00      2.164e-03      5.172e-01   
      24             32          2.794e+01      2.352e+00      4.554e-03      7.666e-01   
      25             33          2.579e+01      2.150e+00      3.464e-03      3.532e-01   
      26             34          2.438e+01      1.410e+00      2.384e-03      1.321e+00   
      27             35          2.098e+01      3.401e+00      4.421e-03      9.217e-01   
      28             37          1.946e+01      1.518e+00      3.117e-04      4.580e-01   
      29             38          1.793e+01      1.532e+00      3.579e-03      1.103e+00   
      30             39          1.602e+01      1.913e+00      3.997e-03      4.900e-01   
      31             40          1.500e+01      1.015e+00      7.013e-03      1.149e+00   
      32             41          1.444e+01      5.605e-01      5.149e-03      1.954e+00   
      33             42          1.184e+01      2.596e+00      2.052e-03      6.371e-01   
      34             43          1.133e+01      5.131e-01      5.825e-04      7.185e-01   
      35             44          1.086e+01      4.755e-01      1.764e-04      1.145e-01   
      36             45          1.052e+01      3.309e-01      3.354e-04      3.493e-01   
      37             47          1.036e+01      1.667e-01      2.230e-04      1.047e-01   
      38             48          1.028e+01      7.340e-02      4.673e-04      1.683e-01   
      39             49          1.019e+01      9.644e-02      8.953e-04      3.692e-01   
      40             50          1.014e+01      4.705e-02      3.714e-04      3.754e-01   
      41             51          1.001e+01      1.272e-01      2.066e-04      4.909e-02   
      42             53          1.000e+01      9.210e-03      3.506e-05      6.929e-02   
Optimization terminated successfully.
`ftol` condition satisfied. (ftol=1.00e-03)
         Current function value: 1.000e+01
         Total delta_x: 7.743e-02
         Iterations: 42
         Function evaluations: 53
         Jacobian evaluations: 43
Timer: Solution time = 2.36 min
Timer: Avg time per step = 3.29 sec
==============================================================================================================
                                                                 Start  -->   End
Total (sum of squares):                                      4.816e+02  -->   1.000e+01, 
Maximum absolute Quasi-symmetry (1,0) two-term error:        3.034e-01  -->   2.603e-02 (T^3)
Minimum absolute Quasi-symmetry (1,0) two-term error:        2.375e-05  -->   2.909e-06 (T^3)
Average absolute Quasi-symmetry (1,0) two-term error:        5.504e-02  -->   2.743e-03 (T^3)
Aspect ratio:                                                6.037e+00  -->   5.986e+00 (dimensionless)
Plasma volume:                                               5.420e-01  -->   5.840e-01 (m^3)
Maximum Rotational transform:                                2.750e-02  -->   5.773e-05 (dimensionless)
Minimum Rotational transform:                                2.745e-02  -->  -1.661e-04 (dimensionless)
Average Rotational transform:                                2.749e-02  -->   8.446e-06 (dimensionless)
Maximum absolute Force error:                                6.082e-01  -->   2.518e-01 (N)
Minimum absolute Force error:                                3.191e-05  -->   1.686e-06 (N)
Average absolute Force error:                                5.827e-02  -->   4.072e-03 (N)
Maximum absolute Force error:                                2.953e-07  -->   1.223e-07 (normalized)
Minimum absolute Force error:                                1.549e-11  -->   8.187e-13 (normalized)
Average absolute Force error:                                2.829e-08  -->   1.977e-09 (normalized)
Cross-section R error:                                       0.000e+00  -->   0.000e+00 (m)
Cross-section Z error:                                       0.000e+00  -->   0.000e+00 (m)
Fixed pressure profile error:                                0.000e+00  -->   0.000e+00 (Pa)
Fixed current profile error:                                 0.000e+00  -->   0.000e+00 (A)
Fixed Psi error:                                             0.000e+00  -->   0.000e+00 (Wb)
==============================================================================================================

