/home/ye2698/DESC/desc/integrals/_interp_utils.py:19: UserWarning: 
jax-finufft is not installed.
If you want to use NUFFTs, follow the DESC installation instructions.
Otherwise you must set the parameter nufft_eps to zero
when computing effective ripple, Gamma_c, and any other
computations that involve bounce integrals.

  warnings.warn(
DESC version=0.15.0+424.gdbba9ba17.
Using JAX backend: jax version=0.6.2, jaxlib version=0.6.2, dtype=float64.
Using device: NVIDIA A100-PCIE-40GB (id=0), with 40.00 GB available memory.
Building objective: QS two-term
Precomputing transforms
Timer: Precomputing transforms = 341 ms
Building objective: aspect ratio
Precomputing transforms
Timer: Precomputing transforms = 39.9 ms
Building objective: volume
Precomputing transforms
Timer: Precomputing transforms = 39.8 ms
Building objective: rotational transform
Precomputing transforms
Timer: Precomputing transforms = 301 ms
Timer: Objective build = 812 ms
Building objective: force
Precomputing transforms
Timer: Precomputing transforms = 531 ms
Timer: Objective build = 856 ms
Timer: Objective build = 3.10 ms
Timer: Eq Update LinearConstraintProjection build = 2.26 sec
Timer: Proximal projection build = 10.3 sec
Building objective: fixed cross-section R
Building objective: fixed cross-section Z
Building objective: fixed pressure
Building objective: fixed current
Building objective: fixed Psi
Timer: Objective build = 288 ms
Timer: LinearConstraintProjection build = 843 ms
Number of parameters: 45
Number of objectives: 478
Timer: Initializing the optimization = 11.5 sec

Starting optimization
Using method: proximal-lsq-exact
Solver options:
------------------------------------------------------------
Maximum Function Evaluations       : 751
Maximum Allowed Total Δx Norm      : inf
Scaled Termination                 : True
Trust Region Method                : qr
Initial Trust Radius               : 1.142e+01
Maximum Trust Radius               : inf
Minimum Trust Radius               : 2.220e-16
Trust Radius Increase Ratio        : 2.000e+00
Trust Radius Decrease Ratio        : 2.500e-01
Trust Radius Increase Threshold    : 7.500e-01
Trust Radius Decrease Threshold    : 2.500e-01
------------------------------------------------------------ 

   Iteration     Total nfev        Cost      Cost reduction    Step norm     Optimality   
       0              1          7.751e+02                                    1.017e+01   
       1              3          7.132e+02      6.193e+01      2.681e-02      1.242e+01   
       2              4          6.276e+02      8.565e+01      1.037e-01      1.363e+01   
       3              6          5.793e+02      4.824e+01      1.835e-02      1.418e+01   
       4              7          4.370e+02      1.424e+02      3.696e-02      1.097e+01   
       5              8          2.956e+02      1.413e+02      5.185e-02      1.018e+01   
       6              9          1.526e+02      1.430e+02      9.519e-02      7.594e+00   
       7             10          4.100e+01      1.116e+02      3.782e-02      2.127e+00   
       8             12          2.889e+01      1.211e+01      2.258e-01      3.367e+00   
       9             13          2.408e+01      4.817e+00      1.525e-01      1.955e+00   
      10             15          1.693e+01      7.144e+00      8.123e-02      4.547e-01   
      11             16          1.401e+01      2.926e+00      7.513e-02      1.966e-01   
      12             17          1.153e+01      2.482e+00      3.476e-02      2.516e-01   
      13             19          1.100e+01      5.247e-01      5.393e-02      7.806e-01   
      14             20          8.915e+00      2.085e+00      5.143e-02      2.199e-01   
      15             21          6.805e+00      2.110e+00      2.261e-02      8.458e-01   
      16             22          4.733e+00      2.072e+00      9.694e-02      3.224e-01   
      17             24          3.399e+00      1.334e+00      3.191e-02      2.560e-01   
      18             25          2.431e+00      9.678e-01      1.600e-02      1.320e-01   
      19             27          2.220e+00      2.115e-01      1.793e-02      3.728e-01   
      20             29          2.099e+00      1.206e-01      2.922e-03      6.486e-02   
      21             31          2.098e+00      1.153e-03      5.510e-04      2.688e-02   
      22             32          2.097e+00      9.930e-04      5.263e-05      1.488e-02   
Optimization terminated successfully.
`ftol` condition satisfied. (ftol=1.00e-03)
         Current function value: 2.097e+00
         Total delta_x: 3.343e-01
         Iterations: 22
         Function evaluations: 32
         Jacobian evaluations: 23
Timer: Solution time = 3.20 min
Timer: Avg time per step = 8.36 sec
==============================================================================================================
                                                                 Start  -->   End
Total (sum of squares):                                      7.751e+02  -->   2.097e+00, 
Maximum absolute Quasi-symmetry (1,0) two-term error:        3.034e-01  -->   1.537e-01 (T^3)
Minimum absolute Quasi-symmetry (1,0) two-term error:        2.375e-05  -->   1.009e-04 (T^3)
Average absolute Quasi-symmetry (1,0) two-term error:        5.504e-02  -->   2.826e-02 (T^3)
Aspect ratio:                                                6.037e+00  -->   4.909e+00 (dimensionless)
Plasma volume:                                               5.420e-01  -->   6.512e-01 (m^3)
Maximum Rotational transform:                                2.750e-02  -->   4.240e-01 (dimensionless)
Minimum Rotational transform:                                2.745e-02  -->   4.187e-01 (dimensionless)
Average Rotational transform:                                2.749e-02  -->   4.207e-01 (dimensionless)
Maximum absolute Force error:                                6.082e-01  -->   4.913e+00 (N)
Minimum absolute Force error:                                3.191e-05  -->   7.158e-07 (N)
Average absolute Force error:                                5.827e-02  -->   8.822e-02 (N)
Maximum absolute Force error:                                2.953e-07  -->   2.385e-06 (normalized)
Minimum absolute Force error:                                1.549e-11  -->   3.475e-13 (normalized)
Average absolute Force error:                                2.829e-08  -->   4.283e-08 (normalized)
Cross-section R error:                                       0.000e+00  -->   0.000e+00 (m)
Cross-section Z error:                                       0.000e+00  -->   0.000e+00 (m)
Fixed pressure profile error:                                0.000e+00  -->   0.000e+00 (Pa)
Fixed current profile error:                                 0.000e+00  -->   0.000e+00 (A)
Fixed Psi error:                                             0.000e+00  -->   0.000e+00 (Wb)
==============================================================================================================

