/home/ye2698/DESC/desc/integrals/_interp_utils.py:19: UserWarning: 
jax-finufft is not installed.
If you want to use NUFFTs, follow the DESC installation instructions.
Otherwise you must set the parameter nufft_eps to zero
when computing effective ripple, Gamma_c, and any other
computations that involve bounce integrals.

  warnings.warn(
DESC version=0.15.0+424.gdbba9ba17.
Using JAX backend: jax version=0.6.2, jaxlib version=0.6.2, dtype=float64.
Using device: NVIDIA A100-PCIE-40GB (id=0), with 40.00 GB available memory.
Building objective: QS two-term
Precomputing transforms
Timer: Precomputing transforms = 342 ms
Building objective: aspect ratio
Precomputing transforms
Timer: Precomputing transforms = 40.1 ms
Building objective: volume
Precomputing transforms
Timer: Precomputing transforms = 39.5 ms
Building objective: rotational transform
Precomputing transforms
Timer: Precomputing transforms = 301 ms
Timer: Objective build = 813 ms
Building objective: force
Precomputing transforms
Timer: Precomputing transforms = 534 ms
Timer: Objective build = 857 ms
Timer: Objective build = 3.00 ms
Timer: Eq Update LinearConstraintProjection build = 2.26 sec
Timer: Proximal projection build = 10.3 sec
Building objective: fixed cross-section R
Building objective: fixed cross-section Z
Building objective: fixed pressure
Building objective: fixed current
Building objective: fixed Psi
Timer: Objective build = 287 ms
Timer: LinearConstraintProjection build = 836 ms
Number of parameters: 45
Number of objectives: 478
Timer: Initializing the optimization = 11.5 sec

Starting optimization
Using method: proximal-lsq-exact
Solver options:
------------------------------------------------------------
Maximum Function Evaluations       : 1251
Maximum Allowed Total Δx Norm      : inf
Scaled Termination                 : True
Trust Region Method                : qr
Initial Trust Radius               : 5.671e+02
Maximum Trust Radius               : inf
Minimum Trust Radius               : 2.220e-16
Trust Radius Increase Ratio        : 2.000e+00
Trust Radius Decrease Ratio        : 2.500e-01
Trust Radius Increase Threshold    : 7.500e-01
Trust Radius Decrease Threshold    : 2.500e-01
------------------------------------------------------------ 

   Iteration     Total nfev        Cost      Cost reduction    Step norm     Optimality   
       0              1          1.247e+04                                    7.614e+01   
       1              2          2.299e+03      1.018e+04      1.379e-01      3.354e+01   
       2              3          1.251e+03      1.047e+03      1.860e-01      4.244e+00   
       3              5          8.656e+02      3.858e+02      1.511e-01      8.415e-01   
       4              6          8.437e+02      2.193e+01      1.642e-01      1.601e+00   
       5              7          7.203e+02      1.234e+02      1.019e-01      4.511e-01   
       6              8          7.085e+02      1.181e+01      8.236e-02      5.141e-01   
       7              9          6.855e+02      2.293e+01      1.063e-02      2.258e-01   
       8             10          6.775e+02      8.025e+00      2.498e-02      2.153e-01   
       9             12          6.761e+02      1.400e+00      1.142e-02      1.740e-01   
      10             13          6.731e+02      3.035e+00      1.094e-02      1.775e-01   
      11             14          6.700e+02      3.087e+00      1.095e-02      1.808e-01   
      12             15          6.668e+02      3.198e+00      1.091e-02      1.832e-01   
      13             16          6.635e+02      3.325e+00      1.083e-02      1.849e-01   
      14             17          6.573e+02      6.158e+00      1.971e-02      2.083e-01   
      15             18          6.510e+02      6.275e+00      1.996e-02      2.247e-01   
      16             19          6.456e+02      5.388e+00      2.048e-02      2.076e-01   
      17             20          6.416e+02      4.069e+00      1.859e-02      1.720e-01   
      18             21          6.384e+02      3.137e+00      1.524e-02      1.407e-01   
      19             22          6.358e+02      2.622e+00      1.193e-02      1.581e-01   
      20             23          6.343e+02      1.558e+00      9.512e-03      1.947e-01   
      21             24          6.340e+02      2.233e-01      2.572e-03      2.035e-01   
      22             25          6.340e+02      5.225e-02      6.668e-04      2.056e-01   
      23             26          6.340e+02      1.292e-02      1.684e-04      2.061e-01   
      24             27          6.340e+02      3.215e-03      4.219e-05      2.062e-01   
      25             28          6.340e+02      8.028e-04      1.055e-05      2.062e-01   
      26             29          6.340e+02      2.006e-04      2.639e-06      2.062e-01   
      27             30          6.340e+02      5.015e-05      6.597e-07      2.062e-01   
      28             31          6.340e+02      1.254e-05      1.649e-07      2.062e-01   
      29             32          6.340e+02      3.135e-06      4.123e-08      2.062e-01   
      30             33          6.340e+02      7.837e-07      1.031e-08      2.062e-01   
      31             34          6.340e+02      1.959e-07      2.577e-09      2.062e-01   
      32             35          6.340e+02      4.898e-08      6.442e-10      2.062e-01   
      33             36          6.340e+02      1.225e-08      1.611e-10      2.062e-01   
      34             37          6.340e+02      3.064e-09      4.026e-11      2.062e-01   
      35             38          6.340e+02      7.719e-10      1.007e-11      2.062e-01   
      36             39          6.340e+02      1.996e-10      2.517e-12      2.062e-01   
      37             40          6.340e+02      5.718e-11      6.291e-13      2.062e-01   
      38             41          6.340e+02      1.933e-11      1.573e-13      2.062e-01   
      39             42          6.340e+02      1.080e-11      3.932e-14      2.062e-01   
      40             43          6.340e+02      9.209e-12      9.830e-15      2.062e-01   
Optimization terminated successfully.
`ftol` condition satisfied. (ftol=1.00e-03)
`xtol` condition satisfied. (xtol=1.00e-06)
         Current function value: 6.340e+02
         Total delta_x: 3.823e-01
         Iterations: 40
         Function evaluations: 43
         Jacobian evaluations: 41
Timer: Solution time = 1.54 min
Timer: Avg time per step = 2.25 sec
==============================================================================================================
                                                                 Start  -->   End
Total (sum of squares):                                      1.241e+04  -->   6.340e+02, 
Maximum absolute Quasi-symmetry (1,0) two-term error:        3.034e-01  -->   1.937e-02 (T^3)
Minimum absolute Quasi-symmetry (1,0) two-term error:        2.375e-05  -->   1.028e-05 (T^3)
Average absolute Quasi-symmetry (1,0) two-term error:        5.504e-02  -->   4.145e-03 (T^3)
Aspect ratio:                                                6.037e+00  -->   5.128e+00 (dimensionless)
Plasma volume:                                               5.420e-01  -->   2.204e+00 (m^3)
Maximum Rotational transform:                                2.750e-02  -->   1.290e-01 (dimensionless)
Minimum Rotational transform:                                2.745e-02  -->   1.261e-01 (dimensionless)
Average Rotational transform:                                2.749e-02  -->   1.279e-01 (dimensionless)
Maximum absolute Force error:                                6.082e-01  -->   4.358e-01 (N)
Minimum absolute Force error:                                3.191e-05  -->   1.702e-06 (N)
Average absolute Force error:                                5.827e-02  -->   6.727e-03 (N)
Maximum absolute Force error:                                2.953e-07  -->   2.116e-07 (normalized)
Minimum absolute Force error:                                1.549e-11  -->   8.261e-13 (normalized)
Average absolute Force error:                                2.829e-08  -->   3.266e-09 (normalized)
Cross-section R error:                                       0.000e+00  -->   0.000e+00 (m)
Cross-section Z error:                                       0.000e+00  -->   0.000e+00 (m)
Fixed pressure profile error:                                0.000e+00  -->   0.000e+00 (Pa)
Fixed current profile error:                                 0.000e+00  -->   0.000e+00 (A)
Fixed Psi error:                                             0.000e+00  -->   0.000e+00 (Wb)
==============================================================================================================

