/home/ye2698/DESC/desc/integrals/_interp_utils.py:19: UserWarning: 
jax-finufft is not installed.
If you want to use NUFFTs, follow the DESC installation instructions.
Otherwise you must set the parameter nufft_eps to zero
when computing effective ripple, Gamma_c, and any other
computations that involve bounce integrals.

  warnings.warn(
DESC version=0.15.0+424.gdbba9ba17.
Using JAX backend: jax version=0.6.2, jaxlib version=0.6.2, dtype=float64.
Using device: NVIDIA A100-PCIE-40GB (id=0), with 40.00 GB available memory.
Building objective: QS two-term
Precomputing transforms
Timer: Precomputing transforms = 342 ms
Building objective: aspect ratio
Precomputing transforms
Timer: Precomputing transforms = 40.5 ms
Building objective: volume
Precomputing transforms
Timer: Precomputing transforms = 40.1 ms
Building objective: rotational transform
Precomputing transforms
Timer: Precomputing transforms = 303 ms
Timer: Objective build = 817 ms
Building objective: force
Precomputing transforms
Timer: Precomputing transforms = 530 ms
Timer: Objective build = 858 ms
Timer: Objective build = 2.97 ms
Timer: Eq Update LinearConstraintProjection build = 2.26 sec
Timer: Proximal projection build = 10.3 sec
Building objective: fixed cross-section R
Building objective: fixed cross-section Z
Building objective: fixed pressure
Building objective: fixed current
Building objective: fixed Psi
Timer: Objective build = 288 ms
Timer: LinearConstraintProjection build = 841 ms
Number of parameters: 45
Number of objectives: 478
Timer: Initializing the optimization = 11.5 sec

Starting optimization
Using method: proximal-lsq-exact
Solver options:
------------------------------------------------------------
Maximum Function Evaluations       : 751
Maximum Allowed Total Δx Norm      : inf
Scaled Termination                 : True
Trust Region Method                : qr
Initial Trust Radius               : 1.547e+01
Maximum Trust Radius               : inf
Minimum Trust Radius               : 2.220e-16
Trust Radius Increase Ratio        : 2.000e+00
Trust Radius Decrease Ratio        : 2.500e-01
Trust Radius Increase Threshold    : 7.500e-01
Trust Radius Decrease Threshold    : 2.500e-01
------------------------------------------------------------ 

   Iteration     Total nfev        Cost      Cost reduction    Step norm     Optimality   
       0              1          2.055e+02                                    4.005e+00   
       1              3          1.896e+02      1.596e+01      3.712e-02      3.504e+00   
       2              4          1.802e+02      9.343e+00      1.355e-02      3.785e+00   
       3              5          1.538e+02      2.647e+01      2.634e-02      3.929e+00   
       4              6          1.070e+02      4.676e+01      1.925e-02      3.475e+00   
       5              7          5.760e+01      4.940e+01      4.075e-02      2.718e+00   
       6              9          4.926e+01      8.340e+00      1.938e-02      3.571e+00   
       7             10          3.336e+01      1.591e+01      1.103e-02      2.135e+00   
       8             12          3.279e+01      5.700e-01      1.291e-02      2.660e+00   
       9             13          2.865e+01      4.138e+00      1.233e-03      8.460e-01   
      10             14          2.800e+01      6.510e-01      1.053e-02      1.513e+00   
      11             16          2.710e+01      8.941e-01      1.462e-03      9.226e-01   
      12             17          2.642e+01      6.850e-01      2.597e-03      6.521e-01   
      13             18          2.542e+01      1.004e+00      6.817e-03      6.393e-01   
      14             19          2.510e+01      3.199e-01      1.382e-02      1.864e+00   
      15             20          2.366e+01      1.439e+00      1.936e-03      1.076e+00   
      16             21          2.275e+01      9.026e-01      6.694e-03      1.004e+00   
      17             22          2.168e+01      1.075e+00      5.468e-03      6.103e-01   
      18             23          2.089e+01      7.903e-01      8.757e-03      1.171e+00   
      19             24          1.979e+01      1.099e+00      8.868e-03      1.000e+00   
      20             25          1.855e+01      1.238e+00      8.259e-03      8.725e-01   
      21             26          1.744e+01      1.110e+00      1.785e-02      1.056e+00   
      22             28          1.628e+01      1.164e+00      6.781e-03      6.794e-01   
      23             29          1.516e+01      1.121e+00      1.039e-02      4.473e-01   
      24             30          1.444e+01      7.170e-01      1.723e-02      7.865e-01   
      25             32          1.373e+01      7.079e-01      5.145e-03      3.917e-01   
      26             33          1.328e+01      4.495e-01      1.092e-02      2.597e-01   
      27             34          1.299e+01      2.882e-01      1.088e-02      2.843e-01   
      28             35          1.226e+01      7.324e-01      1.178e-02      3.914e-01   
      29             36          1.188e+01      3.801e-01      1.670e-02      7.950e-01   
      30             37          1.133e+01      5.524e-01      2.765e-02      1.376e+00   
      31             38          1.057e+01      7.607e-01      1.499e-02      7.461e-01   
      32             39          8.796e+00      1.773e+00      3.301e-02      2.943e-01   
      33             40          7.494e+00      1.301e+00      2.655e-02      5.056e-01   
      34             41          4.906e+00      2.589e+00      4.572e-02      6.094e-01   
      35             43          3.558e+00      1.348e+00      2.110e-02      5.937e-01   
      36             45          3.367e+00      1.913e-01      1.038e-02      1.132e+00   
      37             46          2.378e+00      9.889e-01      3.171e-03      1.906e-01   
      38             47          2.142e+00      2.358e-01      8.415e-03      1.083e-01   
      39             48          1.965e+00      1.772e-01      4.111e-03      4.273e-01   
      40             51          1.847e+00      1.178e-01      1.178e-03      1.493e-01   
      41             52          1.776e+00      7.069e-02      2.545e-03      1.045e-01   
      42             54          1.733e+00      4.306e-02      1.537e-03      5.530e-02   
      43             55          1.682e+00      5.133e-02      2.393e-03      1.237e-01   
      44             57          1.638e+00      4.399e-02      1.381e-03      6.130e-02   
      45             58          1.595e+00      4.270e-02      2.048e-03      1.409e-01   
      46             60          1.547e+00      4.790e-02      1.213e-03      6.654e-02   
      47             61          1.509e+00      3.844e-02      1.923e-03      1.519e-01   
      48             63          1.458e+00      5.132e-02      1.297e-03      7.055e-02   
      49             64          1.420e+00      3.735e-02      2.364e-03      1.615e-01   
      50             65          1.362e+00      5.860e-02      5.793e-03      2.631e-01   
      51             66          1.275e+00      8.653e-02      7.333e-03      3.153e-01   
      52             68          1.188e+00      8.716e-02      1.666e-03      1.044e-01   
      53             70          1.172e+00      1.594e-02      1.116e-03      7.974e-02   
      54             71          1.154e+00      1.769e-02      2.520e-03      1.152e-01   
      55             72          1.134e+00      2.028e-02      2.371e-03      1.237e-01   
      56             73          1.116e+00      1.779e-02      2.298e-03      1.280e-01   
      57             74          1.102e+00      1.420e-02      2.136e-03      1.316e-01   
      58             75          1.092e+00      1.063e-02      1.865e-03      1.327e-01   
      59             76          1.088e+00      3.670e-03      1.538e-03      1.566e-01   
      60             77          1.076e+00      1.210e-02      1.461e-04      7.681e-02   
      61             78          1.073e+00      2.832e-03      2.665e-04      5.685e-02   
      62             79          1.072e+00      1.146e-03      2.563e-04      5.178e-02   
      63             104         1.072e+00      0.000e+00      0.000e+00      5.178e-02   
Warning: A bad approximation caused failure to predict improvement.
         Current function value: 1.072e+00
         Total delta_x: 3.081e-01
         Iterations: 63
         Function evaluations: 104
         Jacobian evaluations: 63
Timer: Solution time = 4.70 min
Timer: Avg time per step = 4.40 sec
==============================================================================================================
                                                                 Start  -->   End
Total (sum of squares):                                      2.055e+02  -->   1.072e+00, 
Maximum absolute Quasi-symmetry (1,0) two-term error:        3.034e-01  -->   3.125e-01 (T^3)
Minimum absolute Quasi-symmetry (1,0) two-term error:        2.375e-05  -->   7.566e-05 (T^3)
Average absolute Quasi-symmetry (1,0) two-term error:        5.504e-02  -->   2.585e-02 (T^3)
Aspect ratio:                                                6.037e+00  -->   5.648e+00 (dimensionless)
Plasma volume:                                               5.420e-01  -->   5.836e-01 (m^3)
Maximum Rotational transform:                                2.750e-02  -->   4.243e-01 (dimensionless)
Minimum Rotational transform:                                2.745e-02  -->   4.088e-01 (dimensionless)
Average Rotational transform:                                2.749e-02  -->   4.195e-01 (dimensionless)
Maximum absolute Force error:                                6.082e-01  -->   3.502e+00 (N)
Minimum absolute Force error:                                3.191e-05  -->   1.175e-05 (N)
Average absolute Force error:                                5.827e-02  -->   8.185e-02 (N)
Maximum absolute Force error:                                2.953e-07  -->   1.700e-06 (normalized)
Minimum absolute Force error:                                1.549e-11  -->   5.705e-12 (normalized)
Average absolute Force error:                                2.829e-08  -->   3.974e-08 (normalized)
Cross-section R error:                                       0.000e+00  -->   0.000e+00 (m)
Cross-section Z error:                                       0.000e+00  -->   0.000e+00 (m)
Fixed pressure profile error:                                0.000e+00  -->   0.000e+00 (Pa)
Fixed current profile error:                                 0.000e+00  -->   0.000e+00 (A)
Fixed Psi error:                                             0.000e+00  -->   0.000e+00 (Wb)
==============================================================================================================

