/home/ye2698/DESC/desc/integrals/_interp_utils.py:19: UserWarning: 
jax-finufft is not installed.
If you want to use NUFFTs, follow the DESC installation instructions.
Otherwise you must set the parameter nufft_eps to zero
when computing effective ripple, Gamma_c, and any other
computations that involve bounce integrals.

  warnings.warn(
DESC version=0.15.0+424.gdbba9ba17.
Using JAX backend: jax version=0.6.2, jaxlib version=0.6.2, dtype=float64.
Using device: NVIDIA A100-PCIE-40GB (id=0), with 40.00 GB available memory.
Building objective: QS two-term
Precomputing transforms
Timer: Precomputing transforms = 349 ms
Building objective: aspect ratio
Precomputing transforms
Timer: Precomputing transforms = 41.3 ms
Building objective: volume
Precomputing transforms
Timer: Precomputing transforms = 40.7 ms
Building objective: rotational transform
Precomputing transforms
Timer: Precomputing transforms = 305 ms
Timer: Objective build = 828 ms
Building objective: force
Precomputing transforms
Timer: Precomputing transforms = 534 ms
Timer: Objective build = 862 ms
Timer: Objective build = 3.17 ms
Timer: Eq Update LinearConstraintProjection build = 2.28 sec
Timer: Proximal projection build = 10.4 sec
Building objective: fixed cross-section R
Building objective: fixed cross-section Z
Building objective: fixed pressure
Building objective: fixed current
Building objective: fixed Psi
Timer: Objective build = 292 ms
Timer: LinearConstraintProjection build = 854 ms
Number of parameters: 45
Number of objectives: 478
Timer: Initializing the optimization = 11.6 sec

Starting optimization
Using method: proximal-lsq-exact
Solver options:
------------------------------------------------------------
Maximum Function Evaluations       : 1251
Maximum Allowed Total Δx Norm      : inf
Scaled Termination                 : True
Trust Region Method                : qr
Initial Trust Radius               : 1.136e+02
Maximum Trust Radius               : inf
Minimum Trust Radius               : 2.220e-16
Trust Radius Increase Ratio        : 2.000e+00
Trust Radius Decrease Ratio        : 2.500e-01
Trust Radius Increase Threshold    : 7.500e-01
Trust Radius Decrease Threshold    : 2.500e-01
------------------------------------------------------------ 

   Iteration     Total nfev        Cost      Cost reduction    Step norm     Optimality   
       0              1          6.609e+02                                    1.497e+01   
       1              2          5.097e+02      1.512e+02      2.372e-01      9.255e+00   
       2              3          2.580e+02      2.517e+02      1.036e-01      3.796e+00   
       3              6          2.431e+02      1.491e+01      6.951e-03      2.278e+00   
       4              7          2.378e+02      5.271e+00      1.507e-02      2.159e+00   
       5              8          2.304e+02      7.463e+00      3.314e-02      9.866e-01   
       6             10          2.291e+02      1.277e+00      6.815e-03      6.774e-01   
       7             11          2.273e+02      1.797e+00      8.720e-03      5.311e-01   
       8             13          2.263e+02      1.024e+00      3.945e-03      1.907e-01   
       9             14          2.258e+02      5.297e-01      1.058e-02      5.277e-01   
      10             15          2.250e+02      7.165e-01      1.840e-02      7.579e-01   
      11             17          2.242e+02      8.672e-01      2.730e-03      1.756e-01   
      12             19          2.240e+02      1.597e-01      1.571e-03      8.363e-02   
Optimization terminated successfully.
`ftol` condition satisfied. (ftol=1.00e-03)
         Current function value: 2.240e+02
         Total delta_x: 5.056e-02
         Iterations: 12
         Function evaluations: 19
         Jacobian evaluations: 13
Timer: Solution time = 1.35 min
Timer: Avg time per step = 6.23 sec
==============================================================================================================
                                                                 Start  -->   End
Total (sum of squares):                                      6.584e+02  -->   2.240e+02, 
Maximum absolute Quasi-symmetry (1,0) two-term error:        3.034e-01  -->   4.140e-02 (T^3)
Minimum absolute Quasi-symmetry (1,0) two-term error:        2.375e-05  -->   1.907e-05 (T^3)
Average absolute Quasi-symmetry (1,0) two-term error:        5.504e-02  -->   4.340e-03 (T^3)
Aspect ratio:                                                6.037e+00  -->   5.991e+00 (dimensionless)
Plasma volume:                                               5.420e-01  -->   7.945e-01 (m^3)
Maximum Rotational transform:                                2.750e-02  -->   2.259e-03 (dimensionless)
Minimum Rotational transform:                                2.745e-02  -->  -2.753e-04 (dimensionless)
Average Rotational transform:                                2.749e-02  -->   1.330e-03 (dimensionless)
Maximum absolute Force error:                                6.082e-01  -->   4.741e-01 (N)
Minimum absolute Force error:                                3.191e-05  -->   7.277e-07 (N)
Average absolute Force error:                                5.827e-02  -->   7.370e-03 (N)
Maximum absolute Force error:                                2.953e-07  -->   2.302e-07 (normalized)
Minimum absolute Force error:                                1.549e-11  -->   3.533e-13 (normalized)
Average absolute Force error:                                2.829e-08  -->   3.578e-09 (normalized)
Cross-section R error:                                       0.000e+00  -->   0.000e+00 (m)
Cross-section Z error:                                       0.000e+00  -->   0.000e+00 (m)
Fixed pressure profile error:                                0.000e+00  -->   0.000e+00 (Pa)
Fixed current profile error:                                 0.000e+00  -->   0.000e+00 (A)
Fixed Psi error:                                             0.000e+00  -->   0.000e+00 (Wb)
==============================================================================================================

