/home/ye2698/DESC/desc/integrals/_interp_utils.py:19: UserWarning: 
jax-finufft is not installed.
If you want to use NUFFTs, follow the DESC installation instructions.
Otherwise you must set the parameter nufft_eps to zero
when computing effective ripple, Gamma_c, and any other
computations that involve bounce integrals.

  warnings.warn(
DESC version=0.15.0+424.gdbba9ba17.
Using JAX backend: jax version=0.6.2, jaxlib version=0.6.2, dtype=float64.
Using device: NVIDIA A100-PCIE-40GB (id=0), with 40.00 GB available memory.
Building objective: QS two-term
Precomputing transforms
Timer: Precomputing transforms = 337 ms
Building objective: aspect ratio
Precomputing transforms
Timer: Precomputing transforms = 39.4 ms
Building objective: volume
Precomputing transforms
Timer: Precomputing transforms = 39.4 ms
Building objective: rotational transform
Precomputing transforms
Timer: Precomputing transforms = 297 ms
Timer: Objective build = 803 ms
Building objective: force
Precomputing transforms
Timer: Precomputing transforms = 544 ms
Timer: Objective build = 863 ms
Timer: Objective build = 2.96 ms
Timer: Eq Update LinearConstraintProjection build = 2.24 sec
Timer: Proximal projection build = 10.3 sec
Building objective: fixed cross-section R
Building objective: fixed cross-section Z
Building objective: fixed pressure
Building objective: fixed current
Building objective: fixed Psi
Timer: Objective build = 283 ms
Timer: LinearConstraintProjection build = 834 ms
Number of parameters: 45
Number of objectives: 478
Timer: Initializing the optimization = 11.5 sec

Starting optimization
Using method: proximal-lsq-exact
Solver options:
------------------------------------------------------------
Maximum Function Evaluations       : 1251
Maximum Allowed Total Δx Norm      : inf
Scaled Termination                 : True
Trust Region Method                : qr
Initial Trust Radius               : 5.671e+02
Maximum Trust Radius               : inf
Minimum Trust Radius               : 2.220e-16
Trust Radius Increase Ratio        : 2.000e+00
Trust Radius Decrease Ratio        : 2.500e-01
Trust Radius Increase Threshold    : 7.500e-01
Trust Radius Decrease Threshold    : 2.500e-01
------------------------------------------------------------ 

   Iteration     Total nfev        Cost      Cost reduction    Step norm     Optimality   
       0              1          1.173e+04                                    7.637e+01   
       1              2          8.525e+03      3.209e+03      1.691e-01      6.758e+01   
       2              3          2.694e+03      5.831e+03      4.799e-02      2.499e+01   
       3              4          4.429e+02      2.251e+03      5.879e-02      7.309e+00   
       4              7          2.050e+02      2.379e+02      1.333e-02      6.651e+00   
       5              8          7.271e+01      1.323e+02      9.148e-03      2.080e+00   
       6             10          6.874e+01      3.967e+00      7.233e-03      2.676e+00   
       7             11          5.960e+01      9.141e+00      7.138e-03      1.186e+00   
       8             13          5.858e+01      1.012e+00      4.988e-03      1.012e+00   
       9             14          5.811e+01      4.719e-01      5.015e-03      1.024e+00   
      10             15          5.777e+01      3.433e-01      5.005e-03      9.605e-01   
      11             16          5.744e+01      3.336e-01      4.630e-03      8.193e-01   
      12             17          5.723e+01      2.057e-01      3.958e-03      6.943e-01   
      13             18          5.670e+01      5.335e-01      8.559e-04      7.935e-02   
      14             19          5.653e+01      1.631e-01      1.354e-03      3.459e-01   
      15             20          5.623e+01      3.081e-01      1.052e-03      2.571e-01   
      16             21          5.566e+01      5.615e-01      1.933e-03      4.500e-01   
      17             23          5.487e+01      7.957e-01      1.136e-03      2.864e-01   
      18             24          5.482e+01      5.007e-02      2.962e-03      7.213e-01   
      19             25          5.384e+01      9.799e-01      1.096e-03      2.018e-01   
      20             27          5.376e+01      7.880e-02      6.119e-04      7.106e-02   
      21             28          5.363e+01      1.246e-01      1.209e-03      1.986e-01   
      22             30          5.354e+01      8.998e-02      6.059e-04      7.071e-02   
      23             31          5.342e+01      1.217e-01      1.176e-03      1.834e-01   
      24             33          5.334e+01      8.764e-02      5.799e-04      6.404e-02   
      25             34          5.322e+01      1.194e-01      1.117e-03      1.705e-01   
      26             36          5.313e+01      8.408e-02      5.443e-04      5.685e-02   
      27             37          5.302e+01      1.159e-01      1.047e-03      1.604e-01   
      28             38          5.280e+01      2.178e-01      1.849e-03      2.166e-01   
      29             39          5.254e+01      2.548e-01      3.108e-03      3.581e-01   
      30             40          5.215e+01      3.966e-01      3.029e-03      3.389e-01   
      31             41          5.193e+01      2.214e-01      3.522e-03      4.857e-01   
      32             42          5.156e+01      3.634e-01      3.645e-03      5.145e-01   
      33             43          5.087e+01      6.876e-01      3.093e-03      1.928e-01   
      34             45          5.074e+01      1.374e-01      1.527e-03      2.060e-01   
      35             46          5.069e+01      4.814e-02      1.779e-03      1.902e-01   
      36             47          5.049e+01      2.022e-01      4.187e-04      5.858e-02   
      37             48          5.039e+01      1.003e-01      9.626e-04      1.220e-01   
      38             49          5.028e+01      1.058e-01      9.823e-04      1.127e-01   
      39             50          5.018e+01      1.012e-01      9.810e-04      1.036e-01   
      40             51          5.006e+01      1.168e-01      9.734e-04      1.099e-01   
      41             52          4.989e+01      1.767e-01      1.823e-03      1.869e-01   
      42             53          4.968e+01      2.066e-01      1.684e-03      2.005e-01   
      43             54          4.956e+01      1.230e-01      2.742e-03      3.823e-01   
      44             55          4.914e+01      4.197e-01      2.636e-03      5.335e-01   
      45             56          4.886e+01      2.756e-01      3.122e-03      8.752e-01   
      46             57          4.839e+01      4.715e-01      2.783e-03      6.264e-01   
      47             59          4.770e+01      6.900e-01      6.065e-04      1.399e-01   
      48             61          4.761e+01      9.155e-02      3.422e-04      1.166e-01   
      49             62          4.753e+01      7.706e-02      7.582e-04      2.154e-01   
      50             63          4.743e+01      1.037e-01      8.110e-04      1.842e-01   
      51             64          4.741e+01      1.974e-02      1.618e-03      3.690e-01   
      52             65          4.723e+01      1.820e-01      4.256e-04      6.006e-02   
      53             66          4.718e+01      4.158e-02      8.809e-04      1.762e-01   
Optimization terminated successfully.
`ftol` condition satisfied. (ftol=1.00e-03)
         Current function value: 4.718e+01
         Total delta_x: 7.736e-02
         Iterations: 53
         Function evaluations: 66
         Jacobian evaluations: 54
Timer: Solution time = 2.24 min
Timer: Avg time per step = 2.49 sec
==============================================================================================================
                                                                 Start  -->   End
Total (sum of squares):                                      1.167e+04  -->   4.718e+01, 
Maximum absolute Quasi-symmetry (1,0) two-term error:        3.034e-01  -->   1.593e-02 (T^3)
Minimum absolute Quasi-symmetry (1,0) two-term error:        2.375e-05  -->   8.462e-06 (T^3)
Average absolute Quasi-symmetry (1,0) two-term error:        5.504e-02  -->   1.641e-03 (T^3)
Aspect ratio:                                                6.037e+00  -->   5.944e+00 (dimensionless)
Plasma volume:                                               5.420e-01  -->   8.582e-01 (m^3)
Maximum Rotational transform:                                2.750e-02  -->   4.850e-03 (dimensionless)
Minimum Rotational transform:                                2.745e-02  -->   3.752e-04 (dimensionless)
Average Rotational transform:                                2.749e-02  -->   2.008e-03 (dimensionless)
Maximum absolute Force error:                                6.082e-01  -->   2.566e-01 (N)
Minimum absolute Force error:                                3.191e-05  -->   1.510e-06 (N)
Average absolute Force error:                                5.827e-02  -->   5.245e-03 (N)
Maximum absolute Force error:                                2.953e-07  -->   1.246e-07 (normalized)
Minimum absolute Force error:                                1.549e-11  -->   7.333e-13 (normalized)
Average absolute Force error:                                2.829e-08  -->   2.547e-09 (normalized)
Cross-section R error:                                       0.000e+00  -->   0.000e+00 (m)
Cross-section Z error:                                       0.000e+00  -->   0.000e+00 (m)
Fixed pressure profile error:                                0.000e+00  -->   0.000e+00 (Pa)
Fixed current profile error:                                 0.000e+00  -->   0.000e+00 (A)
Fixed Psi error:                                             0.000e+00  -->   0.000e+00 (Wb)
==============================================================================================================

