/home/ye2698/DESC/desc/integrals/_interp_utils.py:19: UserWarning: 
jax-finufft is not installed.
If you want to use NUFFTs, follow the DESC installation instructions.
Otherwise you must set the parameter nufft_eps to zero
when computing effective ripple, Gamma_c, and any other
computations that involve bounce integrals.

  warnings.warn(
DESC version=0.15.0+424.gdbba9ba17.
Using JAX backend: jax version=0.6.2, jaxlib version=0.6.2, dtype=float64.
Using device: NVIDIA A100-PCIE-40GB (id=0), with 40.00 GB available memory.
Building objective: QS two-term
Precomputing transforms
Timer: Precomputing transforms = 344 ms
Building objective: aspect ratio
Precomputing transforms
Timer: Precomputing transforms = 40.5 ms
Building objective: volume
Precomputing transforms
Timer: Precomputing transforms = 40.1 ms
Building objective: rotational transform
Precomputing transforms
Timer: Precomputing transforms = 320 ms
Timer: Objective build = 862 ms
Building objective: force
Precomputing transforms
Timer: Precomputing transforms = 575 ms
Timer: Objective build = 973 ms
Timer: Objective build = 3.08 ms
Timer: Eq Update LinearConstraintProjection build = 2.55 sec
Timer: Proximal projection build = 11.2 sec
Building objective: fixed cross-section R
Building objective: fixed cross-section Z
Building objective: fixed pressure
Building objective: fixed current
Building objective: fixed Psi
Timer: Objective build = 501 ms
Timer: LinearConstraintProjection build = 874 ms
Number of parameters: 45
Number of objectives: 478
Timer: Initializing the optimization = 12.6 sec

Starting optimization
Using method: proximal-lsq-exact
Solver options:
------------------------------------------------------------
Maximum Function Evaluations       : 1251
Maximum Allowed Total Δx Norm      : inf
Scaled Termination                 : True
Trust Region Method                : qr
Initial Trust Radius               : 5.709e+02
Maximum Trust Radius               : inf
Minimum Trust Radius               : 2.220e-16
Trust Radius Increase Ratio        : 2.000e+00
Trust Radius Decrease Ratio        : 2.500e-01
Trust Radius Increase Threshold    : 7.500e-01
Trust Radius Decrease Threshold    : 2.500e-01
------------------------------------------------------------ 

   Iteration     Total nfev        Cost      Cost reduction    Step norm     Optimality   
       0              1          1.190e+04                                    7.638e+01   
       1              4          9.619e+03      2.285e+03      4.098e-03      6.008e+01   
       2              5          7.619e+03      1.999e+03      9.360e-03      3.453e+01   
       3              6          6.811e+03      8.084e+02      1.091e-02      3.507e+01   
       4              7          5.704e+03      1.107e+03      1.107e-02      3.039e+01   
       5              8          4.772e+03      9.317e+02      1.193e-02      2.094e+01   
       6              9          3.624e+03      1.148e+03      3.264e-02      3.082e+01   
       7             10          2.563e+03      1.061e+03      3.729e-02      3.193e+01   
       8             12          1.940e+03      6.225e+02      8.894e-03      1.140e+01   
       9             13          1.496e+03      4.443e+02      1.709e-02      1.229e+01   
      10             15          1.264e+03      2.318e+02      6.430e-03      7.532e+00   
      11             16          1.155e+03      1.086e+02      1.380e-02      1.188e+01   
      12             17          9.533e+02      2.021e+02      1.836e-02      8.364e+00   
      13             19          8.483e+02      1.050e+02      8.855e-03      4.318e+00   
      14             20          8.101e+02      3.817e+01      1.807e-02      9.337e+00   
      15             21          7.237e+02      8.639e+01      1.720e-02      8.877e+00   
      16             22          6.253e+02      9.842e+01      1.677e-02      6.796e+00   
      17             23          5.482e+02      7.705e+01      1.609e-02      4.770e+00   
      18             24          5.361e+02      1.216e+01      3.389e-02      6.843e+00   
      19             25          4.332e+02      1.029e+02      5.697e-03      2.138e+00   
      20             26          4.254e+02      7.822e+00      1.679e-02      3.816e+00   
      21             27          3.910e+02      3.436e+01      3.100e-03      1.039e+00   
      22             28          3.820e+02      9.033e+00      7.774e-03      1.956e+00   
      23             29          3.626e+02      1.943e+01      7.381e-03      9.894e-01   
      24             30          3.576e+02      5.010e+00      1.462e-02      2.063e+00   
      25             31          3.306e+02      2.702e+01      1.821e-03      4.621e-01   
      26             32          3.215e+02      9.096e+00      4.296e-03      8.965e-01   
      27             33          3.071e+02      1.439e+01      1.202e-02      1.157e+00   
      28             35          2.904e+02      1.667e+01      6.067e-03      3.608e-01   
      29             37          2.864e+02      4.022e+00      2.877e-03      3.483e-01   
      30             38          2.823e+02      4.046e+00      6.937e-03      6.719e-01   
      31             39          2.772e+02      5.142e+00      8.026e-03      7.177e-01   
      32             40          2.714e+02      5.760e+00      8.243e-03      6.627e-01   
      33             41          2.661e+02      5.292e+00      8.243e-03      6.117e-01   
      34             42          2.617e+02      4.457e+00      8.076e-03      5.887e-01   
      35             43          2.574e+02      4.258e+00      7.813e-03      5.512e-01   
      36             44          2.534e+02      4.011e+00      7.543e-03      5.205e-01   
      37             45          2.497e+02      3.734e+00      7.352e-03      4.830e-01   
      38             46          2.463e+02      3.409e+00      7.258e-03      4.389e-01   
      39             47          2.433e+02      2.993e+00      7.224e-03      4.090e-01   
      40             48          2.407e+02      2.568e+00      7.119e-03      3.807e-01   
      41             49          2.382e+02      2.454e+00      6.696e-03      3.699e-01   
      42             50          2.357e+02      2.555e+00      5.849e-03      3.288e-01   
      43             51          2.354e+02      2.742e-01      9.914e-03      6.009e-01   
      44             52          2.308e+02      4.625e+00      1.160e-03      9.651e-02   
      45             54          2.301e+02      6.929e-01      5.802e-04      1.059e-01   
      46             55          2.297e+02      4.251e-01      1.124e-03      2.232e-01   
      47             56          2.288e+02      8.392e-01      1.531e-03      1.520e-01   
      48             57          2.288e+02      6.593e-02      4.067e-03      3.556e-01   
      49             58          2.274e+02      1.385e+00      6.805e-04      5.986e-02   
      50             59          2.272e+02      1.487e-01      1.641e-03      1.913e-01   
Optimization terminated successfully.
`ftol` condition satisfied. (ftol=1.00e-03)
         Current function value: 2.272e+02
         Total delta_x: 4.873e-01
         Iterations: 50
         Function evaluations: 59
         Jacobian evaluations: 51
Timer: Solution time = 2.47 min
Timer: Avg time per step = 2.90 sec
==============================================================================================================
                                                                 Start  -->   End
Total (sum of squares):                                      1.184e+04  -->   2.272e+02, 
Maximum absolute Quasi-symmetry (1,0) two-term error:        3.034e-01  -->   8.834e-03 (T^3)
Minimum absolute Quasi-symmetry (1,0) two-term error:        2.375e-05  -->   7.592e-06 (T^3)
Average absolute Quasi-symmetry (1,0) two-term error:        5.504e-02  -->   1.872e-03 (T^3)
Aspect ratio:                                                6.037e+00  -->   5.995e+00 (dimensionless)
Plasma volume:                                               5.420e-01  -->   1.856e+00 (m^3)
Maximum Rotational transform:                                2.750e-02  -->   5.920e-03 (dimensionless)
Minimum Rotational transform:                                2.745e-02  -->   5.847e-03 (dimensionless)
Average Rotational transform:                                2.749e-02  -->   5.904e-03 (dimensionless)
Maximum absolute Force error:                                6.082e-01  -->   2.016e-01 (N)
Minimum absolute Force error:                                3.191e-05  -->   1.615e-07 (N)
Average absolute Force error:                                5.827e-02  -->   3.438e-03 (N)
Maximum absolute Force error:                                2.953e-07  -->   9.786e-08 (normalized)
Minimum absolute Force error:                                1.549e-11  -->   7.841e-14 (normalized)
Average absolute Force error:                                2.829e-08  -->   1.669e-09 (normalized)
Cross-section R error:                                       0.000e+00  -->   0.000e+00 (m)
Cross-section Z error:                                       0.000e+00  -->   0.000e+00 (m)
Fixed pressure profile error:                                0.000e+00  -->   0.000e+00 (Pa)
Fixed current profile error:                                 0.000e+00  -->   0.000e+00 (A)
Fixed Psi error:                                             0.000e+00  -->   0.000e+00 (Wb)
==============================================================================================================

