/home/ye2698/DESC/desc/integrals/_interp_utils.py:19: UserWarning: 
jax-finufft is not installed.
If you want to use NUFFTs, follow the DESC installation instructions.
Otherwise you must set the parameter nufft_eps to zero
when computing effective ripple, Gamma_c, and any other
computations that involve bounce integrals.

  warnings.warn(
DESC version=0.15.0+424.gdbba9ba17.
Using JAX backend: jax version=0.6.2, jaxlib version=0.6.2, dtype=float64.
Using device: NVIDIA A100-PCIE-40GB (id=0), with 40.00 GB available memory.
Building objective: QS two-term
Precomputing transforms
Timer: Precomputing transforms = 340 ms
Building objective: aspect ratio
Precomputing transforms
Timer: Precomputing transforms = 40.1 ms
Building objective: volume
Precomputing transforms
Timer: Precomputing transforms = 40.3 ms
Building objective: rotational transform
Precomputing transforms
Timer: Precomputing transforms = 298 ms
Timer: Objective build = 807 ms
Building objective: force
Precomputing transforms
Timer: Precomputing transforms = 525 ms
Timer: Objective build = 844 ms
Timer: Objective build = 3.07 ms
Timer: Eq Update LinearConstraintProjection build = 2.23 sec
Timer: Proximal projection build = 10.1 sec
Building objective: fixed cross-section R
Building objective: fixed cross-section Z
Building objective: fixed pressure
Building objective: fixed current
Building objective: fixed Psi
Timer: Objective build = 284 ms
Timer: LinearConstraintProjection build = 837 ms
Number of parameters: 45
Number of objectives: 478
Timer: Initializing the optimization = 11.3 sec

Starting optimization
Using method: proximal-lsq-exact
Solver options:
------------------------------------------------------------
Maximum Function Evaluations       : 1251
Maximum Allowed Total Δx Norm      : inf
Scaled Termination                 : True
Trust Region Method                : qr
Initial Trust Radius               : 6.709e+01
Maximum Trust Radius               : inf
Minimum Trust Radius               : 2.220e-16
Trust Radius Increase Ratio        : 2.000e+00
Trust Radius Decrease Ratio        : 2.500e-01
Trust Radius Increase Threshold    : 7.500e-01
Trust Radius Decrease Threshold    : 2.500e-01
------------------------------------------------------------ 

   Iteration     Total nfev        Cost      Cost reduction    Step norm     Optimality   
       0              1          1.947e+01                                    3.827e+00   
       1              5          1.166e+01      7.816e+00      1.290e-03      6.139e-01   
       2              6          1.096e+01      6.936e-01      2.374e-03      6.888e-01   
       3              8          1.071e+01      2.517e-01      2.523e-04      1.553e-01   
       4              9          1.062e+01      9.537e-02      7.742e-04      6.791e-02   
       5             10          1.060e+01      1.191e-02      1.123e-03      2.868e-01   
       6             12          1.057e+01      3.031e-02      2.974e-05      6.312e-02   
       7             13          1.057e+01      5.984e-03      1.127e-04      3.889e-02   
Optimization terminated successfully.
`ftol` condition satisfied. (ftol=1.00e-03)
         Current function value: 1.057e+01
         Total delta_x: 4.977e-03
         Iterations: 7
         Function evaluations: 13
         Jacobian evaluations: 8
Timer: Solution time = 1.03 min
Timer: Avg time per step = 7.75 sec
==============================================================================================================
                                                                 Start  -->   End
Total (sum of squares):                                      1.933e+01  -->   1.057e+01, 
Maximum absolute Quasi-symmetry (1,0) two-term error:        3.034e-01  -->   2.179e-01 (T^3)
Minimum absolute Quasi-symmetry (1,0) two-term error:        2.375e-05  -->   9.645e-06 (T^3)
Average absolute Quasi-symmetry (1,0) two-term error:        5.504e-02  -->   4.397e-02 (T^3)
Aspect ratio:                                                6.037e+00  -->   6.000e+00 (dimensionless)
Plasma volume:                                               5.420e-01  -->   5.645e-01 (m^3)
Maximum Rotational transform:                                2.750e-02  -->   2.266e-02 (dimensionless)
Minimum Rotational transform:                                2.745e-02  -->   2.230e-02 (dimensionless)
Average Rotational transform:                                2.749e-02  -->   2.254e-02 (dimensionless)
Maximum absolute Force error:                                6.082e-01  -->   3.991e-01 (N)
Minimum absolute Force error:                                3.191e-05  -->   8.669e-06 (N)
Average absolute Force error:                                5.827e-02  -->   3.733e-02 (N)
Maximum absolute Force error:                                2.953e-07  -->   1.938e-07 (normalized)
Minimum absolute Force error:                                1.549e-11  -->   4.209e-12 (normalized)
Average absolute Force error:                                2.829e-08  -->   1.812e-08 (normalized)
Cross-section R error:                                       0.000e+00  -->   0.000e+00 (m)
Cross-section Z error:                                       0.000e+00  -->   0.000e+00 (m)
Fixed pressure profile error:                                0.000e+00  -->   0.000e+00 (Pa)
Fixed current profile error:                                 0.000e+00  -->   0.000e+00 (A)
Fixed Psi error:                                             0.000e+00  -->   0.000e+00 (Wb)
==============================================================================================================

