/home/ye2698/DESC/desc/integrals/_interp_utils.py:19: UserWarning: 
jax-finufft is not installed.
If you want to use NUFFTs, follow the DESC installation instructions.
Otherwise you must set the parameter nufft_eps to zero
when computing effective ripple, Gamma_c, and any other
computations that involve bounce integrals.

  warnings.warn(
DESC version=0.15.0+424.gdbba9ba17.
Using JAX backend: jax version=0.6.2, jaxlib version=0.6.2, dtype=float64.
Using device: NVIDIA A100-PCIE-40GB (id=0), with 40.00 GB available memory.
Building objective: QS two-term
Precomputing transforms
Timer: Precomputing transforms = 340 ms
Building objective: aspect ratio
Precomputing transforms
Timer: Precomputing transforms = 40.1 ms
Building objective: volume
Precomputing transforms
Timer: Precomputing transforms = 39.7 ms
Building objective: rotational transform
Precomputing transforms
Timer: Precomputing transforms = 300 ms
Timer: Objective build = 810 ms
Building objective: force
Precomputing transforms
Timer: Precomputing transforms = 527 ms
Timer: Objective build = 848 ms
Timer: Objective build = 3.13 ms
Timer: Eq Update LinearConstraintProjection build = 2.26 sec
Timer: Proximal projection build = 10.3 sec
Building objective: fixed cross-section R
Building objective: fixed cross-section Z
Building objective: fixed pressure
Building objective: fixed current
Building objective: fixed Psi
Timer: Objective build = 286 ms
Timer: LinearConstraintProjection build = 837 ms
Number of parameters: 45
Number of objectives: 478
Timer: Initializing the optimization = 11.5 sec

Starting optimization
Using method: proximal-lsq-exact
Solver options:
------------------------------------------------------------
Maximum Function Evaluations       : 1251
Maximum Allowed Total Δx Norm      : inf
Scaled Termination                 : True
Trust Region Method                : qr
Initial Trust Radius               : 1.314e+02
Maximum Trust Radius               : inf
Minimum Trust Radius               : 2.220e-16
Trust Radius Increase Ratio        : 2.000e+00
Trust Radius Decrease Ratio        : 2.500e-01
Trust Radius Increase Threshold    : 7.500e-01
Trust Radius Decrease Threshold    : 2.500e-01
------------------------------------------------------------ 

   Iteration     Total nfev        Cost      Cost reduction    Step norm     Optimality   
       0              1          5.081e+02                                    1.556e+01   
       1              4          3.882e+02      1.199e+02      2.598e-03      8.065e+00   
       2              5          3.313e+02      5.698e+01      5.655e-03      4.931e+00   
       3              6          2.938e+02      3.745e+01      6.380e-03      4.137e+00   
       4              7          2.490e+02      4.483e+01      6.178e-03      2.130e+00   
       5              8          2.295e+02      1.948e+01      1.706e-02      7.834e+00   
       6              9          1.821e+02      4.745e+01      1.339e-02      4.687e+00   
       7             10          1.573e+02      2.479e+01      1.114e-02      5.527e+00   
       8             12          1.272e+02      3.007e+01      6.666e-04      2.016e+00   
       9             13          1.193e+02      7.909e+00      3.437e-03      7.426e-01   
      10             14          1.143e+02      4.966e+00      6.324e-03      6.902e-01   
      11             15          1.006e+02      1.371e+01      1.154e-02      1.060e+00   
      12             16          8.344e+01      1.716e+01      2.669e-02      2.585e+00   
      13             18          8.117e+01      2.269e+00      4.182e-03      4.969e+00   
      14             19          6.868e+01      1.249e+01      7.721e-04      1.900e+00   
      15             20          6.212e+01      6.555e+00      2.911e-03      1.244e+00   
      16             21          5.690e+01      5.223e+00      9.530e-03      1.450e+00   
      17             23          5.325e+01      3.649e+00      4.467e-03      3.106e-01   
      18             24          4.967e+01      3.584e+00      1.024e-02      9.631e-01   
      19             26          4.735e+01      2.314e+00      5.009e-03      7.422e-01   
      20             27          4.725e+01      1.048e-01      1.010e-02      9.077e-01   
      21             28          4.477e+01      2.484e+00      1.044e-03      3.543e-01   
      22             29          4.364e+01      1.129e+00      3.409e-03      7.216e-01   
      23             30          4.234e+01      1.301e+00      3.556e-03      4.949e-01   
      24             32          4.133e+01      1.009e+00      1.971e-03      3.846e-01   
      25             33          4.064e+01      6.878e-01      4.550e-03      6.872e-01   
      26             34          3.977e+01      8.724e-01      4.282e-03      8.170e-01   
      27             36          3.914e+01      6.255e-01      1.913e-03      3.313e-01   
      28             38          3.896e+01      1.854e-01      9.162e-04      2.155e-01   
      29             39          3.881e+01      1.476e-01      1.732e-03      5.288e-01   
      30             40          3.851e+01      2.962e-01      1.570e-03      4.414e-01   
      31             42          3.829e+01      2.248e-01      7.074e-04      1.888e-01   
      32             43          3.827e+01      1.475e-02      1.319e-03      5.719e-01   
      33             44          3.800e+01      2.720e-01      2.772e-04      1.118e-01   
      34             45          3.798e+01      1.640e-02      5.730e-04      3.783e-01   
      35             46          3.787e+01      1.103e-01      1.275e-04      9.552e-02   
      36             47          3.785e+01      2.408e-02      2.661e-04      2.098e-01   
Optimization terminated successfully.
`ftol` condition satisfied. (ftol=1.00e-03)
         Current function value: 3.785e+01
         Total delta_x: 6.586e-02
         Iterations: 36
         Function evaluations: 47
         Jacobian evaluations: 37
Timer: Solution time = 1.96 min
Timer: Avg time per step = 3.18 sec
==============================================================================================================
                                                                 Start  -->   End
Total (sum of squares):                                      5.055e+02  -->   3.785e+01, 
Maximum absolute Quasi-symmetry (1,0) two-term error:        3.034e-01  -->   3.445e-02 (T^3)
Minimum absolute Quasi-symmetry (1,0) two-term error:        2.375e-05  -->   5.394e-06 (T^3)
Average absolute Quasi-symmetry (1,0) two-term error:        5.504e-02  -->   4.115e-03 (T^3)
Aspect ratio:                                                6.037e+00  -->   6.001e+00 (dimensionless)
Plasma volume:                                               5.420e-01  -->   5.956e-01 (m^3)
Maximum Rotational transform:                                2.750e-02  -->   7.778e-04 (dimensionless)
Minimum Rotational transform:                                2.745e-02  -->   3.599e-04 (dimensionless)
Average Rotational transform:                                2.749e-02  -->   4.991e-04 (dimensionless)
Maximum absolute Force error:                                6.082e-01  -->   1.702e-01 (N)
Minimum absolute Force error:                                3.191e-05  -->   1.039e-06 (N)
Average absolute Force error:                                5.827e-02  -->   2.882e-03 (N)
Maximum absolute Force error:                                2.953e-07  -->   8.263e-08 (normalized)
Minimum absolute Force error:                                1.549e-11  -->   5.042e-13 (normalized)
Average absolute Force error:                                2.829e-08  -->   1.399e-09 (normalized)
Cross-section R error:                                       0.000e+00  -->   0.000e+00 (m)
Cross-section Z error:                                       0.000e+00  -->   0.000e+00 (m)
Fixed pressure profile error:                                0.000e+00  -->   0.000e+00 (Pa)
Fixed current profile error:                                 0.000e+00  -->   0.000e+00 (A)
Fixed Psi error:                                             0.000e+00  -->   0.000e+00 (Wb)
==============================================================================================================

