/home/ye2698/DESC/desc/integrals/_interp_utils.py:19: UserWarning: 
jax-finufft is not installed.
If you want to use NUFFTs, follow the DESC installation instructions.
Otherwise you must set the parameter nufft_eps to zero
when computing effective ripple, Gamma_c, and any other
computations that involve bounce integrals.

  warnings.warn(
DESC version=0.15.0+424.gdbba9ba17.
Using JAX backend: jax version=0.6.2, jaxlib version=0.6.2, dtype=float64.
Using device: NVIDIA A100-PCIE-40GB (id=0), with 40.00 GB available memory.
Building objective: QS two-term
Precomputing transforms
Timer: Precomputing transforms = 337 ms
Building objective: aspect ratio
Precomputing transforms
Timer: Precomputing transforms = 40.0 ms
Building objective: volume
Precomputing transforms
Timer: Precomputing transforms = 39.8 ms
Building objective: rotational transform
Precomputing transforms
Timer: Precomputing transforms = 297 ms
Timer: Objective build = 802 ms
Building objective: force
Precomputing transforms
Timer: Precomputing transforms = 527 ms
Timer: Objective build = 843 ms
Timer: Objective build = 2.98 ms
Timer: Eq Update LinearConstraintProjection build = 2.22 sec
Timer: Proximal projection build = 10.2 sec
Building objective: fixed cross-section R
Building objective: fixed cross-section Z
Building objective: fixed pressure
Building objective: fixed current
Building objective: fixed Psi
Timer: Objective build = 280 ms
Timer: LinearConstraintProjection build = 825 ms
Number of parameters: 45
Number of objectives: 478
Timer: Initializing the optimization = 11.3 sec

Starting optimization
Using method: proximal-lsq-exact
Solver options:
------------------------------------------------------------
Maximum Function Evaluations       : 1251
Maximum Allowed Total Δx Norm      : inf
Scaled Termination                 : True
Trust Region Method                : qr
Initial Trust Radius               : 1.181e+02
Maximum Trust Radius               : inf
Minimum Trust Radius               : 2.220e-16
Trust Radius Increase Ratio        : 2.000e+00
Trust Radius Decrease Ratio        : 2.500e-01
Trust Radius Increase Threshold    : 7.500e-01
Trust Radius Decrease Threshold    : 2.500e-01
------------------------------------------------------------ 

   Iteration     Total nfev        Cost      Cost reduction    Step norm     Optimality   
       0              1          5.008e+02                                    1.530e+01   
       1              2          1.688e+02      3.321e+02      1.704e-01      1.269e+01   
       2              4          1.072e+02      6.160e+01      4.620e-02      9.883e+00   
       3              5          6.155e+01      4.561e+01      5.012e-02      3.612e+00   
       4              7          4.578e+01      1.577e+01      3.171e-03      2.258e+00   
       5              8          4.468e+01      1.100e+00      1.554e-02      2.146e+00   
       6              9          4.159e+01      3.089e+00      1.204e-03      6.815e-01   
       7             10          4.135e+01      2.389e-01      4.715e-03      8.564e-01   
       8             11          4.034e+01      1.009e+00      1.379e-03      1.839e-01   
       9             12          4.020e+01      1.450e-01      2.730e-03      2.889e-01   
      10             13          3.977e+01      4.256e-01      3.165e-03      2.880e-01   
      11             14          3.946e+01      3.167e-01      7.145e-03      4.534e-01   
      12             15          3.921e+01      2.434e-01      7.484e-03      5.715e-01   
      13             16          3.903e+01      1.858e-01      6.765e-03      5.013e-01   
      14             17          3.862e+01      4.038e-01      6.212e-03      3.817e-01   
      15             18          3.840e+01      2.188e-01      5.903e-03      4.927e-01   
      16             20          3.819e+01      2.157e-01      1.528e-03      1.817e-01   
      17             22          3.815e+01      3.549e-02      7.207e-04      1.245e-01   
Optimization terminated successfully.
`ftol` condition satisfied. (ftol=1.00e-03)
         Current function value: 3.815e+01
         Total delta_x: 3.154e-02
         Iterations: 17
         Function evaluations: 22
         Jacobian evaluations: 18
Timer: Solution time = 1.01 min
Timer: Avg time per step = 3.38 sec
==============================================================================================================
                                                                 Start  -->   End
Total (sum of squares):                                      4.983e+02  -->   3.815e+01, 
Maximum absolute Quasi-symmetry (1,0) two-term error:        3.034e-01  -->   2.224e-02 (T^3)
Minimum absolute Quasi-symmetry (1,0) two-term error:        2.375e-05  -->   1.127e-05 (T^3)
Average absolute Quasi-symmetry (1,0) two-term error:        5.504e-02  -->   2.972e-03 (T^3)
Aspect ratio:                                                6.037e+00  -->   6.001e+00 (dimensionless)
Plasma volume:                                               5.420e-01  -->   7.436e-01 (m^3)
Maximum Rotational transform:                                2.750e-02  -->  -7.961e-04 (dimensionless)
Minimum Rotational transform:                                2.745e-02  -->  -1.604e-03 (dimensionless)
Average Rotational transform:                                2.749e-02  -->  -1.098e-03 (dimensionless)
Maximum absolute Force error:                                6.082e-01  -->   4.260e-01 (N)
Minimum absolute Force error:                                3.191e-05  -->   9.859e-08 (N)
Average absolute Force error:                                5.827e-02  -->   5.196e-03 (N)
Maximum absolute Force error:                                2.953e-07  -->   2.068e-07 (normalized)
Minimum absolute Force error:                                1.549e-11  -->   4.786e-14 (normalized)
Average absolute Force error:                                2.829e-08  -->   2.523e-09 (normalized)
Cross-section R error:                                       0.000e+00  -->   0.000e+00 (m)
Cross-section Z error:                                       0.000e+00  -->   0.000e+00 (m)
Fixed pressure profile error:                                0.000e+00  -->   0.000e+00 (Pa)
Fixed current profile error:                                 0.000e+00  -->   0.000e+00 (A)
Fixed Psi error:                                             0.000e+00  -->   0.000e+00 (Wb)
==============================================================================================================

