/home/ye2698/DESC/desc/integrals/_interp_utils.py:19: UserWarning: 
jax-finufft is not installed.
If you want to use NUFFTs, follow the DESC installation instructions.
Otherwise you must set the parameter nufft_eps to zero
when computing effective ripple, Gamma_c, and any other
computations that involve bounce integrals.

  warnings.warn(
DESC version=0.15.0+424.gdbba9ba17.
Using JAX backend: jax version=0.6.2, jaxlib version=0.6.2, dtype=float64.
Using device: NVIDIA A100-PCIE-40GB (id=0), with 40.00 GB available memory.
Building objective: QS two-term
Precomputing transforms
Timer: Precomputing transforms = 338 ms
Building objective: aspect ratio
Precomputing transforms
Timer: Precomputing transforms = 39.9 ms
Building objective: volume
Precomputing transforms
Timer: Precomputing transforms = 39.9 ms
Building objective: rotational transform
Precomputing transforms
Timer: Precomputing transforms = 295 ms
Timer: Objective build = 802 ms
Building objective: force
Precomputing transforms
Timer: Precomputing transforms = 541 ms
Timer: Objective build = 858 ms
Timer: Objective build = 2.97 ms
Timer: Eq Update LinearConstraintProjection build = 2.24 sec
Timer: Proximal projection build = 10.2 sec
Building objective: fixed cross-section R
Building objective: fixed cross-section Z
Building objective: fixed pressure
Building objective: fixed current
Building objective: fixed Psi
Timer: Objective build = 281 ms
Timer: LinearConstraintProjection build = 836 ms
Number of parameters: 45
Number of objectives: 478
Timer: Initializing the optimization = 11.4 sec

Starting optimization
Using method: proximal-lsq-exact
Solver options:
------------------------------------------------------------
Maximum Function Evaluations       : 1251
Maximum Allowed Total Δx Norm      : inf
Scaled Termination                 : True
Trust Region Method                : qr
Initial Trust Radius               : 5.672e+02
Maximum Trust Radius               : inf
Minimum Trust Radius               : 2.220e-16
Trust Radius Increase Ratio        : 2.000e+00
Trust Radius Decrease Ratio        : 2.500e-01
Trust Radius Increase Threshold    : 7.500e-01
Trust Radius Decrease Threshold    : 2.500e-01
------------------------------------------------------------ 

   Iteration     Total nfev        Cost      Cost reduction    Step norm     Optimality   
       0              1          1.248e+04                                    7.618e+01   
       1              4          1.021e+04      2.276e+03      4.296e-03      6.249e+01   
       2              5          8.220e+03      1.986e+03      9.043e-03      3.863e+01   
       3              6          7.255e+03      9.646e+02      9.403e-03      3.659e+01   
       4              7          6.049e+03      1.207e+03      8.108e-03      3.047e+01   
       5              8          4.677e+03      1.372e+03      1.470e-02      2.405e+01   
       6              9          3.267e+03      1.410e+03      1.981e-02      1.008e+01   
       7             10          2.416e+03      8.502e+02      1.911e-02      1.136e+01   
       8             11          2.225e+03      1.919e+02      3.264e-02      2.459e+01   
       9             13          1.814e+03      4.110e+02      2.213e-02      5.969e+00   
      10             15          1.779e+03      3.456e+01      1.124e-02      6.410e+00   
      11             16          1.727e+03      5.208e+01      1.462e-02      2.130e+00   
      12             17          1.697e+03      3.011e+01      2.850e-02      4.688e+00   
      13             18          1.664e+03      3.245e+01      2.846e-02      6.195e+00   
      14             19          1.639e+03      2.496e+01      2.346e-02      6.635e+00   
      15             20          1.597e+03      4.261e+01      1.877e-02      5.005e+00   
      16             21          1.568e+03      2.911e+01      1.905e-02      4.503e+00   
      17             22          1.512e+03      5.516e+01      1.473e-02      1.370e+00   
      18             23          1.435e+03      7.740e+01      1.346e-02      3.747e+00   
      19             24          1.364e+03      7.114e+01      3.365e-02      3.740e+00   
      20             25          1.266e+03      9.805e+01      4.790e-02      4.062e+00   
      21             26          1.158e+03      1.077e+02      1.059e-02      1.831e+00   
      22             28          1.148e+03      1.023e+01      9.423e-03      4.627e+00   
      23             29          1.127e+03      2.094e+01      2.784e-03      1.754e+00   
      24             31          1.123e+03      4.580e+00      1.726e-03      1.142e+00   
      25             32          1.119e+03      3.231e+00      1.608e-03      9.455e-01   
      26             33          1.115e+03      3.820e+00      1.110e-03      5.750e-01   
      27             34          1.112e+03      3.127e+00      9.869e-04      6.451e-01   
      28             35          1.108e+03      4.075e+00      8.985e-04      5.819e-01   
      29             36          1.103e+03      5.046e+00      1.059e-03      4.456e-01   
      30             37          1.091e+03      1.257e+01      3.009e-03      6.195e-01   
      31             38          1.071e+03      2.008e+01      5.254e-03      2.811e+00   
      32             39          1.043e+03      2.757e+01      1.398e-02      4.025e+00   
      33             41          1.017e+03      2.646e+01      5.068e-03      2.455e+00   
      34             43          1.011e+03      5.923e+00      4.385e-03      2.045e+00   
      35             44          1.006e+03      5.058e+00      4.465e-03      1.628e+00   
      36             45          1.001e+03      4.223e+00      4.207e-03      1.625e+00   
      37             46          9.974e+02      3.957e+00      4.023e-03      1.536e+00   
      38             47          9.937e+02      3.642e+00      3.810e-03      1.473e+00   
      39             48          9.903e+02      3.427e+00      3.605e-03      1.414e+00   
      40             49          9.870e+02      3.284e+00      3.446e-03      1.372e+00   
      41             50          9.838e+02      3.209e+00      3.348e-03      1.347e+00   
      42             51          9.806e+02      3.171e+00      3.293e-03      1.328e+00   
      43             52          9.780e+02      2.673e+00      3.272e-03      1.476e+00   
      44             53          9.741e+02      3.856e+00      3.180e-03      9.833e-01   
      45             55          9.722e+02      1.852e+00      1.767e-03      5.573e-01   
      46             56          9.706e+02      1.676e+00      3.454e-03      1.155e+00   
      47             57          9.682e+02      2.374e+00      3.332e-03      1.093e+00   
      48             58          9.659e+02      2.292e+00      2.923e-03      1.057e+00   
      49             59          9.631e+02      2.845e+00      2.307e-03      6.627e-01   
      50             60          9.621e+02      9.231e-01      3.767e-03      2.158e+00   
      51             61          9.582e+02      3.980e+00      7.495e-04      2.588e-01   
      52             62          9.566e+02      1.549e+00      1.552e-03      7.062e-01   
      53             63          9.548e+02      1.829e+00      1.443e-03      6.019e-01   
      54             64          9.546e+02      1.369e-01      2.492e-03      2.047e+00   
      55             65          9.518e+02      2.861e+00      1.660e-04      2.141e-01   
      56             66          9.503e+02      1.463e+00      4.428e-04      7.908e-01   
      57             67          9.484e+02      1.864e+00      4.223e-04      6.586e-01   
      58             68          9.467e+02      1.719e+00      9.380e-04      1.346e+00   
      59             69          9.430e+02      3.718e+00      1.041e-03      1.082e+00   
      60             70          9.395e+02      3.553e+00      4.242e-03      1.823e+00   
      61             71          9.362e+02      3.301e+00      4.094e-03      2.587e+00   
      62             72          9.334e+02      2.805e+00      1.767e-03      2.537e+00   
      63             73          9.309e+02      2.482e+00      3.696e-03      1.604e+00   
      64             75          9.287e+02      2.191e+00      2.220e-03      9.662e-01   
      65             76          9.278e+02      8.497e-01      7.965e-04      3.637e-01   
Optimization terminated successfully.
`ftol` condition satisfied. (ftol=1.00e-03)
         Current function value: 9.278e+02
         Total delta_x: 1.421e-01
         Iterations: 65
         Function evaluations: 76
         Jacobian evaluations: 66
Timer: Solution time = 2.95 min
Timer: Avg time per step = 2.68 sec
==============================================================================================================
                                                                 Start  -->   End
Total (sum of squares):                                      1.242e+04  -->   9.278e+02, 
Maximum absolute Quasi-symmetry (1,0) two-term error:        3.034e-01  -->   2.301e-02 (T^3)
Minimum absolute Quasi-symmetry (1,0) two-term error:        2.375e-05  -->   2.953e-06 (T^3)
Average absolute Quasi-symmetry (1,0) two-term error:        5.504e-02  -->   2.656e-03 (T^3)
Aspect ratio:                                                6.037e+00  -->   5.369e+00 (dimensionless)
Plasma volume:                                               5.420e-01  -->   5.991e-01 (m^3)
Maximum Rotational transform:                                2.750e-02  -->   2.956e-04 (dimensionless)
Minimum Rotational transform:                                2.745e-02  -->   8.333e-05 (dimensionless)
Average Rotational transform:                                2.749e-02  -->   1.677e-04 (dimensionless)
Maximum absolute Force error:                                6.082e-01  -->   1.639e-01 (N)
Minimum absolute Force error:                                3.191e-05  -->   1.983e-06 (N)
Average absolute Force error:                                5.827e-02  -->   3.670e-03 (N)
Maximum absolute Force error:                                2.953e-07  -->   7.957e-08 (normalized)
Minimum absolute Force error:                                1.549e-11  -->   9.625e-13 (normalized)
Average absolute Force error:                                2.829e-08  -->   1.782e-09 (normalized)
Cross-section R error:                                       0.000e+00  -->   0.000e+00 (m)
Cross-section Z error:                                       0.000e+00  -->   0.000e+00 (m)
Fixed pressure profile error:                                0.000e+00  -->   0.000e+00 (Pa)
Fixed current profile error:                                 0.000e+00  -->   0.000e+00 (A)
Fixed Psi error:                                             0.000e+00  -->   0.000e+00 (Wb)
==============================================================================================================

