/home/ye2698/DESC/desc/integrals/_interp_utils.py:19: UserWarning: 
jax-finufft is not installed.
If you want to use NUFFTs, follow the DESC installation instructions.
Otherwise you must set the parameter nufft_eps to zero
when computing effective ripple, Gamma_c, and any other
computations that involve bounce integrals.

  warnings.warn(
DESC version=0.15.0+424.gdbba9ba17.
Using JAX backend: jax version=0.6.2, jaxlib version=0.6.2, dtype=float64.
Using device: NVIDIA A100-PCIE-40GB (id=0), with 40.00 GB available memory.
Building objective: QS two-term
Precomputing transforms
Timer: Precomputing transforms = 341 ms
Building objective: aspect ratio
Precomputing transforms
Timer: Precomputing transforms = 40.1 ms
Building objective: volume
Precomputing transforms
Timer: Precomputing transforms = 39.3 ms
Building objective: rotational transform
Precomputing transforms
Timer: Precomputing transforms = 300 ms
Timer: Objective build = 810 ms
Building objective: force
Precomputing transforms
Timer: Precomputing transforms = 529 ms
Timer: Objective build = 847 ms
Timer: Objective build = 3.09 ms
Timer: Eq Update LinearConstraintProjection build = 2.28 sec
Timer: Proximal projection build = 10.4 sec
Building objective: fixed cross-section R
Building objective: fixed cross-section Z
Building objective: fixed pressure
Building objective: fixed current
Building objective: fixed Psi
Timer: Objective build = 288 ms
Timer: LinearConstraintProjection build = 845 ms
Number of parameters: 45
Number of objectives: 478
Timer: Initializing the optimization = 11.6 sec

Starting optimization
Using method: proximal-lsq-exact
Solver options:
------------------------------------------------------------
Maximum Function Evaluations       : 1251
Maximum Allowed Total Δx Norm      : inf
Scaled Termination                 : True
Trust Region Method                : qr
Initial Trust Radius               : 5.671e+02
Maximum Trust Radius               : inf
Minimum Trust Radius               : 2.220e-16
Trust Radius Increase Ratio        : 2.000e+00
Trust Radius Decrease Ratio        : 2.500e-01
Trust Radius Increase Threshold    : 7.500e-01
Trust Radius Decrease Threshold    : 2.500e-01
------------------------------------------------------------ 

   Iteration     Total nfev        Cost      Cost reduction    Step norm     Optimality   
       0              1          1.190e+04                                    7.632e+01   
       1              2          3.327e+03      8.569e+03      1.258e-01      1.123e+01   
       2              3          8.711e+02      2.456e+03      8.988e-02      5.076e+00   
       3              4          4.161e+02      4.550e+02      1.108e-01      1.336e+00   
       4              6          2.860e+02      1.300e+02      7.254e-02      1.343e-01   
       5              9          2.811e+02      4.975e+00      6.675e-03      9.759e-02   
       6             10          2.779e+02      3.185e+00      1.685e-02      9.400e-02   
       7             11          2.752e+02      2.717e+00      2.568e-02      1.089e-01   
       8             12          2.727e+02      2.453e+00      2.807e-02      1.407e-01   
       9             13          2.691e+02      3.639e+00      2.931e-02      1.285e-01   
      10             14          2.663e+02      2.777e+00      2.792e-02      9.994e-02   
      11             15          2.639e+02      2.443e+00      2.327e-02      9.230e-02   
      12             16          2.621e+02      1.741e+00      2.219e-02      9.173e-02   
      13             17          2.593e+02      2.779e+00      2.100e-02      5.786e-02   
      14             18          2.576e+02      1.696e+00      1.908e-02      6.067e-02   
      15             19          2.554e+02      2.244e+00      1.778e-02      5.973e-02   
      16             20          2.532e+02      2.241e+00      2.099e-02      6.089e-02   
      17             21          2.497e+02      3.496e+00      3.813e-02      4.779e-02   
      18             22          2.472e+02      2.436e+00      2.772e-02      6.307e-02   
      19             23          2.448e+02      2.421e+00      2.196e-02      7.979e-02   
      20             25          2.435e+02      1.337e+00      1.396e-02      5.939e-02   
      21             26          2.432e+02      2.813e-01      1.995e-02      2.101e-01   
      22             27          2.420e+02      1.149e+00      8.254e-03      2.565e-02   
      23             28          2.414e+02      6.510e-01      9.151e-04      3.643e-02   
      24             29          2.405e+02      8.820e-01      6.649e-03      6.182e-02   
      25             30          2.403e+02      2.405e-01      1.410e-02      2.533e-01   
      26             31          2.390e+02      1.255e+00      9.466e-03      5.119e-02   
      27             32          2.380e+02      1.010e+00      3.233e-03      1.059e-01   
      28             33          2.368e+02      1.220e+00      1.186e-02      2.021e-01   
      29             35          2.358e+02      9.323e-01      9.419e-03      6.912e-02   
      30             36          2.351e+02      7.693e-01      1.044e-02      2.334e-01   
      31             37          2.332e+02      1.866e+00      1.155e-02      1.612e-02   
      32             38          2.321e+02      1.101e+00      1.021e-02      4.587e-01   
      33             39          2.294e+02      2.739e+00      8.259e-03      1.730e-01   
      34             42          2.289e+02      4.784e-01      1.788e-03      5.880e-02   
      35             43          2.286e+02      2.675e-01      1.845e-03      1.098e-01   
      36             44          2.282e+02      4.358e-01      2.838e-03      1.406e-01   
      37             45          2.275e+02      6.392e-01      2.159e-03      7.805e-02   
      38             46          2.266e+02      9.664e-01      3.737e-03      2.232e-01   
      39             47          2.257e+02      8.819e-01      4.301e-03      2.925e-02   
      40             49          2.255e+02      1.498e-01      3.998e-03      2.934e-02   
Optimization terminated successfully.
`ftol` condition satisfied. (ftol=1.00e-03)
         Current function value: 2.255e+02
         Total delta_x: 4.423e-01
         Iterations: 40
         Function evaluations: 49
         Jacobian evaluations: 41
Timer: Solution time = 2.09 min
Timer: Avg time per step = 3.06 sec
==============================================================================================================
                                                                 Start  -->   End
Total (sum of squares):                                      1.183e+04  -->   2.255e+02, 
Maximum absolute Quasi-symmetry (1,0) two-term error:        3.034e-01  -->   1.460e-02 (T^3)
Minimum absolute Quasi-symmetry (1,0) two-term error:        2.375e-05  -->   2.141e-06 (T^3)
Average absolute Quasi-symmetry (1,0) two-term error:        5.504e-02  -->   1.271e-03 (T^3)
Aspect ratio:                                                6.037e+00  -->   2.668e+00 (dimensionless)
Plasma volume:                                               5.420e-01  -->   9.102e-01 (m^3)
Maximum Rotational transform:                                2.750e-02  -->   1.199e-02 (dimensionless)
Minimum Rotational transform:                                2.745e-02  -->   1.107e-02 (dimensionless)
Average Rotational transform:                                2.749e-02  -->   1.135e-02 (dimensionless)
Maximum absolute Force error:                                6.082e-01  -->   2.167e-01 (N)
Minimum absolute Force error:                                3.191e-05  -->   6.029e-07 (N)
Average absolute Force error:                                5.827e-02  -->   7.053e-03 (N)
Maximum absolute Force error:                                2.953e-07  -->   1.052e-07 (normalized)
Minimum absolute Force error:                                1.549e-11  -->   2.927e-13 (normalized)
Average absolute Force error:                                2.829e-08  -->   3.424e-09 (normalized)
Cross-section R error:                                       0.000e+00  -->   0.000e+00 (m)
Cross-section Z error:                                       0.000e+00  -->   0.000e+00 (m)
Fixed pressure profile error:                                0.000e+00  -->   0.000e+00 (Pa)
Fixed current profile error:                                 0.000e+00  -->   0.000e+00 (A)
Fixed Psi error:                                             0.000e+00  -->   0.000e+00 (Wb)
==============================================================================================================

