/home/ye2698/DESC/desc/integrals/_interp_utils.py:19: UserWarning: 
jax-finufft is not installed.
If you want to use NUFFTs, follow the DESC installation instructions.
Otherwise you must set the parameter nufft_eps to zero
when computing effective ripple, Gamma_c, and any other
computations that involve bounce integrals.

  warnings.warn(
DESC version=0.15.0+424.gdbba9ba17.
Using JAX backend: jax version=0.6.2, jaxlib version=0.6.2, dtype=float64.
Using device: NVIDIA A100-PCIE-40GB (id=0), with 40.00 GB available memory.
Building objective: QS two-term
Precomputing transforms
Timer: Precomputing transforms = 338 ms
Building objective: aspect ratio
Precomputing transforms
Timer: Precomputing transforms = 39.7 ms
Building objective: volume
Precomputing transforms
Timer: Precomputing transforms = 39.6 ms
Building objective: rotational transform
Precomputing transforms
Timer: Precomputing transforms = 297 ms
Timer: Objective build = 802 ms
Building objective: force
Precomputing transforms
Timer: Precomputing transforms = 526 ms
Timer: Objective build = 842 ms
Timer: Objective build = 3.04 ms
Timer: Eq Update LinearConstraintProjection build = 2.23 sec
Timer: Proximal projection build = 10.1 sec
Building objective: fixed cross-section R
Building objective: fixed cross-section Z
Building objective: fixed pressure
Building objective: fixed current
Building objective: fixed Psi
Timer: Objective build = 282 ms
Timer: LinearConstraintProjection build = 829 ms
Number of parameters: 45
Number of objectives: 478
Timer: Initializing the optimization = 11.3 sec

Starting optimization
Using method: proximal-lsq-exact
Solver options:
------------------------------------------------------------
Maximum Function Evaluations       : 1251
Maximum Allowed Total Δx Norm      : inf
Scaled Termination                 : True
Trust Region Method                : qr
Initial Trust Radius               : 1.183e+02
Maximum Trust Radius               : inf
Minimum Trust Radius               : 2.220e-16
Trust Radius Increase Ratio        : 2.000e+00
Trust Radius Decrease Ratio        : 2.500e-01
Trust Radius Increase Threshold    : 7.500e-01
Trust Radius Decrease Threshold    : 2.500e-01
------------------------------------------------------------ 

   Iteration     Total nfev        Cost      Cost reduction    Step norm     Optimality   
       0              1          4.797e+02                                    1.539e+01   
       1              4          3.851e+02      9.458e+01      3.406e-03      1.018e+01   
       2              5          3.004e+02      8.474e+01      8.454e-03      5.335e+00   
       3              6          2.477e+02      5.264e+01      2.217e-02      9.196e+00   
       4              7          2.105e+02      3.719e+01      2.101e-02      9.439e+00   
       5              8          1.442e+02      6.632e+01      1.371e-02      1.537e+00   
       6              9          9.649e+01      4.773e+01      4.400e-03      2.704e+00   
       7             11          8.206e+01      1.442e+01      3.134e-02      4.207e+00   
       8             12          6.063e+01      2.143e+01      3.040e-02      1.564e+00   
       9             13          3.777e+01      2.286e+01      3.834e-02      3.262e+00   
      10             15          2.799e+01      9.778e+00      5.786e-03      2.424e+00   
      11             16          2.252e+01      5.475e+00      1.179e-02      1.812e+00   
      12             17          1.735e+01      5.167e+00      6.995e-03      5.986e-01   
      13             19          1.435e+01      3.001e+00      1.644e-03      4.532e-01   
      14             20          1.311e+01      1.239e+00      4.782e-03      8.566e-01   
      15             21          1.246e+01      6.524e-01      5.958e-03      1.610e+00   
      16             22          1.242e+01      3.803e-02      3.919e-03      1.777e+00   
      17             23          1.020e+01      2.224e+00      5.566e-04      3.639e-01   
      18             25          9.958e+00      2.389e-01      2.299e-04      7.515e-02   
      19             26          9.831e+00      1.273e-01      5.951e-04      7.130e-02   
      20             27          9.761e+00      6.996e-02      5.713e-04      1.470e-01   
      21             28          9.748e+00      1.326e-02      3.719e-04      3.273e-01   
      22             29          9.652e+00      9.563e-02      7.087e-05      8.036e-02   
      23             30          9.629e+00      2.289e-02      1.838e-04      2.397e-01   
      24             31          9.578e+00      5.098e-02      1.803e-04      1.858e-01   
      25             32          9.542e+00      3.605e-02      1.647e-04      1.824e-01   
      26             33          9.509e+00      3.364e-02      1.537e-04      1.637e-01   
      27             34          9.479e+00      2.998e-02      1.472e-04      1.478e-01   
      28             35          9.452e+00      2.688e-02      1.441e-04      1.363e-01   
      29             36          9.427e+00      2.485e-02      1.451e-04      1.244e-01   
      30             37          9.399e+00      2.749e-02      1.513e-04      1.035e-01   
      31             38          9.372e+00      2.723e-02      1.583e-04      7.640e-02   
      32             39          9.328e+00      4.375e-02      3.361e-04      8.875e-02   
      33             41          9.315e+00      1.369e-02      1.534e-04      9.264e-02   
      34             42          9.272e+00      4.253e-02      1.557e-04      9.368e-02   
      35             43          9.217e+00      5.471e-02      3.009e-04      1.586e-01   
      36             45          9.175e+00      4.239e-02      1.993e-04      5.382e-02   
      37             47          9.150e+00      2.523e-02      1.216e-04      5.608e-02   
      38             49          9.143e+00      6.948e-03      7.916e-05      2.892e-02   
Optimization terminated successfully.
`ftol` condition satisfied. (ftol=1.00e-03)
         Current function value: 9.143e+00
         Total delta_x: 7.779e-02
         Iterations: 38
         Function evaluations: 49
         Jacobian evaluations: 39
Timer: Solution time = 2.06 min
Timer: Avg time per step = 3.18 sec
==============================================================================================================
                                                                 Start  -->   End
Total (sum of squares):                                      4.771e+02  -->   9.143e+00, 
Maximum absolute Quasi-symmetry (1,0) two-term error:        3.034e-01  -->   1.659e-02 (T^3)
Minimum absolute Quasi-symmetry (1,0) two-term error:        2.375e-05  -->   7.743e-06 (T^3)
Average absolute Quasi-symmetry (1,0) two-term error:        5.504e-02  -->   1.547e-03 (T^3)
Aspect ratio:                                                6.037e+00  -->   6.000e+00 (dimensionless)
Plasma volume:                                               5.420e-01  -->   5.839e-01 (m^3)
Maximum Rotational transform:                                2.750e-02  -->   1.408e-04 (dimensionless)
Minimum Rotational transform:                                2.745e-02  -->   4.085e-05 (dimensionless)
Average Rotational transform:                                2.749e-02  -->   7.583e-05 (dimensionless)
Maximum absolute Force error:                                6.082e-01  -->   1.665e-01 (N)
Minimum absolute Force error:                                3.191e-05  -->   1.661e-07 (N)
Average absolute Force error:                                5.827e-02  -->   2.554e-03 (N)
Maximum absolute Force error:                                2.953e-07  -->   8.085e-08 (normalized)
Minimum absolute Force error:                                1.549e-11  -->   8.063e-14 (normalized)
Average absolute Force error:                                2.829e-08  -->   1.240e-09 (normalized)
Cross-section R error:                                       0.000e+00  -->   0.000e+00 (m)
Cross-section Z error:                                       0.000e+00  -->   0.000e+00 (m)
Fixed pressure profile error:                                0.000e+00  -->   0.000e+00 (Pa)
Fixed current profile error:                                 0.000e+00  -->   0.000e+00 (A)
Fixed Psi error:                                             0.000e+00  -->   0.000e+00 (Wb)
==============================================================================================================

