/home/ye2698/DESC/desc/integrals/_interp_utils.py:19: UserWarning: 
jax-finufft is not installed.
If you want to use NUFFTs, follow the DESC installation instructions.
Otherwise you must set the parameter nufft_eps to zero
when computing effective ripple, Gamma_c, and any other
computations that involve bounce integrals.

  warnings.warn(
DESC version=0.15.0+424.gdbba9ba17.
Using JAX backend: jax version=0.6.2, jaxlib version=0.6.2, dtype=float64.
Using device: NVIDIA A100-PCIE-40GB (id=0), with 40.00 GB available memory.
Building objective: QS two-term
Precomputing transforms
Timer: Precomputing transforms = 340 ms
Building objective: aspect ratio
Precomputing transforms
Timer: Precomputing transforms = 40.2 ms
Building objective: volume
Precomputing transforms
Timer: Precomputing transforms = 39.5 ms
Building objective: rotational transform
Precomputing transforms
Timer: Precomputing transforms = 319 ms
Timer: Objective build = 862 ms
Building objective: force
Precomputing transforms
Timer: Precomputing transforms = 592 ms
Timer: Objective build = 973 ms
Timer: Objective build = 3.00 ms
Timer: Eq Update LinearConstraintProjection build = 2.55 sec
Timer: Proximal projection build = 11.2 sec
Building objective: fixed cross-section R
Building objective: fixed cross-section Z
Building objective: fixed pressure
Building objective: fixed current
Building objective: fixed Psi
Timer: Objective build = 502 ms
Timer: LinearConstraintProjection build = 875 ms
Number of parameters: 45
Number of objectives: 478
Timer: Initializing the optimization = 12.6 sec

Starting optimization
Using method: proximal-lsq-exact
Solver options:
------------------------------------------------------------
Maximum Function Evaluations       : 1251
Maximum Allowed Total Δx Norm      : inf
Scaled Termination                 : True
Trust Region Method                : qr
Initial Trust Radius               : 5.709e+02
Maximum Trust Radius               : inf
Minimum Trust Radius               : 2.220e-16
Trust Radius Increase Ratio        : 2.000e+00
Trust Radius Decrease Ratio        : 2.500e-01
Trust Radius Increase Threshold    : 7.500e-01
Trust Radius Decrease Threshold    : 2.500e-01
------------------------------------------------------------ 

   Iteration     Total nfev        Cost      Cost reduction    Step norm     Optimality   
       0              1          1.174e+04                                    7.643e+01   
       1              4          9.454e+03      2.287e+03      4.094e-03      6.008e+01   
       2              5          7.454e+03      2.000e+03      9.352e-03      3.453e+01   
       3              6          6.645e+03      8.085e+02      1.090e-02      3.508e+01   
       4              7          5.539e+03      1.107e+03      1.108e-02      3.040e+01   
       5              8          4.605e+03      9.333e+02      1.191e-02      2.094e+01   
       6              9          3.455e+03      1.150e+03      3.263e-02      3.078e+01   
       7             10          2.412e+03      1.043e+03      3.733e-02      3.125e+01   
       8             12          1.746e+03      6.657e+02      8.517e-03      1.663e+01   
       9             13          1.526e+03      2.205e+02      1.624e-02      2.456e+01   
      10             14          1.071e+03      4.553e+02      1.939e-02      1.359e+01   
      11             16          8.959e+02      1.747e+02      9.791e-03      5.671e+00   
      12             17          8.497e+02      4.613e+01      1.913e-02      1.379e+01   
      13             18          6.739e+02      1.758e+02      1.900e-02      9.432e+00   
      14             20          5.628e+02      1.112e+02      8.547e-03      3.421e+00   
      15             21          5.361e+02      2.663e+01      1.630e-02      8.254e+00   
      16             22          4.437e+02      9.240e+01      1.651e-02      6.872e+00   
      17             23          3.962e+02      4.749e+01      1.654e-02      6.458e+00   
      18             24          3.415e+02      5.470e+01      1.742e-02      5.599e+00   
      19             25          2.987e+02      4.283e+01      1.801e-02      4.819e+00   
      20             26          2.601e+02      3.865e+01      1.844e-02      4.026e+00   
      21             27          2.297e+02      3.035e+01      1.879e-02      3.465e+00   
      22             28          2.040e+02      2.575e+01      1.902e-02      2.990e+00   
      23             29          1.821e+02      2.186e+01      1.918e-02      2.581e+00   
      24             30          1.629e+02      1.918e+01      1.931e-02      2.203e+00   
      25             31          1.462e+02      1.668e+01      1.939e-02      1.872e+00   
      26             32          1.317e+02      1.459e+01      1.940e-02      1.602e+00   
      27             33          1.192e+02      1.242e+01      1.936e-02      1.403e+00   
      28             34          1.085e+02      1.078e+01      1.925e-02      1.250e+00   
      29             35          9.890e+01      9.556e+00      1.902e-02      1.122e+00   
      30             36          9.071e+01      8.196e+00      1.868e-02      1.024e+00   
      31             37          8.346e+01      7.245e+00      1.828e-02      9.322e-01   
      32             38          7.715e+01      6.314e+00      1.779e-02      8.568e-01   
      33             39          7.165e+01      5.499e+00      1.715e-02      8.001e-01   
      34             40          6.690e+01      4.751e+00      1.631e-02      7.299e-01   
      35             41          6.299e+01      3.909e+00      1.576e-02      6.679e-01   
      36             42          6.021e+01      2.780e+00      1.624e-02      6.538e-01   
      37             43          5.795e+01      2.261e+00      1.731e-02      6.447e-01   
      38             44          5.574e+01      2.211e+00      1.803e-02      6.125e-01   
      39             45          5.373e+01      2.005e+00      1.846e-02      5.800e-01   
      40             46          5.191e+01      1.824e+00      1.875e-02      5.490e-01   
      41             47          5.025e+01      1.662e+00      1.895e-02      5.191e-01   
      42             48          4.874e+01      1.505e+00      1.908e-02      4.901e-01   
      43             49          4.740e+01      1.341e+00      1.908e-02      4.610e-01   
      44             50          4.618e+01      1.220e+00      1.890e-02      4.361e-01   
      45             51          4.512e+01      1.059e+00      1.842e-02      4.166e-01   
      46             52          4.424e+01      8.799e-01      1.772e-02      4.033e-01   
      47             53          4.349e+01      7.507e-01      1.693e-02      3.872e-01   
      48             54          4.279e+01      7.025e-01      1.654e-02      3.624e-01   
      49             55          4.223e+01      5.586e-01      1.631e-02      3.469e-01   
      50             56          4.176e+01      4.745e-01      1.596e-02      3.362e-01   
      51             57          4.132e+01      4.334e-01      1.497e-02      3.225e-01   
      52             58          4.081e+01      5.145e-01      1.404e-02      2.896e-01   
      53             59          4.037e+01      4.354e-01      1.271e-02      2.555e-01   
      54             60          3.994e+01      4.366e-01      1.134e-02      2.060e-01   
      55             61          3.967e+01      2.661e-01      1.042e-02      1.729e-01   
      56             62          3.944e+01      2.302e-01      9.046e-03      1.307e-01   
      57             63          3.923e+01      2.108e-01      6.243e-03      6.727e-02   
      58             64          3.912e+01      1.105e-01      5.107e-03      4.950e-02   
      59             65          3.896e+01      1.583e-01      8.614e-03      3.876e-02   
      60             70          3.892e+01      3.680e-02      8.259e-05      1.952e-02   
Optimization terminated successfully.
`ftol` condition satisfied. (ftol=1.00e-03)
         Current function value: 3.892e+01
         Total delta_x: 9.354e-01
         Iterations: 60
         Function evaluations: 70
         Jacobian evaluations: 61
Timer: Solution time = 2.75 min
Timer: Avg time per step = 2.70 sec
==============================================================================================================
                                                                 Start  -->   End
Total (sum of squares):                                      1.168e+04  -->   3.892e+01, 
Maximum absolute Quasi-symmetry (1,0) two-term error:        3.034e-01  -->   3.083e-03 (T^3)
Minimum absolute Quasi-symmetry (1,0) two-term error:        2.375e-05  -->   2.963e-06 (T^3)
Average absolute Quasi-symmetry (1,0) two-term error:        5.504e-02  -->   9.236e-04 (T^3)
Aspect ratio:                                                6.037e+00  -->   6.001e+00 (dimensionless)
Plasma volume:                                               5.420e-01  -->   3.527e+00 (m^3)
Maximum Rotational transform:                                2.750e-02  -->   2.265e-02 (dimensionless)
Minimum Rotational transform:                                2.745e-02  -->   1.962e-02 (dimensionless)
Average Rotational transform:                                2.749e-02  -->   2.161e-02 (dimensionless)
Maximum absolute Force error:                                6.082e-01  -->   1.910e-01 (N)
Minimum absolute Force error:                                3.191e-05  -->   2.172e-07 (N)
Average absolute Force error:                                5.827e-02  -->   2.899e-03 (N)
Maximum absolute Force error:                                2.953e-07  -->   9.271e-08 (normalized)
Minimum absolute Force error:                                1.549e-11  -->   1.055e-13 (normalized)
Average absolute Force error:                                2.829e-08  -->   1.408e-09 (normalized)
Cross-section R error:                                       0.000e+00  -->   0.000e+00 (m)
Cross-section Z error:                                       0.000e+00  -->   0.000e+00 (m)
Fixed pressure profile error:                                0.000e+00  -->   0.000e+00 (Pa)
Fixed current profile error:                                 0.000e+00  -->   0.000e+00 (A)
Fixed Psi error:                                             0.000e+00  -->   0.000e+00 (Wb)
==============================================================================================================

