/home/ye2698/DESC/desc/integrals/_interp_utils.py:19: UserWarning: 
jax-finufft is not installed.
If you want to use NUFFTs, follow the DESC installation instructions.
Otherwise you must set the parameter nufft_eps to zero
when computing effective ripple, Gamma_c, and any other
computations that involve bounce integrals.

  warnings.warn(
DESC version=0.15.0+424.gdbba9ba17.
Using JAX backend: jax version=0.6.2, jaxlib version=0.6.2, dtype=float64.
Using device: NVIDIA A100-PCIE-40GB (id=0), with 40.00 GB available memory.
Building objective: QS two-term
Precomputing transforms
Timer: Precomputing transforms = 341 ms
Building objective: aspect ratio
Precomputing transforms
Timer: Precomputing transforms = 40.6 ms
Building objective: volume
Precomputing transforms
Timer: Precomputing transforms = 39.8 ms
Building objective: rotational transform
Precomputing transforms
Timer: Precomputing transforms = 301 ms
Timer: Objective build = 813 ms
Building objective: force
Precomputing transforms
Timer: Precomputing transforms = 529 ms
Timer: Objective build = 850 ms
Timer: Objective build = 3.09 ms
Timer: Eq Update LinearConstraintProjection build = 2.26 sec
Timer: Proximal projection build = 10.3 sec
Building objective: fixed cross-section R
Building objective: fixed cross-section Z
Building objective: fixed pressure
Building objective: fixed current
Building objective: fixed Psi
Timer: Objective build = 285 ms
Timer: LinearConstraintProjection build = 838 ms
Number of parameters: 45
Number of objectives: 478
Timer: Initializing the optimization = 11.5 sec

Starting optimization
Using method: proximal-lsq-exact
Solver options:
------------------------------------------------------------
Maximum Function Evaluations       : 1251
Maximum Allowed Total Δx Norm      : inf
Scaled Termination                 : True
Trust Region Method                : qr
Initial Trust Radius               : 5.672e+02
Maximum Trust Radius               : inf
Minimum Trust Radius               : 2.220e-16
Trust Radius Increase Ratio        : 2.000e+00
Trust Radius Decrease Ratio        : 2.500e-01
Trust Radius Increase Threshold    : 7.500e-01
Trust Radius Decrease Threshold    : 2.500e-01
------------------------------------------------------------ 

   Iteration     Total nfev        Cost      Cost reduction    Step norm     Optimality   
       0              1          1.248e+04                                    7.615e+01   
       1              2          2.256e+03      1.022e+04      1.243e-01      3.342e+01   
       2              6          1.621e+03      6.353e+02      6.727e-04      9.598e+00   
       3              7          1.441e+03      1.803e+02      3.962e-03      5.293e+00   
       4              9          1.360e+03      8.074e+01      2.094e-03      5.963e+00   
       5             11          1.334e+03      2.561e+01      1.801e-03      6.884e+00   
       6             12          1.293e+03      4.180e+01      3.252e-03      2.733e+00   
       7             13          1.264e+03      2.863e+01      6.416e-03      3.067e+00   
       8             14          1.238e+03      2.570e+01      5.694e-03      2.052e+00   
       9             15          1.224e+03      1.470e+01      1.196e-02      2.018e+00   
      10             17          1.215e+03      8.538e+00      4.254e-03      1.051e+00   
      11             18          1.210e+03      5.059e+00      4.865e-03      2.126e+00   
      12             19          1.205e+03      5.286e+00      7.363e-03      2.634e+00   
      13             20          1.196e+03      8.839e+00      9.009e-03      2.863e+00   
      14             21          1.193e+03      2.417e+00      1.012e-02      3.579e+00   
      15             22          1.178e+03      1.548e+01      1.692e-03      5.264e-01   
      16             23          1.173e+03      4.637e+00      3.583e-03      1.242e+00   
      17             24          1.166e+03      7.655e+00      3.050e-03      1.414e+00   
      18             25          1.160e+03      5.694e+00      5.472e-03      2.484e+00   
      19             26          1.148e+03      1.207e+01      5.644e-03      2.430e+00   
      20             28          1.137e+03      1.085e+01      2.064e-03      1.233e+00   
      21             29          1.128e+03      8.614e+00      3.748e-03      2.447e+00   
      22             31          1.119e+03      9.538e+00      9.694e-04      1.112e+00   
      23             32          1.114e+03      4.496e+00      1.007e-03      6.884e-01   
      24             33          1.110e+03      4.654e+00      1.087e-03      7.553e-01   
      25             34          1.107e+03      2.729e+00      2.037e-03      1.374e+00   
      26             35          1.107e+03      1.602e-01      2.623e-03      1.592e+00   
      27             36          1.105e+03      1.817e+00      1.076e-03      7.154e-01   
      28             37          1.104e+03      1.380e+00      1.130e-03      7.661e-01   
      29             38          1.104e+03      2.856e-02      1.055e-03      7.404e-01   
      30             39          1.103e+03      4.636e-01      2.844e-04      5.336e-01   
Optimization terminated successfully.
`ftol` condition satisfied. (ftol=1.00e-03)
         Current function value: 1.103e+03
         Total delta_x: 5.170e-02
         Iterations: 30
         Function evaluations: 39
         Jacobian evaluations: 31
Timer: Solution time = 1.65 min
Timer: Avg time per step = 3.20 sec
==============================================================================================================
                                                                 Start  -->   End
Total (sum of squares):                                      1.241e+04  -->   1.103e+03, 
Maximum absolute Quasi-symmetry (1,0) two-term error:        3.034e-01  -->   4.709e-02 (T^3)
Minimum absolute Quasi-symmetry (1,0) two-term error:        2.375e-05  -->   4.925e-05 (T^3)
Average absolute Quasi-symmetry (1,0) two-term error:        5.504e-02  -->   6.033e-03 (T^3)
Aspect ratio:                                                6.037e+00  -->   5.333e+00 (dimensionless)
Plasma volume:                                               5.420e-01  -->   8.462e-01 (m^3)
Maximum Rotational transform:                                2.750e-02  -->   6.713e-03 (dimensionless)
Minimum Rotational transform:                                2.745e-02  -->   6.100e-03 (dimensionless)
Average Rotational transform:                                2.749e-02  -->   6.368e-03 (dimensionless)
Maximum absolute Force error:                                6.082e-01  -->   1.299e-01 (N)
Minimum absolute Force error:                                3.191e-05  -->   5.173e-07 (N)
Average absolute Force error:                                5.827e-02  -->   2.722e-03 (N)
Maximum absolute Force error:                                2.953e-07  -->   6.309e-08 (normalized)
Minimum absolute Force error:                                1.549e-11  -->   2.511e-13 (normalized)
Average absolute Force error:                                2.829e-08  -->   1.322e-09 (normalized)
Cross-section R error:                                       0.000e+00  -->   0.000e+00 (m)
Cross-section Z error:                                       0.000e+00  -->   0.000e+00 (m)
Fixed pressure profile error:                                0.000e+00  -->   0.000e+00 (Pa)
Fixed current profile error:                                 0.000e+00  -->   0.000e+00 (A)
Fixed Psi error:                                             0.000e+00  -->   0.000e+00 (Wb)
==============================================================================================================

