/home/ye2698/DESC/desc/integrals/_interp_utils.py:19: UserWarning: 
jax-finufft is not installed.
If you want to use NUFFTs, follow the DESC installation instructions.
Otherwise you must set the parameter nufft_eps to zero
when computing effective ripple, Gamma_c, and any other
computations that involve bounce integrals.

  warnings.warn(
DESC version=0.15.0+424.gdbba9ba17.
Using JAX backend: jax version=0.6.2, jaxlib version=0.6.2, dtype=float64.
Using device: NVIDIA A100-PCIE-40GB (id=0), with 40.00 GB available memory.
Building objective: QS two-term
Precomputing transforms
Timer: Precomputing transforms = 350 ms
Building objective: aspect ratio
Precomputing transforms
Timer: Precomputing transforms = 40.6 ms
Building objective: volume
Precomputing transforms
Timer: Precomputing transforms = 40.0 ms
Building objective: rotational transform
Precomputing transforms
Timer: Precomputing transforms = 306 ms
Timer: Objective build = 829 ms
Building objective: force
Precomputing transforms
Timer: Precomputing transforms = 534 ms
Timer: Objective build = 863 ms
Timer: Objective build = 3.12 ms
Timer: Eq Update LinearConstraintProjection build = 2.29 sec
Timer: Proximal projection build = 10.4 sec
Building objective: fixed cross-section R
Building objective: fixed cross-section Z
Building objective: fixed pressure
Building objective: fixed current
Building objective: fixed Psi
Timer: Objective build = 294 ms
Timer: LinearConstraintProjection build = 855 ms
Number of parameters: 45
Number of objectives: 478
Timer: Initializing the optimization = 11.6 sec

Starting optimization
Using method: proximal-lsq-exact
Solver options:
------------------------------------------------------------
Maximum Function Evaluations       : 1251
Maximum Allowed Total Δx Norm      : inf
Scaled Termination                 : True
Trust Region Method                : qr
Initial Trust Radius               : 1.181e+02
Maximum Trust Radius               : inf
Minimum Trust Radius               : 2.220e-16
Trust Radius Increase Ratio        : 2.000e+00
Trust Radius Decrease Ratio        : 2.500e-01
Trust Radius Increase Threshold    : 7.500e-01
Trust Radius Decrease Threshold    : 2.500e-01
------------------------------------------------------------ 

   Iteration     Total nfev        Cost      Cost reduction    Step norm     Optimality   
       0              1          4.776e+02                                    1.533e+01   
       1              4          3.844e+02      9.318e+01      3.377e-03      1.013e+01   
       2              5          3.002e+02      8.422e+01      8.454e-03      5.419e+00   
       3              6          2.500e+02      5.027e+01      2.292e-02      9.899e+00   
       4              7          1.992e+02      5.080e+01      2.346e-02      9.946e+00   
       5              8          1.429e+02      5.621e+01      2.386e-02      5.599e+00   
       6              9          1.123e+02      3.063e+01      2.597e-02      4.492e+00   
       7             10          8.428e+01      2.803e+01      2.633e-02      3.286e+00   
       8             11          5.630e+01      2.798e+01      2.442e-02      2.245e+00   
       9             12          3.805e+01      1.825e+01      5.382e-02      1.318e+00   
      10             13          1.763e+01      2.041e+01      5.297e-02      1.060e+00   
      11             16          1.569e+01      1.946e+00      2.771e-03      5.927e-01   
      12             17          1.477e+01      9.142e-01      4.741e-03      4.828e-01   
      13             18          1.398e+01      7.926e-01      5.007e-03      3.632e-01   
      14             19          1.336e+01      6.211e-01      9.250e-03      5.738e-01   
      15             20          1.212e+01      1.236e+00      8.082e-03      2.837e-01   
      16             21          1.109e+01      1.038e+00      1.230e-02      3.244e-01   
      17             23          1.085e+01      2.370e-01      5.770e-03      6.358e-01   
      18             24          1.012e+01      7.313e-01      2.815e-03      7.552e-02   
      19             25          1.002e+01      9.460e-02      2.014e-03      2.533e-01   
      20             26          9.815e+00      2.090e-01      2.188e-03      4.636e-02   
      21             27          9.711e+00      1.046e-01      2.166e-03      1.439e-01   
      22             28          9.499e+00      2.115e-01      4.145e-03      2.730e-02   
      23             29          9.401e+00      9.851e-02      1.147e-02      2.952e-01   
      24             31          9.151e+00      2.500e-01      5.964e-03      2.324e-01   
      25             32          9.077e+00      7.402e-02      1.239e-02      2.994e-01   
      26             33          8.968e+00      1.090e-01      1.030e-02      2.656e-01   
      27             34          8.860e+00      1.072e-01      8.850e-03      1.770e-01   
      28             35          8.808e+00      5.236e-02      8.223e-03      2.047e-01   
      29             36          8.706e+00      1.021e-01      6.519e-03      1.857e-01   
      30             37          8.622e+00      8.344e-02      4.202e-03      1.199e-01   
      31             38          8.556e+00      6.641e-02      2.799e-03      9.113e-02   
      32             40          8.510e+00      4.605e-02      2.158e-03      7.104e-02   
      33             42          8.490e+00      2.026e-02      1.528e-03      3.378e-02   
      34             43          8.489e+00      3.850e-04      3.487e-03      1.366e-01   
      35             44          8.456e+00      3.386e-02      8.315e-04      2.257e-02   
      36             45          8.454e+00      1.884e-03      1.750e-03      8.563e-02   
      37             46          8.440e+00      1.318e-02      4.017e-04      1.656e-02   
      38             47          8.438e+00      2.593e-03      8.527e-04      4.713e-02   
Optimization terminated successfully.
`ftol` condition satisfied. (ftol=1.00e-03)
         Current function value: 8.438e+00
         Total delta_x: 2.116e-01
         Iterations: 38
         Function evaluations: 47
         Jacobian evaluations: 39
Timer: Solution time = 2.05 min
Timer: Avg time per step = 3.16 sec
==============================================================================================================
                                                                 Start  -->   End
Total (sum of squares):                                      4.751e+02  -->   8.438e+00, 
Maximum absolute Quasi-symmetry (1,0) two-term error:        3.034e-01  -->   1.205e-02 (T^3)
Minimum absolute Quasi-symmetry (1,0) two-term error:        2.375e-05  -->   6.933e-06 (T^3)
Average absolute Quasi-symmetry (1,0) two-term error:        5.504e-02  -->   1.176e-03 (T^3)
Aspect ratio:                                                6.037e+00  -->   6.001e+00 (dimensionless)
Plasma volume:                                               5.420e-01  -->   1.272e+00 (m^3)
Maximum Rotational transform:                                2.750e-02  -->   2.027e-02 (dimensionless)
Minimum Rotational transform:                                2.745e-02  -->   1.993e-02 (dimensionless)
Average Rotational transform:                                2.749e-02  -->   2.008e-02 (dimensionless)
Maximum absolute Force error:                                6.082e-01  -->   2.712e-01 (N)
Minimum absolute Force error:                                3.191e-05  -->   5.976e-07 (N)
Average absolute Force error:                                5.827e-02  -->   3.915e-03 (N)
Maximum absolute Force error:                                2.953e-07  -->   1.317e-07 (normalized)
Minimum absolute Force error:                                1.549e-11  -->   2.901e-13 (normalized)
Average absolute Force error:                                2.829e-08  -->   1.901e-09 (normalized)
Cross-section R error:                                       0.000e+00  -->   0.000e+00 (m)
Cross-section Z error:                                       0.000e+00  -->   0.000e+00 (m)
Fixed pressure profile error:                                0.000e+00  -->   0.000e+00 (Pa)
Fixed current profile error:                                 0.000e+00  -->   0.000e+00 (A)
Fixed Psi error:                                             0.000e+00  -->   0.000e+00 (Wb)
==============================================================================================================

