/home/ye2698/DESC/desc/integrals/_interp_utils.py:19: UserWarning: 
jax-finufft is not installed.
If you want to use NUFFTs, follow the DESC installation instructions.
Otherwise you must set the parameter nufft_eps to zero
when computing effective ripple, Gamma_c, and any other
computations that involve bounce integrals.

  warnings.warn(
DESC version=0.15.0+424.gdbba9ba17.
Using JAX backend: jax version=0.6.2, jaxlib version=0.6.2, dtype=float64.
Using device: NVIDIA A100-PCIE-40GB (id=0), with 40.00 GB available memory.
Building objective: QS two-term
Precomputing transforms
Timer: Precomputing transforms = 345 ms
Building objective: aspect ratio
Precomputing transforms
Timer: Precomputing transforms = 39.9 ms
Building objective: volume
Precomputing transforms
Timer: Precomputing transforms = 40.0 ms
Building objective: rotational transform
Precomputing transforms
Timer: Precomputing transforms = 304 ms
Timer: Objective build = 819 ms
Building objective: force
Precomputing transforms
Timer: Precomputing transforms = 534 ms
Timer: Objective build = 862 ms
Timer: Objective build = 3.06 ms
Timer: Eq Update LinearConstraintProjection build = 2.27 sec
Timer: Proximal projection build = 10.4 sec
Building objective: fixed cross-section R
Building objective: fixed cross-section Z
Building objective: fixed pressure
Building objective: fixed current
Building objective: fixed Psi
Timer: Objective build = 290 ms
Timer: LinearConstraintProjection build = 845 ms
Number of parameters: 45
Number of objectives: 478
Timer: Initializing the optimization = 11.6 sec

Starting optimization
Using method: proximal-lsq-exact
Solver options:
------------------------------------------------------------
Maximum Function Evaluations       : 1251
Maximum Allowed Total Δx Norm      : inf
Scaled Termination                 : True
Trust Region Method                : qr
Initial Trust Radius               : 5.671e+02
Maximum Trust Radius               : inf
Minimum Trust Radius               : 2.220e-16
Trust Radius Increase Ratio        : 2.000e+00
Trust Radius Decrease Ratio        : 2.500e-01
Trust Radius Increase Threshold    : 7.500e-01
Trust Radius Decrease Threshold    : 2.500e-01
------------------------------------------------------------ 

   Iteration     Total nfev        Cost      Cost reduction    Step norm     Optimality   
       0              1          1.190e+04                                    7.632e+01   
       1              2          5.968e+03      5.929e+03      1.849e-01      6.867e+01   
       2              3          1.751e+03      4.217e+03      9.906e-02      1.025e+01   
       3              4          5.239e+02      1.227e+03      8.732e-02      2.457e+00   
       4              7          3.869e+02      1.370e+02      6.876e-03      1.429e+00   
       5              8          3.285e+02      5.845e+01      1.279e-02      6.741e-01   
       6              9          3.251e+02      3.389e+00      1.265e-02      1.251e+00   
       7             10          3.014e+02      2.369e+01      2.676e-03      4.735e-01   
       8             11          2.905e+02      1.085e+01      4.707e-03      5.506e-01   
       9             12          2.834e+02      7.149e+00      2.830e-02      8.857e-01   
      10             14          2.742e+02      9.185e+00      1.166e-02      6.362e-01   
      11             15          2.732e+02      1.015e+00      2.175e-02      1.414e+00   
      12             16          2.662e+02      6.934e+00      5.252e-03      2.844e-01   
      13             17          2.657e+02      5.276e-01      9.321e-03      8.503e-01   
      14             18          2.634e+02      2.330e+00      2.133e-03      1.617e-01   
      15             19          2.629e+02      4.400e-01      4.437e-03      4.558e-01   
      16             20          2.618e+02      1.189e+00      4.082e-03      3.072e-01   
      17             22          2.611e+02      6.327e-01      2.395e-03      1.732e-01   
      18             23          2.607e+02      3.898e-01      4.252e-03      4.242e-01   
      19             24          2.598e+02      9.196e-01      4.298e-03      3.911e-01   
      20             25          2.591e+02      7.285e-01      4.425e-03      4.357e-01   
      21             26          2.583e+02      8.096e-01      4.398e-03      4.532e-01   
      22             27          2.575e+02      8.109e-01      4.412e-03      4.706e-01   
      23             28          2.566e+02      8.259e-01      4.393e-03      4.891e-01   
      24             29          2.558e+02      8.625e-01      4.351e-03      5.011e-01   
      25             30          2.549e+02      9.091e-01      4.270e-03      5.049e-01   
      26             31          2.539e+02      9.632e-01      4.151e-03      4.999e-01   
      27             32          2.529e+02      1.014e+00      4.013e-03      4.889e-01   
      28             33          2.518e+02      1.056e+00      3.880e-03      4.759e-01   
      29             34          2.508e+02      1.059e+00      3.763e-03      4.701e-01   
      30             35          2.498e+02      1.006e+00      3.702e-03      4.844e-01   
      31             36          2.489e+02      8.826e-01      3.721e-03      5.407e-01   
      32             37          2.482e+02      7.242e-01      3.842e-03      6.550e-01   
      33             38          2.475e+02      6.977e-01      3.975e-03      7.675e-01   
      34             39          2.467e+02      8.048e-01      4.033e-03      8.210e-01   
      35             40          2.459e+02      7.496e-01      4.057e-03      8.554e-01   
      36             41          2.452e+02      6.979e-01      4.173e-03      8.699e-01   
      37             42          2.445e+02      6.947e-01      4.187e-03      8.500e-01   
      38             43          2.438e+02      6.769e-01      4.077e-03      8.142e-01   
      39             44          2.432e+02      6.571e-01      3.871e-03      7.720e-01   
      40             45          2.426e+02      6.272e-01      3.610e-03      7.337e-01   
      41             46          2.420e+02      5.911e-01      3.339e-03      7.049e-01   
      42             47          2.414e+02      5.514e-01      3.093e-03      6.887e-01   
      43             48          2.409e+02      5.114e-01      2.898e-03      6.857e-01   
      44             49          2.404e+02      4.739e-01      2.764e-03      6.950e-01   
      45             50          2.400e+02      4.407e-01      2.688e-03      7.142e-01   
      46             51          2.396e+02      4.129e-01      2.658e-03      7.401e-01   
      47             52          2.392e+02      3.902e-01      2.654e-03      7.700e-01   
      48             53          2.388e+02      3.718e-01      2.663e-03      8.016e-01   
      49             54          2.385e+02      3.563e-01      2.675e-03      8.340e-01   
      50             55          2.381e+02      3.428e-01      2.685e-03      8.467e-01   
      51             56          2.378e+02      3.294e-01      2.693e-03      8.589e-01   
      52             57          2.375e+02      3.164e-01      2.703e-03      8.707e-01   
      53             58          2.372e+02      3.015e-01      2.721e-03      8.830e-01   
      54             59          2.369e+02      2.835e-01      2.754e-03      8.977e-01   
      55             60          2.366e+02      2.629e-01      2.807e-03      9.152e-01   
      56             61          2.364e+02      2.409e-01      2.874e-03      9.340e-01   
      57             62          2.362e+02      2.188e-01      2.946e-03      9.518e-01   
Optimization terminated successfully.
`ftol` condition satisfied. (ftol=1.00e-03)
         Current function value: 2.362e+02
         Total delta_x: 1.214e-01
         Iterations: 57
         Function evaluations: 62
         Jacobian evaluations: 58
Timer: Solution time = 2.35 min
Timer: Avg time per step = 2.44 sec
==============================================================================================================
                                                                 Start  -->   End
Total (sum of squares):                                      1.183e+04  -->   2.362e+02, 
Maximum absolute Quasi-symmetry (1,0) two-term error:        3.034e-01  -->   1.070e-02 (T^3)
Minimum absolute Quasi-symmetry (1,0) two-term error:        2.375e-05  -->   4.421e-06 (T^3)
Average absolute Quasi-symmetry (1,0) two-term error:        5.504e-02  -->   1.348e-03 (T^3)
Aspect ratio:                                                6.037e+00  -->   5.910e+00 (dimensionless)
Plasma volume:                                               5.420e-01  -->   9.804e-01 (m^3)
Maximum Rotational transform:                                2.750e-02  -->   2.797e-04 (dimensionless)
Minimum Rotational transform:                                2.745e-02  -->  -2.557e-03 (dimensionless)
Average Rotational transform:                                2.749e-02  -->  -6.162e-04 (dimensionless)
Maximum absolute Force error:                                6.082e-01  -->   3.818e-01 (N)
Minimum absolute Force error:                                3.191e-05  -->   1.193e-06 (N)
Average absolute Force error:                                5.827e-02  -->   7.174e-03 (N)
Maximum absolute Force error:                                2.953e-07  -->   1.854e-07 (normalized)
Minimum absolute Force error:                                1.549e-11  -->   5.792e-13 (normalized)
Average absolute Force error:                                2.829e-08  -->   3.483e-09 (normalized)
Cross-section R error:                                       0.000e+00  -->   0.000e+00 (m)
Cross-section Z error:                                       0.000e+00  -->   0.000e+00 (m)
Fixed pressure profile error:                                0.000e+00  -->   0.000e+00 (Pa)
Fixed current profile error:                                 0.000e+00  -->   0.000e+00 (A)
Fixed Psi error:                                             0.000e+00  -->   0.000e+00 (Wb)
==============================================================================================================

