/home/ye2698/DESC/desc/integrals/_interp_utils.py:19: UserWarning: 
jax-finufft is not installed.
If you want to use NUFFTs, follow the DESC installation instructions.
Otherwise you must set the parameter nufft_eps to zero
when computing effective ripple, Gamma_c, and any other
computations that involve bounce integrals.

  warnings.warn(
DESC version=0.15.0+424.gdbba9ba17.
Using JAX backend: jax version=0.6.2, jaxlib version=0.6.2, dtype=float64.
Using device: NVIDIA A100-PCIE-40GB (id=0), with 40.00 GB available memory.
Building objective: QS two-term
Precomputing transforms
Timer: Precomputing transforms = 348 ms
Building objective: aspect ratio
Precomputing transforms
Timer: Precomputing transforms = 40.4 ms
Building objective: volume
Precomputing transforms
Timer: Precomputing transforms = 39.8 ms
Building objective: rotational transform
Precomputing transforms
Timer: Precomputing transforms = 305 ms
Timer: Objective build = 826 ms
Building objective: force
Precomputing transforms
Timer: Precomputing transforms = 534 ms
Timer: Objective build = 864 ms
Timer: Objective build = 2.98 ms
Timer: Eq Update LinearConstraintProjection build = 2.28 sec
Timer: Proximal projection build = 10.5 sec
Building objective: fixed cross-section R
Building objective: fixed cross-section Z
Building objective: fixed pressure
Building objective: fixed current
Building objective: fixed Psi
Timer: Objective build = 292 ms
Timer: LinearConstraintProjection build = 852 ms
Number of parameters: 45
Number of objectives: 478
Timer: Initializing the optimization = 11.7 sec

Starting optimization
Using method: proximal-lsq-exact
Solver options:
------------------------------------------------------------
Maximum Function Evaluations       : 1251
Maximum Allowed Total Δx Norm      : inf
Scaled Termination                 : True
Trust Region Method                : qr
Initial Trust Radius               : 5.710e+02
Maximum Trust Radius               : inf
Minimum Trust Radius               : 2.220e-16
Trust Radius Increase Ratio        : 2.000e+00
Trust Radius Decrease Ratio        : 2.500e-01
Trust Radius Increase Threshold    : 7.500e-01
Trust Radius Decrease Threshold    : 2.500e-01
------------------------------------------------------------ 

   Iteration     Total nfev        Cost      Cost reduction    Step norm     Optimality   
       0              1          1.248e+04                                    7.620e+01   
       1              2          4.528e+03      7.955e+03      1.718e-01      7.088e+01   
       2              4          2.837e+03      1.691e+03      5.350e-02      3.598e+01   
       3              6          1.338e+03      1.499e+03      9.217e-03      1.736e+01   
       4              8          1.108e+03      2.299e+02      4.040e-03      2.054e+00   
       5              9          1.076e+03      3.231e+01      1.723e-02      3.870e+00   
       6             10          1.055e+03      2.137e+01      1.797e-02      4.272e+00   
       7             11          1.038e+03      1.672e+01      1.591e-02      6.067e+00   
       8             12          1.016e+03      2.171e+01      1.267e-02      5.560e+00   
       9             13          9.982e+02      1.795e+01      9.898e-03      5.833e+00   
      10             14          9.853e+02      1.290e+01      9.777e-03      6.097e+00   
      11             15          9.601e+02      2.514e+01      8.886e-03      3.607e+00   
      12             17          9.569e+02      3.191e+00      4.590e-03      4.855e+00   
      13             18          9.434e+02      1.349e+01      9.562e-04      1.185e+00   
      14             20          9.424e+02      1.072e+00      5.500e-04      9.701e-01   
      15             21          9.413e+02      1.099e+00      1.397e-03      1.224e+00   
      16             22          9.400e+02      1.306e+00      1.476e-03      1.272e+00   
      17             23          9.386e+02      1.329e+00      1.488e-03      1.278e+00   
      18             24          9.375e+02      1.167e+00      1.475e-03      1.337e+00   
      19             25          9.362e+02      1.321e+00      1.453e-03      1.287e+00   
      20             26          9.351e+02      1.083e+00      1.418e-03      1.354e+00   
      21             27          9.338e+02      1.263e+00      1.387e-03      1.298e+00   
      22             28          9.328e+02      1.026e+00      1.350e-03      1.364e+00   
      23             29          9.316e+02      1.215e+00      1.323e-03      1.302e+00   
      24             30          9.306e+02      9.561e-01      1.292e-03      1.380e+00   
      25             31          9.295e+02      1.146e+00      1.271e-03      1.330e+00   
      26             32          9.285e+02      9.306e-01      1.250e-03      1.393e+00   
      27             33          9.275e+02      1.080e+00      1.233e-03      1.351e+00   
      28             34          9.265e+02      9.784e-01      1.223e-03      1.352e+00   
      29             35          9.255e+02      9.623e-01      1.216e-03      1.360e+00   
      30             36          9.246e+02      9.354e-01      1.211e-03      1.369e+00   
      31             37          9.237e+02      9.136e-01      1.204e-03      1.377e+00   
Optimization terminated successfully.
`ftol` condition satisfied. (ftol=1.00e-03)
         Current function value: 9.237e+02
         Total delta_x: 2.853e-02
         Iterations: 31
         Function evaluations: 37
         Jacobian evaluations: 32
Timer: Solution time = 1.46 min
Timer: Avg time per step = 2.75 sec
==============================================================================================================
                                                                 Start  -->   End
Total (sum of squares):                                      1.242e+04  -->   9.237e+02, 
Maximum absolute Quasi-symmetry (1,0) two-term error:        3.034e-01  -->   2.369e-02 (T^3)
Minimum absolute Quasi-symmetry (1,0) two-term error:        2.375e-05  -->   1.040e-06 (T^3)
Average absolute Quasi-symmetry (1,0) two-term error:        5.504e-02  -->   2.674e-03 (T^3)
Aspect ratio:                                                6.037e+00  -->   5.999e+00 (dimensionless)
Plasma volume:                                               5.420e-01  -->   6.985e-01 (m^3)
Maximum Rotational transform:                                2.750e-02  -->   1.078e-03 (dimensionless)
Minimum Rotational transform:                                2.745e-02  -->  -8.132e-05 (dimensionless)
Average Rotational transform:                                2.749e-02  -->   3.515e-04 (dimensionless)
Maximum absolute Force error:                                6.082e-01  -->   2.232e-01 (N)
Minimum absolute Force error:                                3.191e-05  -->   3.727e-07 (N)
Average absolute Force error:                                5.827e-02  -->   3.443e-03 (N)
Maximum absolute Force error:                                2.953e-07  -->   1.084e-07 (normalized)
Minimum absolute Force error:                                1.549e-11  -->   1.809e-13 (normalized)
Average absolute Force error:                                2.829e-08  -->   1.672e-09 (normalized)
Cross-section R error:                                       0.000e+00  -->   0.000e+00 (m)
Cross-section Z error:                                       0.000e+00  -->   0.000e+00 (m)
Fixed pressure profile error:                                0.000e+00  -->   0.000e+00 (Pa)
Fixed current profile error:                                 0.000e+00  -->   0.000e+00 (A)
Fixed Psi error:                                             0.000e+00  -->   0.000e+00 (Wb)
==============================================================================================================

