/home/ye2698/DESC/desc/integrals/_interp_utils.py:19: UserWarning: 
jax-finufft is not installed.
If you want to use NUFFTs, follow the DESC installation instructions.
Otherwise you must set the parameter nufft_eps to zero
when computing effective ripple, Gamma_c, and any other
computations that involve bounce integrals.

  warnings.warn(
DESC version=0.15.0+424.gdbba9ba17.
Using JAX backend: jax version=0.6.2, jaxlib version=0.6.2, dtype=float64.
Using device: NVIDIA A100-PCIE-40GB (id=0), with 40.00 GB available memory.
Building objective: QS two-term
Precomputing transforms
Timer: Precomputing transforms = 338 ms
Building objective: aspect ratio
Precomputing transforms
Timer: Precomputing transforms = 40.4 ms
Building objective: volume
Precomputing transforms
Timer: Precomputing transforms = 39.6 ms
Building objective: rotational transform
Precomputing transforms
Timer: Precomputing transforms = 298 ms
Timer: Objective build = 806 ms
Building objective: force
Precomputing transforms
Timer: Precomputing transforms = 541 ms
Timer: Objective build = 860 ms
Timer: Objective build = 2.98 ms
Timer: Eq Update LinearConstraintProjection build = 2.25 sec
Timer: Proximal projection build = 10.2 sec
Building objective: fixed cross-section R
Building objective: fixed cross-section Z
Building objective: fixed pressure
Building objective: fixed current
Building objective: fixed Psi
Timer: Objective build = 281 ms
Timer: LinearConstraintProjection build = 829 ms
Number of parameters: 45
Number of objectives: 478
Timer: Initializing the optimization = 11.4 sec

Starting optimization
Using method: proximal-lsq-exact
Solver options:
------------------------------------------------------------
Maximum Function Evaluations       : 1251
Maximum Allowed Total Δx Norm      : inf
Scaled Termination                 : True
Trust Region Method                : qr
Initial Trust Radius               : 5.681e+02
Maximum Trust Radius               : inf
Minimum Trust Radius               : 2.220e-16
Trust Radius Increase Ratio        : 2.000e+00
Trust Radius Decrease Ratio        : 2.500e-01
Trust Radius Increase Threshold    : 7.500e-01
Trust Radius Decrease Threshold    : 2.500e-01
------------------------------------------------------------ 

   Iteration     Total nfev        Cost      Cost reduction    Step norm     Optimality   
       0              1          1.174e+04                                    7.640e+01   
       1              2          2.227e+03      9.512e+03      1.281e-01      2.236e+01   
       2              5          1.596e+03      6.310e+02      1.922e-02      4.009e+01   
       3              6          1.389e+03      2.070e+02      2.039e-02      2.702e+01   
       4              7          1.046e+03      3.422e+02      2.671e-03      1.554e+01   
       5              8          7.077e+02      3.387e+02      4.354e-03      1.192e+01   
       6              9          4.032e+02      3.044e+02      7.359e-03      3.120e+00   
       7             11          3.507e+02      5.251e+01      8.252e-03      2.682e+00   
       8             12          2.908e+02      5.989e+01      1.773e-02      4.898e+00   
       9             14          2.496e+02      4.118e+01      9.648e-03      1.563e+00   
      10             15          2.282e+02      2.145e+01      2.272e-02      6.589e+00   
      11             16          1.954e+02      3.283e+01      2.560e-02      5.718e+00   
      12             17          1.657e+02      2.963e+01      2.017e-02      5.816e+00   
      13             18          1.649e+02      8.470e-01      1.394e-02      8.930e+00   
      14             19          1.188e+02      4.604e+01      4.349e-03      1.575e+00   
      15             21          1.159e+02      2.978e+00      2.380e-03      1.228e+00   
      16             22          1.131e+02      2.725e+00      2.374e-03      7.890e-01   
      17             23          1.126e+02      5.762e-01      4.670e-03      2.808e+00   
      18             24          1.073e+02      5.312e+00      1.127e-03      4.917e-01   
      19             25          1.064e+02      8.682e-01      2.257e-03      1.500e+00   
      20             26          1.041e+02      2.327e+00      2.230e-03      1.175e+00   
      21             27          1.024e+02      1.617e+00      2.193e-03      1.357e+00   
      22             28          1.006e+02      1.863e+00      2.150e-03      1.335e+00   
      23             29          9.905e+01      1.528e+00      2.128e-03      1.421e+00   
      24             30          9.725e+01      1.803e+00      2.088e-03      1.346e+00   
      25             31          9.578e+01      1.469e+00      2.074e-03      1.385e+00   
      26             32          9.405e+01      1.731e+00      2.051e-03      1.292e+00   
      27             33          9.263e+01      1.415e+00      2.049e-03      1.305e+00   
      28             34          9.111e+01      1.521e+00      2.055e-03      1.199e+00   
      29             35          8.962e+01      1.496e+00      2.063e-03      1.170e+00   
      30             36          8.836e+01      1.253e+00      2.067e-03      1.189e+00   
      31             37          8.696e+01      1.404e+00      2.051e-03      1.127e+00   
      32             38          8.574e+01      1.215e+00      1.989e-03      1.187e+00   
      33             39          8.451e+01      1.237e+00      1.908e-03      1.176e+00   
      34             40          8.345e+01      1.058e+00      1.794e-03      1.158e+00   
      35             41          8.221e+01      1.239e+00      1.543e-03      1.058e+00   
      36             42          8.130e+01      9.117e-01      1.343e-03      1.068e+00   
      37             43          8.008e+01      1.220e+00      1.021e-03      8.417e-01   
      38             45          7.930e+01      7.830e-01      4.539e-04      3.834e-01   
      39             46          7.890e+01      3.919e-01      7.750e-04      1.068e+00   
      40             47          7.791e+01      9.915e-01      6.859e-04      8.302e-01   
      41             48          7.765e+01      2.618e-01      9.779e-04      1.792e+00   
      42             49          7.566e+01      1.988e+00      1.879e-04      3.589e-01   
      43             50          7.530e+01      3.607e-01      3.252e-04      9.532e-01   
      44             51          7.420e+01      1.098e+00      3.153e-04      5.074e-01   
      45             52          7.392e+01      2.822e-01      7.412e-04      1.676e+00   
      46             53          7.186e+01      2.066e+00      2.061e-04      3.187e-01   
      47             54          7.111e+01      7.411e-01      3.415e-04      8.992e-01   
      48             55          6.994e+01      1.174e+00      8.571e-04      1.992e+00   
      49             56          6.704e+01      2.903e+00      1.400e-03      2.301e+00   
      50             57          6.533e+01      1.707e+00      2.246e-03      2.787e+00   
      51             58          6.362e+01      1.709e+00      3.370e-03      3.202e+00   
      52             59          6.072e+01      2.902e+00      3.780e-03      3.137e+00   
      53             60          5.799e+01      2.730e+00      3.913e-03      2.774e+00   
      54             61          5.552e+01      2.467e+00      3.719e-03      2.464e+00   
      55             62          5.369e+01      1.831e+00      3.474e-03      2.236e+00   
      56             63          5.203e+01      1.664e+00      3.182e-03      2.012e+00   
      57             64          5.082e+01      1.203e+00      2.947e-03      1.909e+00   
      58             65          4.971e+01      1.119e+00      2.740e-03      1.804e+00   
      59             66          4.874e+01      9.630e-01      2.550e-03      1.727e+00   
      60             67          4.777e+01      9.750e-01      2.339e-03      1.607e+00   
      61             68          4.685e+01      9.132e-01      2.112e-03      1.476e+00   
      62             69          4.602e+01      8.306e-01      1.873e-03      1.576e+00   
      63             70          4.491e+01      1.116e+00      1.892e-03      1.430e+00   
      64             71          4.393e+01      9.822e-01      1.657e-03      1.279e+00   
      65             72          4.334e+01      5.829e-01      1.557e-03      1.387e+00   
      66             73          4.278e+01      5.626e-01      1.478e-03      1.432e+00   
      67             74          4.227e+01      5.138e-01      1.405e-03      1.475e+00   
      68             75          4.174e+01      5.306e-01      1.350e-03      1.486e+00   
      69             76          4.168e+01      6.117e-02      1.478e-03      1.532e+00   
      70             77          3.985e+01      1.822e+00      6.712e-04      3.227e-01   
      71             79          3.976e+01      9.261e-02      2.762e-04      2.082e-01   
      72             80          3.973e+01      3.418e-02      2.605e-04      2.310e-01   
Optimization terminated successfully.
`ftol` condition satisfied. (ftol=1.00e-03)
         Current function value: 3.973e+01
         Total delta_x: 6.369e-02
         Iterations: 72
         Function evaluations: 80
         Jacobian evaluations: 73
Timer: Solution time = 2.68 min
Timer: Avg time per step = 2.21 sec
==============================================================================================================
                                                                 Start  -->   End
Total (sum of squares):                                      1.168e+04  -->   3.973e+01, 
Maximum absolute Quasi-symmetry (1,0) two-term error:        3.034e-01  -->   1.175e-02 (T^3)
Minimum absolute Quasi-symmetry (1,0) two-term error:        2.375e-05  -->   3.290e-06 (T^3)
Average absolute Quasi-symmetry (1,0) two-term error:        5.504e-02  -->   1.137e-03 (T^3)
Aspect ratio:                                                6.037e+00  -->   5.998e+00 (dimensionless)
Plasma volume:                                               5.420e-01  -->   5.963e-01 (m^3)
Maximum Rotational transform:                                2.750e-02  -->   1.656e-04 (dimensionless)
Minimum Rotational transform:                                2.745e-02  -->   8.026e-05 (dimensionless)
Average Rotational transform:                                2.749e-02  -->   1.142e-04 (dimensionless)
Maximum absolute Force error:                                6.082e-01  -->   3.451e-01 (N)
Minimum absolute Force error:                                3.191e-05  -->   1.883e-07 (N)
Average absolute Force error:                                5.827e-02  -->   3.583e-03 (N)
Maximum absolute Force error:                                2.953e-07  -->   1.676e-07 (normalized)
Minimum absolute Force error:                                1.549e-11  -->   9.140e-14 (normalized)
Average absolute Force error:                                2.829e-08  -->   1.740e-09 (normalized)
Cross-section R error:                                       0.000e+00  -->   0.000e+00 (m)
Cross-section Z error:                                       0.000e+00  -->   0.000e+00 (m)
Fixed pressure profile error:                                0.000e+00  -->   0.000e+00 (Pa)
Fixed current profile error:                                 0.000e+00  -->   0.000e+00 (A)
Fixed Psi error:                                             0.000e+00  -->   0.000e+00 (Wb)
==============================================================================================================

