/home/ye2698/DESC/desc/integrals/_interp_utils.py:19: UserWarning: 
jax-finufft is not installed.
If you want to use NUFFTs, follow the DESC installation instructions.
Otherwise you must set the parameter nufft_eps to zero
when computing effective ripple, Gamma_c, and any other
computations that involve bounce integrals.

  warnings.warn(
DESC version=0.15.0+424.gdbba9ba17.
Using JAX backend: jax version=0.6.2, jaxlib version=0.6.2, dtype=float64.
Using device: NVIDIA A100-PCIE-40GB (id=0), with 40.00 GB available memory.
Building objective: QS two-term
Precomputing transforms
Timer: Precomputing transforms = 347 ms
Building objective: aspect ratio
Precomputing transforms
Timer: Precomputing transforms = 40.4 ms
Building objective: volume
Precomputing transforms
Timer: Precomputing transforms = 39.4 ms
Building objective: rotational transform
Precomputing transforms
Timer: Precomputing transforms = 306 ms
Timer: Objective build = 826 ms
Building objective: force
Precomputing transforms
Timer: Precomputing transforms = 536 ms
Timer: Objective build = 868 ms
Timer: Objective build = 3.10 ms
Timer: Eq Update LinearConstraintProjection build = 2.30 sec
Timer: Proximal projection build = 10.5 sec
Building objective: fixed cross-section R
Building objective: fixed cross-section Z
Building objective: fixed pressure
Building objective: fixed current
Building objective: fixed Psi
Timer: Objective build = 294 ms
Timer: LinearConstraintProjection build = 864 ms
Number of parameters: 45
Number of objectives: 478
Timer: Initializing the optimization = 11.8 sec

Starting optimization
Using method: proximal-lsq-exact
Solver options:
------------------------------------------------------------
Maximum Function Evaluations       : 1251
Maximum Allowed Total Δx Norm      : inf
Scaled Termination                 : True
Trust Region Method                : qr
Initial Trust Radius               : 5.671e+02
Maximum Trust Radius               : inf
Minimum Trust Radius               : 2.220e-16
Trust Radius Increase Ratio        : 2.000e+00
Trust Radius Decrease Ratio        : 2.500e-01
Trust Radius Increase Threshold    : 7.500e-01
Trust Radius Decrease Threshold    : 2.500e-01
------------------------------------------------------------ 

   Iteration     Total nfev        Cost      Cost reduction    Step norm     Optimality   
       0              1          1.173e+04                                    7.637e+01   
       1              4          9.452e+03      2.283e+03      4.271e-03      6.249e+01   
       2              5          7.466e+03      1.986e+03      9.007e-03      3.874e+01   
       3              6          6.502e+03      9.635e+02      9.368e-03      3.703e+01   
       4              7          5.291e+03      1.212e+03      8.240e-03      3.137e+01   
       5              8          3.886e+03      1.405e+03      1.549e-02      2.545e+01   
       6              9          2.419e+03      1.467e+03      2.152e-02      1.293e+01   
       7             10          1.551e+03      8.684e+02      3.181e-02      2.460e+01   
       8             11          9.162e+02      6.345e+02      3.543e-02      1.303e+01   
       9             12          6.978e+02      2.184e+02      5.893e-02      5.701e+00   
      10             13          4.893e+02      2.086e+02      7.762e-02      4.360e+00   
      11             14          2.327e+02      2.566e+02      1.022e-01      2.594e+00   
      12             16          1.348e+02      9.787e+01      1.051e-02      2.252e+00   
      13             19          1.210e+02      1.380e+01      9.436e-04      9.102e-01   
      14             20          1.160e+02      5.010e+00      4.606e-03      4.969e-01   
      15             21          1.104e+02      5.648e+00      5.797e-03      4.949e-01   
      16             22          1.063e+02      4.100e+00      6.548e-03      4.505e-01   
      17             23          1.022e+02      4.081e+00      6.884e-03      4.220e-01   
      18             24          9.849e+01      3.683e+00      7.108e-03      3.857e-01   
      19             25          9.270e+01      5.791e+00      1.494e-02      3.499e-01   
      20             26          8.573e+01      6.966e+00      2.996e-02      5.550e-01   
      21             27          7.734e+01      8.388e+00      2.810e-02      4.513e-01   
      22             29          7.181e+01      5.533e+00      1.371e-02      1.631e-01   
      23             30          7.174e+01      6.819e-02      2.581e-02      6.744e-01   
      24             31          6.556e+01      6.181e+00      3.689e-03      1.013e-01   
      25             32          6.497e+01      5.852e-01      1.281e-02      4.279e-01   
      26             33          6.133e+01      3.645e+00      1.179e-02      2.214e-01   
      27             34          6.041e+01      9.190e-01      2.243e-02      4.868e-01   
      28             35          5.492e+01      5.487e+00      2.125e-02      2.178e-01   
      29             37          5.310e+01      1.821e+00      1.051e-02      1.343e-01   
      30             38          5.254e+01      5.591e-01      1.622e-02      2.365e-01   
      31             39          4.980e+01      2.741e+00      1.503e-02      1.571e-01   
      32             40          4.928e+01      5.230e-01      2.650e-02      2.371e-01   
      33             41          4.549e+01      3.785e+00      4.506e-03      3.075e-02   
      34             42          4.497e+01      5.248e-01      1.262e-02      9.443e-02   
      35             43          4.402e+01      9.481e-01      1.451e-02      8.328e-02   
      36             44          4.374e+01      2.786e-01      3.331e-02      1.505e-01   
      37             45          4.233e+01      1.413e+00      7.855e-03      1.859e-02   
      38             46          4.225e+01      7.498e-02      1.212e-02      1.492e-01   
      39             47          4.131e+01      9.458e-01      3.514e-03      5.572e-02   
      40             49          4.120e+01      1.105e-01      2.196e-03      4.129e-02   
      41             50          4.108e+01      1.214e-01      2.011e-03      6.741e-03   
      42             51          4.103e+01      5.044e-02      3.812e-03      3.814e-02   
      43             52          4.087e+01      1.518e-01      3.991e-03      1.907e-02   
      44             53          4.079e+01      8.253e-02      8.334e-03      5.197e-02   
      45             54          4.048e+01      3.139e-01      8.910e-03      2.497e-02   
      46             56          4.034e+01      1.364e-01      4.406e-03      1.295e-02   
      47             57          4.025e+01      9.393e-02      8.127e-03      3.015e-02   
      48             58          4.003e+01      2.219e-01      6.851e-03      2.153e-02   
      49             60          3.988e+01      1.456e-01      2.951e-03      1.000e-02   
      50             61          3.983e+01      5.015e-02      4.856e-03      2.646e-02   
      51             62          3.961e+01      2.245e-01      2.895e-03      1.573e-02   
      52             64          3.950e+01      1.049e-01      6.462e-04      6.426e-03   
      53             65          3.945e+01      4.854e-02      1.188e-03      1.722e-02   
      54             66          3.930e+01      1.556e-01      3.322e-03      5.946e-03   
      55             67          3.916e+01      1.402e-01      1.068e-02      1.185e-02   
      56             69          3.901e+01      1.438e-01      8.377e-03      1.041e-02   
      57             70          3.886e+01      1.574e-01      1.808e-02      1.773e-02   
      58             72          3.880e+01      5.389e-02      1.143e-02      3.807e-02   
      59             73          3.866e+01      1.436e-01      1.029e-02      2.184e-02   
      60             74          3.856e+01      1.025e-01      1.035e-02      3.409e-02   
      61             75          3.842e+01      1.325e-01      1.005e-02      1.958e-02   
      62             77          3.835e+01      7.637e-02      5.442e-03      8.449e-03   
      63             79          3.832e+01      3.073e-02      2.817e-03      6.464e-03   
Optimization terminated successfully.
`ftol` condition satisfied. (ftol=1.00e-03)
         Current function value: 3.832e+01
         Total delta_x: 7.125e-01
         Iterations: 63
         Function evaluations: 79
         Jacobian evaluations: 64
Timer: Solution time = 3.14 min
Timer: Avg time per step = 2.94 sec
==============================================================================================================
                                                                 Start  -->   End
Total (sum of squares):                                      1.167e+04  -->   3.832e+01, 
Maximum absolute Quasi-symmetry (1,0) two-term error:        3.034e-01  -->   2.335e-03 (T^3)
Minimum absolute Quasi-symmetry (1,0) two-term error:        2.375e-05  -->   5.202e-06 (T^3)
Average absolute Quasi-symmetry (1,0) two-term error:        5.504e-02  -->   4.733e-04 (T^3)
Aspect ratio:                                                6.037e+00  -->   5.996e+00 (dimensionless)
Plasma volume:                                               5.420e-01  -->   2.818e+00 (m^3)
Maximum Rotational transform:                                2.750e-02  -->   1.630e-03 (dimensionless)
Minimum Rotational transform:                                2.745e-02  -->   1.454e-03 (dimensionless)
Average Rotational transform:                                2.749e-02  -->   1.553e-03 (dimensionless)
Maximum absolute Force error:                                6.082e-01  -->   5.190e-02 (N)
Minimum absolute Force error:                                3.191e-05  -->   3.221e-08 (N)
Average absolute Force error:                                5.827e-02  -->   1.061e-03 (N)
Maximum absolute Force error:                                2.953e-07  -->   2.520e-08 (normalized)
Minimum absolute Force error:                                1.549e-11  -->   1.564e-14 (normalized)
Average absolute Force error:                                2.829e-08  -->   5.153e-10 (normalized)
Cross-section R error:                                       0.000e+00  -->   0.000e+00 (m)
Cross-section Z error:                                       0.000e+00  -->   0.000e+00 (m)
Fixed pressure profile error:                                0.000e+00  -->   0.000e+00 (Pa)
Fixed current profile error:                                 0.000e+00  -->   0.000e+00 (A)
Fixed Psi error:                                             0.000e+00  -->   0.000e+00 (Wb)
==============================================================================================================

