/home/ye2698/DESC/desc/integrals/_interp_utils.py:19: UserWarning: 
jax-finufft is not installed.
If you want to use NUFFTs, follow the DESC installation instructions.
Otherwise you must set the parameter nufft_eps to zero
when computing effective ripple, Gamma_c, and any other
computations that involve bounce integrals.

  warnings.warn(
DESC version=0.15.0+424.gdbba9ba17.
Using JAX backend: jax version=0.6.2, jaxlib version=0.6.2, dtype=float64.
Using device: NVIDIA A100-PCIE-40GB (id=0), with 40.00 GB available memory.
Building objective: QS two-term
Precomputing transforms
Timer: Precomputing transforms = 347 ms
Building objective: aspect ratio
Precomputing transforms
Timer: Precomputing transforms = 40.3 ms
Building objective: volume
Precomputing transforms
Timer: Precomputing transforms = 40.1 ms
Building objective: rotational transform
Precomputing transforms
Timer: Precomputing transforms = 304 ms
Timer: Objective build = 822 ms
Building objective: force
Precomputing transforms
Timer: Precomputing transforms = 533 ms
Timer: Objective build = 860 ms
Timer: Objective build = 2.96 ms
Timer: Eq Update LinearConstraintProjection build = 2.28 sec
Timer: Proximal projection build = 10.3 sec
Building objective: fixed cross-section R
Building objective: fixed cross-section Z
Building objective: fixed pressure
Building objective: fixed current
Building objective: fixed Psi
Timer: Objective build = 290 ms
Timer: LinearConstraintProjection build = 848 ms
Number of parameters: 45
Number of objectives: 478
Timer: Initializing the optimization = 11.5 sec

Starting optimization
Using method: proximal-lsq-exact
Solver options:
------------------------------------------------------------
Maximum Function Evaluations       : 1251
Maximum Allowed Total Δx Norm      : inf
Scaled Termination                 : True
Trust Region Method                : qr
Initial Trust Radius               : 5.672e+02
Maximum Trust Radius               : inf
Minimum Trust Radius               : 2.220e-16
Trust Radius Increase Ratio        : 2.000e+00
Trust Radius Decrease Ratio        : 2.500e-01
Trust Radius Increase Threshold    : 7.500e-01
Trust Radius Decrease Threshold    : 2.500e-01
------------------------------------------------------------ 

   Iteration     Total nfev        Cost      Cost reduction    Step norm     Optimality   
       0              1          1.190e+04                                    7.636e+01   
       1              4          9.619e+03      2.286e+03      4.282e-03      6.252e+01   
       2              5          7.631e+03      1.988e+03      9.006e-03      3.864e+01   
       3              6          6.667e+03      9.632e+02      9.311e-03      3.661e+01   
       4              7          5.460e+03      1.207e+03      8.043e-03      3.052e+01   
       5              8          4.081e+03      1.379e+03      1.445e-02      2.402e+01   
       6              9          2.675e+03      1.406e+03      1.935e-02      1.035e+01   
       7             10          1.759e+03      9.160e+02      2.061e-02      7.864e+00   
       8             12          1.592e+03      1.668e+02      1.358e-02      1.255e+01   
       9             13          1.447e+03      1.453e+02      2.999e-02      3.787e+00   
      10             14          1.261e+03      1.861e+02      3.807e-02      4.005e+00   
      11             16          1.161e+03      9.939e+01      2.615e-02      3.955e+00   
      12             17          1.084e+03      7.730e+01      4.949e-02      6.213e+00   
      13             18          8.067e+02      2.774e+02      4.100e-02      3.391e+00   
      14             20          7.198e+02      8.691e+01      2.360e-02      2.459e+00   
      15             21          6.600e+02      5.978e+01      4.694e-02      5.464e+00   
      16             23          5.824e+02      7.763e+01      1.195e-02      1.103e+00   
      17             25          5.720e+02      1.040e+01      5.295e-03      2.127e+00   
      18             26          5.581e+02      1.394e+01      5.947e-03      1.611e+00   
      19             27          5.469e+02      1.114e+01      5.892e-03      1.687e+00   
      20             28          5.356e+02      1.137e+01      5.992e-03      1.535e+00   
      21             29          5.251e+02      1.051e+01      5.951e-03      1.474e+00   
      22             30          5.149e+02      1.018e+01      5.888e-03      1.399e+00   
      23             31          5.026e+02      1.232e+01      1.131e-02      2.838e+00   
      24             32          4.813e+02      2.129e+01      1.197e-02      2.139e+00   
      25             33          4.765e+02      4.737e+00      2.325e-02      5.179e+00   
      26             34          4.252e+02      5.132e+01      4.314e-03      8.677e-01   
      27             35          4.101e+02      1.515e+01      7.684e-03      2.158e+00   
      28             36          3.914e+02      1.864e+01      1.655e-02      3.336e+00   
      29             37          3.623e+02      2.909e+01      1.434e-02      3.303e+00   
      30             38          3.501e+02      1.221e+01      1.776e-02      3.875e+00   
      31             39          3.283e+02      2.178e+01      7.027e-03      4.798e+00   
      32             40          2.779e+02      5.041e+01      6.242e-03      2.010e+00   
      33             41          2.668e+02      1.113e+01      1.171e-02      2.152e+00   
      34             42          2.362e+02      3.056e+01      2.358e-02      3.117e-01   
      35             45          2.337e+02      2.530e+00      3.394e-03      4.280e-01   
      36             46          2.323e+02      1.437e+00      3.665e-03      5.265e-01   
      37             47          2.308e+02      1.510e+00      2.637e-03      3.673e-01   
      38             49          2.299e+02      9.019e-01      1.571e-03      1.711e-01   
      39             51          2.296e+02      3.074e-01      7.774e-04      9.746e-02   
      40             52          2.293e+02      2.183e-01      1.286e-03      2.547e-01   
Optimization terminated successfully.
`ftol` condition satisfied. (ftol=1.00e-03)
         Current function value: 2.293e+02
         Total delta_x: 4.449e-01
         Iterations: 40
         Function evaluations: 52
         Jacobian evaluations: 41
Timer: Solution time = 2.19 min
Timer: Avg time per step = 3.21 sec
==============================================================================================================
                                                                 Start  -->   End
Total (sum of squares):                                      1.184e+04  -->   2.293e+02, 
Maximum absolute Quasi-symmetry (1,0) two-term error:        3.034e-01  -->   1.224e-02 (T^3)
Minimum absolute Quasi-symmetry (1,0) two-term error:        2.375e-05  -->   1.129e-05 (T^3)
Average absolute Quasi-symmetry (1,0) two-term error:        5.504e-02  -->   1.190e-03 (T^3)
Aspect ratio:                                                6.037e+00  -->   3.141e+00 (dimensionless)
Plasma volume:                                               5.420e-01  -->   5.859e-01 (m^3)
Maximum Rotational transform:                                2.750e-02  -->   4.954e-04 (dimensionless)
Minimum Rotational transform:                                2.745e-02  -->   3.880e-04 (dimensionless)
Average Rotational transform:                                2.749e-02  -->   4.738e-04 (dimensionless)
Maximum absolute Force error:                                6.082e-01  -->   4.285e-02 (N)
Minimum absolute Force error:                                3.191e-05  -->   1.555e-07 (N)
Average absolute Force error:                                5.827e-02  -->   1.156e-03 (N)
Maximum absolute Force error:                                2.953e-07  -->   2.080e-08 (normalized)
Minimum absolute Force error:                                1.549e-11  -->   7.548e-14 (normalized)
Average absolute Force error:                                2.829e-08  -->   5.612e-10 (normalized)
Cross-section R error:                                       0.000e+00  -->   0.000e+00 (m)
Cross-section Z error:                                       0.000e+00  -->   0.000e+00 (m)
Fixed pressure profile error:                                0.000e+00  -->   0.000e+00 (Pa)
Fixed current profile error:                                 0.000e+00  -->   0.000e+00 (A)
Fixed Psi error:                                             0.000e+00  -->   0.000e+00 (Wb)
==============================================================================================================

