/home/ye2698/DESC/desc/integrals/_interp_utils.py:19: UserWarning: 
jax-finufft is not installed.
If you want to use NUFFTs, follow the DESC installation instructions.
Otherwise you must set the parameter nufft_eps to zero
when computing effective ripple, Gamma_c, and any other
computations that involve bounce integrals.

  warnings.warn(
DESC version=0.15.0+424.gdbba9ba17.
Using JAX backend: jax version=0.6.2, jaxlib version=0.6.2, dtype=float64.
Using device: NVIDIA A100-PCIE-40GB (id=0), with 40.00 GB available memory.
Building objective: QS two-term
Precomputing transforms
Timer: Precomputing transforms = 339 ms
Building objective: aspect ratio
Precomputing transforms
Timer: Precomputing transforms = 40.2 ms
Building objective: volume
Precomputing transforms
Timer: Precomputing transforms = 39.6 ms
Building objective: rotational transform
Precomputing transforms
Timer: Precomputing transforms = 296 ms
Timer: Objective build = 803 ms
Building objective: force
Precomputing transforms
Timer: Precomputing transforms = 523 ms
Timer: Objective build = 839 ms
Timer: Objective build = 3.03 ms
Timer: Eq Update LinearConstraintProjection build = 2.22 sec
Timer: Proximal projection build = 10.2 sec
Building objective: fixed cross-section R
Building objective: fixed cross-section Z
Building objective: fixed pressure
Building objective: fixed current
Building objective: fixed Psi
Timer: Objective build = 284 ms
Timer: LinearConstraintProjection build = 825 ms
Number of parameters: 45
Number of objectives: 478
Timer: Initializing the optimization = 11.3 sec

Starting optimization
Using method: proximal-lsq-exact
Solver options:
------------------------------------------------------------
Maximum Function Evaluations       : 1251
Maximum Allowed Total Δx Norm      : inf
Scaled Termination                 : True
Trust Region Method                : qr
Initial Trust Radius               : 1.313e+02
Maximum Trust Radius               : inf
Minimum Trust Radius               : 2.220e-16
Trust Radius Increase Ratio        : 2.000e+00
Trust Radius Decrease Ratio        : 2.500e-01
Trust Radius Increase Threshold    : 7.500e-01
Trust Radius Decrease Threshold    : 2.500e-01
------------------------------------------------------------ 

   Iteration     Total nfev        Cost      Cost reduction    Step norm     Optimality   
       0              1          4.830e+02                                    1.554e+01   
       1              2          4.165e+02      6.650e+01      1.318e-01      2.083e+01   
       2              3          1.257e+02      2.908e+02      4.293e-02      4.954e+00   
       3              4          8.672e+01      3.903e+01      7.063e-02      5.738e+00   
       4              6          6.684e+01      1.988e+01      7.586e-03      6.428e+00   
       5              8          3.709e+01      2.976e+01      6.227e-04      2.515e+00   
       6              9          3.275e+01      4.334e+00      4.767e-03      1.847e+00   
       7             11          2.915e+01      3.608e+00      8.478e-04      1.756e-01   
       8             12          2.864e+01      5.083e-01      2.916e-03      4.066e-01   
       9             13          2.782e+01      8.199e-01      3.642e-03      4.085e-01   
      10             14          2.717e+01      6.486e-01      9.033e-03      9.790e-01   
      11             15          2.563e+01      1.541e+00      9.035e-03      1.134e+00   
      12             16          2.440e+01      1.231e+00      1.061e-02      1.204e+00   
      13             17          2.232e+01      2.074e+00      1.140e-02      6.210e-01   
      14             19          2.133e+01      9.952e-01      4.971e-03      6.414e-01   
      15             20          2.080e+01      5.295e-01      1.073e-02      1.473e+00   
      16             22          1.980e+01      9.954e-01      2.015e-03      1.280e+00   
      17             23          1.865e+01      1.158e+00      2.473e-03      1.752e-01   
      18             24          1.784e+01      8.078e-01      5.200e-03      2.355e-01   
      19             25          1.770e+01      1.397e-01      1.269e-02      1.175e+00   
      20             26          1.636e+01      1.338e+00      2.853e-03      2.637e-01   
      21             28          1.619e+01      1.708e-01      1.606e-03      3.288e-01   
      22             29          1.606e+01      1.291e-01      3.492e-03      4.740e-01   
      23             30          1.578e+01      2.766e-01      3.477e-03      3.931e-01   
      24             31          1.558e+01      2.012e-01      3.504e-03      4.264e-01   
      25             32          1.537e+01      2.165e-01      3.515e-03      4.159e-01   
      26             33          1.516e+01      2.043e-01      3.523e-03      4.188e-01   
      27             34          1.496e+01      2.036e-01      3.527e-03      4.164e-01   
      28             35          1.476e+01      1.965e-01      3.522e-03      4.151e-01   
      29             36          1.457e+01      1.934e-01      3.520e-03      4.151e-01   
      30             37          1.438e+01      1.878e-01      3.510e-03      4.132e-01   
      31             38          1.419e+01      1.848e-01      3.504e-03      4.133e-01   
      32             39          1.401e+01      1.843e-01      3.490e-03      4.092e-01   
      33             40          1.383e+01      1.791e-01      3.479e-03      4.075e-01   
      34             41          1.366e+01      1.752e-01      3.468e-03      4.045e-01   
      35             42          1.349e+01      1.704e-01      3.454e-03      4.011e-01   
      36             43          1.332e+01      1.644e-01      3.438e-03      3.982e-01   
      37             44          1.316e+01      1.574e-01      3.415e-03      3.968e-01   
      38             45          1.301e+01      1.501e-01      3.384e-03      3.979e-01   
      39             46          1.287e+01      1.432e-01      3.343e-03      4.012e-01   
      40             47          1.273e+01      1.375e-01      3.299e-03      4.062e-01   
      41             48          1.260e+01      1.329e-01      3.256e-03      4.118e-01   
      42             49          1.247e+01      1.291e-01      3.219e-03      4.225e-01   
      43             50          1.235e+01      1.260e-01      3.191e-03      4.406e-01   
      44             51          1.222e+01      1.234e-01      3.170e-03      4.573e-01   
      45             52          1.210e+01      1.211e-01      3.156e-03      4.722e-01   
      46             53          1.198e+01      1.188e-01      3.147e-03      4.850e-01   
      47             54          1.187e+01      1.167e-01      3.140e-03      4.952e-01   
      48             55          1.175e+01      1.142e-01      3.135e-03      5.008e-01   
      49             56          1.164e+01      1.111e-01      3.131e-03      5.027e-01   
      50             57          1.153e+01      1.080e-01      3.123e-03      5.038e-01   
      51             58          1.143e+01      1.041e-01      3.119e-03      5.051e-01   
      52             59          1.133e+01      9.958e-02      3.118e-03      5.075e-01   
      53             60          1.123e+01      9.426e-02      3.120e-03      5.124e-01   
      54             61          1.115e+01      8.809e-02      3.124e-03      5.209e-01   
      55             62          1.106e+01      8.116e-02      3.130e-03      5.341e-01   
      56             63          1.099e+01      7.385e-02      3.134e-03      5.521e-01   
      57             64          1.092e+01      6.690e-02      3.135e-03      5.737e-01   
      58             65          1.086e+01      6.140e-02      3.131e-03      5.962e-01   
      59             66          1.064e+01      2.267e-01      6.920e-04      7.029e-02   
      60             68          1.063e+01      8.993e-03      3.615e-04      8.488e-02   
Optimization terminated successfully.
`ftol` condition satisfied. (ftol=1.00e-03)
         Current function value: 1.063e+01
         Total delta_x: 3.015e-02
         Iterations: 60
         Function evaluations: 68
         Jacobian evaluations: 61
Timer: Solution time = 2.46 min
Timer: Avg time per step = 2.42 sec
==============================================================================================================
                                                                 Start  -->   End
Total (sum of squares):                                      4.804e+02  -->   1.063e+01, 
Maximum absolute Quasi-symmetry (1,0) two-term error:        3.034e-01  -->   2.606e-02 (T^3)
Minimum absolute Quasi-symmetry (1,0) two-term error:        2.375e-05  -->   1.118e-05 (T^3)
Average absolute Quasi-symmetry (1,0) two-term error:        5.504e-02  -->   2.366e-03 (T^3)
Aspect ratio:                                                6.037e+00  -->   6.000e+00 (dimensionless)
Plasma volume:                                               5.420e-01  -->   7.262e-01 (m^3)
Maximum Rotational transform:                                2.750e-02  -->   9.846e-04 (dimensionless)
Minimum Rotational transform:                                2.745e-02  -->  -8.953e-04 (dimensionless)
Average Rotational transform:                                2.749e-02  -->   3.183e-04 (dimensionless)
Maximum absolute Force error:                                6.082e-01  -->   9.294e-01 (N)
Minimum absolute Force error:                                3.191e-05  -->   4.243e-07 (N)
Average absolute Force error:                                5.827e-02  -->   8.027e-03 (N)
Maximum absolute Force error:                                2.953e-07  -->   4.512e-07 (normalized)
Minimum absolute Force error:                                1.549e-11  -->   2.060e-13 (normalized)
Average absolute Force error:                                2.829e-08  -->   3.897e-09 (normalized)
Cross-section R error:                                       0.000e+00  -->   0.000e+00 (m)
Cross-section Z error:                                       0.000e+00  -->   0.000e+00 (m)
Fixed pressure profile error:                                0.000e+00  -->   0.000e+00 (Pa)
Fixed current profile error:                                 0.000e+00  -->   0.000e+00 (A)
Fixed Psi error:                                             0.000e+00  -->   0.000e+00 (Wb)
==============================================================================================================

