/home/ye2698/DESC/desc/integrals/_interp_utils.py:19: UserWarning: 
jax-finufft is not installed.
If you want to use NUFFTs, follow the DESC installation instructions.
Otherwise you must set the parameter nufft_eps to zero
when computing effective ripple, Gamma_c, and any other
computations that involve bounce integrals.

  warnings.warn(
DESC version=0.15.0+424.gdbba9ba17.
Using JAX backend: jax version=0.6.2, jaxlib version=0.6.2, dtype=float64.
Using device: NVIDIA A100-PCIE-40GB (id=0), with 40.00 GB available memory.
Building objective: QS two-term
Precomputing transforms
Timer: Precomputing transforms = 338 ms
Building objective: aspect ratio
Precomputing transforms
Timer: Precomputing transforms = 39.9 ms
Building objective: volume
Precomputing transforms
Timer: Precomputing transforms = 39.6 ms
Building objective: rotational transform
Precomputing transforms
Timer: Precomputing transforms = 298 ms
Timer: Objective build = 803 ms
Building objective: force
Precomputing transforms
Timer: Precomputing transforms = 527 ms
Timer: Objective build = 846 ms
Timer: Objective build = 3.01 ms
Timer: Eq Update LinearConstraintProjection build = 2.23 sec
Timer: Proximal projection build = 10.1 sec
Building objective: fixed cross-section R
Building objective: fixed cross-section Z
Building objective: fixed pressure
Building objective: fixed current
Building objective: fixed Psi
Timer: Objective build = 281 ms
Timer: LinearConstraintProjection build = 834 ms
Number of parameters: 45
Number of objectives: 478
Timer: Initializing the optimization = 11.3 sec

Starting optimization
Using method: proximal-lsq-exact
Solver options:
------------------------------------------------------------
Maximum Function Evaluations       : 1251
Maximum Allowed Total Δx Norm      : inf
Scaled Termination                 : True
Trust Region Method                : qr
Initial Trust Radius               : 5.671e+02
Maximum Trust Radius               : inf
Minimum Trust Radius               : 2.220e-16
Trust Radius Increase Ratio        : 2.000e+00
Trust Radius Decrease Ratio        : 2.500e-01
Trust Radius Increase Threshold    : 7.500e-01
Trust Radius Decrease Threshold    : 2.500e-01
------------------------------------------------------------ 

   Iteration     Total nfev        Cost      Cost reduction    Step norm     Optimality   
       0              1          1.171e+04                                    7.638e+01   
       1              2          1.391e+03      1.032e+04      1.399e-01      2.601e+01   
       2              3          7.506e+02      6.408e+02      1.939e-01      7.997e+00   
       3              4          2.421e+02      5.085e+02      8.750e-02      1.766e+00   
       4              6          4.255e+01      1.995e+02      5.471e-02      3.225e-01   
       5              7          2.838e+01      1.418e+01      5.525e-02      4.938e-01   
       6              8          2.017e+01      8.203e+00      2.633e-02      1.489e-01   
       7             10          1.965e+01      5.258e-01      7.713e-02      2.367e-01   
       8             11          1.276e+01      6.886e+00      2.197e-02      4.366e-02   
       9             13          1.264e+01      1.195e-01      1.020e-02      4.393e-02   
      10             14          1.252e+01      1.208e-01      3.381e-03      2.961e-02   
      11             15          1.244e+01      7.756e-02      3.271e-03      2.062e-02   
      12             16          1.240e+01      4.661e-02      2.890e-03      1.673e-02   
      13             17          1.236e+01      3.590e-02      2.668e-03      1.512e-02   
      14             18          1.233e+01      3.200e-02      2.569e-03      1.416e-02   
      15             19          1.232e+01      4.543e-03      2.509e-03      1.349e-02   
      16             20          1.232e+01      9.209e-03      7.241e-04      1.211e-02   
Optimization terminated successfully.
`ftol` condition satisfied. (ftol=1.00e-03)
         Current function value: 1.232e+01
         Total delta_x: 5.386e-01
         Iterations: 16
         Function evaluations: 20
         Jacobian evaluations: 17
Timer: Solution time = 55.6 sec
Timer: Avg time per step = 3.27 sec
==============================================================================================================
                                                                 Start  -->   End
Total (sum of squares):                                      1.165e+04  -->   1.232e+01, 
Maximum absolute Quasi-symmetry (1,0) two-term error:        3.034e-01  -->   3.753e-03 (T^3)
Minimum absolute Quasi-symmetry (1,0) two-term error:        2.375e-05  -->   9.258e-08 (T^3)
Average absolute Quasi-symmetry (1,0) two-term error:        5.504e-02  -->   6.013e-04 (T^3)
Aspect ratio:                                                6.037e+00  -->   5.683e+00 (dimensionless)
Plasma volume:                                               5.420e-01  -->   2.604e+00 (m^3)
Maximum Rotational transform:                                2.750e-02  -->  -4.402e-04 (dimensionless)
Minimum Rotational transform:                                2.745e-02  -->  -2.435e-03 (dimensionless)
Average Rotational transform:                                2.749e-02  -->  -1.069e-03 (dimensionless)
Maximum absolute Force error:                                6.082e-01  -->   9.277e-01 (N)
Minimum absolute Force error:                                3.191e-05  -->   4.302e-06 (N)
Average absolute Force error:                                5.827e-02  -->   1.282e-02 (N)
Maximum absolute Force error:                                2.953e-07  -->   4.504e-07 (normalized)
Minimum absolute Force error:                                1.549e-11  -->   2.089e-12 (normalized)
Average absolute Force error:                                2.829e-08  -->   6.225e-09 (normalized)
Cross-section R error:                                       0.000e+00  -->   0.000e+00 (m)
Cross-section Z error:                                       0.000e+00  -->   0.000e+00 (m)
Fixed pressure profile error:                                0.000e+00  -->   0.000e+00 (Pa)
Fixed current profile error:                                 0.000e+00  -->   0.000e+00 (A)
Fixed Psi error:                                             0.000e+00  -->   0.000e+00 (Wb)
==============================================================================================================

