/home/ye2698/DESC/desc/integrals/_interp_utils.py:19: UserWarning: 
jax-finufft is not installed.
If you want to use NUFFTs, follow the DESC installation instructions.
Otherwise you must set the parameter nufft_eps to zero
when computing effective ripple, Gamma_c, and any other
computations that involve bounce integrals.

  warnings.warn(
DESC version=0.15.0+424.gdbba9ba17.
Using JAX backend: jax version=0.6.2, jaxlib version=0.6.2, dtype=float64.
Using device: NVIDIA A100-PCIE-40GB (id=0), with 40.00 GB available memory.
Building objective: QS two-term
Precomputing transforms
Timer: Precomputing transforms = 340 ms
Building objective: aspect ratio
Precomputing transforms
Timer: Precomputing transforms = 39.9 ms
Building objective: volume
Precomputing transforms
Timer: Precomputing transforms = 40.5 ms
Building objective: rotational transform
Precomputing transforms
Timer: Precomputing transforms = 299 ms
Timer: Objective build = 808 ms
Building objective: force
Precomputing transforms
Timer: Precomputing transforms = 528 ms
Timer: Objective build = 849 ms
Timer: Objective build = 3.06 ms
Timer: Eq Update LinearConstraintProjection build = 2.24 sec
Timer: Proximal projection build = 10.2 sec
Building objective: fixed cross-section R
Building objective: fixed cross-section Z
Building objective: fixed pressure
Building objective: fixed current
Building objective: fixed Psi
Timer: Objective build = 283 ms
Timer: LinearConstraintProjection build = 827 ms
Number of parameters: 45
Number of objectives: 478
Timer: Initializing the optimization = 11.4 sec

Starting optimization
Using method: proximal-lsq-exact
Solver options:
------------------------------------------------------------
Maximum Function Evaluations       : 1251
Maximum Allowed Total Δx Norm      : inf
Scaled Termination                 : True
Trust Region Method                : qr
Initial Trust Radius               : 1.136e+02
Maximum Trust Radius               : inf
Minimum Trust Radius               : 2.220e-16
Trust Radius Increase Ratio        : 2.000e+00
Trust Radius Decrease Ratio        : 2.500e-01
Trust Radius Increase Threshold    : 7.500e-01
Trust Radius Decrease Threshold    : 2.500e-01
------------------------------------------------------------ 

   Iteration     Total nfev        Cost      Cost reduction    Step norm     Optimality   
       0              1          4.760e+02                                    1.527e+01   
       1              4          3.847e+02      9.129e+01      4.233e-03      1.238e+01   
       2              5          3.052e+02      7.954e+01      9.141e-03      7.506e+00   
       3              6          2.684e+02      3.672e+01      9.890e-03      7.294e+00   
       4              7          2.204e+02      4.809e+01      9.197e-03      6.176e+00   
       5              8          1.675e+02      5.281e+01      2.009e-02      5.255e+00   
       6              9          1.095e+02      5.801e+01      2.869e-02      2.502e+00   
       7             11          9.701e+01      1.252e+01      1.698e-02      2.851e+00   
       8             12          8.422e+01      1.280e+01      1.862e-02      2.631e+00   
       9             13          7.316e+01      1.106e+01      2.113e-02      1.953e+00   
      10             14          6.941e+01      3.748e+00      4.421e-02      3.633e+00   
      11             15          5.401e+01      1.540e+01      1.011e-02      1.054e+00   
      12             16          4.880e+01      5.209e+00      2.098e-02      2.113e+00   
      13             18          4.321e+01      5.597e+00      8.418e-03      3.864e-01   
      14             19          4.040e+01      2.809e+00      6.749e-03      1.723e+00   
      15             21          3.740e+01      3.002e+00      2.398e-03      4.101e-01   
      16             22          3.718e+01      2.181e-01      3.678e-03      1.237e+00   
      17             23          3.491e+01      2.272e+00      8.453e-04      4.852e-01   
      18             24          3.379e+01      1.116e+00      4.815e-04      2.893e-01   
      19             25          3.246e+01      1.329e+00      1.393e-03      1.250e-01   
      20             27          3.186e+01      5.979e-01      1.407e-03      6.326e-02   
      21             28          3.114e+01      7.230e-01      2.179e-03      2.324e-01   
      22             29          3.046e+01      6.791e-01      1.163e-02      6.488e-01   
      23             31          2.893e+01      1.532e+00      6.000e-03      1.159e-01   
      24             32          2.798e+01      9.504e-01      1.299e-02      5.425e-01   
      25             33          2.475e+01      3.229e+00      2.615e-02      8.895e-01   
      26             35          2.126e+01      3.489e+00      1.544e-02      4.264e-01   
      27             37          2.013e+01      1.133e+00      1.051e-02      4.867e-01   
      28             38          1.966e+01      4.638e-01      1.889e-02      1.179e+00   
      29             39          1.776e+01      1.900e+00      1.959e-02      9.161e-01   
      30             41          1.648e+01      1.283e+00      1.025e-02      4.324e-01   
      31             43          1.611e+01      3.704e-01      4.979e-03      3.383e-01   
      32             45          1.594e+01      1.739e-01      2.613e-03      1.862e-01   
      33             46          1.589e+01      4.564e-02      4.957e-03      6.656e-01   
      34             47          1.564e+01      2.521e-01      1.202e-03      7.641e-02   
      35             48          1.563e+01      8.942e-03      2.487e-03      4.554e-01   
      36             49          1.552e+01      1.140e-01      5.129e-04      7.982e-02   
      37             50          1.549e+01      2.965e-02      1.252e-03      2.216e-01   
      38             51          1.542e+01      6.148e-02      1.278e-03      1.573e-01   
      39             52          1.540e+01      2.665e-02      2.341e-03      4.164e-01   
      40             53          1.530e+01      9.657e-02      5.274e-04      6.718e-02   
      41             54          1.528e+01      1.879e-02      1.124e-03      2.442e-01   
      42             55          1.522e+01      6.347e-02      1.180e-03      1.538e-01   
      43             56          1.521e+01      1.296e-02      2.166e-03      4.291e-01   
      44             57          1.510e+01      1.013e-01      4.985e-04      6.325e-02   
      45             58          1.509e+01      1.649e-02      1.046e-03      2.428e-01   
      46             59          1.503e+01      6.133e-02      1.105e-03      1.481e-01   
      47             60          1.501e+01      1.431e-02      2.000e-03      4.146e-01   
      48             61          1.492e+01      9.450e-02      4.906e-04      5.847e-02   
      49             62          1.490e+01      1.583e-02      9.493e-04      2.392e-01   
      50             63          1.484e+01      6.050e-02      1.019e-03      1.370e-01   
      51             64          1.482e+01      1.945e-02      1.822e-03      3.938e-01   
      52             65          1.474e+01      8.598e-02      4.818e-04      5.327e-02   
      53             66          1.472e+01      1.746e-02      8.500e-04      2.316e-01   
      54             67          1.466e+01      5.980e-02      9.301e-04      1.250e-01   
      55             68          1.463e+01      2.775e-02      1.645e-03      3.614e-01   
      56             69          1.452e+01      1.112e-01      1.703e-03      2.698e-01   
      57             71          1.445e+01      6.625e-02      8.908e-04      1.264e-01   
      58             72          1.442e+01      3.170e-02      1.549e-03      3.567e-01   
      59             73          1.430e+01      1.192e-01      1.630e-03      2.375e-01   
      60             74          1.430e+01      3.788e-03      2.867e-03      5.990e-01   
      61             75          1.409e+01      2.083e-01      9.516e-04      8.458e-02   
      62             77          1.408e+01      1.211e-02      3.359e-04      1.435e-01   
Optimization terminated successfully.
`ftol` condition satisfied. (ftol=1.00e-03)
         Current function value: 1.408e+01
         Total delta_x: 5.582e-02
         Iterations: 62
         Function evaluations: 77
         Jacobian evaluations: 63
Timer: Solution time = 2.75 min
Timer: Avg time per step = 2.62 sec
==============================================================================================================
                                                                 Start  -->   End
Total (sum of squares):                                      4.735e+02  -->   1.408e+01, 
Maximum absolute Quasi-symmetry (1,0) two-term error:        3.034e-01  -->   3.698e-02 (T^3)
Minimum absolute Quasi-symmetry (1,0) two-term error:        2.375e-05  -->   9.103e-06 (T^3)
Average absolute Quasi-symmetry (1,0) two-term error:        5.504e-02  -->   4.190e-03 (T^3)
Aspect ratio:                                                6.037e+00  -->   5.947e+00 (dimensionless)
Plasma volume:                                               5.420e-01  -->   8.027e-01 (m^3)
Maximum Rotational transform:                                2.750e-02  -->   3.148e-03 (dimensionless)
Minimum Rotational transform:                                2.745e-02  -->   2.680e-03 (dimensionless)
Average Rotational transform:                                2.749e-02  -->   2.862e-03 (dimensionless)
Maximum absolute Force error:                                6.082e-01  -->   3.707e-01 (N)
Minimum absolute Force error:                                3.191e-05  -->   6.974e-08 (N)
Average absolute Force error:                                5.827e-02  -->   5.070e-03 (N)
Maximum absolute Force error:                                2.953e-07  -->   1.800e-07 (normalized)
Minimum absolute Force error:                                1.549e-11  -->   3.386e-14 (normalized)
Average absolute Force error:                                2.829e-08  -->   2.461e-09 (normalized)
Cross-section R error:                                       0.000e+00  -->   0.000e+00 (m)
Cross-section Z error:                                       0.000e+00  -->   0.000e+00 (m)
Fixed pressure profile error:                                0.000e+00  -->   0.000e+00 (Pa)
Fixed current profile error:                                 0.000e+00  -->   0.000e+00 (A)
Fixed Psi error:                                             0.000e+00  -->   0.000e+00 (Wb)
==============================================================================================================

