/home/ye2698/DESC/desc/integrals/_interp_utils.py:19: UserWarning: 
jax-finufft is not installed.
If you want to use NUFFTs, follow the DESC installation instructions.
Otherwise you must set the parameter nufft_eps to zero
when computing effective ripple, Gamma_c, and any other
computations that involve bounce integrals.

  warnings.warn(
DESC version=0.15.0+424.gdbba9ba17.
Using JAX backend: jax version=0.6.2, jaxlib version=0.6.2, dtype=float64.
Using device: NVIDIA A100-PCIE-40GB (id=0), with 40.00 GB available memory.
Building objective: QS two-term
Precomputing transforms
Timer: Precomputing transforms = 338 ms
Building objective: aspect ratio
Precomputing transforms
Timer: Precomputing transforms = 40.0 ms
Building objective: volume
Precomputing transforms
Timer: Precomputing transforms = 39.3 ms
Building objective: rotational transform
Precomputing transforms
Timer: Precomputing transforms = 297 ms
Timer: Objective build = 802 ms
Building objective: force
Precomputing transforms
Timer: Precomputing transforms = 527 ms
Timer: Objective build = 846 ms
Timer: Objective build = 3.07 ms
Timer: Eq Update LinearConstraintProjection build = 2.24 sec
Timer: Proximal projection build = 10.2 sec
Building objective: fixed cross-section R
Building objective: fixed cross-section Z
Building objective: fixed pressure
Building objective: fixed current
Building objective: fixed Psi
Timer: Objective build = 284 ms
Timer: LinearConstraintProjection build = 825 ms
Number of parameters: 45
Number of objectives: 478
Timer: Initializing the optimization = 11.3 sec

Starting optimization
Using method: proximal-lsq-exact
Solver options:
------------------------------------------------------------
Maximum Function Evaluations       : 1251
Maximum Allowed Total Δx Norm      : inf
Scaled Termination                 : True
Trust Region Method                : qr
Initial Trust Radius               : 5.671e+02
Maximum Trust Radius               : inf
Minimum Trust Radius               : 2.220e-16
Trust Radius Increase Ratio        : 2.000e+00
Trust Radius Decrease Ratio        : 2.500e-01
Trust Radius Increase Threshold    : 7.500e-01
Trust Radius Decrease Threshold    : 2.500e-01
------------------------------------------------------------ 

   Iteration     Total nfev        Cost      Cost reduction    Step norm     Optimality   
       0              1          1.173e+04                                    7.637e+01   
       1              2          4.085e+03      7.650e+03      1.381e-01      6.345e+01   
       2              3          4.578e+02      3.627e+03      1.235e-01      1.292e+01   
       3              4          3.391e+02      1.187e+02      6.376e-02      2.950e+00   
       4              5          1.144e+02      2.247e+02      5.774e-02      4.375e-01   
       5              6          9.199e+01      2.242e+01      2.163e-01      4.891e-01   
       6              8          5.540e+01      3.658e+01      4.707e-02      8.776e-02   
       7              9          4.279e+01      1.261e+01      8.606e-02      2.739e-02   
       8             11          4.218e+01      6.193e-01      1.203e-02      4.962e-02   
       9             12          4.117e+01      1.000e+00      1.991e-02      1.716e-02   
      10             13          4.056e+01      6.130e-01      2.921e-03      4.016e-03   
      11             14          4.001e+01      5.491e-01      8.327e-03      7.309e-03   
      12             16          3.979e+01      2.189e-01      2.046e-02      1.020e-02   
      13             17          3.952e+01      2.738e-01      7.320e-03      4.147e-03   
      14             18          3.919e+01      3.276e-01      1.498e-02      1.849e-02   
      15             20          3.888e+01      3.099e-01      6.468e-03      1.176e-02   
      16             21          3.859e+01      2.894e-01      6.546e-03      1.322e-02   
      17             23          3.842e+01      1.749e-01      5.435e-03      1.199e-02   
      18             25          3.835e+01      6.372e-02      4.500e-03      4.578e-03   
      19             26          3.834e+01      9.806e-03      6.375e-03      1.488e-02   
      20             27          3.832e+01      2.503e-02      3.415e-03      8.878e-03   
Optimization terminated successfully.
`ftol` condition satisfied. (ftol=1.00e-03)
         Current function value: 3.832e+01
         Total delta_x: 2.842e-01
         Iterations: 20
         Function evaluations: 27
         Jacobian evaluations: 21
Timer: Solution time = 1.30 min
Timer: Avg time per step = 3.74 sec
==============================================================================================================
                                                                 Start  -->   End
Total (sum of squares):                                      1.167e+04  -->   3.832e+01, 
Maximum absolute Quasi-symmetry (1,0) two-term error:        3.034e-01  -->   4.016e-03 (T^3)
Minimum absolute Quasi-symmetry (1,0) two-term error:        2.375e-05  -->   1.919e-06 (T^3)
Average absolute Quasi-symmetry (1,0) two-term error:        5.504e-02  -->   4.851e-04 (T^3)
Aspect ratio:                                                6.037e+00  -->   4.402e+00 (dimensionless)
Plasma volume:                                               5.420e-01  -->   2.364e+00 (m^3)
Maximum Rotational transform:                                2.750e-02  -->   7.315e-03 (dimensionless)
Minimum Rotational transform:                                2.745e-02  -->  -2.182e-03 (dimensionless)
Average Rotational transform:                                2.749e-02  -->   3.758e-03 (dimensionless)
Maximum absolute Force error:                                6.082e-01  -->   6.297e-01 (N)
Minimum absolute Force error:                                3.191e-05  -->   6.549e-07 (N)
Average absolute Force error:                                5.827e-02  -->   8.729e-03 (N)
Maximum absolute Force error:                                2.953e-07  -->   3.057e-07 (normalized)
Minimum absolute Force error:                                1.549e-11  -->   3.179e-13 (normalized)
Average absolute Force error:                                2.829e-08  -->   4.238e-09 (normalized)
Cross-section R error:                                       0.000e+00  -->   0.000e+00 (m)
Cross-section Z error:                                       0.000e+00  -->   0.000e+00 (m)
Fixed pressure profile error:                                0.000e+00  -->   0.000e+00 (Pa)
Fixed current profile error:                                 0.000e+00  -->   0.000e+00 (A)
Fixed Psi error:                                             0.000e+00  -->   0.000e+00 (Wb)
==============================================================================================================

