/home/ye2698/DESC/desc/integrals/_interp_utils.py:19: UserWarning: 
jax-finufft is not installed.
If you want to use NUFFTs, follow the DESC installation instructions.
Otherwise you must set the parameter nufft_eps to zero
when computing effective ripple, Gamma_c, and any other
computations that involve bounce integrals.

  warnings.warn(
DESC version=0.15.0+424.gdbba9ba17.
Using JAX backend: jax version=0.6.2, jaxlib version=0.6.2, dtype=float64.
Using device: NVIDIA A100-PCIE-40GB (id=0), with 40.00 GB available memory.
Building objective: QS two-term
Precomputing transforms
Timer: Precomputing transforms = 347 ms
Building objective: aspect ratio
Precomputing transforms
Timer: Precomputing transforms = 40.5 ms
Building objective: volume
Precomputing transforms
Timer: Precomputing transforms = 39.8 ms
Building objective: rotational transform
Precomputing transforms
Timer: Precomputing transforms = 308 ms
Timer: Objective build = 828 ms
Building objective: force
Precomputing transforms
Timer: Precomputing transforms = 536 ms
Timer: Objective build = 872 ms
Timer: Objective build = 3.08 ms
Timer: Eq Update LinearConstraintProjection build = 2.29 sec
Timer: Proximal projection build = 10.4 sec
Building objective: fixed cross-section R
Building objective: fixed cross-section Z
Building objective: fixed pressure
Building objective: fixed current
Building objective: fixed Psi
Timer: Objective build = 293 ms
Timer: LinearConstraintProjection build = 849 ms
Number of parameters: 45
Number of objectives: 478
Timer: Initializing the optimization = 11.6 sec

Starting optimization
Using method: proximal-lsq-exact
Solver options:
------------------------------------------------------------
Maximum Function Evaluations       : 1251
Maximum Allowed Total Δx Norm      : inf
Scaled Termination                 : True
Trust Region Method                : qr
Initial Trust Radius               : 1.313e+02
Maximum Trust Radius               : inf
Minimum Trust Radius               : 2.220e-16
Trust Radius Increase Ratio        : 2.000e+00
Trust Radius Decrease Ratio        : 2.500e-01
Trust Radius Increase Threshold    : 7.500e-01
Trust Radius Decrease Threshold    : 2.500e-01
------------------------------------------------------------ 

   Iteration     Total nfev        Cost      Cost reduction    Step norm     Optimality   
       0              1          6.679e+02                                    1.525e+01   
       1              4          5.521e+02      1.158e+02      2.623e-03      8.109e+00   
       2              5          4.934e+02      5.877e+01      5.758e-03      4.643e+00   
       3              6          4.714e+02      2.198e+01      6.847e-03      4.411e+00   
       4              7          4.275e+02      4.384e+01      5.797e-03      3.104e+00   
       5              8          3.940e+02      3.356e+01      1.732e-02      7.477e+00   
       6              9          3.635e+02      3.047e+01      1.659e-02      7.854e+00   
       7             11          3.131e+02      5.041e+01      1.860e-03      1.967e+00   
       8             13          3.078e+02      5.312e+00      1.050e-03      1.745e+00   
       9             14          3.040e+02      3.769e+00      1.161e-03      1.296e+00   
      10             15          3.016e+02      2.377e+00      1.285e-03      1.108e+00   
      11             16          3.003e+02      1.354e+00      1.538e-03      1.111e+00   
      12             17          2.951e+02      5.179e+00      1.554e-03      7.938e-01   
      13             18          2.875e+02      7.594e+00      3.246e-03      8.295e-01   
      14             19          2.733e+02      1.424e+01      6.777e-03      1.382e+00   
      15             21          2.663e+02      7.002e+00      2.722e-03      6.704e-01   
      16             22          2.597e+02      6.518e+00      5.334e-03      1.645e+00   
      17             23          2.581e+02      1.639e+00      1.347e-02      2.368e+00   
      18             24          2.484e+02      9.695e+00      2.026e-03      1.098e+00   
      19             26          2.464e+02      1.988e+00      7.843e-04      4.451e-01   
      20             27          2.447e+02      1.737e+00      1.427e-03      5.979e-01   
      21             28          2.438e+02      8.475e-01      3.975e-03      1.150e+00   
      22             29          2.418e+02      2.008e+00      4.169e-03      9.675e-01   
      23             30          2.398e+02      2.045e+00      3.674e-03      8.285e-01   
      24             31          2.382e+02      1.564e+00      6.762e-03      1.660e+00   
      25             32          2.333e+02      4.919e+00      6.051e-03      9.191e-01   
      26             33          2.319e+02      1.358e+00      1.365e-02      1.585e+00   
      27             35          2.282e+02      3.755e+00      9.471e-04      1.548e-01   
      28             37          2.281e+02      1.310e-01      4.603e-04      3.276e-01   
Optimization terminated successfully.
`ftol` condition satisfied. (ftol=1.00e-03)
         Current function value: 2.281e+02
         Total delta_x: 1.359e-01
         Iterations: 28
         Function evaluations: 37
         Jacobian evaluations: 29
Timer: Solution time = 1.66 min
Timer: Avg time per step = 3.44 sec
==============================================================================================================
                                                                 Start  -->   End
Total (sum of squares):                                      6.653e+02  -->   2.281e+02, 
Maximum absolute Quasi-symmetry (1,0) two-term error:        3.034e-01  -->   4.716e-02 (T^3)
Minimum absolute Quasi-symmetry (1,0) two-term error:        2.375e-05  -->   5.321e-05 (T^3)
Average absolute Quasi-symmetry (1,0) two-term error:        5.504e-02  -->   8.228e-03 (T^3)
Aspect ratio:                                                6.037e+00  -->   5.997e+00 (dimensionless)
Plasma volume:                                               5.420e-01  -->   8.969e-01 (m^3)
Maximum Rotational transform:                                2.750e-02  -->   7.049e-03 (dimensionless)
Minimum Rotational transform:                                2.745e-02  -->   6.876e-03 (dimensionless)
Average Rotational transform:                                2.749e-02  -->   6.998e-03 (dimensionless)
Maximum absolute Force error:                                6.082e-01  -->   3.152e-01 (N)
Minimum absolute Force error:                                3.191e-05  -->   9.068e-07 (N)
Average absolute Force error:                                5.827e-02  -->   4.100e-03 (N)
Maximum absolute Force error:                                2.953e-07  -->   1.530e-07 (normalized)
Minimum absolute Force error:                                1.549e-11  -->   4.403e-13 (normalized)
Average absolute Force error:                                2.829e-08  -->   1.991e-09 (normalized)
Cross-section R error:                                       0.000e+00  -->   0.000e+00 (m)
Cross-section Z error:                                       0.000e+00  -->   0.000e+00 (m)
Fixed pressure profile error:                                0.000e+00  -->   0.000e+00 (Pa)
Fixed current profile error:                                 0.000e+00  -->   0.000e+00 (A)
Fixed Psi error:                                             0.000e+00  -->   0.000e+00 (Wb)
==============================================================================================================

