/home/ye2698/DESC/desc/integrals/_interp_utils.py:19: UserWarning: 
jax-finufft is not installed.
If you want to use NUFFTs, follow the DESC installation instructions.
Otherwise you must set the parameter nufft_eps to zero
when computing effective ripple, Gamma_c, and any other
computations that involve bounce integrals.

  warnings.warn(
DESC version=0.15.0+424.gdbba9ba17.
Using JAX backend: jax version=0.6.2, jaxlib version=0.6.2, dtype=float64.
Using device: NVIDIA A100-PCIE-40GB (id=0), with 40.00 GB available memory.
Building objective: QS two-term
Precomputing transforms
Timer: Precomputing transforms = 346 ms
Building objective: aspect ratio
Precomputing transforms
Timer: Precomputing transforms = 39.9 ms
Building objective: volume
Precomputing transforms
Timer: Precomputing transforms = 40.0 ms
Building objective: rotational transform
Precomputing transforms
Timer: Precomputing transforms = 304 ms
Timer: Objective build = 822 ms
Building objective: force
Precomputing transforms
Timer: Precomputing transforms = 536 ms
Timer: Objective build = 868 ms
Timer: Objective build = 3.06 ms
Timer: Eq Update LinearConstraintProjection build = 2.27 sec
Timer: Proximal projection build = 10.4 sec
Building objective: fixed cross-section R
Building objective: fixed cross-section Z
Building objective: fixed pressure
Building objective: fixed current
Building objective: fixed Psi
Timer: Objective build = 292 ms
Timer: LinearConstraintProjection build = 854 ms
Number of parameters: 45
Number of objectives: 478
Timer: Initializing the optimization = 11.6 sec

Starting optimization
Using method: proximal-lsq-exact
Solver options:
------------------------------------------------------------
Maximum Function Evaluations       : 1251
Maximum Allowed Total Δx Norm      : inf
Scaled Termination                 : True
Trust Region Method                : qr
Initial Trust Radius               : 3.650e+01
Maximum Trust Radius               : inf
Minimum Trust Radius               : 2.220e-16
Trust Radius Increase Ratio        : 2.000e+00
Trust Radius Decrease Ratio        : 2.500e-01
Trust Radius Increase Threshold    : 7.500e-01
Trust Radius Decrease Threshold    : 2.500e-01
------------------------------------------------------------ 

   Iteration     Total nfev        Cost      Cost reduction    Step norm     Optimality   
       0              1          2.242e+01                                    3.843e+00   
       1              5          1.542e+01      7.000e+00      7.221e-04      2.121e+00   
       2              6          1.234e+01      3.087e+00      2.544e-03      1.272e+00   
       3              7          1.135e+01      9.920e-01      5.128e-03      7.186e-01   
       4              9          1.101e+01      3.400e-01      8.726e-04      2.478e-01   
       5             11          1.092e+01      8.214e-02      3.064e-04      1.224e-01   
       6             12          1.090e+01      1.852e-02      3.131e-04      3.338e-01   
       7             13          1.084e+01      6.713e-02      4.240e-05      1.510e-01   
       8             14          1.078e+01      6.092e-02      7.086e-05      1.243e-01   
       9             15          1.070e+01      7.831e-02      1.793e-04      1.469e-01   
      10             16          1.065e+01      4.880e-02      1.876e-04      6.423e-01   
      11             17          1.042e+01      2.304e-01      9.702e-05      1.432e-01   
      12             18          1.033e+01      8.921e-02      2.027e-04      1.026e-01   
      13             19          1.016e+01      1.703e-01      4.285e-04      8.913e-02   
      14             20          9.973e+00      1.861e-01      2.079e-03      2.571e-01   
      15             22          9.844e+00      1.290e-01      9.524e-04      2.612e-01   
      16             23          9.820e+00      2.425e-02      1.750e-03      5.837e-01   
      17             24          9.671e+00      1.490e-01      5.033e-04      3.849e-01   
      18             25          9.583e+00      8.777e-02      5.005e-04      2.145e-01   
      19             26          9.509e+00      7.440e-02      1.336e-03      6.493e-02   
      20             27          9.489e+00      1.945e-02      3.304e-03      3.549e-01   
      21             28          9.403e+00      8.678e-02      1.432e-03      4.234e-02   
      22             29          9.365e+00      3.796e-02      2.440e-03      9.069e-02   
      23             30          9.293e+00      7.137e-02      4.307e-03      6.043e-02   
      24             32          9.262e+00      3.179e-02      1.964e-03      1.697e-01   
      25             33          9.174e+00      8.741e-02      3.639e-03      7.277e-02   
      26             35          9.132e+00      4.232e-02      1.904e-03      5.394e-02   
      27             36          9.131e+00      6.696e-04      3.318e-03      6.322e-02   
      28             37          9.092e+00      3.884e-02      3.009e-04      6.994e-02   
      29             38          9.045e+00      4.722e-02      1.103e-03      4.951e-02   
      30             39          9.022e+00      2.353e-02      3.498e-03      3.163e-01   
      31             40          8.897e+00      1.246e-01      1.029e-03      1.087e-01   
      32             41          8.842e+00      5.540e-02      2.358e-03      3.454e-02   
      33             42          8.757e+00      8.507e-02      4.297e-03      1.359e-01   
      34             44          8.715e+00      4.205e-02      1.721e-03      9.233e-02   
      35             45          8.682e+00      3.231e-02      2.052e-03      3.709e-02   
      36             46          8.660e+00      2.231e-02      2.141e-03      6.928e-02   
      37             47          8.630e+00      2.964e-02      1.939e-03      8.908e-02   
      38             48          8.599e+00      3.163e-02      1.949e-03      1.112e-01   
      39             49          8.568e+00      3.101e-02      2.006e-03      8.029e-02   
      40             50          8.545e+00      2.226e-02      2.009e-03      6.543e-02   
      41             51          8.526e+00      1.909e-02      1.950e-03      9.982e-02   
      42             53          8.515e+00      1.088e-02      3.632e-04      5.357e-02   
      43             55          8.513e+00      2.534e-03      1.508e-04      4.928e-02   
Optimization terminated successfully.
`ftol` condition satisfied. (ftol=1.00e-03)
         Current function value: 8.513e+00
         Total delta_x: 5.279e-02
         Iterations: 43
         Function evaluations: 55
         Jacobian evaluations: 44
Timer: Solution time = 2.56 min
Timer: Avg time per step = 3.50 sec
==============================================================================================================
                                                                 Start  -->   End
Total (sum of squares):                                      2.235e+01  -->   8.513e+00, 
Maximum absolute Quasi-symmetry (1,0) two-term error:        3.034e-01  -->   1.033e-01 (T^3)
Minimum absolute Quasi-symmetry (1,0) two-term error:        2.375e-05  -->   4.555e-05 (T^3)
Average absolute Quasi-symmetry (1,0) two-term error:        5.504e-02  -->   1.427e-02 (T^3)
Aspect ratio:                                                6.037e+00  -->   5.999e+00 (dimensionless)
Plasma volume:                                               5.420e-01  -->   5.832e-01 (m^3)
Maximum Rotational transform:                                2.750e-02  -->   1.496e-02 (dimensionless)
Minimum Rotational transform:                                2.745e-02  -->   1.466e-02 (dimensionless)
Average Rotational transform:                                2.749e-02  -->   1.479e-02 (dimensionless)
Maximum absolute Force error:                                6.082e-01  -->   1.493e-01 (N)
Minimum absolute Force error:                                3.191e-05  -->   5.991e-07 (N)
Average absolute Force error:                                5.827e-02  -->   3.073e-03 (N)
Maximum absolute Force error:                                2.953e-07  -->   7.250e-08 (normalized)
Minimum absolute Force error:                                1.549e-11  -->   2.909e-13 (normalized)
Average absolute Force error:                                2.829e-08  -->   1.492e-09 (normalized)
Cross-section R error:                                       0.000e+00  -->   0.000e+00 (m)
Cross-section Z error:                                       0.000e+00  -->   0.000e+00 (m)
Fixed pressure profile error:                                0.000e+00  -->   0.000e+00 (Pa)
Fixed current profile error:                                 0.000e+00  -->   0.000e+00 (A)
Fixed Psi error:                                             0.000e+00  -->   0.000e+00 (Wb)
==============================================================================================================

