/home/ye2698/DESC/desc/integrals/_interp_utils.py:19: UserWarning: 
jax-finufft is not installed.
If you want to use NUFFTs, follow the DESC installation instructions.
Otherwise you must set the parameter nufft_eps to zero
when computing effective ripple, Gamma_c, and any other
computations that involve bounce integrals.

  warnings.warn(
DESC version=0.15.0+424.gdbba9ba17.
Using JAX backend: jax version=0.6.2, jaxlib version=0.6.2, dtype=float64.
Using device: NVIDIA A100-PCIE-40GB (id=0), with 40.00 GB available memory.
Building objective: QS two-term
Precomputing transforms
Timer: Precomputing transforms = 346 ms
Building objective: aspect ratio
Precomputing transforms
Timer: Precomputing transforms = 40.5 ms
Building objective: volume
Precomputing transforms
Timer: Precomputing transforms = 40.0 ms
Building objective: rotational transform
Precomputing transforms
Timer: Precomputing transforms = 305 ms
Timer: Objective build = 824 ms
Building objective: force
Precomputing transforms
Timer: Precomputing transforms = 538 ms
Timer: Objective build = 865 ms
Timer: Objective build = 3.11 ms
Timer: Eq Update LinearConstraintProjection build = 2.27 sec
Timer: Proximal projection build = 10.4 sec
Building objective: fixed cross-section R
Building objective: fixed cross-section Z
Building objective: fixed pressure
Building objective: fixed current
Building objective: fixed Psi
Timer: Objective build = 292 ms
Timer: LinearConstraintProjection build = 844 ms
Number of parameters: 45
Number of objectives: 478
Timer: Initializing the optimization = 11.6 sec

Starting optimization
Using method: proximal-lsq-exact
Solver options:
------------------------------------------------------------
Maximum Function Evaluations       : 1251
Maximum Allowed Total Δx Norm      : inf
Scaled Termination                 : True
Trust Region Method                : qr
Initial Trust Radius               : 1.137e+02
Maximum Trust Radius               : inf
Minimum Trust Radius               : 2.220e-16
Trust Radius Increase Ratio        : 2.000e+00
Trust Radius Decrease Ratio        : 2.500e-01
Trust Radius Increase Threshold    : 7.500e-01
Trust Radius Decrease Threshold    : 2.500e-01
------------------------------------------------------------ 

   Iteration     Total nfev        Cost      Cost reduction    Step norm     Optimality   
       0              1          6.629e+02                                    1.502e+01   
       1              4          5.733e+02      8.958e+01      4.398e-03      1.239e+01   
       2              5          4.936e+02      7.967e+01      9.354e-03      7.411e+00   
       3              6          4.561e+02      3.756e+01      1.011e-02      6.870e+00   
       4              7          4.119e+02      4.419e+01      8.383e-03      5.332e+00   
       5              8          3.813e+02      3.061e+01      7.878e-03      3.069e+00   
       6              9          3.587e+02      2.257e+01      9.264e-03      2.467e+00   
       7             10          3.263e+02      3.240e+01      1.493e-02      1.174e+00   
       8             12          3.182e+02      8.091e+00      6.086e-03      1.346e+00   
       9             13          3.065e+02      1.167e+01      9.758e-03      2.725e+00   
      10             15          2.959e+02      1.064e+01      8.069e-03      7.962e-01   
      11             16          2.911e+02      4.779e+00      1.623e-02      8.686e-01   
      12             18          2.891e+02      2.027e+00      1.191e-02      8.649e-01   
      13             19          2.870e+02      2.096e+00      1.011e-02      9.041e-01   
      14             20          2.825e+02      4.511e+00      1.152e-02      1.810e+00   
      15             21          2.691e+02      1.339e+01      1.900e-02      3.327e+00   
      16             23          2.506e+02      1.846e+01      5.249e-03      1.320e+00   
      17             25          2.458e+02      4.847e+00      5.609e-03      7.661e-01   
      18             26          2.407e+02      5.051e+00      9.118e-03      2.650e+00   
      19             27          2.317e+02      9.018e+00      1.002e-02      1.233e+00   
      20             29          2.291e+02      2.660e+00      3.640e-03      1.264e+00   
      21             30          2.241e+02      4.906e+00      9.454e-03      8.322e-01   
      22             31          2.229e+02      1.202e+00      1.129e-02      1.723e+00   
      23             32          2.207e+02      2.205e+00      1.106e-03      1.465e+00   
      24             33          2.191e+02      1.657e+00      1.827e-03      1.382e+00   
      25             34          2.171e+02      1.936e+00      7.640e-04      4.066e-01   
      26             36          2.168e+02      3.476e-01      5.934e-04      5.453e-01   
      27             37          2.162e+02      6.379e-01      1.760e-03      7.879e-01   
      28             38          2.149e+02      1.255e+00      4.325e-03      8.722e-01   
      29             39          2.124e+02      2.526e+00      6.124e-03      7.527e-01   
      30             40          2.092e+02      3.201e+00      6.953e-03      6.168e-01   
      31             42          2.077e+02      1.449e+00      3.918e-03      7.932e-01   
      32             45          2.074e+02      3.591e-01      4.353e-04      6.511e-01   
      33             46          2.069e+02      4.918e-01      3.380e-04      1.266e-01   
      34             47          2.068e+02      1.249e-01      5.489e-04      4.761e-01   
Optimization terminated successfully.
`ftol` condition satisfied. (ftol=1.00e-03)
         Current function value: 2.068e+02
         Total delta_x: 1.080e-01
         Iterations: 34
         Function evaluations: 47
         Jacobian evaluations: 35
Timer: Solution time = 2.13 min
Timer: Avg time per step = 3.65 sec
==============================================================================================================
                                                                 Start  -->   End
Total (sum of squares):                                      6.603e+02  -->   2.068e+02, 
Maximum absolute Quasi-symmetry (1,0) two-term error:        3.034e-01  -->   3.933e-02 (T^3)
Minimum absolute Quasi-symmetry (1,0) two-term error:        2.375e-05  -->   8.434e-06 (T^3)
Average absolute Quasi-symmetry (1,0) two-term error:        5.504e-02  -->   5.610e-03 (T^3)
Aspect ratio:                                                6.037e+00  -->   5.973e+00 (dimensionless)
Plasma volume:                                               5.420e-01  -->   5.981e-01 (m^3)
Maximum Rotational transform:                                2.750e-02  -->   1.810e-02 (dimensionless)
Minimum Rotational transform:                                2.745e-02  -->   1.782e-02 (dimensionless)
Average Rotational transform:                                2.749e-02  -->   1.795e-02 (dimensionless)
Maximum absolute Force error:                                6.082e-01  -->   2.854e-01 (N)
Minimum absolute Force error:                                3.191e-05  -->   3.034e-06 (N)
Average absolute Force error:                                5.827e-02  -->   4.566e-03 (N)
Maximum absolute Force error:                                2.953e-07  -->   1.385e-07 (normalized)
Minimum absolute Force error:                                1.549e-11  -->   1.473e-12 (normalized)
Average absolute Force error:                                2.829e-08  -->   2.217e-09 (normalized)
Cross-section R error:                                       0.000e+00  -->   0.000e+00 (m)
Cross-section Z error:                                       0.000e+00  -->   0.000e+00 (m)
Fixed pressure profile error:                                0.000e+00  -->   0.000e+00 (Pa)
Fixed current profile error:                                 0.000e+00  -->   0.000e+00 (A)
Fixed Psi error:                                             0.000e+00  -->   0.000e+00 (Wb)
==============================================================================================================

