/home/ye2698/DESC/desc/integrals/_interp_utils.py:19: UserWarning: 
jax-finufft is not installed.
If you want to use NUFFTs, follow the DESC installation instructions.
Otherwise you must set the parameter nufft_eps to zero
when computing effective ripple, Gamma_c, and any other
computations that involve bounce integrals.

  warnings.warn(
DESC version=0.15.0+424.gdbba9ba17.
Using JAX backend: jax version=0.6.2, jaxlib version=0.6.2, dtype=float64.
Using device: NVIDIA A100-PCIE-40GB (id=0), with 40.00 GB available memory.
Building objective: QS two-term
Precomputing transforms
Timer: Precomputing transforms = 341 ms
Building objective: aspect ratio
Precomputing transforms
Timer: Precomputing transforms = 40.3 ms
Building objective: volume
Precomputing transforms
Timer: Precomputing transforms = 39.7 ms
Building objective: rotational transform
Precomputing transforms
Timer: Precomputing transforms = 298 ms
Timer: Objective build = 808 ms
Building objective: force
Precomputing transforms
Timer: Precomputing transforms = 527 ms
Timer: Objective build = 851 ms
Timer: Objective build = 3.15 ms
Timer: Eq Update LinearConstraintProjection build = 2.25 sec
Timer: Proximal projection build = 10.2 sec
Building objective: fixed cross-section R
Building objective: fixed cross-section Z
Building objective: fixed pressure
Building objective: fixed current
Building objective: fixed Psi
Timer: Objective build = 282 ms
Timer: LinearConstraintProjection build = 838 ms
Number of parameters: 45
Number of objectives: 478
Timer: Initializing the optimization = 11.4 sec

Starting optimization
Using method: proximal-lsq-exact
Solver options:
------------------------------------------------------------
Maximum Function Evaluations       : 1251
Maximum Allowed Total Δx Norm      : inf
Scaled Termination                 : True
Trust Region Method                : qr
Initial Trust Radius               : 5.671e+02
Maximum Trust Radius               : inf
Minimum Trust Radius               : 2.220e-16
Trust Radius Increase Ratio        : 2.000e+00
Trust Radius Decrease Ratio        : 2.500e-01
Trust Radius Increase Threshold    : 7.500e-01
Trust Radius Decrease Threshold    : 2.500e-01
------------------------------------------------------------ 

   Iteration     Total nfev        Cost      Cost reduction    Step norm     Optimality   
       0              1          1.247e+04                                    7.614e+01   
       1              2          2.174e+03      1.030e+04      1.418e-01      2.174e+01   
       2              3          2.092e+03      8.138e+01      1.950e-01      4.486e+00   
       3              4          9.677e+02      1.125e+03      6.845e-02      1.163e+00   
       4              5          6.973e+02      2.704e+02      1.040e-01      8.714e-01   
       5              7          5.536e+02      1.436e+02      1.178e-01      2.437e-01   
       6              9          5.302e+02      2.343e+01      9.167e-02      2.899e-01   
       7             10          4.699e+02      6.029e+01      1.143e-02      1.824e-01   
       8             11          4.324e+02      3.757e+01      2.687e-02      1.720e-01   
       9             12          3.466e+02      8.574e+01      5.674e-02      1.665e-01   
      10             13          1.994e+02      1.472e+02      4.054e-02      1.914e-01   
      11             14          5.616e+01      1.432e+02      6.724e-02      5.134e-02   
      12             16          3.084e+01      2.532e+01      9.934e-02      2.347e-02   
      13             18          2.598e+01      4.858e+00      7.721e-02      6.026e-03   
      14             21          2.560e+01      3.800e-01      1.304e-02      4.454e-03   
      15             22          2.493e+01      6.640e-01      2.990e-02      7.264e-03   
      16             24          2.456e+01      3.724e-01      1.417e-02      8.381e-03   
      17             25          2.383e+01      7.298e-01      2.840e-02      1.093e-02   
      18             26          2.318e+01      6.536e-01      7.532e-02      2.269e-02   
      19             27          2.148e+01      1.695e+00      2.971e-02      1.429e-02   
      20             28          2.141e+01      7.202e-02      3.118e-02      6.549e-03   
      21             29          2.082e+01      5.871e-01      9.894e-03      5.722e-03   
      22             30          1.970e+01      1.128e+00      2.610e-02      5.880e-03   
      23             31          1.794e+01      1.755e+00      5.449e-02      1.382e-02   
      24             32          1.530e+01      2.639e+00      4.862e-02      2.511e-03   
      25             33          1.380e+01      1.498e+00      8.762e-02      8.879e-03   
      26             35          1.292e+01      8.866e-01      6.870e-02      8.020e-03   
      27             36          1.106e+01      1.859e+00      2.116e-02      1.534e-02   
      28             37          9.940e+00      1.118e+00      8.500e-02      2.180e-02   
      29             40          9.375e+00      5.650e-01      7.477e-02      1.295e-02   
      30             41          8.076e+00      1.300e+00      2.157e-02      1.714e-02   
      31             43          7.860e+00      2.157e-01      7.475e-03      1.173e-02   
      32             44          7.729e+00      1.305e-01      2.871e-03      1.141e-02   
      33             46          7.685e+00      4.472e-02      2.966e-03      3.970e-03   
      34             48          7.674e+00      1.068e-02      6.325e-04      3.036e-03   
      35             49          7.667e+00      6.699e-03      7.787e-04      2.304e-03   
Optimization terminated successfully.
`ftol` condition satisfied. (ftol=1.00e-03)
         Current function value: 7.667e+00
         Total delta_x: 4.253e-01
         Iterations: 35
         Function evaluations: 49
         Jacobian evaluations: 36
Timer: Solution time = 2.38 min
Timer: Avg time per step = 3.97 sec
==============================================================================================================
                                                                 Start  -->   End
Total (sum of squares):                                      1.241e+04  -->   7.667e+00, 
Maximum absolute Quasi-symmetry (1,0) two-term error:        3.034e-01  -->   4.759e-03 (T^3)
Minimum absolute Quasi-symmetry (1,0) two-term error:        2.375e-05  -->   9.959e-08 (T^3)
Average absolute Quasi-symmetry (1,0) two-term error:        5.504e-02  -->   6.811e-04 (T^3)
Aspect ratio:                                                6.037e+00  -->   3.714e+00 (dimensionless)
Plasma volume:                                               5.420e-01  -->   3.076e+00 (m^3)
Maximum Rotational transform:                                2.750e-02  -->   4.221e-01 (dimensionless)
Minimum Rotational transform:                                2.745e-02  -->   4.145e-01 (dimensionless)
Average Rotational transform:                                2.749e-02  -->   4.176e-01 (dimensionless)
Maximum absolute Force error:                                6.082e-01  -->   1.804e-01 (N)
Minimum absolute Force error:                                3.191e-05  -->   2.195e-06 (N)
Average absolute Force error:                                5.827e-02  -->   6.195e-03 (N)
Maximum absolute Force error:                                2.953e-07  -->   8.759e-08 (normalized)
Minimum absolute Force error:                                1.549e-11  -->   1.066e-12 (normalized)
Average absolute Force error:                                2.829e-08  -->   3.008e-09 (normalized)
Cross-section R error:                                       0.000e+00  -->   0.000e+00 (m)
Cross-section Z error:                                       0.000e+00  -->   0.000e+00 (m)
Fixed pressure profile error:                                0.000e+00  -->   0.000e+00 (Pa)
Fixed current profile error:                                 0.000e+00  -->   0.000e+00 (A)
Fixed Psi error:                                             0.000e+00  -->   0.000e+00 (Wb)
==============================================================================================================

