/home/ye2698/DESC/desc/integrals/_interp_utils.py:19: UserWarning: 
jax-finufft is not installed.
If you want to use NUFFTs, follow the DESC installation instructions.
Otherwise you must set the parameter nufft_eps to zero
when computing effective ripple, Gamma_c, and any other
computations that involve bounce integrals.

  warnings.warn(
DESC version=0.15.0+424.gdbba9ba17.
Using JAX backend: jax version=0.6.2, jaxlib version=0.6.2, dtype=float64.
Using device: NVIDIA A100-PCIE-40GB (id=0), with 40.00 GB available memory.
Building objective: QS two-term
Precomputing transforms
Timer: Precomputing transforms = 343 ms
Building objective: aspect ratio
Precomputing transforms
Timer: Precomputing transforms = 40.5 ms
Building objective: volume
Precomputing transforms
Timer: Precomputing transforms = 40.0 ms
Building objective: rotational transform
Precomputing transforms
Timer: Precomputing transforms = 303 ms
Timer: Objective build = 817 ms
Building objective: force
Precomputing transforms
Timer: Precomputing transforms = 530 ms
Timer: Objective build = 851 ms
Timer: Objective build = 3.06 ms
Timer: Eq Update LinearConstraintProjection build = 2.28 sec
Timer: Proximal projection build = 10.4 sec
Building objective: fixed cross-section R
Building objective: fixed cross-section Z
Building objective: fixed pressure
Building objective: fixed current
Building objective: fixed Psi
Timer: Objective build = 291 ms
Timer: LinearConstraintProjection build = 850 ms
Number of parameters: 45
Number of objectives: 478
Timer: Initializing the optimization = 11.6 sec

Starting optimization
Using method: proximal-lsq-exact
Solver options:
------------------------------------------------------------
Maximum Function Evaluations       : 1251
Maximum Allowed Total Δx Norm      : inf
Scaled Termination                 : True
Trust Region Method                : qr
Initial Trust Radius               : 5.681e+02
Maximum Trust Radius               : inf
Minimum Trust Radius               : 2.220e-16
Trust Radius Increase Ratio        : 2.000e+00
Trust Radius Decrease Ratio        : 2.500e-01
Trust Radius Increase Threshold    : 7.500e-01
Trust Radius Decrease Threshold    : 2.500e-01
------------------------------------------------------------ 

   Iteration     Total nfev        Cost      Cost reduction    Step norm     Optimality   
       0              1          1.174e+04                                    7.639e+01   
       1              4          9.452e+03      2.284e+03      4.228e-03      6.188e+01   
       2              5          7.464e+03      1.988e+03      9.133e-03      3.756e+01   
       3              6          6.546e+03      9.182e+02      9.886e-03      3.657e+01   
       4              7          5.343e+03      1.203e+03      9.232e-03      3.109e+01   
       5              8          4.017e+03      1.326e+03      2.026e-02      2.665e+01   
       6              9          2.548e+03      1.469e+03      2.896e-02      1.351e+01   
       7             11          2.199e+03      3.487e+02      1.710e-02      1.482e+01   
       8             12          1.852e+03      3.473e+02      1.906e-02      1.280e+01   
       9             13          1.717e+03      1.348e+02      4.285e-02      2.309e+01   
      10             14          1.199e+03      5.181e+02      9.480e-03      8.481e+00   
      11             15          1.025e+03      1.747e+02      2.206e-02      1.242e+01   
      12             16          8.108e+02      2.138e+02      3.910e-02      1.318e+01   
      13             17          5.549e+02      2.559e+02      3.846e-02      4.933e+00   
      14             18          4.404e+02      1.144e+02      4.137e-02      7.043e+00   
      15             19          3.033e+02      1.371e+02      3.814e-02      3.529e+00   
      16             20          2.809e+02      2.246e+01      3.641e-02      3.629e+00   
      17             21          1.951e+02      8.576e+01      6.162e-03      1.078e+00   
      18             22          1.703e+02      2.480e+01      1.491e-02      1.261e+00   
      19             23          1.474e+02      2.296e+01      1.792e-02      6.741e-01   
      20             24          1.452e+02      2.140e+00      3.875e-02      1.283e+00   
      21             25          1.220e+02      2.326e+01      8.715e-03      5.753e-01   
      22             26          1.087e+02      1.330e+01      1.932e-02      5.605e-01   
      23             28          1.016e+02      7.013e+00      1.128e-02      3.811e-01   
      24             29          9.765e+01      3.991e+00      1.883e-02      5.175e-01   
      25             30          8.934e+01      8.312e+00      1.874e-02      4.365e-01   
      26             31          8.332e+01      6.024e+00      1.767e-02      3.751e-01   
      27             32          7.697e+01      6.348e+00      1.744e-02      2.923e-01   
      28             33          7.065e+01      6.315e+00      1.784e-02      2.309e-01   
      29             35          6.635e+01      4.308e+00      8.772e-03      1.327e-01   
      30             36          6.474e+01      1.605e+00      1.800e-02      2.135e-01   
      31             37          6.053e+01      4.216e+00      1.947e-02      1.716e-01   
      32             39          5.762e+01      2.910e+00      9.028e-03      8.951e-02   
      33             40          5.612e+01      1.499e+00      1.862e-02      1.599e-01   
      34             41          5.355e+01      2.568e+00      1.840e-02      1.367e-01   
      35             42          5.113e+01      2.417e+00      1.732e-02      1.207e-01   
      36             43          5.106e+01      7.481e-02      3.236e-02      2.257e-01   
      37             44          4.668e+01      4.378e+00      4.858e-03      4.809e-02   
      38             45          4.557e+01      1.108e+00      1.327e-02      9.364e-02   
      39             46          4.478e+01      7.922e-01      1.474e-02      1.085e-01   
      40             47          4.379e+01      9.941e-01      1.443e-02      9.415e-02   
      41             48          4.287e+01      9.140e-01      1.476e-02      9.051e-02   
      42             49          4.194e+01      9.346e-01      1.534e-02      7.415e-02   
      43             50          4.130e+01      6.417e-01      1.540e-02      6.024e-02   
      44             51          4.084e+01      4.571e-01      1.452e-02      5.003e-02   
      45             52          4.050e+01      3.400e-01      1.361e-02      4.191e-02   
      46             53          4.026e+01      2.406e-01      1.264e-02      3.465e-02   
      47             54          4.007e+01      1.901e-01      1.038e-02      2.170e-02   
      48             55          3.987e+01      1.951e-01      5.617e-03      9.550e-03   
      49             57          3.980e+01      6.746e-02      1.195e-02      4.327e-02   
      50             58          3.966e+01      1.437e-01      1.291e-02      3.992e-02   
      51             60          3.956e+01      1.035e-01      8.639e-03      3.026e-02   
      52             62          3.950e+01      5.657e-02      4.819e-03      1.544e-02   
      53             63          3.949e+01      9.691e-03      7.891e-03      3.825e-02   
      54             64          3.942e+01      6.655e-02      2.511e-03      2.616e-03   
      55             65          3.942e+01      6.529e-03      4.472e-03      2.326e-02   
Optimization terminated successfully.
`ftol` condition satisfied. (ftol=1.00e-03)
         Current function value: 3.942e+01
         Total delta_x: 8.275e-01
         Iterations: 55
         Function evaluations: 65
         Jacobian evaluations: 56
Timer: Solution time = 2.66 min
Timer: Avg time per step = 2.85 sec
==============================================================================================================
                                                                 Start  -->   End
Total (sum of squares):                                      1.167e+04  -->   3.942e+01, 
Maximum absolute Quasi-symmetry (1,0) two-term error:        3.034e-01  -->   3.762e-03 (T^3)
Minimum absolute Quasi-symmetry (1,0) two-term error:        2.375e-05  -->   3.146e-06 (T^3)
Average absolute Quasi-symmetry (1,0) two-term error:        5.504e-02  -->   7.422e-04 (T^3)
Aspect ratio:                                                6.037e+00  -->   6.003e+00 (dimensionless)
Plasma volume:                                               5.420e-01  -->   3.178e+00 (m^3)
Maximum Rotational transform:                                2.750e-02  -->   7.452e-03 (dimensionless)
Minimum Rotational transform:                                2.745e-02  -->   6.538e-03 (dimensionless)
Average Rotational transform:                                2.749e-02  -->   7.213e-03 (dimensionless)
Maximum absolute Force error:                                6.082e-01  -->   2.083e-01 (N)
Minimum absolute Force error:                                3.191e-05  -->   3.608e-07 (N)
Average absolute Force error:                                5.827e-02  -->   2.692e-03 (N)
Maximum absolute Force error:                                2.953e-07  -->   1.011e-07 (normalized)
Minimum absolute Force error:                                1.549e-11  -->   1.752e-13 (normalized)
Average absolute Force error:                                2.829e-08  -->   1.307e-09 (normalized)
Cross-section R error:                                       0.000e+00  -->   0.000e+00 (m)
Cross-section Z error:                                       0.000e+00  -->   0.000e+00 (m)
Fixed pressure profile error:                                0.000e+00  -->   0.000e+00 (Pa)
Fixed current profile error:                                 0.000e+00  -->   0.000e+00 (A)
Fixed Psi error:                                             0.000e+00  -->   0.000e+00 (Wb)
==============================================================================================================

