/home/ye2698/DESC/desc/integrals/_interp_utils.py:19: UserWarning: 
jax-finufft is not installed.
If you want to use NUFFTs, follow the DESC installation instructions.
Otherwise you must set the parameter nufft_eps to zero
when computing effective ripple, Gamma_c, and any other
computations that involve bounce integrals.

  warnings.warn(
DESC version=0.15.0+424.gdbba9ba17.
Using JAX backend: jax version=0.6.2, jaxlib version=0.6.2, dtype=float64.
Using device: NVIDIA A100-PCIE-40GB (id=0), with 40.00 GB available memory.
Building objective: QS two-term
Precomputing transforms
Timer: Precomputing transforms = 340 ms
Building objective: aspect ratio
Precomputing transforms
Timer: Precomputing transforms = 40.0 ms
Building objective: volume
Precomputing transforms
Timer: Precomputing transforms = 39.7 ms
Building objective: rotational transform
Precomputing transforms
Timer: Precomputing transforms = 300 ms
Timer: Objective build = 810 ms
Building objective: force
Precomputing transforms
Timer: Precomputing transforms = 529 ms
Timer: Objective build = 854 ms
Timer: Objective build = 3.09 ms
Timer: Eq Update LinearConstraintProjection build = 2.26 sec
Timer: Proximal projection build = 10.2 sec
Building objective: fixed cross-section R
Building objective: fixed cross-section Z
Building objective: fixed pressure
Building objective: fixed current
Building objective: fixed Psi
Timer: Objective build = 288 ms
Timer: LinearConstraintProjection build = 849 ms
Number of parameters: 45
Number of objectives: 478
Timer: Initializing the optimization = 11.5 sec

Starting optimization
Using method: proximal-lsq-exact
Solver options:
------------------------------------------------------------
Maximum Function Evaluations       : 1251
Maximum Allowed Total Δx Norm      : inf
Scaled Termination                 : True
Trust Region Method                : qr
Initial Trust Radius               : 1.313e+02
Maximum Trust Radius               : inf
Minimum Trust Radius               : 2.220e-16
Trust Radius Increase Ratio        : 2.000e+00
Trust Radius Decrease Ratio        : 2.500e-01
Trust Radius Increase Threshold    : 7.500e-01
Trust Radius Decrease Threshold    : 2.500e-01
------------------------------------------------------------ 

   Iteration     Total nfev        Cost      Cost reduction    Step norm     Optimality   
       0              1          4.829e+02                                    1.554e+01   
       1              4          3.639e+02      1.190e+02      2.573e-03      7.973e+00   
       2              5          3.085e+02      5.548e+01      5.626e-03      5.023e+00   
       3              6          2.714e+02      3.703e+01      6.409e-03      4.296e+00   
       4              7          2.180e+02      5.344e+01      6.322e-03      2.284e+00   
       5              9          2.018e+02      1.620e+01      3.311e-03      3.074e+00   
       6             10          1.880e+02      1.376e+01      8.340e-03      4.484e+00   
       7             11          1.632e+02      2.485e+01      7.498e-03      3.904e+00   
       8             12          1.452e+02      1.799e+01      7.596e-03      3.767e+00   
       9             13          1.275e+02      1.763e+01      8.729e-03      3.011e+00   
      10             14          1.146e+02      1.293e+01      9.318e-03      2.617e+00   
      11             15          1.024e+02      1.217e+01      9.408e-03      2.337e+00   
      12             16          9.164e+01      1.080e+01      9.541e-03      2.152e+00   
      13             17          8.242e+01      9.226e+00      9.839e-03      2.036e+00   
      14             18          7.414e+01      8.280e+00      1.018e-02      1.867e+00   
      15             19          6.607e+01      8.068e+00      1.034e-02      1.615e+00   
      16             20          5.870e+01      7.365e+00      1.054e-02      1.382e+00   
      17             21          5.268e+01      6.026e+00      2.184e-02      1.993e+00   
      18             22          4.435e+01      8.330e+00      2.174e-02      1.652e+00   
      19             23          3.782e+01      6.533e+00      2.005e-02      1.396e+00   
      20             24          3.078e+01      7.038e+00      1.512e-02      1.237e+00   
      21             25          2.353e+01      7.252e+00      2.865e-02      8.758e-01   
      22             27          1.780e+01      5.723e+00      2.732e-03      8.010e-01   
      23             28          1.466e+01      3.142e+00      4.546e-03      1.558e+00   
      24             30          1.190e+01      2.765e+00      2.105e-03      3.777e-01   
      25             32          1.149e+01      4.074e-01      2.176e-03      2.084e-01   
      26             33          1.107e+01      4.175e-01      4.710e-03      2.712e-01   
      27             34          1.103e+01      4.561e-02      5.552e-03      9.468e-01   
      28             35          1.014e+01      8.858e-01      1.218e-03      2.983e-01   
      29             36          1.001e+01      1.283e-01      1.365e-03      2.527e-01   
      30             37          9.687e+00      3.249e-01      1.668e-03      1.094e-01   
      31             39          9.590e+00      9.646e-02      1.690e-03      6.580e-02   
      32             40          9.504e+00      8.647e-02      1.221e-03      6.956e-02   
      33             41          9.407e+00      9.653e-02      2.534e-03      3.620e-02   
      34             43          9.372e+00      3.547e-02      1.425e-03      6.798e-02   
      35             44          9.331e+00      4.056e-02      8.971e-04      6.275e-02   
      36             45          9.310e+00      2.129e-02      1.478e-03      2.851e-02   
      37             46          9.292e+00      1.768e-02      3.097e-03      8.804e-02   
      38             47          9.282e+00      1.064e-02      3.741e-03      1.226e-01   
      39             48          9.274e+00      7.435e-03      3.950e-03      1.454e-01   
      40             49          9.243e+00      3.095e-02      9.871e-04      5.102e-03   
      41             51          9.241e+00      1.777e-03      4.852e-04      2.438e-02   
Optimization terminated successfully.
`ftol` condition satisfied. (ftol=1.00e-03)
         Current function value: 9.241e+00
         Total delta_x: 2.280e-01
         Iterations: 41
         Function evaluations: 51
         Jacobian evaluations: 42
Timer: Solution time = 2.14 min
Timer: Avg time per step = 3.05 sec
==============================================================================================================
                                                                 Start  -->   End
Total (sum of squares):                                      4.803e+02  -->   9.241e+00, 
Maximum absolute Quasi-symmetry (1,0) two-term error:        3.034e-01  -->   8.756e-03 (T^3)
Minimum absolute Quasi-symmetry (1,0) two-term error:        2.375e-05  -->   6.944e-06 (T^3)
Average absolute Quasi-symmetry (1,0) two-term error:        5.504e-02  -->   1.176e-03 (T^3)
Aspect ratio:                                                6.037e+00  -->   6.000e+00 (dimensionless)
Plasma volume:                                               5.420e-01  -->   1.295e+00 (m^3)
Maximum Rotational transform:                                2.750e-02  -->   9.394e-04 (dimensionless)
Minimum Rotational transform:                                2.745e-02  -->   7.658e-04 (dimensionless)
Average Rotational transform:                                2.749e-02  -->   8.091e-04 (dimensionless)
Maximum absolute Force error:                                6.082e-01  -->   3.185e-01 (N)
Minimum absolute Force error:                                3.191e-05  -->   2.078e-07 (N)
Average absolute Force error:                                5.827e-02  -->   5.047e-03 (N)
Maximum absolute Force error:                                2.953e-07  -->   1.546e-07 (normalized)
Minimum absolute Force error:                                1.549e-11  -->   1.009e-13 (normalized)
Average absolute Force error:                                2.829e-08  -->   2.450e-09 (normalized)
Cross-section R error:                                       0.000e+00  -->   0.000e+00 (m)
Cross-section Z error:                                       0.000e+00  -->   0.000e+00 (m)
Fixed pressure profile error:                                0.000e+00  -->   0.000e+00 (Pa)
Fixed current profile error:                                 0.000e+00  -->   0.000e+00 (A)
Fixed Psi error:                                             0.000e+00  -->   0.000e+00 (Wb)
==============================================================================================================

