/home/ye2698/DESC/desc/integrals/_interp_utils.py:19: UserWarning: 
jax-finufft is not installed.
If you want to use NUFFTs, follow the DESC installation instructions.
Otherwise you must set the parameter nufft_eps to zero
when computing effective ripple, Gamma_c, and any other
computations that involve bounce integrals.

  warnings.warn(
DESC version=0.15.0+424.gdbba9ba17.
Using JAX backend: jax version=0.6.2, jaxlib version=0.6.2, dtype=float64.
Using device: NVIDIA A100-PCIE-40GB (id=0), with 40.00 GB available memory.
Building objective: QS two-term
Precomputing transforms
Timer: Precomputing transforms = 340 ms
Building objective: aspect ratio
Precomputing transforms
Timer: Precomputing transforms = 40.7 ms
Building objective: volume
Precomputing transforms
Timer: Precomputing transforms = 40.4 ms
Building objective: rotational transform
Precomputing transforms
Timer: Precomputing transforms = 299 ms
Timer: Objective build = 809 ms
Building objective: force
Precomputing transforms
Timer: Precomputing transforms = 529 ms
Timer: Objective build = 850 ms
Timer: Objective build = 2.97 ms
Timer: Eq Update LinearConstraintProjection build = 2.24 sec
Timer: Proximal projection build = 10.2 sec
Building objective: fixed cross-section R
Building objective: fixed cross-section Z
Building objective: fixed pressure
Building objective: fixed current
Building objective: fixed Psi
Timer: Objective build = 282 ms
Timer: LinearConstraintProjection build = 829 ms
Number of parameters: 45
Number of objectives: 478
Timer: Initializing the optimization = 11.4 sec

Starting optimization
Using method: proximal-lsq-exact
Solver options:
------------------------------------------------------------
Maximum Function Evaluations       : 1251
Maximum Allowed Total Δx Norm      : inf
Scaled Termination                 : True
Trust Region Method                : qr
Initial Trust Radius               : 1.135e+02
Maximum Trust Radius               : inf
Minimum Trust Radius               : 2.220e-16
Trust Radius Increase Ratio        : 2.000e+00
Trust Radius Decrease Ratio        : 2.500e-01
Trust Radius Increase Threshold    : 7.500e-01
Trust Radius Decrease Threshold    : 2.500e-01
------------------------------------------------------------ 

   Iteration     Total nfev        Cost      Cost reduction    Step norm     Optimality   
       0              1          5.010e+02                                    1.528e+01   
       1              4          4.087e+02      9.235e+01      4.329e-03      1.251e+01   
       2              5          3.287e+02      8.000e+01      9.020e-03      7.564e+00   
       3              6          2.905e+02      3.814e+01      9.106e-03      6.870e+00   
       4              7          2.429e+02      4.762e+01      7.222e-03      5.197e+00   
       5              8          1.849e+02      5.799e+01      9.959e-03      3.314e+00   
       6             10          1.682e+02      1.674e+01      4.430e-03      3.189e+00   
       7             11          1.658e+02      2.396e+00      1.097e-02      3.024e+00   
       8             12          1.554e+02      1.039e+01      8.081e-04      2.271e+00   
       9             13          1.427e+02      1.271e+01      2.674e-03      1.209e+00   
      10             14          1.324e+02      1.026e+01      1.078e-02      9.908e-01   
      11             15          1.241e+02      8.347e+00      1.727e-02      1.494e+00   
      12             16          1.197e+02      4.365e+00      2.285e-02      2.547e+00   
      13             17          1.130e+02      6.746e+00      2.119e-02      2.342e+00   
      14             18          1.061e+02      6.859e+00      2.172e-02      1.952e+00   
      15             19          1.007e+02      5.376e+00      2.394e-02      1.713e+00   
      16             20          9.577e+01      4.959e+00      2.538e-02      1.496e+00   
      17             21          9.077e+01      4.999e+00      2.583e-02      1.541e+00   
      18             22          8.518e+01      5.590e+00      2.524e-02      1.590e+00   
      19             23          8.023e+01      4.956e+00      2.518e-02      1.468e+00   
      20             24          7.604e+01      4.186e+00      2.553e-02      1.340e+00   
      21             25          7.235e+01      3.690e+00      2.443e-02      9.967e-01   
      22             26          6.885e+01      3.505e+00      1.987e-02      5.548e-01   
      23             27          6.585e+01      2.994e+00      1.565e-02      3.508e-01   
      24             28          6.353e+01      2.327e+00      1.397e-02      2.691e-01   
      25             29          6.169e+01      1.833e+00      1.374e-02      2.739e-01   
      26             30          6.015e+01      1.549e+00      1.288e-02      2.498e-01   
      27             31          5.871e+01      1.436e+00      1.121e-02      2.247e-01   
      28             32          5.730e+01      1.412e+00      1.017e-02      2.263e-01   
      29             33          5.588e+01      1.422e+00      9.242e-03      2.028e-01   
      30             34          5.389e+01      1.984e+00      1.631e-02      2.737e-01   
      31             35          5.168e+01      2.207e+00      1.538e-02      2.527e-01   
      32             36          5.092e+01      7.611e-01      1.774e-02      5.670e-01   
      33             37          4.699e+01      3.931e+00      9.519e-04      6.384e-02   
      34             38          4.631e+01      6.868e-01      1.371e-02      3.172e-01   
      35             39          4.524e+01      1.064e+00      7.198e-03      3.233e-01   
      36             40          4.415e+01      1.087e+00      9.579e-03      8.941e-02   
      37             41          4.336e+01      7.948e-01      1.606e-02      1.531e-01   
      38             43          4.283e+01      5.312e-01      1.052e-03      2.105e-02   
      39             44          4.225e+01      5.786e-01      3.473e-03      6.477e-02   
      40             46          4.195e+01      3.029e-01      2.470e-03      5.521e-02   
      41             48          4.178e+01      1.698e-01      7.186e-04      1.785e-02   
      42             49          4.155e+01      2.287e-01      1.213e-03      7.062e-02   
      43             50          4.134e+01      2.084e-01      4.550e-03      1.014e-01   
      44             51          4.101e+01      3.300e-01      5.758e-03      1.960e-01   
      45             53          4.080e+01      2.043e-01      4.973e-03      7.705e-02   
      46             55          4.073e+01      7.918e-02      2.296e-03      7.004e-02   
      47             56          4.067e+01      5.541e-02      4.247e-03      2.780e-01   
      48             57          4.050e+01      1.673e-01      4.466e-03      1.951e-01   
      49             59          4.042e+01      8.684e-02      2.011e-03      8.508e-02   
      50             60          4.040e+01      1.843e-02      3.843e-03      3.747e-01   
      51             61          4.026e+01      1.356e-01      1.782e-03      6.886e-02   
      52             62          4.025e+01      1.348e-02      1.645e-03      2.439e-01   
      53             63          4.019e+01      5.967e-02      1.181e-03      4.763e-02   
      54             64          4.017e+01      1.753e-02      8.460e-04      1.351e-01   
Optimization terminated successfully.
`ftol` condition satisfied. (ftol=1.00e-03)
         Current function value: 4.017e+01
         Total delta_x: 4.219e-01
         Iterations: 54
         Function evaluations: 64
         Jacobian evaluations: 55
Timer: Solution time = 2.64 min
Timer: Avg time per step = 2.88 sec
==============================================================================================================
                                                                 Start  -->   End
Total (sum of squares):                                      4.985e+02  -->   4.017e+01, 
Maximum absolute Quasi-symmetry (1,0) two-term error:        3.034e-01  -->   2.354e-02 (T^3)
Minimum absolute Quasi-symmetry (1,0) two-term error:        2.375e-05  -->   6.638e-06 (T^3)
Average absolute Quasi-symmetry (1,0) two-term error:        5.504e-02  -->   3.059e-03 (T^3)
Aspect ratio:                                                6.037e+00  -->   3.258e+00 (dimensionless)
Plasma volume:                                               5.420e-01  -->   5.876e-01 (m^3)
Maximum Rotational transform:                                2.750e-02  -->   6.695e-04 (dimensionless)
Minimum Rotational transform:                                2.745e-02  -->   4.393e-04 (dimensionless)
Average Rotational transform:                                2.749e-02  -->   5.458e-04 (dimensionless)
Maximum absolute Force error:                                6.082e-01  -->   2.497e-01 (N)
Minimum absolute Force error:                                3.191e-05  -->   7.125e-08 (N)
Average absolute Force error:                                5.827e-02  -->   3.512e-03 (N)
Maximum absolute Force error:                                2.953e-07  -->   1.212e-07 (normalized)
Minimum absolute Force error:                                1.549e-11  -->   3.459e-14 (normalized)
Average absolute Force error:                                2.829e-08  -->   1.705e-09 (normalized)
Cross-section R error:                                       0.000e+00  -->   0.000e+00 (m)
Cross-section Z error:                                       0.000e+00  -->   0.000e+00 (m)
Fixed pressure profile error:                                0.000e+00  -->   0.000e+00 (Pa)
Fixed current profile error:                                 0.000e+00  -->   0.000e+00 (A)
Fixed Psi error:                                             0.000e+00  -->   0.000e+00 (Wb)
==============================================================================================================

