/home/ye2698/DESC/desc/integrals/_interp_utils.py:19: UserWarning: 
jax-finufft is not installed.
If you want to use NUFFTs, follow the DESC installation instructions.
Otherwise you must set the parameter nufft_eps to zero
when computing effective ripple, Gamma_c, and any other
computations that involve bounce integrals.

  warnings.warn(
DESC version=0.15.0+424.gdbba9ba17.
Using JAX backend: jax version=0.6.2, jaxlib version=0.6.2, dtype=float64.
Using device: NVIDIA A100-PCIE-40GB (id=0), with 40.00 GB available memory.
Building objective: QS two-term
Precomputing transforms
Timer: Precomputing transforms = 338 ms
Building objective: aspect ratio
Precomputing transforms
Timer: Precomputing transforms = 39.7 ms
Building objective: volume
Precomputing transforms
Timer: Precomputing transforms = 39.9 ms
Building objective: rotational transform
Precomputing transforms
Timer: Precomputing transforms = 295 ms
Timer: Objective build = 801 ms
Building objective: force
Precomputing transforms
Timer: Precomputing transforms = 526 ms
Timer: Objective build = 840 ms
Timer: Objective build = 2.96 ms
Timer: Eq Update LinearConstraintProjection build = 2.24 sec
Timer: Proximal projection build = 10.2 sec
Building objective: fixed cross-section R
Building objective: fixed cross-section Z
Building objective: fixed pressure
Building objective: fixed current
Building objective: fixed Psi
Timer: Objective build = 288 ms
Timer: LinearConstraintProjection build = 844 ms
Number of parameters: 45
Number of objectives: 478
Timer: Initializing the optimization = 11.4 sec

Starting optimization
Using method: proximal-lsq-exact
Solver options:
------------------------------------------------------------
Maximum Function Evaluations       : 1251
Maximum Allowed Total Δx Norm      : inf
Scaled Termination                 : True
Trust Region Method                : qr
Initial Trust Radius               : 1.135e+02
Maximum Trust Radius               : inf
Minimum Trust Radius               : 2.220e-16
Trust Radius Increase Ratio        : 2.000e+00
Trust Radius Decrease Ratio        : 2.500e-01
Trust Radius Increase Threshold    : 7.500e-01
Trust Radius Decrease Threshold    : 2.500e-01
------------------------------------------------------------ 

   Iteration     Total nfev        Cost      Cost reduction    Step norm     Optimality   
       0              1          6.628e+02                                    1.502e+01   
       1              4          5.733e+02      8.953e+01      4.445e-03      1.251e+01   
       2              5          4.938e+02      7.951e+01      9.239e-03      7.677e+00   
       3              6          4.542e+02      3.958e+01      9.634e-03      6.876e+00   
       4              7          4.063e+02      4.784e+01      7.441e-03      5.199e+00   
       5              8          3.467e+02      5.966e+01      9.777e-03      2.642e+00   
       6             10          3.301e+02      1.657e+01      4.040e-03      2.939e+00   
       7             11          3.164e+02      1.372e+01      3.757e-03      1.821e+00   
       8             12          3.081e+02      8.247e+00      1.379e-02      1.575e+00   
       9             13          3.023e+02      5.837e+00      1.843e-02      1.841e+00   
      10             14          2.963e+02      5.987e+00      2.323e-02      1.774e+00   
      11             15          2.902e+02      6.132e+00      2.385e-02      1.589e+00   
      12             16          2.837e+02      6.534e+00      2.385e-02      1.195e+00   
      13             17          2.777e+02      5.999e+00      2.170e-02      1.397e+00   
      14             18          2.766e+02      1.078e+00      2.055e-02      1.332e+00   
      15             19          2.729e+02      3.653e+00      1.702e-03      8.168e-01   
      16             20          2.708e+02      2.109e+00      5.063e-03      5.755e-01   
      17             21          2.691e+02      1.664e+00      4.243e-03      4.765e-01   
      18             22          2.676e+02      1.594e+00      3.252e-03      4.325e-01   
      19             23          2.660e+02      1.564e+00      2.426e-03      4.083e-01   
      20             24          2.632e+02      2.827e+00      6.783e-03      6.103e-01   
      21             25          2.616e+02      1.606e+00      2.616e-02      1.067e+00   
      22             26          2.586e+02      2.947e+00      3.769e-02      7.160e-01   
      23             28          2.550e+02      3.600e+00      7.843e-03      8.758e-01   
      24             29          2.513e+02      3.674e+00      5.836e-03      5.256e-01   
      25             30          2.482e+02      3.164e+00      1.554e-02      1.116e+00   
      26             31          2.460e+02      2.165e+00      2.251e-02      6.866e-01   
      27             32          2.429e+02      3.086e+00      1.336e-02      5.744e-01   
      28             33          2.366e+02      6.359e+00      1.805e-02      4.465e-01   
      29             35          2.343e+02      2.234e+00      1.560e-02      1.013e+00   
      30             36          2.319e+02      2.396e+00      2.031e-02      1.259e+00   
      31             37          2.298e+02      2.146e+00      2.270e-02      5.848e-01   
      32             38          2.284e+02      1.431e+00      1.914e-02      1.386e-01   
      33             39          2.281e+02      2.923e-01      2.153e-02      1.113e+00   
      34             40          2.267e+02      1.370e+00      8.385e-03      9.297e-02   
      35             41          2.259e+02      8.051e-01      7.509e-03      1.034e-01   
      36             43          2.257e+02      2.039e-01      4.902e-03      7.369e-02   
Optimization terminated successfully.
`ftol` condition satisfied. (ftol=1.00e-03)
         Current function value: 2.257e+02
         Total delta_x: 4.071e-01
         Iterations: 36
         Function evaluations: 43
         Jacobian evaluations: 37
Timer: Solution time = 1.94 min
Timer: Avg time per step = 3.15 sec
==============================================================================================================
                                                                 Start  -->   End
Total (sum of squares):                                      6.603e+02  -->   2.257e+02, 
Maximum absolute Quasi-symmetry (1,0) two-term error:        3.034e-01  -->   4.497e-02 (T^3)
Minimum absolute Quasi-symmetry (1,0) two-term error:        2.375e-05  -->   8.233e-06 (T^3)
Average absolute Quasi-symmetry (1,0) two-term error:        5.504e-02  -->   4.017e-03 (T^3)
Aspect ratio:                                                6.037e+00  -->   3.317e+00 (dimensionless)
Plasma volume:                                               5.420e-01  -->   5.867e-01 (m^3)
Maximum Rotational transform:                                2.750e-02  -->   9.323e-04 (dimensionless)
Minimum Rotational transform:                                2.745e-02  -->   6.859e-04 (dimensionless)
Average Rotational transform:                                2.749e-02  -->   7.794e-04 (dimensionless)
Maximum absolute Force error:                                6.082e-01  -->   7.427e-02 (N)
Minimum absolute Force error:                                3.191e-05  -->   1.263e-07 (N)
Average absolute Force error:                                5.827e-02  -->   2.397e-03 (N)
Maximum absolute Force error:                                2.953e-07  -->   3.606e-08 (normalized)
Minimum absolute Force error:                                1.549e-11  -->   6.133e-14 (normalized)
Average absolute Force error:                                2.829e-08  -->   1.164e-09 (normalized)
Cross-section R error:                                       0.000e+00  -->   0.000e+00 (m)
Cross-section Z error:                                       0.000e+00  -->   0.000e+00 (m)
Fixed pressure profile error:                                0.000e+00  -->   0.000e+00 (Pa)
Fixed current profile error:                                 0.000e+00  -->   0.000e+00 (A)
Fixed Psi error:                                             0.000e+00  -->   0.000e+00 (Wb)
==============================================================================================================

