/home/ye2698/DESC/desc/integrals/_interp_utils.py:19: UserWarning: 
jax-finufft is not installed.
If you want to use NUFFTs, follow the DESC installation instructions.
Otherwise you must set the parameter nufft_eps to zero
when computing effective ripple, Gamma_c, and any other
computations that involve bounce integrals.

  warnings.warn(
DESC version=0.15.0+424.gdbba9ba17.
Using JAX backend: jax version=0.6.2, jaxlib version=0.6.2, dtype=float64.
Using device: NVIDIA A100-PCIE-40GB (id=0), with 40.00 GB available memory.
Building objective: QS two-term
Precomputing transforms
Timer: Precomputing transforms = 339 ms
Building objective: aspect ratio
Precomputing transforms
Timer: Precomputing transforms = 40.1 ms
Building objective: volume
Precomputing transforms
Timer: Precomputing transforms = 39.8 ms
Building objective: rotational transform
Precomputing transforms
Timer: Precomputing transforms = 296 ms
Timer: Objective build = 805 ms
Building objective: force
Precomputing transforms
Timer: Precomputing transforms = 527 ms
Timer: Objective build = 846 ms
Timer: Objective build = 2.98 ms
Timer: Eq Update LinearConstraintProjection build = 2.24 sec
Timer: Proximal projection build = 10.2 sec
Building objective: fixed cross-section R
Building objective: fixed cross-section Z
Building objective: fixed pressure
Building objective: fixed current
Building objective: fixed Psi
Timer: Objective build = 283 ms
Timer: LinearConstraintProjection build = 835 ms
Number of parameters: 45
Number of objectives: 478
Timer: Initializing the optimization = 11.4 sec

Starting optimization
Using method: proximal-lsq-exact
Solver options:
------------------------------------------------------------
Maximum Function Evaluations       : 1251
Maximum Allowed Total Δx Norm      : inf
Scaled Termination                 : True
Trust Region Method                : qr
Initial Trust Radius               : 1.137e+02
Maximum Trust Radius               : inf
Minimum Trust Radius               : 2.220e-16
Trust Radius Increase Ratio        : 2.000e+00
Trust Radius Decrease Ratio        : 2.500e-01
Trust Radius Increase Threshold    : 7.500e-01
Trust Radius Decrease Threshold    : 2.500e-01
------------------------------------------------------------ 

   Iteration     Total nfev        Cost      Cost reduction    Step norm     Optimality   
       0              1          5.011e+02                                    1.528e+01   
       1              4          4.087e+02      9.239e+01      4.283e-03      1.238e+01   
       2              5          3.286e+02      8.010e+01      9.145e-03      7.328e+00   
       3              6          2.923e+02      3.628e+01      9.645e-03      6.800e+00   
       4              7          2.485e+02      4.382e+01      8.267e-03      5.261e+00   
       5              8          2.222e+02      2.632e+01      7.724e-03      3.325e+00   
       6              9          1.913e+02      3.089e+01      1.087e-02      1.532e+00   
       7             10          1.590e+02      3.228e+01      1.072e-02      9.009e-01   
       8             11          1.345e+02      2.453e+01      1.023e-02      1.711e+00   
       9             14          1.254e+02      9.128e+00      5.252e-03      1.724e+00   
      10             15          1.169e+02      8.443e+00      1.081e-02      8.503e-01   
      11             17          1.144e+02      2.485e+00      7.191e-03      1.610e+00   
      12             18          1.101e+02      4.352e+00      6.674e-03      8.899e-01   
      13             19          1.057e+02      4.384e+00      7.497e-03      1.351e+00   
      14             20          1.023e+02      3.438e+00      6.330e-03      1.157e+00   
      15             21          9.607e+01      6.185e+00      1.069e-02      1.275e+00   
      16             22          8.261e+01      1.347e+01      1.962e-02      3.050e+00   
      17             24          6.928e+01      1.333e+01      7.387e-03      8.989e-01   
      18             25          5.563e+01      1.365e+01      1.662e-02      8.298e-01   
      19             27          5.061e+01      5.019e+00      6.216e-03      1.023e+00   
      20             29          4.785e+01      2.762e+00      1.665e-03      4.387e-01   
      21             30          4.604e+01      1.805e+00      2.625e-03      1.314e+00   
      22             31          4.291e+01      3.128e+00      1.632e-03      9.898e-01   
      23             34          4.227e+01      6.490e-01      1.834e-04      4.218e-01   
      24             35          4.183e+01      4.359e-01      1.194e-03      5.363e-01   
      25             37          4.148e+01      3.538e-01      3.882e-04      1.648e-01   
      26             38          4.131e+01      1.659e-01      9.654e-04      8.665e-01   
      27             39          4.064e+01      6.658e-01      7.506e-04      3.593e-01   
      28             41          4.045e+01      1.938e-01      6.355e-04      3.196e-01   
      29             42          4.034e+01      1.059e-01      1.450e-03      7.433e-01   
      30             43          4.000e+01      3.448e-01      1.816e-03      6.489e-01   
      31             44          3.980e+01      2.025e-01      1.896e-03      7.388e-01   
      32             45          3.952e+01      2.792e-01      1.910e-03      6.820e-01   
      33             46          3.924e+01      2.736e-01      1.749e-03      6.156e-01   
      34             47          3.895e+01      2.944e-01      1.470e-03      4.768e-01   
      35             48          3.868e+01      2.699e-01      1.097e-03      3.500e-01   
      36             49          3.831e+01      3.721e-01      7.083e-04      3.359e-01   
      37             50          3.807e+01      2.409e-01      6.732e-04      6.142e-01   
      38             52          3.765e+01      4.216e-01      6.431e-04      1.474e-01   
      39             53          3.749e+01      1.548e-01      8.769e-04      3.948e-01   
      40             54          3.725e+01      2.365e-01      8.708e-04      4.218e-01   
      41             56          3.707e+01      1.860e-01      2.658e-04      7.707e-02   
      42             58          3.705e+01      2.256e-02      4.310e-05      1.267e-01   
Optimization terminated successfully.
`ftol` condition satisfied. (ftol=1.00e-03)
         Current function value: 3.705e+01
         Total delta_x: 7.369e-02
         Iterations: 42
         Function evaluations: 58
         Jacobian evaluations: 43
Timer: Solution time = 2.42 min
Timer: Avg time per step = 3.37 sec
==============================================================================================================
                                                                 Start  -->   End
Total (sum of squares):                                      4.986e+02  -->   3.705e+01, 
Maximum absolute Quasi-symmetry (1,0) two-term error:        3.034e-01  -->   3.011e-02 (T^3)
Minimum absolute Quasi-symmetry (1,0) two-term error:        2.375e-05  -->   5.068e-06 (T^3)
Average absolute Quasi-symmetry (1,0) two-term error:        5.504e-02  -->   3.696e-03 (T^3)
Aspect ratio:                                                6.037e+00  -->   5.979e+00 (dimensionless)
Plasma volume:                                               5.420e-01  -->   5.888e-01 (m^3)
Maximum Rotational transform:                                2.750e-02  -->   8.424e-04 (dimensionless)
Minimum Rotational transform:                                2.745e-02  -->   8.087e-04 (dimensionless)
Average Rotational transform:                                2.749e-02  -->   8.265e-04 (dimensionless)
Maximum absolute Force error:                                6.082e-01  -->   2.795e-01 (N)
Minimum absolute Force error:                                3.191e-05  -->   2.509e-07 (N)
Average absolute Force error:                                5.827e-02  -->   4.089e-03 (N)
Maximum absolute Force error:                                2.953e-07  -->   1.357e-07 (normalized)
Minimum absolute Force error:                                1.549e-11  -->   1.218e-13 (normalized)
Average absolute Force error:                                2.829e-08  -->   1.985e-09 (normalized)
Cross-section R error:                                       0.000e+00  -->   0.000e+00 (m)
Cross-section Z error:                                       0.000e+00  -->   0.000e+00 (m)
Fixed pressure profile error:                                0.000e+00  -->   0.000e+00 (Pa)
Fixed current profile error:                                 0.000e+00  -->   0.000e+00 (A)
Fixed Psi error:                                             0.000e+00  -->   0.000e+00 (Wb)
==============================================================================================================

