/home/ye2698/DESC/desc/integrals/_interp_utils.py:19: UserWarning: 
jax-finufft is not installed.
If you want to use NUFFTs, follow the DESC installation instructions.
Otherwise you must set the parameter nufft_eps to zero
when computing effective ripple, Gamma_c, and any other
computations that involve bounce integrals.

  warnings.warn(
DESC version=0.15.0+424.gdbba9ba17.
Using JAX backend: jax version=0.6.2, jaxlib version=0.6.2, dtype=float64.
Using device: NVIDIA A100-PCIE-40GB (id=0), with 40.00 GB available memory.
Building objective: QS two-term
Precomputing transforms
Timer: Precomputing transforms = 339 ms
Building objective: aspect ratio
Precomputing transforms
Timer: Precomputing transforms = 40.2 ms
Building objective: volume
Precomputing transforms
Timer: Precomputing transforms = 40.3 ms
Building objective: rotational transform
Precomputing transforms
Timer: Precomputing transforms = 296 ms
Timer: Objective build = 803 ms
Building objective: force
Precomputing transforms
Timer: Precomputing transforms = 525 ms
Timer: Objective build = 840 ms
Timer: Objective build = 3.09 ms
Timer: Eq Update LinearConstraintProjection build = 2.23 sec
Timer: Proximal projection build = 10.1 sec
Building objective: fixed cross-section R
Building objective: fixed cross-section Z
Building objective: fixed pressure
Building objective: fixed current
Building objective: fixed Psi
Timer: Objective build = 280 ms
Timer: LinearConstraintProjection build = 827 ms
Number of parameters: 45
Number of objectives: 478
Timer: Initializing the optimization = 11.3 sec

Starting optimization
Using method: proximal-lsq-exact
Solver options:
------------------------------------------------------------
Maximum Function Evaluations       : 1251
Maximum Allowed Total Δx Norm      : inf
Scaled Termination                 : True
Trust Region Method                : qr
Initial Trust Radius               : 1.317e+02
Maximum Trust Radius               : inf
Minimum Trust Radius               : 2.220e-16
Trust Radius Increase Ratio        : 2.000e+00
Trust Radius Decrease Ratio        : 2.500e-01
Trust Radius Increase Threshold    : 7.500e-01
Trust Radius Decrease Threshold    : 2.500e-01
------------------------------------------------------------ 

   Iteration     Total nfev        Cost      Cost reduction    Step norm     Optimality   
       0              1          4.912e+02                                    1.575e+01   
       1              4          3.670e+02      1.242e+02      2.649e-03      8.240e+00   
       2              5          3.075e+02      5.957e+01      5.671e-03      4.732e+00   
       3              6          2.670e+02      4.050e+01      6.275e-03      4.070e+00   
       4              7          2.191e+02      4.785e+01      5.733e-03      1.913e+00   
       5              8          1.955e+02      2.357e+01      1.458e-02      5.966e+00   
       6              9          1.740e+02      2.151e+01      2.907e-03      4.440e+00   
       7             10          1.269e+02      4.711e+01      7.064e-03      3.544e+00   
       8             12          1.083e+02      1.867e+01      7.096e-03      2.101e+00   
       9             13          8.810e+01      2.015e+01      7.671e-03      1.526e+00   
      10             15          7.811e+01      9.992e+00      4.138e-03      1.000e+00   
      11             16          6.438e+01      1.373e+01      9.761e-03      8.368e-01   
      12             17          5.350e+01      1.088e+01      1.845e-02      3.243e+00   
      13             19          4.186e+01      1.164e+01      8.000e-03      1.142e+00   
      14             21          3.819e+01      3.670e+00      5.123e-03      1.053e+00   
      15             22          3.175e+01      6.444e+00      8.681e-03      1.331e+00   
      16             23          2.552e+01      6.227e+00      1.068e-02      2.589e+00   
      17             25          2.331e+01      2.214e+00      6.493e-03      2.494e+00   
      18             26          1.799e+01      5.314e+00      6.147e-03      2.045e+00   
      19             28          1.542e+01      2.574e+00      1.559e-03      5.165e-01   
      20             29          1.492e+01      4.943e-01      2.692e-03      6.838e-01   
      21             30          1.407e+01      8.558e-01      1.726e-03      3.583e-01   
      22             31          1.326e+01      8.044e-01      2.266e-03      3.484e-01   
      23             33          1.288e+01      3.865e-01      3.040e-04      8.802e-02   
      24             34          1.287e+01      1.014e-02      2.487e-04      8.154e-01   
      25             35          1.249e+01      3.776e-01      1.363e-04      2.250e-01   
      26             36          1.235e+01      1.372e-01      1.951e-04      4.561e-01   
      27             37          1.208e+01      2.667e-01      1.735e-04      1.211e-01   
      28             38          1.184e+01      2.473e-01      4.773e-04      4.563e-01   
      29             39          1.148e+01      3.585e-01      4.822e-04      5.297e-02   
      30             41          1.135e+01      1.248e-01      3.027e-04      9.839e-02   
      31             42          1.114e+01      2.145e-01      4.971e-04      1.005e-01   
      32             43          1.076e+01      3.818e-01      1.151e-03      2.692e-01   
      33             44          1.042e+01      3.417e-01      2.817e-03      3.320e-01   
      34             46          1.006e+01      3.568e-01      1.455e-03      1.568e-01   
      35             47          9.907e+00      1.522e-01      8.962e-04      1.981e-01   
      36             48          9.808e+00      9.966e-02      8.939e-04      5.496e-01   
      37             49          9.569e+00      2.390e-01      5.002e-04      2.328e-01   
      38             51          9.458e+00      1.109e-01      2.717e-04      5.589e-02   
      39             52          9.418e+00      3.980e-02      5.844e-04      1.335e-01   
      40             53          9.372e+00      4.537e-02      4.967e-04      1.914e-01   
      41             54          9.280e+00      9.203e-02      2.995e-04      1.959e-01   
      42             55          9.235e+00      4.587e-02      6.843e-04      1.349e-01   
      43             57          9.222e+00      1.250e-02      1.388e-04      1.146e-01   
      44             58          9.213e+00      9.472e-03      1.528e-04      7.909e-02   
      45             59          9.206e+00      6.761e-03      1.492e-04      4.936e-02   
Optimization terminated successfully.
`ftol` condition satisfied. (ftol=1.00e-03)
         Current function value: 9.206e+00
         Total delta_x: 8.483e-02
         Iterations: 45
         Function evaluations: 59
         Jacobian evaluations: 46
Timer: Solution time = 2.47 min
Timer: Avg time per step = 3.22 sec
==============================================================================================================
                                                                 Start  -->   End
Total (sum of squares):                                      4.886e+02  -->   9.206e+00, 
Maximum absolute Quasi-symmetry (1,0) two-term error:        3.034e-01  -->   2.264e-02 (T^3)
Minimum absolute Quasi-symmetry (1,0) two-term error:        2.375e-05  -->   3.093e-07 (T^3)
Average absolute Quasi-symmetry (1,0) two-term error:        5.504e-02  -->   1.770e-03 (T^3)
Aspect ratio:                                                6.037e+00  -->   6.000e+00 (dimensionless)
Plasma volume:                                               5.420e-01  -->   5.830e-01 (m^3)
Maximum Rotational transform:                                2.750e-02  -->   1.618e-03 (dimensionless)
Minimum Rotational transform:                                2.745e-02  -->   1.209e-03 (dimensionless)
Average Rotational transform:                                2.749e-02  -->   1.334e-03 (dimensionless)
Maximum absolute Force error:                                6.082e-01  -->   3.396e-01 (N)
Minimum absolute Force error:                                3.191e-05  -->   3.126e-07 (N)
Average absolute Force error:                                5.827e-02  -->   4.620e-03 (N)
Maximum absolute Force error:                                2.953e-07  -->   1.649e-07 (normalized)
Minimum absolute Force error:                                1.549e-11  -->   1.518e-13 (normalized)
Average absolute Force error:                                2.829e-08  -->   2.243e-09 (normalized)
Cross-section R error:                                       0.000e+00  -->   0.000e+00 (m)
Cross-section Z error:                                       0.000e+00  -->   0.000e+00 (m)
Fixed pressure profile error:                                0.000e+00  -->   0.000e+00 (Pa)
Fixed current profile error:                                 0.000e+00  -->   0.000e+00 (A)
Fixed Psi error:                                             0.000e+00  -->   0.000e+00 (Wb)
==============================================================================================================

