/home/ye2698/DESC/desc/integrals/_interp_utils.py:19: UserWarning: 
jax-finufft is not installed.
If you want to use NUFFTs, follow the DESC installation instructions.
Otherwise you must set the parameter nufft_eps to zero
when computing effective ripple, Gamma_c, and any other
computations that involve bounce integrals.

  warnings.warn(
DESC version=0.15.0+424.gdbba9ba17.
Using JAX backend: jax version=0.6.2, jaxlib version=0.6.2, dtype=float64.
Using device: NVIDIA A100-PCIE-40GB (id=0), with 40.00 GB available memory.
Building objective: QS two-term
Precomputing transforms
Timer: Precomputing transforms = 338 ms
Building objective: aspect ratio
Precomputing transforms
Timer: Precomputing transforms = 39.8 ms
Building objective: volume
Precomputing transforms
Timer: Precomputing transforms = 40.0 ms
Building objective: rotational transform
Precomputing transforms
Timer: Precomputing transforms = 298 ms
Timer: Objective build = 806 ms
Building objective: force
Precomputing transforms
Timer: Precomputing transforms = 539 ms
Timer: Objective build = 859 ms
Timer: Objective build = 3.04 ms
Timer: Eq Update LinearConstraintProjection build = 2.26 sec
Timer: Proximal projection build = 10.2 sec
Building objective: fixed cross-section R
Building objective: fixed cross-section Z
Building objective: fixed pressure
Building objective: fixed current
Building objective: fixed Psi
Timer: Objective build = 288 ms
Timer: LinearConstraintProjection build = 832 ms
Number of parameters: 45
Number of objectives: 478
Timer: Initializing the optimization = 11.4 sec

Starting optimization
Using method: proximal-lsq-exact
Solver options:
------------------------------------------------------------
Maximum Function Evaluations       : 1251
Maximum Allowed Total Δx Norm      : inf
Scaled Termination                 : True
Trust Region Method                : qr
Initial Trust Radius               : 5.681e+02
Maximum Trust Radius               : inf
Minimum Trust Radius               : 2.220e-16
Trust Radius Increase Ratio        : 2.000e+00
Trust Radius Decrease Ratio        : 2.500e-01
Trust Radius Increase Threshold    : 7.500e-01
Trust Radius Decrease Threshold    : 2.500e-01
------------------------------------------------------------ 

   Iteration     Total nfev        Cost      Cost reduction    Step norm     Optimality   
       0              1          1.190e+04                                    7.634e+01   
       1              4          9.618e+03      2.282e+03      4.233e-03      6.188e+01   
       2              5          7.629e+03      1.989e+03      9.141e-03      3.753e+01   
       3              6          6.711e+03      9.181e+02      9.890e-03      3.647e+01   
       4              7          5.509e+03      1.202e+03      9.197e-03      3.088e+01   
       5              8          4.189e+03      1.320e+03      2.009e-02      2.627e+01   
       6              9          2.738e+03      1.450e+03      2.869e-02      1.251e+01   
       7             11          2.425e+03      3.130e+02      1.698e-02      1.426e+01   
       8             12          2.105e+03      3.199e+02      1.862e-02      1.316e+01   
       9             13          1.829e+03      2.765e+02      2.113e-02      9.763e+00   
      10             14          1.735e+03      9.370e+01      4.421e-02      1.817e+01   
      11             15          1.350e+03      3.849e+02      1.011e-02      5.269e+00   
      12             16          1.220e+03      1.302e+02      2.098e-02      1.057e+01   
      13             18          1.080e+03      1.399e+02      8.418e-03      1.932e+00   
      14             19          1.010e+03      7.022e+01      6.749e-03      8.617e+00   
      15             21          9.349e+02      7.506e+01      2.398e-03      2.051e+00   
      16             22          9.294e+02      5.452e+00      3.678e-03      6.183e+00   
      17             23          8.726e+02      5.679e+01      8.453e-04      2.426e+00   
      18             24          8.447e+02      2.790e+01      4.815e-04      1.447e+00   
      19             25          8.115e+02      3.322e+01      1.393e-03      6.249e-01   
      20             27          7.966e+02      1.495e+01      1.407e-03      3.163e-01   
      21             28          7.785e+02      1.807e+01      2.179e-03      1.162e+00   
      22             29          7.615e+02      1.698e+01      1.163e-02      3.244e+00   
      23             31          7.232e+02      3.830e+01      6.000e-03      5.794e-01   
      24             32          6.995e+02      2.376e+01      1.299e-02      2.712e+00   
      25             33          6.187e+02      8.073e+01      2.615e-02      4.448e+00   
      26             35          5.315e+02      8.722e+01      1.544e-02      2.132e+00   
      27             37          5.032e+02      2.833e+01      1.051e-02      2.433e+00   
      28             38          4.916e+02      1.159e+01      1.889e-02      5.894e+00   
      29             39          4.441e+02      4.752e+01      1.959e-02      4.578e+00   
      30             41          4.120e+02      3.206e+01      1.025e-02      2.164e+00   
      31             43          4.028e+02      9.260e+00      4.980e-03      1.692e+00   
      32             45          3.984e+02      4.348e+00      2.613e-03      9.312e-01   
      33             46          3.973e+02      1.138e+00      4.958e-03      3.328e+00   
      34             47          3.910e+02      6.305e+00      1.202e-03      3.822e-01   
      35             48          3.907e+02      2.237e-01      2.487e-03      2.277e+00   
      36             49          3.879e+02      2.849e+00      5.130e-04      3.993e-01   
      37             50          3.871e+02      7.414e-01      1.252e-03      1.108e+00   
      38             51          3.856e+02      1.537e+00      1.278e-03      7.868e-01   
      39             52          3.849e+02      6.666e-01      2.341e-03      2.082e+00   
      40             53          3.825e+02      2.418e+00      5.275e-04      3.387e-01   
      41             54          3.820e+02      5.407e-01      1.127e-03      1.160e+00   
      42             55          3.805e+02      1.487e+00      1.166e-03      8.043e-01   
      43             56          3.801e+02      3.917e-01      2.154e-03      2.126e+00   
      44             57          3.776e+02      2.497e+00      5.000e-04      3.174e-01   
      45             58          3.772e+02      4.108e-01      1.042e-03      1.214e+00   
      46             59          3.757e+02      1.534e+00      1.103e-03      7.411e-01   
      47             60          3.753e+02      3.500e-01      2.000e-03      2.076e+00   
      48             61          3.729e+02      2.369e+00      4.905e-04      2.928e-01   
      49             62          3.726e+02      3.935e-01      9.504e-04      1.197e+00   
      50             63          3.710e+02      1.512e+00      1.021e-03      6.859e-01   
      51             64          3.706e+02      4.797e-01      1.826e-03      1.971e+00   
      52             65          3.684e+02      2.154e+00      4.824e-04      2.670e-01   
      53             66          3.680e+02      4.347e-01      8.521e-04      1.158e+00   
      54             67          3.665e+02      1.493e+00      9.324e-04      6.262e-01   
      55             68          3.658e+02      6.891e-01      1.649e-03      1.808e+00   
      56             69          3.630e+02      2.777e+00      1.709e-03      1.352e+00   
      57             71          3.614e+02      1.659e+00      8.930e-04      6.322e-01   
      58             72          3.606e+02      7.923e-01      1.552e-03      1.784e+00   
      59             73          3.576e+02      2.981e+00      1.631e-03      1.187e+00   
      60             74          3.575e+02      9.917e-02      2.867e-03      2.993e+00   
      61             75          3.523e+02      5.200e+00      9.522e-04      4.220e-01   
      62             77          3.520e+02      3.035e-01      3.363e-04      7.164e-01   
Optimization terminated successfully.
`ftol` condition satisfied. (ftol=1.00e-03)
         Current function value: 3.520e+02
         Total delta_x: 5.581e-02
         Iterations: 62
         Function evaluations: 77
         Jacobian evaluations: 63
Timer: Solution time = 2.74 min
Timer: Avg time per step = 2.61 sec
==============================================================================================================
                                                                 Start  -->   End
Total (sum of squares):                                      1.184e+04  -->   3.520e+02, 
Maximum absolute Quasi-symmetry (1,0) two-term error:        3.034e-01  -->   3.698e-02 (T^3)
Minimum absolute Quasi-symmetry (1,0) two-term error:        2.375e-05  -->   1.072e-05 (T^3)
Average absolute Quasi-symmetry (1,0) two-term error:        5.504e-02  -->   4.191e-03 (T^3)
Aspect ratio:                                                6.037e+00  -->   5.947e+00 (dimensionless)
Plasma volume:                                               5.420e-01  -->   8.027e-01 (m^3)
Maximum Rotational transform:                                2.750e-02  -->   3.149e-03 (dimensionless)
Minimum Rotational transform:                                2.745e-02  -->   2.681e-03 (dimensionless)
Average Rotational transform:                                2.749e-02  -->   2.863e-03 (dimensionless)
Maximum absolute Force error:                                6.082e-01  -->   3.708e-01 (N)
Minimum absolute Force error:                                3.191e-05  -->   6.452e-07 (N)
Average absolute Force error:                                5.827e-02  -->   5.072e-03 (N)
Maximum absolute Force error:                                2.953e-07  -->   1.800e-07 (normalized)
Minimum absolute Force error:                                1.549e-11  -->   3.132e-13 (normalized)
Average absolute Force error:                                2.829e-08  -->   2.462e-09 (normalized)
Cross-section R error:                                       0.000e+00  -->   0.000e+00 (m)
Cross-section Z error:                                       0.000e+00  -->   0.000e+00 (m)
Fixed pressure profile error:                                0.000e+00  -->   0.000e+00 (Pa)
Fixed current profile error:                                 0.000e+00  -->   0.000e+00 (A)
Fixed Psi error:                                             0.000e+00  -->   0.000e+00 (Wb)
==============================================================================================================

