/home/ye2698/DESC/desc/integrals/_interp_utils.py:19: UserWarning: 
jax-finufft is not installed.
If you want to use NUFFTs, follow the DESC installation instructions.
Otherwise you must set the parameter nufft_eps to zero
when computing effective ripple, Gamma_c, and any other
computations that involve bounce integrals.

  warnings.warn(
DESC version=0.15.0+424.gdbba9ba17.
Using JAX backend: jax version=0.6.2, jaxlib version=0.6.2, dtype=float64.
Using device: NVIDIA A100-PCIE-40GB (id=0), with 40.00 GB available memory.
Building objective: QS two-term
Precomputing transforms
Timer: Precomputing transforms = 346 ms
Building objective: aspect ratio
Precomputing transforms
Timer: Precomputing transforms = 39.8 ms
Building objective: volume
Precomputing transforms
Timer: Precomputing transforms = 40.1 ms
Building objective: rotational transform
Precomputing transforms
Timer: Precomputing transforms = 304 ms
Timer: Objective build = 821 ms
Building objective: force
Precomputing transforms
Timer: Precomputing transforms = 531 ms
Timer: Objective build = 860 ms
Timer: Objective build = 3.15 ms
Timer: Eq Update LinearConstraintProjection build = 2.28 sec
Timer: Proximal projection build = 10.5 sec
Building objective: fixed cross-section R
Building objective: fixed cross-section Z
Building objective: fixed pressure
Building objective: fixed current
Building objective: fixed Psi
Timer: Objective build = 290 ms
Timer: LinearConstraintProjection build = 852 ms
Number of parameters: 45
Number of objectives: 478
Timer: Initializing the optimization = 11.7 sec

Starting optimization
Using method: proximal-lsq-exact
Solver options:
------------------------------------------------------------
Maximum Function Evaluations       : 1251
Maximum Allowed Total Δx Norm      : inf
Scaled Termination                 : True
Trust Region Method                : qr
Initial Trust Radius               : 1.314e+02
Maximum Trust Radius               : inf
Minimum Trust Radius               : 2.220e-16
Trust Radius Increase Ratio        : 2.000e+00
Trust Radius Decrease Ratio        : 2.500e-01
Trust Radius Increase Threshold    : 7.500e-01
Trust Radius Decrease Threshold    : 2.500e-01
------------------------------------------------------------ 

   Iteration     Total nfev        Cost      Cost reduction    Step norm     Optimality   
       0              1          6.699e+02                                    1.530e+01   
       1              4          5.529e+02      1.170e+02      2.643e-03      8.173e+00   
       2              5          4.931e+02      5.974e+01      5.771e-03      4.590e+00   
       3              6          4.530e+02      4.017e+01      6.812e-03      3.757e+00   
       4              7          4.070e+02      4.597e+01      6.314e-03      1.870e+00   
       5              8          3.861e+02      2.089e+01      1.715e-02      6.782e+00   
       6              9          3.552e+02      3.086e+01      1.243e-02      5.597e+00   
       7             10          3.124e+02      4.283e+01      1.165e-02      5.460e+00   
       8             12          2.839e+02      2.852e+01      2.340e-03      1.806e+00   
       9             13          2.681e+02      1.581e+01      1.092e-02      1.045e+00   
      10             14          2.609e+02      7.146e+00      3.793e-02      4.374e+00   
      11             16          2.450e+02      1.598e+01      5.698e-03      1.564e+00   
      12             18          2.401e+02      4.889e+00      3.026e-03      7.158e-01   
      13             19          2.361e+02      4.016e+00      1.106e-02      1.544e+00   
      14             21          2.328e+02      3.247e+00      5.415e-03      8.905e-01   
      15             22          2.315e+02      1.341e+00      1.115e-02      2.238e+00   
      16             23          2.287e+02      2.830e+00      1.105e-02      1.355e+00   
      17             24          2.277e+02      9.061e-01      9.321e-03      2.316e+00   
      18             25          2.253e+02      2.431e+00      1.918e-03      7.167e-01   
      19             26          2.251e+02      2.175e-01      4.394e-03      4.510e-01   
      20             27          2.247e+02      3.966e-01      6.199e-04      1.214e-01   
      21             29          2.247e+02      4.212e-02      3.395e-04      2.388e-01   
Optimization terminated successfully.
`ftol` condition satisfied. (ftol=1.00e-03)
         Current function value: 2.247e+02
         Total delta_x: 5.816e-02
         Iterations: 21
         Function evaluations: 29
         Jacobian evaluations: 22
Timer: Solution time = 1.39 min
Timer: Avg time per step = 3.80 sec
==============================================================================================================
                                                                 Start  -->   End
Total (sum of squares):                                      6.672e+02  -->   2.247e+02, 
Maximum absolute Quasi-symmetry (1,0) two-term error:        3.034e-01  -->   3.416e-02 (T^3)
Minimum absolute Quasi-symmetry (1,0) two-term error:        2.375e-05  -->   2.930e-05 (T^3)
Average absolute Quasi-symmetry (1,0) two-term error:        5.504e-02  -->   4.773e-03 (T^3)
Aspect ratio:                                                6.037e+00  -->   5.999e+00 (dimensionless)
Plasma volume:                                               5.420e-01  -->   6.089e-01 (m^3)
Maximum Rotational transform:                                2.750e-02  -->   4.481e-04 (dimensionless)
Minimum Rotational transform:                                2.745e-02  -->   1.477e-04 (dimensionless)
Average Rotational transform:                                2.749e-02  -->   2.409e-04 (dimensionless)
Maximum absolute Force error:                                6.082e-01  -->   1.765e-01 (N)
Minimum absolute Force error:                                3.191e-05  -->   1.230e-06 (N)
Average absolute Force error:                                5.827e-02  -->   3.266e-03 (N)
Maximum absolute Force error:                                2.953e-07  -->   8.568e-08 (normalized)
Minimum absolute Force error:                                1.549e-11  -->   5.974e-13 (normalized)
Average absolute Force error:                                2.829e-08  -->   1.586e-09 (normalized)
Cross-section R error:                                       0.000e+00  -->   0.000e+00 (m)
Cross-section Z error:                                       0.000e+00  -->   0.000e+00 (m)
Fixed pressure profile error:                                0.000e+00  -->   0.000e+00 (Pa)
Fixed current profile error:                                 0.000e+00  -->   0.000e+00 (A)
Fixed Psi error:                                             0.000e+00  -->   0.000e+00 (Wb)
==============================================================================================================

