/home/ye2698/DESC/desc/integrals/_interp_utils.py:19: UserWarning: 
jax-finufft is not installed.
If you want to use NUFFTs, follow the DESC installation instructions.
Otherwise you must set the parameter nufft_eps to zero
when computing effective ripple, Gamma_c, and any other
computations that involve bounce integrals.

  warnings.warn(
DESC version=0.15.0+424.gdbba9ba17.
Using JAX backend: jax version=0.6.2, jaxlib version=0.6.2, dtype=float64.
Using device: NVIDIA A100-PCIE-40GB (id=0), with 40.00 GB available memory.
Building objective: QS two-term
Precomputing transforms
Timer: Precomputing transforms = 348 ms
Building objective: aspect ratio
Precomputing transforms
Timer: Precomputing transforms = 40.0 ms
Building objective: volume
Precomputing transforms
Timer: Precomputing transforms = 39.7 ms
Building objective: rotational transform
Precomputing transforms
Timer: Precomputing transforms = 305 ms
Timer: Objective build = 825 ms
Building objective: force
Precomputing transforms
Timer: Precomputing transforms = 532 ms
Timer: Objective build = 861 ms
Timer: Objective build = 3.03 ms
Timer: Eq Update LinearConstraintProjection build = 2.28 sec
Timer: Proximal projection build = 12.4 sec
Building objective: fixed cross-section R
Building objective: fixed cross-section Z
Building objective: fixed pressure
Building objective: fixed current
Building objective: fixed Psi
Timer: Objective build = 292 ms
Timer: LinearConstraintProjection build = 853 ms
Number of parameters: 45
Number of objectives: 478
Timer: Initializing the optimization = 13.7 sec

Starting optimization
Using method: proximal-lsq-exact
Solver options:
------------------------------------------------------------
Maximum Function Evaluations       : 1251
Maximum Allowed Total Δx Norm      : inf
Scaled Termination                 : True
Trust Region Method                : qr
Initial Trust Radius               : 5.709e+02
Maximum Trust Radius               : inf
Minimum Trust Radius               : 2.220e-16
Trust Radius Increase Ratio        : 2.000e+00
Trust Radius Decrease Ratio        : 2.500e-01
Trust Radius Increase Threshold    : 7.500e-01
Trust Radius Decrease Threshold    : 2.500e-01
------------------------------------------------------------ 

   Iteration     Total nfev        Cost      Cost reduction    Step norm     Optimality   
       0              1          1.190e+04                                    7.638e+01   
       1              4          9.619e+03      2.285e+03      4.098e-03      6.008e+01   
       2              5          7.619e+03      1.999e+03      9.360e-03      3.452e+01   
       3              6          6.811e+03      8.084e+02      1.091e-02      3.507e+01   
       4              7          5.704e+03      1.107e+03      1.107e-02      3.038e+01   
       5              8          4.772e+03      9.316e+02      1.192e-02      2.094e+01   
       6              9          3.625e+03      1.147e+03      3.264e-02      3.081e+01   
       7             10          2.564e+03      1.061e+03      3.727e-02      3.193e+01   
       8             12          1.941e+03      6.233e+02      8.891e-03      1.144e+01   
       9             13          1.437e+03      5.034e+02      1.715e-02      9.900e+00   
      10             15          1.286e+03      1.512e+02      9.139e-03      8.808e+00   
      11             16          1.154e+03      1.322e+02      1.778e-02      1.312e+01   
      12             17          9.854e+02      1.684e+02      1.588e-02      1.226e+01   
      13             18          8.541e+02      1.314e+02      1.472e-02      1.135e+01   
      14             19          7.516e+02      1.025e+02      1.516e-02      1.034e+01   
      15             20          6.473e+02      1.043e+02      1.664e-02      8.007e+00   
      16             21          5.863e+02      6.095e+01      1.712e-02      7.193e+00   
      17             22          5.334e+02      5.291e+01      1.741e-02      6.198e+00   
      18             23          4.858e+02      4.758e+01      1.702e-02      5.217e+00   
      19             24          4.525e+02      3.334e+01      1.553e-02      4.616e+00   
      20             25          4.162e+02      3.627e+01      1.428e-02      3.739e+00   
      21             26          3.824e+02      3.384e+01      1.167e-02      2.910e+00   
      22             27          3.538e+02      2.863e+01      8.623e-03      2.191e+00   
      23             28          3.418e+02      1.198e+01      1.092e-02      3.574e+00   
      24             30          3.089e+02      3.293e+01      2.903e-03      1.133e+00   
      25             32          3.027e+02      6.179e+00      1.470e-03      4.173e-01   
      26             33          2.988e+02      3.885e+00      1.685e-03      5.553e-01   
      27             34          2.940e+02      4.846e+00      2.011e-03      7.913e-01   
      28             35          2.853e+02      8.626e+00      5.306e-03      2.019e-01   
      29             37          2.814e+02      3.960e+00      3.388e-03      8.125e-02   
      30             38          2.760e+02      5.411e+00      4.127e-03      1.814e-01   
      31             40          2.746e+02      1.366e+00      4.887e-03      4.536e-01   
      32             42          2.731e+02      1.448e+00      3.471e-03      2.499e-01   
      33             43          2.723e+02      8.893e-01      5.884e-03      5.909e-01   
      34             44          2.706e+02      1.609e+00      6.671e-03      6.351e-01   
      35             45          2.694e+02      1.207e+00      7.196e-03      7.421e-01   
      36             46          2.677e+02      1.756e+00      7.848e-03      7.869e-01   
      37             47          2.654e+02      2.318e+00      8.384e-03      7.711e-01   
      38             48          2.629e+02      2.460e+00      8.611e-03      7.826e-01   
      39             49          2.604e+02      2.547e+00      8.658e-03      7.572e-01   
      40             50          2.582e+02      2.139e+00      8.365e-03      7.557e-01   
      41             51          2.563e+02      1.893e+00      7.867e-03      7.636e-01   
      42             52          2.545e+02      1.793e+00      7.429e-03      7.415e-01   
      43             53          2.525e+02      1.998e+00      7.247e-03      7.189e-01   
      44             54          2.510e+02      1.531e+00      7.469e-03      7.696e-01   
      45             55          2.501e+02      9.337e-01      7.774e-03      8.941e-01   
      46             56          2.470e+02      3.030e+00      1.483e-03      2.100e-01   
      47             57          2.467e+02      3.060e-01      3.465e-03      5.153e-01   
      48             58          2.458e+02      9.752e-01      9.223e-04      1.277e-01   
      49             59          2.454e+02      3.228e-01      1.830e-03      2.809e-01   
      50             60          2.450e+02      4.130e-01      2.159e-03      2.725e-01   
      51             61          2.447e+02      3.489e-01      2.123e-03      2.895e-01   
      52             62          2.443e+02      3.947e-01      2.073e-03      2.727e-01   
      53             63          2.439e+02      3.464e-01      2.012e-03      2.852e-01   
      54             64          2.436e+02      3.571e-01      1.958e-03      2.822e-01   
      55             65          2.432e+02      3.296e-01      1.899e-03      2.915e-01   
      56             66          2.429e+02      3.296e-01      1.857e-03      2.910e-01   
      57             67          2.426e+02      3.129e-01      1.810e-03      2.984e-01   
      58             68          2.423e+02      3.073e-01      1.785e-03      3.000e-01   
      59             69          2.420e+02      2.834e-01      1.751e-03      3.087e-01   
      60             70          2.417e+02      2.970e-01      1.712e-03      3.058e-01   
      61             71          2.414e+02      2.778e-01      1.687e-03      3.116e-01   
      62             72          2.412e+02      2.839e-01      1.660e-03      3.113e-01   
      63             73          2.409e+02      2.792e-01      1.641e-03      3.129e-01   
      64             74          2.406e+02      2.758e-01      1.623e-03      3.168e-01   
      65             75          2.403e+02      2.726e-01      1.614e-03      3.234e-01   
      66             76          2.401e+02      2.712e-01      1.614e-03      3.317e-01   
      67             77          2.398e+02      2.673e-01      1.628e-03      3.395e-01   
      68             78          2.395e+02      2.414e-01      1.680e-03      3.652e-01   
      69             79          2.393e+02      2.703e-01      1.696e-03      3.664e-01   
      70             80          2.391e+02      2.175e-01      1.758e-03      4.048e-01   
Optimization terminated successfully.
`ftol` condition satisfied. (ftol=1.00e-03)
         Current function value: 2.391e+02
         Total delta_x: 1.752e-01
         Iterations: 70
         Function evaluations: 80
         Jacobian evaluations: 71
Timer: Solution time = 3.02 min
Timer: Avg time per step = 2.55 sec
==============================================================================================================
                                                                 Start  -->   End
Total (sum of squares):                                      1.184e+04  -->   2.391e+02, 
Maximum absolute Quasi-symmetry (1,0) two-term error:        3.034e-01  -->   1.434e-02 (T^3)
Minimum absolute Quasi-symmetry (1,0) two-term error:        2.375e-05  -->   1.701e-05 (T^3)
Average absolute Quasi-symmetry (1,0) two-term error:        5.504e-02  -->   1.584e-03 (T^3)
Aspect ratio:                                                6.037e+00  -->   6.001e+00 (dimensionless)
Plasma volume:                                               5.420e-01  -->   1.089e+00 (m^3)
Maximum Rotational transform:                                2.750e-02  -->   3.331e-03 (dimensionless)
Minimum Rotational transform:                                2.745e-02  -->   3.246e-03 (dimensionless)
Average Rotational transform:                                2.749e-02  -->   3.295e-03 (dimensionless)
Maximum absolute Force error:                                6.082e-01  -->   4.503e-01 (N)
Minimum absolute Force error:                                3.191e-05  -->   9.208e-08 (N)
Average absolute Force error:                                5.827e-02  -->   5.857e-03 (N)
Maximum absolute Force error:                                2.953e-07  -->   2.186e-07 (normalized)
Minimum absolute Force error:                                1.549e-11  -->   4.470e-14 (normalized)
Average absolute Force error:                                2.829e-08  -->   2.843e-09 (normalized)
Cross-section R error:                                       0.000e+00  -->   0.000e+00 (m)
Cross-section Z error:                                       0.000e+00  -->   0.000e+00 (m)
Fixed pressure profile error:                                0.000e+00  -->   0.000e+00 (Pa)
Fixed current profile error:                                 0.000e+00  -->   0.000e+00 (A)
Fixed Psi error:                                             0.000e+00  -->   0.000e+00 (Wb)
==============================================================================================================

