/home/ye2698/DESC/desc/integrals/_interp_utils.py:19: UserWarning: 
jax-finufft is not installed.
If you want to use NUFFTs, follow the DESC installation instructions.
Otherwise you must set the parameter nufft_eps to zero
when computing effective ripple, Gamma_c, and any other
computations that involve bounce integrals.

  warnings.warn(
DESC version=0.15.0+424.gdbba9ba17.
Using JAX backend: jax version=0.6.2, jaxlib version=0.6.2, dtype=float64.
Using device: NVIDIA A100-PCIE-40GB (id=0), with 40.00 GB available memory.
Building objective: QS two-term
Precomputing transforms
Timer: Precomputing transforms = 340 ms
Building objective: aspect ratio
Precomputing transforms
Timer: Precomputing transforms = 40.4 ms
Building objective: volume
Precomputing transforms
Timer: Precomputing transforms = 40.2 ms
Building objective: rotational transform
Precomputing transforms
Timer: Precomputing transforms = 300 ms
Timer: Objective build = 811 ms
Building objective: force
Precomputing transforms
Timer: Precomputing transforms = 529 ms
Timer: Objective build = 851 ms
Timer: Objective build = 3.02 ms
Timer: Eq Update LinearConstraintProjection build = 2.27 sec
Timer: Proximal projection build = 10.3 sec
Building objective: fixed cross-section R
Building objective: fixed cross-section Z
Building objective: fixed pressure
Building objective: fixed current
Building objective: fixed Psi
Timer: Objective build = 285 ms
Timer: LinearConstraintProjection build = 838 ms
Number of parameters: 45
Number of objectives: 478
Timer: Initializing the optimization = 11.5 sec

Starting optimization
Using method: proximal-lsq-exact
Solver options:
------------------------------------------------------------
Maximum Function Evaluations       : 1251
Maximum Allowed Total Δx Norm      : inf
Scaled Termination                 : True
Trust Region Method                : qr
Initial Trust Radius               : 3.495e+01
Maximum Trust Radius               : inf
Minimum Trust Radius               : 2.220e-16
Trust Radius Increase Ratio        : 2.000e+00
Trust Radius Decrease Ratio        : 2.500e-01
Trust Radius Increase Threshold    : 7.500e-01
Trust Radius Decrease Threshold    : 2.500e-01
------------------------------------------------------------ 

   Iteration     Total nfev        Cost      Cost reduction    Step norm     Optimality   
       0              1          3.727e+01                                    1.998e+00   
       1              5          3.535e+01      1.920e+00      1.219e-03      6.563e-01   
       2              6          3.486e+01      4.902e-01      2.435e-03      3.258e-01   
       3              7          3.446e+01      3.969e-01      2.180e-03      3.123e-01   
       4              8          3.363e+01      8.349e-01      4.388e-03      4.772e-01   
       5             10          3.291e+01      7.159e-01      2.254e-03      2.498e-01   
       6             11          3.267e+01      2.388e-01      5.007e-03      9.601e-01   
       7             13          3.197e+01      6.981e-01      7.336e-04      1.917e-01   
       8             15          3.189e+01      8.328e-02      4.490e-04      1.749e-01   
       9             16          3.183e+01      6.263e-02      1.004e-03      2.502e-01   
      10             17          3.176e+01      6.470e-02      9.626e-04      1.557e-01   
      11             19          3.172e+01      4.061e-02      2.446e-04      1.263e-01   
      12             20          3.169e+01      3.203e-02      4.978e-04      1.268e-01   
      13             21          3.167e+01      2.293e-02      5.388e-04      1.220e-01   
Optimization terminated successfully.
`ftol` condition satisfied. (ftol=1.00e-03)
         Current function value: 3.167e+01
         Total delta_x: 2.083e-02
         Iterations: 13
         Function evaluations: 21
         Jacobian evaluations: 14
Timer: Solution time = 1.06 min
Timer: Avg time per step = 4.55 sec
==============================================================================================================
                                                                 Start  -->   End
Total (sum of squares):                                      3.721e+01  -->   3.167e+01, 
Maximum absolute Quasi-symmetry (1,0) two-term error:        3.034e-01  -->   1.672e-01 (T^3)
Minimum absolute Quasi-symmetry (1,0) two-term error:        2.375e-05  -->   1.904e-04 (T^3)
Average absolute Quasi-symmetry (1,0) two-term error:        5.504e-02  -->   3.880e-02 (T^3)
Aspect ratio:                                                6.037e+00  -->   5.998e+00 (dimensionless)
Plasma volume:                                               5.420e-01  -->   6.137e-01 (m^3)
Maximum Rotational transform:                                2.750e-02  -->   3.637e-02 (dimensionless)
Minimum Rotational transform:                                2.745e-02  -->   3.363e-02 (dimensionless)
Average Rotational transform:                                2.749e-02  -->   3.539e-02 (dimensionless)
Maximum absolute Force error:                                6.082e-01  -->   2.154e-01 (N)
Minimum absolute Force error:                                3.191e-05  -->   6.824e-07 (N)
Average absolute Force error:                                5.827e-02  -->   4.506e-03 (N)
Maximum absolute Force error:                                2.953e-07  -->   1.046e-07 (normalized)
Minimum absolute Force error:                                1.549e-11  -->   3.313e-13 (normalized)
Average absolute Force error:                                2.829e-08  -->   2.188e-09 (normalized)
Cross-section R error:                                       0.000e+00  -->   0.000e+00 (m)
Cross-section Z error:                                       0.000e+00  -->   0.000e+00 (m)
Fixed pressure profile error:                                0.000e+00  -->   0.000e+00 (Pa)
Fixed current profile error:                                 0.000e+00  -->   0.000e+00 (A)
Fixed Psi error:                                             0.000e+00  -->   0.000e+00 (Wb)
==============================================================================================================

