/home/ye2698/DESC/desc/integrals/_interp_utils.py:19: UserWarning: 
jax-finufft is not installed.
If you want to use NUFFTs, follow the DESC installation instructions.
Otherwise you must set the parameter nufft_eps to zero
when computing effective ripple, Gamma_c, and any other
computations that involve bounce integrals.

  warnings.warn(
DESC version=0.15.0+424.gdbba9ba17.
Using JAX backend: jax version=0.6.2, jaxlib version=0.6.2, dtype=float64.
Using device: NVIDIA A100-PCIE-40GB (id=0), with 40.00 GB available memory.
Building objective: QS two-term
Precomputing transforms
Timer: Precomputing transforms = 343 ms
Building objective: aspect ratio
Precomputing transforms
Timer: Precomputing transforms = 40.0 ms
Building objective: volume
Precomputing transforms
Timer: Precomputing transforms = 39.6 ms
Building objective: rotational transform
Precomputing transforms
Timer: Precomputing transforms = 301 ms
Timer: Objective build = 815 ms
Building objective: force
Precomputing transforms
Timer: Precomputing transforms = 533 ms
Timer: Objective build = 857 ms
Timer: Objective build = 2.98 ms
Timer: Eq Update LinearConstraintProjection build = 2.25 sec
Timer: Proximal projection build = 10.3 sec
Building objective: fixed cross-section R
Building objective: fixed cross-section Z
Building objective: fixed pressure
Building objective: fixed current
Building objective: fixed Psi
Timer: Objective build = 286 ms
Timer: LinearConstraintProjection build = 838 ms
Number of parameters: 45
Number of objectives: 478
Timer: Initializing the optimization = 11.4 sec

Starting optimization
Using method: proximal-lsq-exact
Solver options:
------------------------------------------------------------
Maximum Function Evaluations       : 1251
Maximum Allowed Total Δx Norm      : inf
Scaled Termination                 : True
Trust Region Method                : qr
Initial Trust Radius               : 1.139e+02
Maximum Trust Radius               : inf
Minimum Trust Radius               : 2.220e-16
Trust Radius Increase Ratio        : 2.000e+00
Trust Radius Decrease Ratio        : 2.500e-01
Trust Radius Increase Threshold    : 7.500e-01
Trust Radius Decrease Threshold    : 2.500e-01
------------------------------------------------------------ 

   Iteration     Total nfev        Cost      Cost reduction    Step norm     Optimality   
       0              1          5.072e+02                                    1.543e+01   
       1              4          4.101e+02      9.713e+01      4.460e-03      1.252e+01   
       2              5          3.281e+02      8.194e+01      8.973e-03      7.025e+00   
       3              6          2.903e+02      3.784e+01      8.030e-03      5.890e+00   
       4              7          2.443e+02      4.604e+01      4.207e-03      3.349e+00   
       5              9          2.270e+02      1.723e+01      1.326e-03      1.605e+00   
       6             10          2.143e+02      1.273e+01      3.408e-03      4.658e+00   
       7             11          1.982e+02      1.612e+01      6.570e-03      4.494e+00   
       8             12          1.816e+02      1.665e+01      1.938e-02      3.980e+00   
       9             13          1.661e+02      1.550e+01      1.748e-02      2.472e+00   
      10             14          1.587e+02      7.374e+00      2.384e-02      3.132e+00   
      11             15          1.511e+02      7.531e+00      2.283e-02      2.762e+00   
      12             16          1.403e+02      1.087e+01      2.101e-02      1.798e+00   
      13             17          1.332e+02      7.047e+00      2.053e-02      1.551e+00   
      14             18          1.269e+02      6.317e+00      1.917e-02      3.334e+00   
      15             19          1.016e+02      2.531e+01      1.676e-02      1.364e+00   
      16             21          9.563e+01      5.973e+00      7.649e-03      7.454e-01   
      17             22          8.732e+01      8.314e+00      1.382e-02      1.227e+00   
      18             23          8.237e+01      4.947e+00      3.736e-02      1.983e+00   
      19             24          7.509e+01      7.286e+00      3.462e-02      2.221e+00   
      20             25          6.402e+01      1.107e+01      2.505e-02      1.629e+00   
      21             26          5.932e+01      4.705e+00      1.725e-02      2.332e+00   
      22             27          5.114e+01      8.176e+00      1.435e-02      1.124e+00   
      23             28          4.910e+01      2.036e+00      1.342e-02      9.479e-01   
      24             29          4.824e+01      8.600e-01      1.422e-02      1.058e+00   
      25             30          4.533e+01      2.910e+00      9.887e-03      5.838e-01   
      26             31          4.370e+01      1.631e+00      6.524e-03      2.729e-01   
      27             32          4.198e+01      1.724e+00      4.316e-03      2.745e-01   
      28             34          4.112e+01      8.588e-01      3.800e-03      1.261e-01   
      29             35          4.032e+01      8.011e-01      2.156e-03      1.904e-01   
      30             36          3.935e+01      9.649e-01      3.342e-03      3.111e-01   
      31             38          3.901e+01      3.445e-01      8.976e-04      1.165e-01   
      32             39          3.898e+01      2.724e-02      4.527e-03      2.792e-01   
      33             40          3.880e+01      1.803e-01      3.727e-03      1.791e-01   
      34             41          3.871e+01      9.453e-02      1.881e-03      1.671e-01   
      35             42          3.860e+01      1.050e-01      1.253e-03      7.825e-02   
      36             44          3.855e+01      5.389e-02      6.732e-04      2.356e-02   
      37             45          3.850e+01      5.239e-02      1.346e-03      1.029e-01   
      38             46          3.842e+01      7.596e-02      1.281e-03      6.939e-02   
      39             47          3.838e+01      4.195e-02      2.676e-03      1.932e-01   
      40             48          3.828e+01      1.013e-01      2.350e-03      7.899e-02   
      41             50          3.826e+01      1.931e-02      2.986e-04      4.340e-02   
Optimization terminated successfully.
`ftol` condition satisfied. (ftol=1.00e-03)
         Current function value: 3.826e+01
         Total delta_x: 3.340e-01
         Iterations: 41
         Function evaluations: 50
         Jacobian evaluations: 42
Timer: Solution time = 2.15 min
Timer: Avg time per step = 3.08 sec
==============================================================================================================
                                                                 Start  -->   End
Total (sum of squares):                                      5.047e+02  -->   3.826e+01, 
Maximum absolute Quasi-symmetry (1,0) two-term error:        3.034e-01  -->   2.245e-02 (T^3)
Minimum absolute Quasi-symmetry (1,0) two-term error:        2.375e-05  -->   1.206e-06 (T^3)
Average absolute Quasi-symmetry (1,0) two-term error:        5.504e-02  -->   2.371e-03 (T^3)
Aspect ratio:                                                6.037e+00  -->   3.876e+00 (dimensionless)
Plasma volume:                                               5.420e-01  -->   5.821e-01 (m^3)
Maximum Rotational transform:                                2.750e-02  -->   3.266e-04 (dimensionless)
Minimum Rotational transform:                                2.745e-02  -->   1.419e-06 (dimensionless)
Average Rotational transform:                                2.749e-02  -->   1.066e-04 (dimensionless)
Maximum absolute Force error:                                6.082e-01  -->   1.932e-01 (N)
Minimum absolute Force error:                                3.191e-05  -->   3.354e-07 (N)
Average absolute Force error:                                5.827e-02  -->   2.754e-03 (N)
Maximum absolute Force error:                                2.953e-07  -->   9.382e-08 (normalized)
Minimum absolute Force error:                                1.549e-11  -->   1.628e-13 (normalized)
Average absolute Force error:                                2.829e-08  -->   1.337e-09 (normalized)
Cross-section R error:                                       0.000e+00  -->   0.000e+00 (m)
Cross-section Z error:                                       0.000e+00  -->   0.000e+00 (m)
Fixed pressure profile error:                                0.000e+00  -->   0.000e+00 (Pa)
Fixed current profile error:                                 0.000e+00  -->   0.000e+00 (A)
Fixed Psi error:                                             0.000e+00  -->   0.000e+00 (Wb)
==============================================================================================================

