/home/ye2698/DESC/desc/integrals/_interp_utils.py:19: UserWarning: 
jax-finufft is not installed.
If you want to use NUFFTs, follow the DESC installation instructions.
Otherwise you must set the parameter nufft_eps to zero
when computing effective ripple, Gamma_c, and any other
computations that involve bounce integrals.

  warnings.warn(
DESC version=0.15.0+424.gdbba9ba17.
Using JAX backend: jax version=0.6.2, jaxlib version=0.6.2, dtype=float64.
Using device: NVIDIA A100-PCIE-40GB (id=0), with 40.00 GB available memory.
Building objective: QS two-term
Precomputing transforms
Timer: Precomputing transforms = 348 ms
Building objective: aspect ratio
Precomputing transforms
Timer: Precomputing transforms = 40.7 ms
Building objective: volume
Precomputing transforms
Timer: Precomputing transforms = 40.3 ms
Building objective: rotational transform
Precomputing transforms
Timer: Precomputing transforms = 307 ms
Timer: Objective build = 828 ms
Building objective: force
Precomputing transforms
Timer: Precomputing transforms = 537 ms
Timer: Objective build = 867 ms
Timer: Objective build = 3.09 ms
Timer: Eq Update LinearConstraintProjection build = 2.28 sec
Timer: Proximal projection build = 10.4 sec
Building objective: fixed cross-section R
Building objective: fixed cross-section Z
Building objective: fixed pressure
Building objective: fixed current
Building objective: fixed Psi
Timer: Objective build = 292 ms
Timer: LinearConstraintProjection build = 844 ms
Number of parameters: 45
Number of objectives: 478
Timer: Initializing the optimization = 11.6 sec

Starting optimization
Using method: proximal-lsq-exact
Solver options:
------------------------------------------------------------
Maximum Function Evaluations       : 1251
Maximum Allowed Total Δx Norm      : inf
Scaled Termination                 : True
Trust Region Method                : qr
Initial Trust Radius               : 6.791e+01
Maximum Trust Radius               : inf
Minimum Trust Radius               : 2.220e-16
Trust Radius Increase Ratio        : 2.000e+00
Trust Radius Decrease Ratio        : 2.500e-01
Trust Radius Increase Threshold    : 7.500e-01
Trust Radius Decrease Threshold    : 2.500e-01
------------------------------------------------------------ 

   Iteration     Total nfev        Cost      Cost reduction    Step norm     Optimality   
       0              1          5.085e+01                                    5.074e+00   
       1              4          4.175e+01      9.102e+00      7.245e-03      3.595e+00   
       2              5          3.683e+01      4.918e+00      2.458e-03      1.545e+00   
       3              7          3.576e+01      1.066e+00      2.907e-04      1.471e+00   
       4              8          3.462e+01      1.143e+00      9.619e-05      3.747e-01   
       5             10          3.449e+01      1.301e-01      1.793e-04      1.860e-01   
       6             11          3.442e+01      6.694e-02      1.890e-04      8.688e-02   
       7             12          3.438e+01      4.286e-02      2.664e-04      8.024e-02   
       8             13          3.434e+01      3.652e-02      3.477e-04      3.980e-02   
       9             14          3.432e+01      2.869e-02      4.217e-04      4.243e-02   
Optimization terminated successfully.
`ftol` condition satisfied. (ftol=1.00e-03)
         Current function value: 3.432e+01
         Total delta_x: 9.082e-03
         Iterations: 9
         Function evaluations: 14
         Jacobian evaluations: 10
Timer: Solution time = 45.8 sec
Timer: Avg time per step = 4.58 sec
==============================================================================================================
                                                                 Start  -->   End
Total (sum of squares):                                      5.069e+01  -->   3.432e+01, 
Maximum absolute Quasi-symmetry (1,0) two-term error:        3.034e-01  -->   1.615e-01 (T^3)
Minimum absolute Quasi-symmetry (1,0) two-term error:        2.375e-05  -->   2.682e-05 (T^3)
Average absolute Quasi-symmetry (1,0) two-term error:        5.504e-02  -->   3.163e-02 (T^3)
Aspect ratio:                                                6.037e+00  -->   6.000e+00 (dimensionless)
Plasma volume:                                               5.420e-01  -->   5.847e-01 (m^3)
Maximum Rotational transform:                                2.750e-02  -->   1.474e-02 (dimensionless)
Minimum Rotational transform:                                2.745e-02  -->   1.369e-02 (dimensionless)
Average Rotational transform:                                2.749e-02  -->   1.436e-02 (dimensionless)
Maximum absolute Force error:                                6.082e-01  -->   3.282e-01 (N)
Minimum absolute Force error:                                3.191e-05  -->   7.090e-06 (N)
Average absolute Force error:                                5.827e-02  -->   1.367e-02 (N)
Maximum absolute Force error:                                2.953e-07  -->   1.593e-07 (normalized)
Minimum absolute Force error:                                1.549e-11  -->   3.442e-12 (normalized)
Average absolute Force error:                                2.829e-08  -->   6.636e-09 (normalized)
Cross-section R error:                                       0.000e+00  -->   0.000e+00 (m)
Cross-section Z error:                                       0.000e+00  -->   0.000e+00 (m)
Fixed pressure profile error:                                0.000e+00  -->   0.000e+00 (Pa)
Fixed current profile error:                                 0.000e+00  -->   0.000e+00 (A)
Fixed Psi error:                                             0.000e+00  -->   0.000e+00 (Wb)
==============================================================================================================

