/home/ye2698/DESC/desc/integrals/_interp_utils.py:19: UserWarning: 
jax-finufft is not installed.
If you want to use NUFFTs, follow the DESC installation instructions.
Otherwise you must set the parameter nufft_eps to zero
when computing effective ripple, Gamma_c, and any other
computations that involve bounce integrals.

  warnings.warn(
DESC version=0.15.0+424.gdbba9ba17.
Using JAX backend: jax version=0.6.2, jaxlib version=0.6.2, dtype=float64.
Using device: NVIDIA A100-PCIE-40GB (id=0), with 40.00 GB available memory.
Building objective: QS two-term
Precomputing transforms
Timer: Precomputing transforms = 337 ms
Building objective: aspect ratio
Precomputing transforms
Timer: Precomputing transforms = 39.5 ms
Building objective: volume
Precomputing transforms
Timer: Precomputing transforms = 39.8 ms
Building objective: rotational transform
Precomputing transforms
Timer: Precomputing transforms = 297 ms
Timer: Objective build = 804 ms
Building objective: force
Precomputing transforms
Timer: Precomputing transforms = 549 ms
Timer: Objective build = 870 ms
Timer: Objective build = 2.98 ms
Timer: Eq Update LinearConstraintProjection build = 2.26 sec
Timer: Proximal projection build = 10.3 sec
Building objective: fixed cross-section R
Building objective: fixed cross-section Z
Building objective: fixed pressure
Building objective: fixed current
Building objective: fixed Psi
Timer: Objective build = 288 ms
Timer: LinearConstraintProjection build = 835 ms
Number of parameters: 45
Number of objectives: 478
Timer: Initializing the optimization = 11.5 sec

Starting optimization
Using method: proximal-lsq-exact
Solver options:
------------------------------------------------------------
Maximum Function Evaluations       : 1251
Maximum Allowed Total Δx Norm      : inf
Scaled Termination                 : True
Trust Region Method                : qr
Initial Trust Radius               : 5.672e+02
Maximum Trust Radius               : inf
Minimum Trust Radius               : 2.220e-16
Trust Radius Increase Ratio        : 2.000e+00
Trust Radius Decrease Ratio        : 2.500e-01
Trust Radius Increase Threshold    : 7.500e-01
Trust Radius Decrease Threshold    : 2.500e-01
------------------------------------------------------------ 

   Iteration     Total nfev        Cost      Cost reduction    Step norm     Optimality   
       0              1          1.248e+04                                    7.618e+01   
       1              4          1.021e+04      2.276e+03      4.298e-03      6.251e+01   
       2              5          8.220e+03      1.986e+03      9.037e-03      3.869e+01   
       3              6          7.254e+03      9.666e+02      9.380e-03      3.661e+01   
       4              7          6.047e+03      1.207e+03      8.062e-03      3.048e+01   
       5              8          4.672e+03      1.375e+03      1.447e-02      2.398e+01   
       6              9          3.262e+03      1.410e+03      1.941e-02      1.030e+01   
       7             10          2.289e+03      9.728e+02      2.089e-02      1.067e+01   
       8             12          1.958e+03      3.310e+02      1.068e-02      2.765e+00   
       9             14          1.894e+03      6.439e+01      1.670e-02      3.306e+00   
      10             15          1.842e+03      5.200e+01      4.445e-02      4.937e+00   
      11             16          1.703e+03      1.390e+02      4.544e-02      2.639e+00   
      12             17          1.641e+03      6.165e+01      4.563e-02      2.445e+00   
      13             18          1.426e+03      2.145e+02      3.706e-02      2.497e+00   
      14             19          1.366e+03      6.007e+01      1.021e-01      4.078e+00   
      15             20          1.198e+03      1.688e+02      1.894e-02      3.726e+00   
      16             21          1.075e+03      1.223e+02      5.495e-02      9.036e-01   
      17             23          1.045e+03      3.049e+01      2.130e-02      2.893e+00   
      18             24          9.837e+02      6.095e+01      1.832e-02      1.833e+00   
      19             26          9.674e+02      1.632e+01      1.462e-02      9.050e-01   
      20             27          9.585e+02      8.917e+00      1.227e-02      9.088e-01   
      21             28          9.473e+02      1.114e+01      9.445e-03      4.950e-01   
      22             29          9.378e+02      9.522e+00      8.199e-03      4.951e-01   
      23             30          9.277e+02      1.010e+01      5.613e-03      2.250e-01   
      24             31          9.192e+02      8.486e+00      1.222e-02      3.971e-01   
      25             32          9.153e+02      3.951e+00      1.014e-02      1.215e+00   
      26             33          9.091e+02      6.216e+00      4.776e-03      3.064e-01   
      27             34          9.057e+02      3.388e+00      5.454e-03      3.526e-01   
      28             35          9.045e+02      1.172e+00      1.443e-02      8.483e-01   
      29             36          9.006e+02      3.896e+00      6.466e-03      4.486e-01   
      30             37          8.981e+02      2.535e+00      4.398e-03      2.891e-01   
      31             38          8.960e+02      2.052e+00      3.484e-03      2.103e-01   
      32             39          8.944e+02      1.647e+00      2.900e-03      1.657e-01   
      33             40          8.934e+02      1.028e+00      2.448e-03      1.675e-01   
      34             41          8.922e+02      1.158e+00      2.412e-03      3.195e-01   
      35             42          8.910e+02      1.172e+00      2.704e-03      2.902e-01   
      36             43          8.897e+02      1.283e+00      2.321e-03      1.804e-01   
      37             44          8.886e+02      1.136e+00      1.806e-03      5.702e-02   
      38             45          8.881e+02      5.374e-01      3.942e-03      2.104e-01   
Optimization terminated successfully.
`ftol` condition satisfied. (ftol=1.00e-03)
         Current function value: 8.881e+02
         Total delta_x: 5.056e-01
         Iterations: 38
         Function evaluations: 45
         Jacobian evaluations: 39
Timer: Solution time = 1.94 min
Timer: Avg time per step = 2.99 sec
==============================================================================================================
                                                                 Start  -->   End
Total (sum of squares):                                      1.242e+04  -->   8.881e+02, 
Maximum absolute Quasi-symmetry (1,0) two-term error:        3.034e-01  -->   1.701e-02 (T^3)
Minimum absolute Quasi-symmetry (1,0) two-term error:        2.375e-05  -->   1.040e-05 (T^3)
Average absolute Quasi-symmetry (1,0) two-term error:        5.504e-02  -->   1.772e-03 (T^3)
Aspect ratio:                                                6.037e+00  -->   2.750e+00 (dimensionless)
Plasma volume:                                               5.420e-01  -->   5.847e-01 (m^3)
Maximum Rotational transform:                                2.750e-02  -->   2.736e-03 (dimensionless)
Minimum Rotational transform:                                2.745e-02  -->   2.406e-03 (dimensionless)
Average Rotational transform:                                2.749e-02  -->   2.508e-03 (dimensionless)
Maximum absolute Force error:                                6.082e-01  -->   8.011e-02 (N)
Minimum absolute Force error:                                3.191e-05  -->   9.960e-08 (N)
Average absolute Force error:                                5.827e-02  -->   1.855e-03 (N)
Maximum absolute Force error:                                2.953e-07  -->   3.889e-08 (normalized)
Minimum absolute Force error:                                1.549e-11  -->   4.836e-14 (normalized)
Average absolute Force error:                                2.829e-08  -->   9.005e-10 (normalized)
Cross-section R error:                                       0.000e+00  -->   0.000e+00 (m)
Cross-section Z error:                                       0.000e+00  -->   0.000e+00 (m)
Fixed pressure profile error:                                0.000e+00  -->   0.000e+00 (Pa)
Fixed current profile error:                                 0.000e+00  -->   0.000e+00 (A)
Fixed Psi error:                                             0.000e+00  -->   0.000e+00 (Wb)
==============================================================================================================

