/home/ye2698/DESC/desc/integrals/_interp_utils.py:19: UserWarning: 
jax-finufft is not installed.
If you want to use NUFFTs, follow the DESC installation instructions.
Otherwise you must set the parameter nufft_eps to zero
when computing effective ripple, Gamma_c, and any other
computations that involve bounce integrals.

  warnings.warn(
DESC version=0.15.0+424.gdbba9ba17.
Using JAX backend: jax version=0.6.2, jaxlib version=0.6.2, dtype=float64.
Using device: NVIDIA A100-PCIE-40GB (id=0), with 40.00 GB available memory.
Building objective: QS two-term
Precomputing transforms
Timer: Precomputing transforms = 342 ms
Building objective: aspect ratio
Precomputing transforms
Timer: Precomputing transforms = 40.5 ms
Building objective: volume
Precomputing transforms
Timer: Precomputing transforms = 40.1 ms
Building objective: rotational transform
Precomputing transforms
Timer: Precomputing transforms = 301 ms
Timer: Objective build = 815 ms
Building objective: force
Precomputing transforms
Timer: Precomputing transforms = 533 ms
Timer: Objective build = 858 ms
Timer: Objective build = 2.95 ms
Timer: Eq Update LinearConstraintProjection build = 2.26 sec
Timer: Proximal projection build = 10.3 sec
Building objective: fixed cross-section R
Building objective: fixed cross-section Z
Building objective: fixed pressure
Building objective: fixed current
Building objective: fixed Psi
Timer: Objective build = 288 ms
Timer: LinearConstraintProjection build = 850 ms
Number of parameters: 45
Number of objectives: 478
Timer: Initializing the optimization = 11.5 sec

Starting optimization
Using method: proximal-lsq-exact
Solver options:
------------------------------------------------------------
Maximum Function Evaluations       : 1251
Maximum Allowed Total Δx Norm      : inf
Scaled Termination                 : True
Trust Region Method                : qr
Initial Trust Radius               : 1.183e+02
Maximum Trust Radius               : inf
Minimum Trust Radius               : 2.220e-16
Trust Radius Increase Ratio        : 2.000e+00
Trust Radius Decrease Ratio        : 2.500e-01
Trust Radius Increase Threshold    : 7.500e-01
Trust Radius Decrease Threshold    : 2.500e-01
------------------------------------------------------------ 

   Iteration     Total nfev        Cost      Cost reduction    Step norm     Optimality   
       0              1          1.242e+03                                    1.417e+01   
       1              4          1.161e+03      8.136e+01      3.812e-03      1.035e+01   
       2              5          1.090e+03      7.062e+01      9.375e-03      4.945e+00   
       3              6          1.070e+03      1.996e+01      1.112e-02      6.872e+00   
       4              7          1.022e+03      4.826e+01      1.033e-02      4.886e+00   
       5              8          9.821e+02      4.004e+01      2.513e-02      6.789e+00   
       6              9          9.244e+02      5.767e+01      2.029e-02      4.990e+00   
       7             11          9.078e+02      1.663e+01      6.772e-03      3.712e+00   
       8             12          8.931e+02      1.473e+01      8.615e-03      1.845e+00   
       9             13          8.790e+02      1.410e+01      1.064e-02      4.182e-01   
      10             15          8.718e+02      7.179e+00      5.296e-03      1.008e+00   
      11             16          8.611e+02      1.072e+01      3.723e-03      9.487e-01   
      12             17          8.285e+02      3.261e+01      6.975e-03      3.342e+00   
      13             19          7.966e+02      3.187e+01      3.527e-03      2.198e+00   
      14             21          7.800e+02      1.666e+01      1.259e-03      2.126e+00   
      15             22          7.539e+02      2.609e+01      2.290e-03      3.338e+00   
      16             23          7.406e+02      1.327e+01      1.205e-02      5.580e+00   
      17             25          7.070e+02      3.358e+01      7.438e-03      2.925e+00   
      18             26          6.746e+02      3.243e+01      3.632e-03      2.502e+00   
      19             27          6.434e+02      3.120e+01      6.108e-03      2.609e+00   
      20             28          6.304e+02      1.298e+01      8.864e-03      6.568e+00   
      21             29          5.873e+02      4.312e+01      1.835e-03      1.931e+00   
      22             31          5.788e+02      8.440e+00      5.967e-04      1.096e+00   
      23             32          5.691e+02      9.693e+00      9.843e-04      8.333e-01   
      24             33          5.485e+02      2.069e+01      2.979e-03      9.509e-01   
      25             35          5.378e+02      1.062e+01      1.615e-03      8.057e-01   
      26             37          5.336e+02      4.235e+00      2.042e-03      6.256e-01   
      27             38          5.278e+02      5.781e+00      4.732e-03      7.927e-01   
      28             39          5.233e+02      4.498e+00      6.011e-03      6.544e-01   
      29             40          5.162e+02      7.135e+00      3.517e-03      7.411e-01   
      30             41          5.016e+02      1.459e+01      4.996e-03      5.208e-01   
      31             42          4.787e+02      2.292e+01      8.356e-03      2.108e+00   
      32             44          4.700e+02      8.716e+00      3.686e-03      2.559e+00   
      33             45          4.409e+02      2.904e+01      4.580e-03      1.257e+00   
      34             47          4.315e+02      9.395e+00      3.370e-03      6.404e-01   
      35             48          4.156e+02      1.595e+01      7.915e-03      8.787e-01   
      36             49          4.054e+02      1.015e+01      1.141e-02      3.142e+00   
      37             50          3.784e+02      2.701e+01      1.221e-02      5.575e+00   
      38             51          3.781e+02      2.872e-01      9.545e-03      4.463e+00   
      39             52          3.538e+02      2.435e+01      4.372e-03      2.558e+00   
      40             53          3.359e+02      1.785e+01      6.573e-03      1.361e+00   
      41             54          3.274e+02      8.551e+00      6.104e-03      9.519e-01   
      42             55          3.182e+02      9.151e+00      3.726e-03      6.479e-01   
      43             56          2.946e+02      2.357e+01      7.569e-03      1.003e+00   
      44             57          2.583e+02      3.637e+01      1.644e-02      1.195e+00   
      45             58          1.645e+02      9.380e+01      4.522e-02      2.505e+00   
      46             61          1.524e+02      1.208e+01      9.442e-03      7.117e-01   
      47             62          1.399e+02      1.251e+01      1.572e-02      1.674e+00   
      48             63          1.228e+02      1.708e+01      1.508e-02      9.969e-01   
      49             64          1.165e+02      6.333e+00      2.068e-02      1.620e+00   
      50             66          1.069e+02      9.546e+00      1.431e-03      2.243e+00   
      51             67          1.057e+02      1.186e+00      6.728e-03      2.933e+00   
      52             68          9.949e+01      6.260e+00      2.637e-03      8.537e-01   
      53             69          9.628e+01      3.211e+00      2.003e-03      6.602e-01   
      54             70          9.472e+01      1.555e+00      2.492e-03      1.180e+00   
      55             71          9.007e+01      4.656e+00      5.477e-03      1.774e+00   
      56             72          8.443e+01      5.641e+00      9.498e-03      1.542e+00   
      57             73          7.713e+01      7.299e+00      8.292e-03      7.698e-01   
      58             75          7.658e+01      5.510e-01      5.316e-03      2.343e+00   
      59             76          7.096e+01      5.616e+00      1.196e-03      5.487e-01   
      60             77          6.904e+01      1.926e+00      1.736e-03      3.455e-01   
      61             78          6.851e+01      5.282e-01      3.687e-03      1.354e+00   
      62             79          6.665e+01      1.862e+00      1.628e-03      6.044e-01   
      63             80          6.582e+01      8.279e-01      2.243e-03      4.791e-01   
      64             81          6.522e+01      5.980e-01      2.565e-03      4.128e-01   
      65             82          6.480e+01      4.225e-01      2.457e-03      4.217e-01   
      66             83          6.444e+01      3.621e-01      2.035e-03      5.016e-01   
      67             84          6.400e+01      4.372e-01      1.532e-03      5.126e-01   
      68             85          6.344e+01      5.571e-01      1.120e-03      5.304e-01   
      69             87          6.304e+01      4.035e-01      3.191e-04      5.706e-02   
      70             88          6.290e+01      1.402e-01      3.353e-04      3.243e-01   
      71             89          6.268e+01      2.214e-01      3.011e-04      3.081e-01   
      72             90          6.253e+01      1.430e-01      2.786e-04      3.597e-01   
      73             91          6.239e+01      1.427e-01      8.128e-05      8.195e-02   
      74             93          6.235e+01      3.688e-02      1.953e-05      7.115e-02   
Optimization terminated successfully.
`ftol` condition satisfied. (ftol=1.00e-03)
         Current function value: 6.235e+01
         Total delta_x: 2.275e-01
         Iterations: 74
         Function evaluations: 93
         Jacobian evaluations: 75
Timer: Solution time = 4.06 min
Timer: Avg time per step = 3.25 sec
==============================================================================================================
                                                                 Start  -->   End
Total (sum of squares):                                      1.240e+03  -->   6.235e+01, 
Maximum absolute Quasi-symmetry (1,0) two-term error:        3.034e-01  -->   8.236e-02 (T^3)
Minimum absolute Quasi-symmetry (1,0) two-term error:        2.375e-05  -->   6.853e-05 (T^3)
Average absolute Quasi-symmetry (1,0) two-term error:        5.504e-02  -->   1.132e-02 (T^3)
Aspect ratio:                                                6.037e+00  -->   5.999e+00 (dimensionless)
Plasma volume:                                               5.420e-01  -->   6.431e-01 (m^3)
Maximum Rotational transform:                                2.750e-02  -->   3.363e-01 (dimensionless)
Minimum Rotational transform:                                2.745e-02  -->   3.203e-01 (dimensionless)
Average Rotational transform:                                2.749e-02  -->   3.306e-01 (dimensionless)
Maximum absolute Force error:                                6.082e-01  -->   7.779e-01 (N)
Minimum absolute Force error:                                3.191e-05  -->   1.314e-05 (N)
Average absolute Force error:                                5.827e-02  -->   1.786e-02 (N)
Maximum absolute Force error:                                2.953e-07  -->   3.777e-07 (normalized)
Minimum absolute Force error:                                1.549e-11  -->   6.380e-12 (normalized)
Average absolute Force error:                                2.829e-08  -->   8.672e-09 (normalized)
Cross-section R error:                                       0.000e+00  -->   0.000e+00 (m)
Cross-section Z error:                                       0.000e+00  -->   0.000e+00 (m)
Fixed pressure profile error:                                0.000e+00  -->   0.000e+00 (Pa)
Fixed current profile error:                                 0.000e+00  -->   0.000e+00 (A)
Fixed Psi error:                                             0.000e+00  -->   0.000e+00 (Wb)
==============================================================================================================

