/home/ye2698/DESC/desc/integrals/_interp_utils.py:19: UserWarning: 
jax-finufft is not installed.
If you want to use NUFFTs, follow the DESC installation instructions.
Otherwise you must set the parameter nufft_eps to zero
when computing effective ripple, Gamma_c, and any other
computations that involve bounce integrals.

  warnings.warn(
DESC version=0.15.0+424.gdbba9ba17.
Using JAX backend: jax version=0.6.2, jaxlib version=0.6.2, dtype=float64.
Using device: NVIDIA A100-PCIE-40GB (id=0), with 40.00 GB available memory.
Building objective: QS two-term
Precomputing transforms
Timer: Precomputing transforms = 339 ms
Building objective: aspect ratio
Precomputing transforms
Timer: Precomputing transforms = 40.5 ms
Building objective: volume
Precomputing transforms
Timer: Precomputing transforms = 40.3 ms
Building objective: rotational transform
Precomputing transforms
Timer: Precomputing transforms = 298 ms
Timer: Objective build = 809 ms
Building objective: force
Precomputing transforms
Timer: Precomputing transforms = 557 ms
Timer: Objective build = 875 ms
Timer: Objective build = 2.99 ms
Timer: Eq Update LinearConstraintProjection build = 2.28 sec
Timer: Proximal projection build = 10.4 sec
Building objective: fixed cross-section R
Building objective: fixed cross-section Z
Building objective: fixed pressure
Building objective: fixed current
Building objective: fixed Psi
Timer: Objective build = 283 ms
Timer: LinearConstraintProjection build = 835 ms
Number of parameters: 45
Number of objectives: 478
Timer: Initializing the optimization = 11.5 sec

Starting optimization
Using method: proximal-lsq-exact
Solver options:
------------------------------------------------------------
Maximum Function Evaluations       : 1251
Maximum Allowed Total Δx Norm      : inf
Scaled Termination                 : True
Trust Region Method                : qr
Initial Trust Radius               : 5.709e+02
Maximum Trust Radius               : inf
Minimum Trust Radius               : 2.220e-16
Trust Radius Increase Ratio        : 2.000e+00
Trust Radius Decrease Ratio        : 2.500e-01
Trust Radius Increase Threshold    : 7.500e-01
Trust Radius Decrease Threshold    : 2.500e-01
------------------------------------------------------------ 

   Iteration     Total nfev        Cost      Cost reduction    Step norm     Optimality   
       0              1          1.248e+04                                    7.619e+01   
       1              2          9.967e+03      2.514e+03      2.350e-01      8.041e+01   
       2              3          1.981e+03      7.987e+03      3.951e-02      3.260e+01   
       3              5          1.699e+03      2.816e+02      8.706e-03      3.446e+01   
       4              6          1.064e+03      6.346e+02      3.513e-03      4.733e+00   
       5              8          1.056e+03      8.182e+00      1.901e-03      1.294e+01   
       6              9          9.535e+02      1.028e+02      2.358e-03      1.796e+00   
       7             10          9.335e+02      1.996e+01      5.504e-04      2.681e+00   
       8             12          9.227e+02      1.079e+01      1.772e-04      2.759e+00   
       9             13          9.153e+02      7.494e+00      1.800e-03      6.560e-01   
      10             14          9.149e+02      3.106e-01      1.716e-03      2.519e+00   
      11             15          9.106e+02      4.365e+00      9.012e-04      1.177e-01   
      12             16          9.090e+02      1.575e+00      8.125e-04      7.503e-01   
      13             18          9.081e+02      9.165e-01      1.986e-04      5.050e-01   
      14             19          9.080e+02      6.056e-02      1.620e-03      1.382e+00   
      15             20          9.069e+02      1.123e+00      3.805e-04      3.509e-01   
      16             21          9.066e+02      3.077e-01      1.506e-03      5.378e-01   
Optimization terminated successfully.
`ftol` condition satisfied. (ftol=1.00e-03)
         Current function value: 9.066e+02
         Total delta_x: 2.164e-01
         Iterations: 16
         Function evaluations: 21
         Jacobian evaluations: 17
Timer: Solution time = 1.02 min
Timer: Avg time per step = 3.61 sec
==============================================================================================================
                                                                 Start  -->   End
Total (sum of squares):                                      1.242e+04  -->   9.066e+02, 
Maximum absolute Quasi-symmetry (1,0) two-term error:        3.034e-01  -->   9.521e-03 (T^3)
Minimum absolute Quasi-symmetry (1,0) two-term error:        2.375e-05  -->   3.391e-06 (T^3)
Average absolute Quasi-symmetry (1,0) two-term error:        5.504e-02  -->   1.168e-03 (T^3)
Aspect ratio:                                                6.037e+00  -->   6.001e+00 (dimensionless)
Plasma volume:                                               5.420e-01  -->   1.194e+00 (m^3)
Maximum Rotational transform:                                2.750e-02  -->   2.003e-04 (dimensionless)
Minimum Rotational transform:                                2.745e-02  -->  -3.452e-04 (dimensionless)
Average Rotational transform:                                2.749e-02  -->  -1.372e-04 (dimensionless)
Maximum absolute Force error:                                6.082e-01  -->   1.473e-01 (N)
Minimum absolute Force error:                                3.191e-05  -->   1.881e-07 (N)
Average absolute Force error:                                5.827e-02  -->   2.075e-03 (N)
Maximum absolute Force error:                                2.953e-07  -->   7.151e-08 (normalized)
Minimum absolute Force error:                                1.549e-11  -->   9.131e-14 (normalized)
Average absolute Force error:                                2.829e-08  -->   1.007e-09 (normalized)
Cross-section R error:                                       0.000e+00  -->   0.000e+00 (m)
Cross-section Z error:                                       0.000e+00  -->   0.000e+00 (m)
Fixed pressure profile error:                                0.000e+00  -->   0.000e+00 (Pa)
Fixed current profile error:                                 0.000e+00  -->   0.000e+00 (A)
Fixed Psi error:                                             0.000e+00  -->   0.000e+00 (Wb)
==============================================================================================================

