/home/ye2698/DESC/desc/integrals/_interp_utils.py:19: UserWarning: 
jax-finufft is not installed.
If you want to use NUFFTs, follow the DESC installation instructions.
Otherwise you must set the parameter nufft_eps to zero
when computing effective ripple, Gamma_c, and any other
computations that involve bounce integrals.

  warnings.warn(
DESC version=0.15.0+424.gdbba9ba17.
Using JAX backend: jax version=0.6.2, jaxlib version=0.6.2, dtype=float64.
Using device: NVIDIA A100-PCIE-40GB (id=0), with 40.00 GB available memory.
Building objective: QS two-term
Precomputing transforms
Timer: Precomputing transforms = 339 ms
Building objective: aspect ratio
Precomputing transforms
Timer: Precomputing transforms = 40.3 ms
Building objective: volume
Precomputing transforms
Timer: Precomputing transforms = 40.0 ms
Building objective: rotational transform
Precomputing transforms
Timer: Precomputing transforms = 296 ms
Timer: Objective build = 805 ms
Building objective: force
Precomputing transforms
Timer: Precomputing transforms = 537 ms
Timer: Objective build = 862 ms
Timer: Objective build = 3.00 ms
Timer: Eq Update LinearConstraintProjection build = 2.25 sec
Timer: Proximal projection build = 10.2 sec
Building objective: fixed cross-section R
Building objective: fixed cross-section Z
Building objective: fixed pressure
Building objective: fixed current
Building objective: fixed Psi
Timer: Objective build = 283 ms
Timer: LinearConstraintProjection build = 831 ms
Number of parameters: 45
Number of objectives: 478
Timer: Initializing the optimization = 11.4 sec

Starting optimization
Using method: proximal-lsq-exact
Solver options:
------------------------------------------------------------
Maximum Function Evaluations       : 1251
Maximum Allowed Total Δx Norm      : inf
Scaled Termination                 : True
Trust Region Method                : qr
Initial Trust Radius               : 5.681e+02
Maximum Trust Radius               : inf
Minimum Trust Radius               : 2.220e-16
Trust Radius Increase Ratio        : 2.000e+00
Trust Radius Decrease Ratio        : 2.500e-01
Trust Radius Increase Threshold    : 7.500e-01
Trust Radius Decrease Threshold    : 2.500e-01
------------------------------------------------------------ 

   Iteration     Total nfev        Cost      Cost reduction    Step norm     Optimality   
       0              1          1.190e+04                                    7.633e+01   
       1              4          9.617e+03      2.281e+03      4.232e-03      6.188e+01   
       2              5          7.629e+03      1.988e+03      9.142e-03      3.757e+01   
       3              6          6.710e+03      9.188e+02      9.902e-03      3.657e+01   
       4              7          5.507e+03      1.203e+03      9.232e-03      3.108e+01   
       5              8          4.182e+03      1.325e+03      2.026e-02      2.659e+01   
       6              9          2.711e+03      1.472e+03      2.900e-02      1.351e+01   
       7             11          2.368e+03      3.426e+02      1.707e-02      1.507e+01   
       8             12          2.016e+03      3.517e+02      1.899e-02      1.267e+01   
       9             13          1.906e+03      1.106e+02      4.281e-02      2.378e+01   
      10             14          1.424e+03      4.821e+02      9.413e-03      1.087e+01   
      11             15          1.207e+03      2.167e+02      2.011e-02      1.165e+01   
      12             16          1.113e+03      9.437e+01      3.433e-02      1.259e+01   
      13             17          8.594e+02      2.533e+02      3.215e-02      5.148e+00   
      14             18          7.331e+02      1.262e+02      3.171e-02      8.347e+00   
      15             19          5.716e+02      1.615e+02      3.255e-02      5.498e+00   
      16             20          4.849e+02      8.671e+01      3.417e-02      3.876e+00   
      17             21          3.919e+02      9.295e+01      3.237e-02      2.719e+00   
      18             22          3.503e+02      4.161e+01      2.871e-02      1.917e+00   
      19             23          3.063e+02      4.404e+01      1.402e-02      8.180e-02   
      20             26          3.051e+02      1.138e+00      2.720e-03      3.817e-01   
      21             27          3.009e+02      4.279e+00      4.592e-03      2.099e-01   
      22             28          2.952e+02      5.675e+00      8.993e-03      3.009e-01   
      23             30          2.922e+02      2.989e+00      8.212e-03      2.733e-01   
      24             32          2.903e+02      1.892e+00      4.953e-03      1.622e-01   
      25             33          2.893e+02      1.034e+00      8.925e-03      4.243e-01   
      26             34          2.861e+02      3.164e+00      9.833e-03      2.817e-01   
      27             36          2.843e+02      1.849e+00      5.522e-03      1.510e-01   
      28             37          2.826e+02      1.659e+00      9.857e-03      2.720e-01   
      29             38          2.820e+02      5.757e-01      1.770e-02      7.154e-01   
      30             39          2.771e+02      4.899e+00      4.991e-03      1.234e-01   
      31             40          2.761e+02      1.052e+00      8.913e-03      4.981e-01   
      32             41          2.737e+02      2.417e+00      9.428e-03      3.016e-01   
      33             43          2.723e+02      1.375e+00      4.877e-03      1.690e-01   
      34             45          2.717e+02      5.584e-01      2.467e-03      9.589e-02   
      35             46          2.713e+02      4.417e-01      4.289e-03      3.159e-01   
      36             47          2.704e+02      9.334e-01      4.277e-03      2.114e-01   
      37             49          2.698e+02      5.848e-01      2.159e-03      9.785e-02   
      38             50          2.695e+02      2.812e-01      3.729e-03      3.543e-01   
      39             51          2.685e+02      9.667e-01      3.751e-03      2.144e-01   
      40             53          2.680e+02      5.627e-01      1.883e-03      1.054e-01   
      41             54          2.678e+02      2.050e-01      3.347e-03      3.781e-01   
Optimization terminated successfully.
`ftol` condition satisfied. (ftol=1.00e-03)
         Current function value: 2.678e+02
         Total delta_x: 2.936e-01
         Iterations: 41
         Function evaluations: 54
         Jacobian evaluations: 42
Timer: Solution time = 2.16 min
Timer: Avg time per step = 3.09 sec
==============================================================================================================
                                                                 Start  -->   End
Total (sum of squares):                                      1.184e+04  -->   2.678e+02, 
Maximum absolute Quasi-symmetry (1,0) two-term error:        3.034e-01  -->   1.460e-02 (T^3)
Minimum absolute Quasi-symmetry (1,0) two-term error:        2.375e-05  -->   1.028e-06 (T^3)
Average absolute Quasi-symmetry (1,0) two-term error:        5.504e-02  -->   2.441e-03 (T^3)
Aspect ratio:                                                6.037e+00  -->   5.994e+00 (dimensionless)
Plasma volume:                                               5.420e-01  -->   1.381e+00 (m^3)
Maximum Rotational transform:                                2.750e-02  -->   7.622e-03 (dimensionless)
Minimum Rotational transform:                                2.745e-02  -->   7.403e-03 (dimensionless)
Average Rotational transform:                                2.749e-02  -->   7.541e-03 (dimensionless)
Maximum absolute Force error:                                6.082e-01  -->   2.867e-01 (N)
Minimum absolute Force error:                                3.191e-05  -->   2.835e-07 (N)
Average absolute Force error:                                5.827e-02  -->   3.917e-03 (N)
Maximum absolute Force error:                                2.953e-07  -->   1.392e-07 (normalized)
Minimum absolute Force error:                                1.549e-11  -->   1.376e-13 (normalized)
Average absolute Force error:                                2.829e-08  -->   1.902e-09 (normalized)
Cross-section R error:                                       0.000e+00  -->   0.000e+00 (m)
Cross-section Z error:                                       0.000e+00  -->   0.000e+00 (m)
Fixed pressure profile error:                                0.000e+00  -->   0.000e+00 (Pa)
Fixed current profile error:                                 0.000e+00  -->   0.000e+00 (A)
Fixed Psi error:                                             0.000e+00  -->   0.000e+00 (Wb)
==============================================================================================================

