/home/ye2698/DESC/desc/integrals/_interp_utils.py:19: UserWarning: 
jax-finufft is not installed.
If you want to use NUFFTs, follow the DESC installation instructions.
Otherwise you must set the parameter nufft_eps to zero
when computing effective ripple, Gamma_c, and any other
computations that involve bounce integrals.

  warnings.warn(
DESC version=0.15.0+424.gdbba9ba17.
Using JAX backend: jax version=0.6.2, jaxlib version=0.6.2, dtype=float64.
Using device: NVIDIA A100-PCIE-40GB (id=0), with 40.00 GB available memory.
Building objective: QS two-term
Precomputing transforms
Timer: Precomputing transforms = 347 ms
Building objective: aspect ratio
Precomputing transforms
Timer: Precomputing transforms = 40.0 ms
Building objective: volume
Precomputing transforms
Timer: Precomputing transforms = 40.3 ms
Building objective: rotational transform
Precomputing transforms
Timer: Precomputing transforms = 305 ms
Timer: Objective build = 824 ms
Building objective: force
Precomputing transforms
Timer: Precomputing transforms = 534 ms
Timer: Objective build = 866 ms
Timer: Objective build = 3.06 ms
Timer: Eq Update LinearConstraintProjection build = 2.28 sec
Timer: Proximal projection build = 10.4 sec
Building objective: fixed cross-section R
Building objective: fixed cross-section Z
Building objective: fixed pressure
Building objective: fixed current
Building objective: fixed Psi
Timer: Objective build = 294 ms
Timer: LinearConstraintProjection build = 854 ms
Number of parameters: 45
Number of objectives: 478
Timer: Initializing the optimization = 11.6 sec

Starting optimization
Using method: proximal-lsq-exact
Solver options:
------------------------------------------------------------
Maximum Function Evaluations       : 1251
Maximum Allowed Total Δx Norm      : inf
Scaled Termination                 : True
Trust Region Method                : qr
Initial Trust Radius               : 1.183e+02
Maximum Trust Radius               : inf
Minimum Trust Radius               : 2.220e-16
Trust Radius Increase Ratio        : 2.000e+00
Trust Radius Decrease Ratio        : 2.500e-01
Trust Radius Increase Threshold    : 7.500e-01
Trust Radius Decrease Threshold    : 2.500e-01
------------------------------------------------------------ 

   Iteration     Total nfev        Cost      Cost reduction    Step norm     Optimality   
       0              1          5.028e+02                                    1.535e+01   
       1              4          4.086e+02      9.417e+01      3.417e-03      1.018e+01   
       2              5          3.240e+02      8.461e+01      8.485e-03      5.311e+00   
       3              6          2.713e+02      5.270e+01      2.223e-02      9.196e+00   
       4              7          2.339e+02      3.739e+01      2.093e-02      9.418e+00   
       5              8          1.681e+02      6.581e+01      1.374e-02      1.602e+00   
       6              9          1.176e+02      5.050e+01      5.484e-03      3.907e+00   
       7             11          9.785e+01      1.976e+01      3.363e-02      3.593e+00   
       8             12          7.519e+01      2.265e+01      3.145e-02      2.690e+00   
       9             15          7.014e+01      5.059e+00      2.808e-03      9.087e-01   
      10             16          6.920e+01      9.347e-01      5.318e-03      2.078e+00   
      11             17          6.566e+01      3.539e+00      1.112e-03      7.899e-01   
      12             18          6.408e+01      1.584e+00      2.348e-03      1.009e+00   
      13             19          6.184e+01      2.236e+00      2.423e-03      8.951e-01   
      14             20          5.949e+01      2.348e+00      5.349e-03      1.352e+00   
      15             21          5.647e+01      3.020e+00      5.942e-03      1.187e+00   
      16             22          5.475e+01      1.727e+00      1.042e-02      2.408e+00   
      17             23          4.920e+01      5.552e+00      8.430e-03      1.030e+00   
      18             25          4.609e+01      3.105e+00      4.151e-03      2.436e-01   
      19             27          4.543e+01      6.601e-01      2.267e-03      3.549e-01   
      20             29          4.502e+01      4.055e-01      9.488e-04      1.111e-01   
      21             30          4.462e+01      4.028e-01      1.597e-03      3.547e-01   
      22             31          4.385e+01      7.755e-01      2.637e-03      2.904e-01   
      23             32          4.285e+01      9.953e-01      3.655e-03      4.917e-01   
      24             33          4.211e+01      7.436e-01      4.318e-03      6.817e-01   
      25             35          4.029e+01      1.821e+00      5.983e-04      1.512e-01   
      26             36          3.989e+01      3.943e-01      2.061e-03      7.456e-01   
      27             37          3.898e+01      9.098e-01      1.972e-03      3.299e-01   
      28             39          3.854e+01      4.407e-01      7.295e-04      2.856e-01   
      29             41          3.847e+01      7.388e-02      3.847e-04      2.042e-01   
      30             42          3.834e+01      1.257e-01      3.862e-04      1.750e-01   
      31             43          3.826e+01      8.146e-02      8.341e-04      4.778e-01   
      32             44          3.806e+01      1.992e-01      8.664e-04      3.839e-01   
      33             45          3.788e+01      1.781e-01      8.455e-04      3.103e-01   
      34             46          3.781e+01      7.559e-02      1.360e-03      4.903e-01   
      35             47          3.759e+01      2.133e-01      3.423e-04      1.663e-01   
      36             48          3.751e+01      8.369e-02      7.421e-04      2.401e-01   
      37             49          3.730e+01      2.059e-01      6.476e-04      1.051e-01   
      38             50          3.713e+01      1.786e-01      9.224e-04      2.278e-01   
      39             51          3.699e+01      1.369e-01      3.135e-04      1.368e-01   
      40             52          3.675e+01      2.377e-01      1.382e-04      1.233e-01   
      41             53          3.673e+01      2.406e-02      2.567e-04      5.381e-01   
      42             54          3.628e+01      4.474e-01      4.494e-04      5.800e-02   
      43             56          3.623e+01      5.057e-02      1.248e-04      8.048e-02   
      44             57          3.615e+01      7.458e-02      2.030e-04      5.223e-02   
      45             58          3.610e+01      5.739e-02      4.243e-04      1.541e-01   
      46             59          3.593e+01      1.690e-01      4.479e-04      1.032e-01   
      47             61          3.587e+01      5.661e-02      2.002e-04      8.435e-02   
      48             63          3.584e+01      2.821e-02      1.001e-04      1.496e-02   
Optimization terminated successfully.
`ftol` condition satisfied. (ftol=1.00e-03)
         Current function value: 3.584e+01
         Total delta_x: 7.923e-02
         Iterations: 48
         Function evaluations: 63
         Jacobian evaluations: 49
Timer: Solution time = 2.53 min
Timer: Avg time per step = 3.10 sec
==============================================================================================================
                                                                 Start  -->   End
Total (sum of squares):                                      5.002e+02  -->   3.584e+01, 
Maximum absolute Quasi-symmetry (1,0) two-term error:        3.034e-01  -->   1.944e-02 (T^3)
Minimum absolute Quasi-symmetry (1,0) two-term error:        2.375e-05  -->   1.144e-05 (T^3)
Average absolute Quasi-symmetry (1,0) two-term error:        5.504e-02  -->   2.556e-03 (T^3)
Aspect ratio:                                                6.037e+00  -->   6.000e+00 (dimensionless)
Plasma volume:                                               5.420e-01  -->   5.842e-01 (m^3)
Maximum Rotational transform:                                2.750e-02  -->   1.999e-03 (dimensionless)
Minimum Rotational transform:                                2.745e-02  -->   1.625e-03 (dimensionless)
Average Rotational transform:                                2.749e-02  -->   1.751e-03 (dimensionless)
Maximum absolute Force error:                                6.082e-01  -->   5.707e-01 (N)
Minimum absolute Force error:                                3.191e-05  -->   4.106e-07 (N)
Average absolute Force error:                                5.827e-02  -->   5.742e-03 (N)
Maximum absolute Force error:                                2.953e-07  -->   2.771e-07 (normalized)
Minimum absolute Force error:                                1.549e-11  -->   1.994e-13 (normalized)
Average absolute Force error:                                2.829e-08  -->   2.788e-09 (normalized)
Cross-section R error:                                       0.000e+00  -->   0.000e+00 (m)
Cross-section Z error:                                       0.000e+00  -->   0.000e+00 (m)
Fixed pressure profile error:                                0.000e+00  -->   0.000e+00 (Pa)
Fixed current profile error:                                 0.000e+00  -->   0.000e+00 (A)
Fixed Psi error:                                             0.000e+00  -->   0.000e+00 (Wb)
==============================================================================================================

