/home/ye2698/DESC/desc/integrals/_interp_utils.py:19: UserWarning: 
jax-finufft is not installed.
If you want to use NUFFTs, follow the DESC installation instructions.
Otherwise you must set the parameter nufft_eps to zero
when computing effective ripple, Gamma_c, and any other
computations that involve bounce integrals.

  warnings.warn(
DESC version=0.15.0+424.gdbba9ba17.
Using JAX backend: jax version=0.6.2, jaxlib version=0.6.2, dtype=float64.
Using device: NVIDIA A100-PCIE-40GB (id=0), with 40.00 GB available memory.
Building objective: QS two-term
Precomputing transforms
Timer: Precomputing transforms = 339 ms
Building objective: aspect ratio
Precomputing transforms
Timer: Precomputing transforms = 39.5 ms
Building objective: volume
Precomputing transforms
Timer: Precomputing transforms = 39.8 ms
Building objective: rotational transform
Precomputing transforms
Timer: Precomputing transforms = 299 ms
Timer: Objective build = 809 ms
Building objective: force
Precomputing transforms
Timer: Precomputing transforms = 530 ms
Timer: Objective build = 859 ms
Timer: Objective build = 2.97 ms
Timer: Eq Update LinearConstraintProjection build = 2.25 sec
Timer: Proximal projection build = 10.3 sec
Building objective: fixed cross-section R
Building objective: fixed cross-section Z
Building objective: fixed pressure
Building objective: fixed current
Building objective: fixed Psi
Timer: Objective build = 286 ms
Timer: LinearConstraintProjection build = 839 ms
Number of parameters: 45
Number of objectives: 478
Timer: Initializing the optimization = 11.5 sec

Starting optimization
Using method: proximal-lsq-exact
Solver options:
------------------------------------------------------------
Maximum Function Evaluations       : 751
Maximum Allowed Total Δx Norm      : inf
Scaled Termination                 : True
Trust Region Method                : qr
Initial Trust Radius               : 1.137e+01
Maximum Trust Radius               : inf
Minimum Trust Radius               : 2.220e-16
Trust Radius Increase Ratio        : 2.000e+00
Trust Radius Decrease Ratio        : 2.500e-01
Trust Radius Increase Threshold    : 7.500e-01
Trust Radius Decrease Threshold    : 2.500e-01
------------------------------------------------------------ 

   Iteration     Total nfev        Cost      Cost reduction    Step norm     Optimality   
       0              1          7.751e+02                                    1.021e+01   
       1              3          7.112e+02      6.388e+01      2.674e-02      8.807e+00   
       2              4          6.648e+02      4.640e+01      2.807e-02      1.295e+01   
       3              5          5.211e+02      1.437e+02      2.859e-02      1.211e+01   
       4              6          3.945e+02      1.267e+02      1.241e-01      8.895e+00   
       5              7          1.513e+02      2.432e+02      8.482e-02      8.338e+00   
       6              8          1.944e+01      1.318e+02      1.113e-01      1.588e+00   
       7             10          6.460e+00      1.298e+01      2.953e-02      5.118e-01   
       8             11          3.821e+00      2.640e+00      8.001e-02      2.431e-01   
       9             13          2.279e+00      1.542e+00      3.053e-02      7.827e-02   
      10             15          2.059e+00      2.198e-01      3.263e-02      7.513e-02   
      11             16          1.863e+00      1.966e-01      3.806e-02      1.417e-01   
      12             18          1.725e+00      1.377e-01      1.275e-02      1.682e-02   
      13             19          1.615e+00      1.100e-01      2.574e-02      5.967e-02   
      14             20          1.391e+00      2.235e-01      3.814e-02      2.519e-02   
      15             22          1.342e+00      4.935e-02      5.179e-03      2.615e-02   
      16             23          1.254e+00      8.756e-02      3.564e-02      6.102e-02   
      17             24          1.153e+00      1.011e-01      9.321e-02      4.211e-02   
      18             26          1.040e+00      1.137e-01      4.825e-02      6.643e-02   
      19             28          9.961e-01      4.366e-02      2.492e-02      7.114e-02   
      20             30          9.702e-01      2.585e-02      1.066e-02      2.998e-02   
      21             32          9.602e-01      1.005e-02      5.377e-03      1.419e-02   
      22             33          9.445e-01      1.569e-02      1.137e-02      3.358e-02   
      23             34          9.255e-01      1.898e-02      2.159e-02      9.773e-02   
      24             35          8.783e-01      4.717e-02      1.925e-02      3.872e-02   
      25             36          8.322e-01      4.616e-02      3.605e-02      8.598e-02   
      26             38          7.916e-01      4.054e-02      1.993e-02      3.059e-02   
      27             39          7.595e-01      3.217e-02      3.995e-02      7.690e-02   
      28             41          7.481e-01      1.140e-02      7.330e-03      5.935e-02   
      29             42          7.181e-01      2.998e-02      6.909e-03      1.185e-02   
      30             44          7.125e-01      5.630e-03      4.038e-03      5.615e-03   
      31             45          7.041e-01      8.378e-03      7.670e-03      1.038e-02   
      32             47          6.989e-01      5.192e-03      3.601e-03      5.230e-03   
      33             48          6.908e-01      8.042e-03      6.775e-03      7.445e-03   
      34             50          6.855e-01      5.371e-03      3.155e-03      5.475e-03   
      35             51          6.766e-01      8.918e-03      6.037e-03      8.034e-03   
      36             52          6.725e-01      4.096e-03      1.087e-02      2.338e-02   
      37             53          6.562e-01      1.627e-02      1.079e-02      4.180e-02   
      38             54          6.267e-01      2.946e-02      1.126e-02      3.331e-02   
      39             56          6.077e-01      1.901e-02      5.663e-03      9.714e-03   
      40             58          6.025e-01      5.194e-03      2.541e-03      3.543e-03   
      41             59          5.961e-01      6.446e-03      4.084e-03      1.112e-02   
      42             60          5.829e-01      1.313e-02      6.137e-03      1.136e-02   
      43             62          5.790e-01      3.946e-03      3.559e-03      1.422e-02   
      44             63          5.757e-01      3.350e-03      2.718e-03      1.672e-02   
      45             64          5.725e-01      3.145e-03      2.856e-03      1.876e-02   
      46             65          5.697e-01      2.799e-03      2.991e-03      2.016e-02   
      47             67          5.664e-01      3.314e-03      2.891e-04      7.676e-03   
      48             69          5.660e-01      3.786e-04      3.573e-04      6.186e-03   
Optimization terminated successfully.
`ftol` condition satisfied. (ftol=1.00e-03)
         Current function value: 5.660e-01
         Total delta_x: 2.122e-01
         Iterations: 48
         Function evaluations: 69
         Jacobian evaluations: 49
Timer: Solution time = 4.01 min
Timer: Avg time per step = 4.91 sec
==============================================================================================================
                                                                 Start  -->   End
Total (sum of squares):                                      7.750e+02  -->   5.660e-01, 
Maximum absolute Quasi-symmetry (1,0) two-term error:        3.034e-01  -->   6.185e-02 (T^3)
Minimum absolute Quasi-symmetry (1,0) two-term error:        2.375e-05  -->   3.555e-05 (T^3)
Average absolute Quasi-symmetry (1,0) two-term error:        5.504e-02  -->   1.251e-02 (T^3)
Aspect ratio:                                                6.037e+00  -->   5.945e+00 (dimensionless)
Plasma volume:                                               5.420e-01  -->   1.392e+00 (m^3)
Maximum Rotational transform:                                2.750e-02  -->   4.200e-01 (dimensionless)
Minimum Rotational transform:                                2.745e-02  -->   4.192e-01 (dimensionless)
Average Rotational transform:                                2.749e-02  -->   4.197e-01 (dimensionless)
Maximum absolute Force error:                                6.082e-01  -->   3.668e+00 (N)
Minimum absolute Force error:                                3.191e-05  -->   8.374e-07 (N)
Average absolute Force error:                                5.827e-02  -->   4.859e-02 (N)
Maximum absolute Force error:                                2.953e-07  -->   1.781e-06 (normalized)
Minimum absolute Force error:                                1.549e-11  -->   4.066e-13 (normalized)
Average absolute Force error:                                2.829e-08  -->   2.359e-08 (normalized)
Cross-section R error:                                       0.000e+00  -->   0.000e+00 (m)
Cross-section Z error:                                       0.000e+00  -->   0.000e+00 (m)
Fixed pressure profile error:                                0.000e+00  -->   0.000e+00 (Pa)
Fixed current profile error:                                 0.000e+00  -->   0.000e+00 (A)
Fixed Psi error:                                             0.000e+00  -->   0.000e+00 (Wb)
==============================================================================================================

