/home/ye2698/DESC/desc/integrals/_interp_utils.py:19: UserWarning: 
jax-finufft is not installed.
If you want to use NUFFTs, follow the DESC installation instructions.
Otherwise you must set the parameter nufft_eps to zero
when computing effective ripple, Gamma_c, and any other
computations that involve bounce integrals.

  warnings.warn(
DESC version=0.15.0+424.gdbba9ba17.
Using JAX backend: jax version=0.6.2, jaxlib version=0.6.2, dtype=float64.
Using device: NVIDIA A100-PCIE-40GB (id=0), with 40.00 GB available memory.
Building objective: QS two-term
Precomputing transforms
Timer: Precomputing transforms = 340 ms
Building objective: aspect ratio
Precomputing transforms
Timer: Precomputing transforms = 40.3 ms
Building objective: volume
Precomputing transforms
Timer: Precomputing transforms = 40.0 ms
Building objective: rotational transform
Precomputing transforms
Timer: Precomputing transforms = 298 ms
Timer: Objective build = 808 ms
Building objective: force
Precomputing transforms
Timer: Precomputing transforms = 530 ms
Timer: Objective build = 848 ms
Timer: Objective build = 3.00 ms
Timer: Eq Update LinearConstraintProjection build = 2.24 sec
Timer: Proximal projection build = 10.2 sec
Building objective: fixed cross-section R
Building objective: fixed cross-section Z
Building objective: fixed pressure
Building objective: fixed current
Building objective: fixed Psi
Timer: Objective build = 285 ms
Timer: LinearConstraintProjection build = 844 ms
Number of parameters: 45
Number of objectives: 478
Timer: Initializing the optimization = 11.4 sec

Starting optimization
Using method: proximal-lsq-exact
Solver options:
------------------------------------------------------------
Maximum Function Evaluations       : 1251
Maximum Allowed Total Δx Norm      : inf
Scaled Termination                 : True
Trust Region Method                : qr
Initial Trust Radius               : 1.181e+02
Maximum Trust Radius               : inf
Minimum Trust Radius               : 2.220e-16
Trust Radius Increase Ratio        : 2.000e+00
Trust Radius Decrease Ratio        : 2.500e-01
Trust Radius Increase Threshold    : 7.500e-01
Trust Radius Decrease Threshold    : 2.500e-01
------------------------------------------------------------ 

   Iteration     Total nfev        Cost      Cost reduction    Step norm     Optimality   
       0              1          5.007e+02                                    1.530e+01   
       1              2          3.138e+02      1.869e+02      2.240e-01      1.196e+01   
       2              4          1.087e+02      2.051e+02      1.852e-02      8.693e+00   
       3              6          5.211e+01      5.660e+01      1.133e-02      2.009e+00   
       4              8          4.192e+01      1.019e+01      3.525e-03      1.088e+00   
       5             10          3.910e+01      2.823e+00      4.309e-03      4.742e-01   
       6             12          3.829e+01      8.136e-01      3.495e-03      2.369e-01   
       7             14          3.802e+01      2.662e-01      1.571e-03      1.618e-01   
       8             15          3.767e+01      3.480e-01      2.743e-03      2.049e-01   
       9             16          3.750e+01      1.726e-01      5.690e-03      3.286e-01   
      10             17          3.678e+01      7.246e-01      5.621e-03      4.491e-01   
      11             18          3.636e+01      4.190e-01      5.438e-03      3.507e-01   
      12             19          3.624e+01      1.211e-01      4.673e-03      1.532e-01   
      13             20          3.606e+01      1.796e-01      2.682e-03      1.978e-01   
      14             21          3.587e+01      1.838e-01      1.897e-03      9.706e-02   
      15             22          3.578e+01      9.528e-02      1.586e-03      4.635e-02   
      16             23          3.573e+01      4.485e-02      2.258e-03      9.515e-02   
      17             25          3.572e+01      6.858e-03      6.745e-04      6.442e-02   
Optimization terminated successfully.
`ftol` condition satisfied. (ftol=1.00e-03)
         Current function value: 3.572e+01
         Total delta_x: 2.107e-01
         Iterations: 17
         Function evaluations: 25
         Jacobian evaluations: 18
Timer: Solution time = 1.19 min
Timer: Avg time per step = 3.97 sec
==============================================================================================================
                                                                 Start  -->   End
Total (sum of squares):                                      4.982e+02  -->   3.572e+01, 
Maximum absolute Quasi-symmetry (1,0) two-term error:        3.034e-01  -->   1.555e-02 (T^3)
Minimum absolute Quasi-symmetry (1,0) two-term error:        2.375e-05  -->   9.501e-06 (T^3)
Average absolute Quasi-symmetry (1,0) two-term error:        5.504e-02  -->   1.617e-03 (T^3)
Aspect ratio:                                                6.037e+00  -->   5.999e+00 (dimensionless)
Plasma volume:                                               5.420e-01  -->   1.204e+00 (m^3)
Maximum Rotational transform:                                2.750e-02  -->   2.027e-03 (dimensionless)
Minimum Rotational transform:                                2.745e-02  -->  -1.309e-03 (dimensionless)
Average Rotational transform:                                2.749e-02  -->   8.218e-04 (dimensionless)
Maximum absolute Force error:                                6.082e-01  -->   1.349e-01 (N)
Minimum absolute Force error:                                3.191e-05  -->   3.051e-07 (N)
Average absolute Force error:                                5.827e-02  -->   2.192e-03 (N)
Maximum absolute Force error:                                2.953e-07  -->   6.549e-08 (normalized)
Minimum absolute Force error:                                1.549e-11  -->   1.482e-13 (normalized)
Average absolute Force error:                                2.829e-08  -->   1.064e-09 (normalized)
Cross-section R error:                                       0.000e+00  -->   0.000e+00 (m)
Cross-section Z error:                                       0.000e+00  -->   0.000e+00 (m)
Fixed pressure profile error:                                0.000e+00  -->   0.000e+00 (Pa)
Fixed current profile error:                                 0.000e+00  -->   0.000e+00 (A)
Fixed Psi error:                                             0.000e+00  -->   0.000e+00 (Wb)
==============================================================================================================

