/home/ye2698/DESC/desc/integrals/_interp_utils.py:19: UserWarning: 
jax-finufft is not installed.
If you want to use NUFFTs, follow the DESC installation instructions.
Otherwise you must set the parameter nufft_eps to zero
when computing effective ripple, Gamma_c, and any other
computations that involve bounce integrals.

  warnings.warn(
DESC version=0.15.0+424.gdbba9ba17.
Using JAX backend: jax version=0.6.2, jaxlib version=0.6.2, dtype=float64.
Using device: NVIDIA A100-PCIE-40GB (id=0), with 40.00 GB available memory.
Building objective: QS two-term
Precomputing transforms
Timer: Precomputing transforms = 341 ms
Building objective: aspect ratio
Precomputing transforms
Timer: Precomputing transforms = 40.5 ms
Building objective: volume
Precomputing transforms
Timer: Precomputing transforms = 40.2 ms
Building objective: rotational transform
Precomputing transforms
Timer: Precomputing transforms = 298 ms
Timer: Objective build = 808 ms
Building objective: force
Precomputing transforms
Timer: Precomputing transforms = 527 ms
Timer: Objective build = 846 ms
Timer: Objective build = 3.10 ms
Timer: Eq Update LinearConstraintProjection build = 2.24 sec
Timer: Proximal projection build = 10.2 sec
Building objective: fixed cross-section R
Building objective: fixed cross-section Z
Building objective: fixed pressure
Building objective: fixed current
Building objective: fixed Psi
Timer: Objective build = 288 ms
Timer: LinearConstraintProjection build = 832 ms
Number of parameters: 45
Number of objectives: 478
Timer: Initializing the optimization = 11.4 sec

Starting optimization
Using method: proximal-lsq-exact
Solver options:
------------------------------------------------------------
Maximum Function Evaluations       : 1251
Maximum Allowed Total Δx Norm      : inf
Scaled Termination                 : True
Trust Region Method                : qr
Initial Trust Radius               : 1.134e+02
Maximum Trust Radius               : inf
Minimum Trust Radius               : 2.220e-16
Trust Radius Increase Ratio        : 2.000e+00
Trust Radius Decrease Ratio        : 2.500e-01
Trust Radius Increase Threshold    : 7.500e-01
Trust Radius Decrease Threshold    : 2.500e-01
------------------------------------------------------------ 

   Iteration     Total nfev        Cost      Cost reduction    Step norm     Optimality   
       0              1          6.608e+02                                    1.497e+01   
       1              2          2.485e+02      4.123e+02      1.340e-01      2.745e+00   
       2              4          2.367e+02      1.176e+01      2.255e-02      2.460e+00   
       3              6          2.093e+02      2.739e+01      6.346e-03      6.242e-01   
       4              8          2.050e+02      4.381e+00      3.055e-03      3.287e-01   
       5              9          1.998e+02      5.117e+00      1.479e-02      8.087e-01   
       6             11          1.944e+02      5.432e+00      7.373e-03      2.919e-01   
       7             12          1.917e+02      2.689e+00      1.222e-02      1.273e+00   
       8             13          1.822e+02      9.484e+00      2.230e-02      4.413e-01   
       9             15          1.761e+02      6.182e+00      5.842e-03      5.573e-01   
      10             16          1.680e+02      8.011e+00      8.545e-03      3.451e-01   
      11             17          1.665e+02      1.519e+00      2.987e-02      2.654e+00   
      12             18          1.567e+02      9.822e+00      2.021e-02      1.987e+00   
      13             19          1.524e+02      4.340e+00      1.885e-02      7.147e-01   
      14             20          1.496e+02      2.774e+00      1.598e-02      5.544e-01   
      15             21          1.459e+02      3.676e+00      1.365e-02      6.928e-01   
      16             22          1.421e+02      3.853e+00      1.166e-02      1.083e+00   
      17             23          1.365e+02      5.539e+00      1.693e-02      5.384e-01   
      18             25          1.342e+02      2.357e+00      6.265e-03      5.330e-01   
      19             26          1.318e+02      2.336e+00      4.212e-03      4.306e-01   
      20             27          1.296e+02      2.207e+00      4.364e-03      4.598e-01   
      21             28          1.261e+02      3.486e+00      7.322e-03      8.711e-01   
      22             30          1.238e+02      2.360e+00      6.737e-03      5.486e-01   
      23             31          1.207e+02      3.078e+00      1.072e-02      1.434e+00   
      24             32          1.153e+02      5.384e+00      1.307e-02      9.409e-01   
      25             33          1.085e+02      6.805e+00      2.420e-02      2.269e+00   
      26             35          1.034e+02      5.088e+00      8.282e-03      7.932e-01   
      27             36          1.022e+02      1.220e+00      1.016e-02      2.273e+00   
      28             37          9.800e+01      4.203e+00      3.686e-03      5.392e-01   
      29             38          9.523e+01      2.775e+00      4.629e-03      5.952e-01   
      30             39          9.138e+01      3.848e+00      6.874e-03      1.097e+00   
      31             40          8.944e+01      1.936e+00      1.251e-02      1.953e+00   
      32             41          8.269e+01      6.755e+00      1.090e-02      1.766e+00   
      33             42          7.971e+01      2.978e+00      4.647e-03      1.788e+00   
      34             43          7.077e+01      8.944e+00      6.334e-03      4.172e-01   
      35             45          6.804e+01      2.724e+00      2.961e-03      2.260e-01   
      36             46          6.567e+01      2.370e+00      5.062e-03      1.456e+00   
      37             47          6.199e+01      3.680e+00      5.685e-03      8.694e-01   
      38             48          5.816e+01      3.833e+00      9.009e-03      1.794e+00   
      39             49          5.217e+01      5.990e+00      9.509e-03      8.343e-01   
      40             51          4.933e+01      2.839e+00      8.996e-03      1.296e+00   
      41             53          4.605e+01      3.280e+00      3.275e-03      3.358e-01   
      42             54          4.579e+01      2.602e-01      5.827e-03      1.025e+00   
      43             55          4.375e+01      2.042e+00      3.269e-03      3.730e-01   
      44             56          4.226e+01      1.491e+00      1.161e-03      2.756e-01   
      45             57          4.014e+01      2.122e+00      1.657e-03      4.213e-01   
      46             58          3.916e+01      9.729e-01      3.544e-03      1.058e+00   
      47             59          3.689e+01      2.274e+00      4.518e-03      6.481e-01   
      48             60          3.549e+01      1.399e+00      3.226e-03      1.086e-01   
      49             61          3.475e+01      7.447e-01      6.784e-03      1.747e-01   
      50             62          3.380e+01      9.477e-01      9.599e-03      1.274e-01   
      51             63          3.303e+01      7.652e-01      7.931e-03      1.197e-01   
      52             64          3.238e+01      6.499e-01      8.251e-03      2.484e-01   
      53             65          3.198e+01      4.056e-01      7.879e-03      2.126e-01   
      54             66          3.155e+01      4.270e-01      5.846e-03      1.971e-01   
      55             67          3.104e+01      5.145e-01      8.374e-03      1.090e-01   
      56             68          2.976e+01      1.271e+00      1.359e-02      4.296e-01   
      57             70          2.884e+01      9.229e-01      1.517e-02      2.628e-01   
      58             71          2.731e+01      1.534e+00      2.415e-02      3.998e-01   
      59             73          2.583e+01      1.478e+00      1.432e-02      7.397e-01   
      60             74          2.324e+01      2.587e+00      1.410e-02      3.811e-01   
      61             76          2.280e+01      4.428e-01      9.104e-03      5.118e-01   
      62             77          2.162e+01      1.182e+00      2.357e-03      1.445e-01   
      63             78          2.045e+01      1.165e+00      4.874e-03      6.612e-02   
      64             79          1.905e+01      1.408e+00      6.028e-03      1.411e-01   
      65             81          1.879e+01      2.512e-01      5.214e-03      2.201e-01   
      66             83          1.874e+01      5.358e-02      1.931e-03      3.030e-01   
      67             84          1.855e+01      1.953e-01      1.704e-03      5.751e-02   
      68             85          1.845e+01      9.255e-02      4.841e-04      1.581e-02   
      69             86          1.840e+01      4.883e-02      2.243e-03      8.352e-02   
      70             88          1.838e+01      2.225e-02      7.989e-04      1.746e-02   
      71             89          1.837e+01      1.445e-02      4.031e-04      1.677e-02   
Optimization terminated successfully.
`ftol` condition satisfied. (ftol=1.00e-03)
         Current function value: 1.837e+01
         Total delta_x: 3.977e-01
         Iterations: 71
         Function evaluations: 89
         Jacobian evaluations: 72
Timer: Solution time = 3.99 min
Timer: Avg time per step = 3.32 sec
==============================================================================================================
                                                                 Start  -->   End
Total (sum of squares):                                      6.583e+02  -->   1.837e+01, 
Maximum absolute Quasi-symmetry (1,0) two-term error:        3.034e-01  -->   7.417e-02 (T^3)
Minimum absolute Quasi-symmetry (1,0) two-term error:        2.375e-05  -->   2.426e-05 (T^3)
Average absolute Quasi-symmetry (1,0) two-term error:        5.504e-02  -->   6.219e-03 (T^3)
Aspect ratio:                                                6.037e+00  -->   3.877e+00 (dimensionless)
Plasma volume:                                               5.420e-01  -->   8.165e-01 (m^3)
Maximum Rotational transform:                                2.750e-02  -->   3.503e-01 (dimensionless)
Minimum Rotational transform:                                2.745e-02  -->   3.244e-01 (dimensionless)
Average Rotational transform:                                2.749e-02  -->   3.407e-01 (dimensionless)
Maximum absolute Force error:                                6.082e-01  -->   1.186e+00 (N)
Minimum absolute Force error:                                3.191e-05  -->   2.508e-06 (N)
Average absolute Force error:                                5.827e-02  -->   3.411e-02 (N)
Maximum absolute Force error:                                2.953e-07  -->   5.756e-07 (normalized)
Minimum absolute Force error:                                1.549e-11  -->   1.218e-12 (normalized)
Average absolute Force error:                                2.829e-08  -->   1.656e-08 (normalized)
Cross-section R error:                                       0.000e+00  -->   0.000e+00 (m)
Cross-section Z error:                                       0.000e+00  -->   0.000e+00 (m)
Fixed pressure profile error:                                0.000e+00  -->   0.000e+00 (Pa)
Fixed current profile error:                                 0.000e+00  -->   0.000e+00 (A)
Fixed Psi error:                                             0.000e+00  -->   0.000e+00 (Wb)
==============================================================================================================

