/home/ye2698/DESC/desc/integrals/_interp_utils.py:19: UserWarning: 
jax-finufft is not installed.
If you want to use NUFFTs, follow the DESC installation instructions.
Otherwise you must set the parameter nufft_eps to zero
when computing effective ripple, Gamma_c, and any other
computations that involve bounce integrals.

  warnings.warn(
DESC version=0.15.0+424.gdbba9ba17.
Using JAX backend: jax version=0.6.2, jaxlib version=0.6.2, dtype=float64.
Using device: NVIDIA A100-PCIE-40GB (id=0), with 40.00 GB available memory.
Building objective: QS two-term
Precomputing transforms
Timer: Precomputing transforms = 339 ms
Building objective: aspect ratio
Precomputing transforms
Timer: Precomputing transforms = 39.4 ms
Building objective: volume
Precomputing transforms
Timer: Precomputing transforms = 40.2 ms
Building objective: rotational transform
Precomputing transforms
Timer: Precomputing transforms = 299 ms
Timer: Objective build = 806 ms
Building objective: force
Precomputing transforms
Timer: Precomputing transforms = 528 ms
Timer: Objective build = 848 ms
Timer: Objective build = 2.98 ms
Timer: Eq Update LinearConstraintProjection build = 2.23 sec
Timer: Proximal projection build = 10.2 sec
Building objective: fixed cross-section R
Building objective: fixed cross-section Z
Building objective: fixed pressure
Building objective: fixed current
Building objective: fixed Psi
Timer: Objective build = 285 ms
Timer: LinearConstraintProjection build = 835 ms
Number of parameters: 45
Number of objectives: 478
Timer: Initializing the optimization = 11.4 sec

Starting optimization
Using method: proximal-lsq-exact
Solver options:
------------------------------------------------------------
Maximum Function Evaluations       : 1251
Maximum Allowed Total Δx Norm      : inf
Scaled Termination                 : True
Trust Region Method                : qr
Initial Trust Radius               : 1.183e+02
Maximum Trust Radius               : inf
Minimum Trust Radius               : 2.220e-16
Trust Radius Increase Ratio        : 2.000e+00
Trust Radius Decrease Ratio        : 2.500e-01
Trust Radius Increase Threshold    : 7.500e-01
Trust Radius Decrease Threshold    : 2.500e-01
------------------------------------------------------------ 

   Iteration     Total nfev        Cost      Cost reduction    Step norm     Optimality   
       0              1          6.646e+02                                    1.509e+01   
       1              4          5.733e+02      9.132e+01      3.495e-03      1.020e+01   
       2              5          4.897e+02      8.355e+01      8.707e-03      5.134e+00   
       3              6          4.389e+02      5.081e+01      2.288e-02      9.531e+00   
       4              7          3.752e+02      6.374e+01      2.036e-02      8.644e+00   
       5              8          3.162e+02      5.893e+01      1.547e-02      1.029e+00   
       6             10          3.117e+02      4.572e+00      2.815e-03      1.209e+00   
       7             11          3.089e+02      2.721e+00      4.556e-03      1.064e+00   
       8             12          3.058e+02      3.130e+00      4.884e-03      1.349e+00   
       9             13          2.939e+02      1.192e+01      5.208e-03      1.820e+00   
      10             14          2.892e+02      4.667e+00      1.593e-02      5.530e+00   
      11             15          2.586e+02      3.060e+01      2.469e-02      2.382e+00   
      12             17          2.550e+02      3.638e+00      1.491e-02      2.226e+00   
      13             18          2.515e+02      3.509e+00      8.127e-03      1.769e+00   
      14             19          2.482e+02      3.286e+00      3.882e-03      1.647e+00   
      15             20          2.423e+02      5.857e+00      3.715e-03      8.274e-01   
      16             22          2.399e+02      2.441e+00      3.005e-03      3.248e-01   
      17             23          2.383e+02      1.620e+00      7.839e-03      2.089e+00   
      18             24          2.366e+02      1.683e+00      8.794e-03      3.521e+00   
      19             25          2.294e+02      7.192e+00      2.690e-03      1.860e-01   
      20             27          2.293e+02      6.182e-02      1.277e-03      7.562e-01   
      21             28          2.290e+02      3.151e-01      3.058e-04      2.469e-01   
      22             29          2.289e+02      1.100e-01      6.834e-04      4.589e-01   
Optimization terminated successfully.
`ftol` condition satisfied. (ftol=1.00e-03)
         Current function value: 2.289e+02
         Total delta_x: 4.626e-02
         Iterations: 22
         Function evaluations: 29
         Jacobian evaluations: 23
Timer: Solution time = 1.34 min
Timer: Avg time per step = 3.51 sec
==============================================================================================================
                                                                 Start  -->   End
Total (sum of squares):                                      6.620e+02  -->   2.289e+02, 
Maximum absolute Quasi-symmetry (1,0) two-term error:        3.034e-01  -->   5.056e-02 (T^3)
Minimum absolute Quasi-symmetry (1,0) two-term error:        2.375e-05  -->   6.649e-05 (T^3)
Average absolute Quasi-symmetry (1,0) two-term error:        5.504e-02  -->   7.482e-03 (T^3)
Aspect ratio:                                                6.037e+00  -->   6.002e+00 (dimensionless)
Plasma volume:                                               5.420e-01  -->   6.234e-01 (m^3)
Maximum Rotational transform:                                2.750e-02  -->   2.013e-03 (dimensionless)
Minimum Rotational transform:                                2.745e-02  -->   1.114e-03 (dimensionless)
Average Rotational transform:                                2.749e-02  -->   1.688e-03 (dimensionless)
Maximum absolute Force error:                                6.082e-01  -->   7.441e-01 (N)
Minimum absolute Force error:                                3.191e-05  -->   7.560e-06 (N)
Average absolute Force error:                                5.827e-02  -->   7.976e-03 (N)
Maximum absolute Force error:                                2.953e-07  -->   3.612e-07 (normalized)
Minimum absolute Force error:                                1.549e-11  -->   3.671e-12 (normalized)
Average absolute Force error:                                2.829e-08  -->   3.872e-09 (normalized)
Cross-section R error:                                       0.000e+00  -->   0.000e+00 (m)
Cross-section Z error:                                       0.000e+00  -->   0.000e+00 (m)
Fixed pressure profile error:                                0.000e+00  -->   0.000e+00 (Pa)
Fixed current profile error:                                 0.000e+00  -->   0.000e+00 (A)
Fixed Psi error:                                             0.000e+00  -->   0.000e+00 (Wb)
==============================================================================================================

