/home/ye2698/DESC/desc/integrals/_interp_utils.py:19: UserWarning: 
jax-finufft is not installed.
If you want to use NUFFTs, follow the DESC installation instructions.
Otherwise you must set the parameter nufft_eps to zero
when computing effective ripple, Gamma_c, and any other
computations that involve bounce integrals.

  warnings.warn(
DESC version=0.15.0+424.gdbba9ba17.
Using JAX backend: jax version=0.6.2, jaxlib version=0.6.2, dtype=float64.
Using device: NVIDIA A100-PCIE-40GB (id=0), with 40.00 GB available memory.
Building objective: QS two-term
Precomputing transforms
Timer: Precomputing transforms = 341 ms
Building objective: aspect ratio
Precomputing transforms
Timer: Precomputing transforms = 40.3 ms
Building objective: volume
Precomputing transforms
Timer: Precomputing transforms = 39.6 ms
Building objective: rotational transform
Precomputing transforms
Timer: Precomputing transforms = 298 ms
Timer: Objective build = 807 ms
Building objective: force
Precomputing transforms
Timer: Precomputing transforms = 528 ms
Timer: Objective build = 849 ms
Timer: Objective build = 2.98 ms
Timer: Eq Update LinearConstraintProjection build = 2.24 sec
Timer: Proximal projection build = 10.1 sec
Building objective: fixed cross-section R
Building objective: fixed cross-section Z
Building objective: fixed pressure
Building objective: fixed current
Building objective: fixed Psi
Timer: Objective build = 281 ms
Timer: LinearConstraintProjection build = 830 ms
Number of parameters: 45
Number of objectives: 478
Timer: Initializing the optimization = 11.3 sec

Starting optimization
Using method: proximal-lsq-exact
Solver options:
------------------------------------------------------------
Maximum Function Evaluations       : 1251
Maximum Allowed Total Δx Norm      : inf
Scaled Termination                 : True
Trust Region Method                : qr
Initial Trust Radius               : 1.139e+02
Maximum Trust Radius               : inf
Minimum Trust Radius               : 2.220e-16
Trust Radius Increase Ratio        : 2.000e+00
Trust Radius Decrease Ratio        : 2.500e-01
Trust Radius Increase Threshold    : 7.500e-01
Trust Radius Decrease Threshold    : 2.500e-01
------------------------------------------------------------ 

   Iteration     Total nfev        Cost      Cost reduction    Step norm     Optimality   
       0              1          4.841e+02                                    1.547e+01   
       1              2          1.279e+02      3.562e+02      1.615e-01      1.019e+01   
       2              6          7.411e+01      5.376e+01      1.360e-03      3.514e+00   
       3              7          4.529e+01      2.882e+01      3.669e-03      1.382e+00   
       4              8          3.498e+01      1.032e+01      2.241e-02      4.287e+00   
       5              9          1.988e+01      1.510e+01      1.006e-02      7.531e-01   
       6             11          1.654e+01      3.341e+00      4.686e-03      4.738e-01   
       7             13          1.570e+01      8.344e-01      8.600e-03      9.936e-01   
       8             14          1.504e+01      6.656e-01      7.438e-03      8.289e-01   
       9             15          1.412e+01      9.194e-01      5.908e-03      5.674e-01   
      10             16          1.350e+01      6.137e-01      3.613e-03      2.944e-01   
      11             18          1.337e+01      1.349e-01      2.052e-03      2.609e-01   
      12             19          1.321e+01      1.583e-01      1.965e-03      2.219e-01   
      13             20          1.308e+01      1.271e-01      1.970e-03      2.599e-01   
      14             21          1.298e+01      1.042e-01      2.259e-03      3.485e-01   
      15             22          1.289e+01      9.182e-02      2.649e-03      4.550e-01   
      16             23          1.280e+01      9.043e-02      2.996e-03      5.293e-01   
      17             24          1.268e+01      1.166e-01      3.154e-03      5.512e-01   
      18             25          1.255e+01      1.333e-01      3.152e-03      5.516e-01   
      19             26          1.241e+01      1.356e-01      3.080e-03      5.473e-01   
      20             27          1.227e+01      1.369e-01      2.992e-03      5.293e-01   
      21             28          1.215e+01      1.259e-01      2.888e-03      4.997e-01   
      22             29          1.204e+01      1.097e-01      2.839e-03      4.621e-01   
      23             30          1.194e+01      9.716e-02      2.875e-03      4.106e-01   
      24             31          1.186e+01      8.386e-02      2.905e-03      3.503e-01   
      25             32          1.180e+01      5.688e-02      2.899e-03      3.081e-01   
      26             33          1.175e+01      4.876e-02      2.923e-03      2.644e-01   
      27             34          1.171e+01      4.352e-02      2.905e-03      2.272e-01   
      28             35          1.167e+01      3.564e-02      2.869e-03      2.103e-01   
      29             36          1.164e+01      2.760e-02      2.802e-03      2.060e-01   
      30             37          1.157e+01      7.332e-02      8.202e-04      4.279e-02   
      31             38          1.156e+01      7.226e-03      1.185e-03      9.398e-02   
      32             39          1.155e+01      1.321e-02      4.219e-04      3.033e-02   
      33             40          1.155e+01      4.760e-03      3.025e-04      2.492e-02   
Optimization terminated successfully.
`ftol` condition satisfied. (ftol=1.00e-03)
         Current function value: 1.155e+01
         Total delta_x: 2.748e-01
         Iterations: 33
         Function evaluations: 40
         Jacobian evaluations: 34
Timer: Solution time = 1.58 min
Timer: Avg time per step = 2.80 sec
==============================================================================================================
                                                                 Start  -->   End
Total (sum of squares):                                      4.816e+02  -->   1.155e+01, 
Maximum absolute Quasi-symmetry (1,0) two-term error:        3.034e-01  -->   2.545e-02 (T^3)
Minimum absolute Quasi-symmetry (1,0) two-term error:        2.375e-05  -->   3.405e-05 (T^3)
Average absolute Quasi-symmetry (1,0) two-term error:        5.504e-02  -->   3.160e-03 (T^3)
Aspect ratio:                                                6.037e+00  -->   4.361e+00 (dimensionless)
Plasma volume:                                               5.420e-01  -->   5.829e-01 (m^3)
Maximum Rotational transform:                                2.750e-02  -->   2.526e-04 (dimensionless)
Minimum Rotational transform:                                2.745e-02  -->  -1.313e-03 (dimensionless)
Average Rotational transform:                                2.749e-02  -->  -2.920e-04 (dimensionless)
Maximum absolute Force error:                                6.082e-01  -->   3.973e-01 (N)
Minimum absolute Force error:                                3.191e-05  -->   4.336e-07 (N)
Average absolute Force error:                                5.827e-02  -->   5.426e-03 (N)
Maximum absolute Force error:                                2.953e-07  -->   1.929e-07 (normalized)
Minimum absolute Force error:                                1.549e-11  -->   2.105e-13 (normalized)
Average absolute Force error:                                2.829e-08  -->   2.634e-09 (normalized)
Cross-section R error:                                       0.000e+00  -->   0.000e+00 (m)
Cross-section Z error:                                       0.000e+00  -->   0.000e+00 (m)
Fixed pressure profile error:                                0.000e+00  -->   0.000e+00 (Pa)
Fixed current profile error:                                 0.000e+00  -->   0.000e+00 (A)
Fixed Psi error:                                             0.000e+00  -->   0.000e+00 (Wb)
==============================================================================================================

