/home/ye2698/DESC/desc/integrals/_interp_utils.py:19: UserWarning: 
jax-finufft is not installed.
If you want to use NUFFTs, follow the DESC installation instructions.
Otherwise you must set the parameter nufft_eps to zero
when computing effective ripple, Gamma_c, and any other
computations that involve bounce integrals.

  warnings.warn(
DESC version=0.15.0+424.gdbba9ba17.
Using JAX backend: jax version=0.6.2, jaxlib version=0.6.2, dtype=float64.
Using device: NVIDIA A100-PCIE-40GB (id=0), with 40.00 GB available memory.
Building objective: QS two-term
Precomputing transforms
Timer: Precomputing transforms = 340 ms
Building objective: aspect ratio
Precomputing transforms
Timer: Precomputing transforms = 40.4 ms
Building objective: volume
Precomputing transforms
Timer: Precomputing transforms = 40.1 ms
Building objective: rotational transform
Precomputing transforms
Timer: Precomputing transforms = 298 ms
Timer: Objective build = 808 ms
Building objective: force
Precomputing transforms
Timer: Precomputing transforms = 527 ms
Timer: Objective build = 847 ms
Timer: Objective build = 3.10 ms
Timer: Eq Update LinearConstraintProjection build = 2.23 sec
Timer: Proximal projection build = 10.2 sec
Building objective: fixed cross-section R
Building objective: fixed cross-section Z
Building objective: fixed pressure
Building objective: fixed current
Building objective: fixed Psi
Timer: Objective build = 283 ms
Timer: LinearConstraintProjection build = 835 ms
Number of parameters: 45
Number of objectives: 478
Timer: Initializing the optimization = 11.4 sec

Starting optimization
Using method: proximal-lsq-exact
Solver options:
------------------------------------------------------------
Maximum Function Evaluations       : 1251
Maximum Allowed Total Δx Norm      : inf
Scaled Termination                 : True
Trust Region Method                : qr
Initial Trust Radius               : 1.414e+01
Maximum Trust Radius               : inf
Minimum Trust Radius               : 2.220e-16
Trust Radius Increase Ratio        : 2.000e+00
Trust Radius Decrease Ratio        : 2.500e-01
Trust Radius Increase Threshold    : 7.500e-01
Trust Radius Decrease Threshold    : 2.500e-01
------------------------------------------------------------ 

   Iteration     Total nfev        Cost      Cost reduction    Step norm     Optimality   
       0              1          1.452e+01                                    2.000e+00   
       1              4          1.181e+01      2.713e+00      4.183e-03      1.020e+00   
       2              5          1.028e+01      1.528e+00      1.177e-02      9.767e-01   
       3              6          9.937e+00      3.448e-01      2.526e-02      8.240e-01   
       4              7          9.248e+00      6.886e-01      1.090e-02      2.474e-01   
       5              9          9.167e+00      8.183e-02      7.062e-03      3.924e-01   
       6             10          8.990e+00      1.764e-01      8.610e-03      7.593e-02   
       7             12          8.961e+00      2.961e-02      4.305e-03      1.733e-01   
       8             13          8.952e+00      8.455e-03      7.428e-03      3.513e-01   
       9             14          8.891e+00      6.066e-02      2.153e-03      1.540e-01   
      10             16          8.884e+00      7.198e-03      9.909e-04      1.221e-01   
Optimization terminated successfully.
`ftol` condition satisfied. (ftol=1.00e-03)
         Current function value: 8.884e+00
         Total delta_x: 5.246e-02
         Iterations: 10
         Function evaluations: 16
         Jacobian evaluations: 11
Timer: Solution time = 50.7 sec
Timer: Avg time per step = 4.61 sec
==============================================================================================================
                                                                 Start  -->   End
Total (sum of squares):                                      1.449e+01  -->   8.884e+00, 
Maximum absolute Quasi-symmetry (1,0) two-term error:        3.034e-01  -->   6.457e-02 (T^3)
Minimum absolute Quasi-symmetry (1,0) two-term error:        2.375e-05  -->   7.444e-07 (T^3)
Average absolute Quasi-symmetry (1,0) two-term error:        5.504e-02  -->   7.033e-03 (T^3)
Aspect ratio:                                                6.037e+00  -->   5.998e+00 (dimensionless)
Plasma volume:                                               5.420e-01  -->   5.841e-01 (m^3)
Maximum Rotational transform:                                2.750e-02  -->   2.108e-04 (dimensionless)
Minimum Rotational transform:                                2.745e-02  -->   2.789e-05 (dimensionless)
Average Rotational transform:                                2.749e-02  -->   1.311e-04 (dimensionless)
Maximum absolute Force error:                                6.082e-01  -->   5.598e-01 (N)
Minimum absolute Force error:                                3.191e-05  -->   2.245e-06 (N)
Average absolute Force error:                                5.827e-02  -->   5.665e-03 (N)
Maximum absolute Force error:                                2.953e-07  -->   2.718e-07 (normalized)
Minimum absolute Force error:                                1.549e-11  -->   1.090e-12 (normalized)
Average absolute Force error:                                2.829e-08  -->   2.750e-09 (normalized)
Cross-section R error:                                       0.000e+00  -->   0.000e+00 (m)
Cross-section Z error:                                       0.000e+00  -->   0.000e+00 (m)
Fixed pressure profile error:                                0.000e+00  -->   0.000e+00 (Pa)
Fixed current profile error:                                 0.000e+00  -->   0.000e+00 (A)
Fixed Psi error:                                             0.000e+00  -->   0.000e+00 (Wb)
==============================================================================================================

