/home/ye2698/DESC/desc/integrals/_interp_utils.py:19: UserWarning: 
jax-finufft is not installed.
If you want to use NUFFTs, follow the DESC installation instructions.
Otherwise you must set the parameter nufft_eps to zero
when computing effective ripple, Gamma_c, and any other
computations that involve bounce integrals.

  warnings.warn(
DESC version=0.15.0+424.gdbba9ba17.
Using JAX backend: jax version=0.6.2, jaxlib version=0.6.2, dtype=float64.
Using device: NVIDIA A100-PCIE-40GB (id=0), with 40.00 GB available memory.
Building objective: QS two-term
Precomputing transforms
Timer: Precomputing transforms = 337 ms
Building objective: aspect ratio
Precomputing transforms
Timer: Precomputing transforms = 39.1 ms
Building objective: volume
Precomputing transforms
Timer: Precomputing transforms = 39.6 ms
Building objective: rotational transform
Precomputing transforms
Timer: Precomputing transforms = 299 ms
Timer: Objective build = 805 ms
Building objective: force
Precomputing transforms
Timer: Precomputing transforms = 535 ms
Timer: Objective build = 856 ms
Timer: Objective build = 3.06 ms
Timer: Eq Update LinearConstraintProjection build = 2.25 sec
Timer: Proximal projection build = 10.2 sec
Building objective: fixed cross-section R
Building objective: fixed cross-section Z
Building objective: fixed pressure
Building objective: fixed current
Building objective: fixed Psi
Timer: Objective build = 287 ms
Timer: LinearConstraintProjection build = 830 ms
Number of parameters: 45
Number of objectives: 478
Timer: Initializing the optimization = 11.4 sec

Starting optimization
Using method: proximal-lsq-exact
Solver options:
------------------------------------------------------------
Maximum Function Evaluations       : 1251
Maximum Allowed Total Δx Norm      : inf
Scaled Termination                 : True
Trust Region Method                : qr
Initial Trust Radius               : 5.672e+02
Maximum Trust Radius               : inf
Minimum Trust Radius               : 2.220e-16
Trust Radius Increase Ratio        : 2.000e+00
Trust Radius Decrease Ratio        : 2.500e-01
Trust Radius Increase Threshold    : 7.500e-01
Trust Radius Decrease Threshold    : 2.500e-01
------------------------------------------------------------ 

   Iteration     Total nfev        Cost      Cost reduction    Step norm     Optimality   
       0              1          1.190e+04                                    7.633e+01   
       1              4          9.617e+03      2.281e+03      4.276e-03      6.249e+01   
       2              5          7.631e+03      1.986e+03      9.015e-03      3.871e+01   
       3              6          6.667e+03      9.635e+02      9.374e-03      3.692e+01   
       4              7          5.457e+03      1.210e+03      8.206e-03      3.115e+01   
       5              8          4.061e+03      1.396e+03      1.530e-02      2.511e+01   
       6              9          2.609e+03      1.452e+03      2.114e-02      1.228e+01   
       7             10          1.751e+03      8.576e+02      2.720e-02      1.948e+01   
       8             11          1.212e+03      5.395e+02      3.034e-02      8.492e+00   
       9             12          8.269e+02      3.850e+02      2.449e-02      1.124e+00   
      10             13          7.749e+02      5.196e+01      1.187e-01      5.096e+00   
      11             14          6.162e+02      1.587e+02      3.345e-02      5.571e+00   
      12             16          5.783e+02      3.787e+01      1.981e-03      3.813e+00   
      13             17          5.347e+02      4.359e+01      4.943e-03      2.260e+00   
      14             18          5.206e+02      1.414e+01      1.519e-02      3.593e+00   
      15             19          4.786e+02      4.203e+01      1.237e-02      2.595e+00   
      16             20          4.546e+02      2.402e+01      8.208e-03      2.662e+00   
      17             21          4.516e+02      2.970e+00      1.296e-02      2.951e+00   
      18             22          4.312e+02      2.039e+01      4.549e-03      5.727e-01   
      19             23          4.303e+02      8.539e-01      6.749e-03      1.390e+00   
      20             24          4.255e+02      4.889e+00      2.084e-03      2.828e-01   
      21             25          4.231e+02      2.409e+00      3.090e-03      5.356e-01   
      22             26          4.191e+02      3.962e+00      4.458e-03      9.767e-01   
      23             27          4.122e+02      6.877e+00      3.080e-03      5.675e-01   
      24             28          3.997e+02      1.252e+01      2.337e-03      7.657e-01   
      25             30          3.896e+02      1.006e+01      2.844e-03      7.575e-01   
      26             31          3.711e+02      1.858e+01      5.618e-03      1.325e+00   
      27             32          3.484e+02      2.268e+01      9.608e-03      1.913e+00   
      28             34          3.302e+02      1.818e+01      1.094e-02      4.506e-01   
      29             36          3.273e+02      2.941e+00      7.683e-04      9.414e-01   
      30             37          3.254e+02      1.819e+00      7.842e-04      9.637e-01   
      31             38          3.222e+02      3.265e+00      9.974e-04      5.886e-01   
      32             39          3.182e+02      3.972e+00      3.068e-03      5.684e-01   
      33             41          3.160e+02      2.231e+00      2.601e-03      8.698e-01   
      34             42          3.136e+02      2.337e+00      5.404e-03      1.293e+00   
      35             43          3.109e+02      2.711e+00      5.726e-03      1.586e+00   
      36             44          3.041e+02      6.844e+00      4.834e-03      8.490e-01   
      37             45          2.992e+02      4.844e+00      6.584e-03      2.798e+00   
      38             46          2.913e+02      7.917e+00      6.351e-03      3.262e+00   
      39             48          2.879e+02      3.398e+00      7.167e-04      2.389e+00   
      40             49          2.837e+02      4.242e+00      6.372e-04      1.213e+00   
      41             50          2.812e+02      2.491e+00      1.063e-03      1.265e+00   
      42             51          2.781e+02      3.051e+00      1.313e-03      2.528e-01   
      43             52          2.751e+02      3.047e+00      1.859e-03      7.915e-01   
      44             54          2.736e+02      1.509e+00      1.452e-03      6.317e-01   
      45             55          2.722e+02      1.422e+00      2.913e-03      1.632e+00   
      46             56          2.699e+02      2.227e+00      3.355e-03      1.898e+00   
      47             57          2.673e+02      2.587e+00      2.933e-03      1.962e+00   
      48             58          2.643e+02      3.020e+00      2.192e-03      1.585e+00   
      49             59          2.632e+02      1.152e+00      1.930e-03      1.855e+00   
      50             60          2.599e+02      3.232e+00      9.203e-04      8.937e-02   
      51             62          2.591e+02      8.747e-01      3.672e-04      3.689e-01   
      52             63          2.583e+02      7.399e-01      6.950e-04      5.466e-01   
      53             64          2.572e+02      1.079e+00      8.945e-04      6.089e-01   
      54             65          2.561e+02      1.090e+00      8.433e-04      1.043e+00   
      55             66          2.542e+02      1.974e+00      9.104e-04      8.649e-01   
      56             67          2.536e+02      6.152e-01      1.447e-03      1.782e+00   
      57             68          2.516e+02      1.924e+00      8.692e-04      8.108e-01   
      58             70          2.512e+02      3.969e-01      5.556e-04      4.996e-01   
      59             71          2.510e+02      2.089e-01      5.786e-04      5.463e-01   
Optimization terminated successfully.
`ftol` condition satisfied. (ftol=1.00e-03)
         Current function value: 2.510e+02
         Total delta_x: 8.286e-02
         Iterations: 59
         Function evaluations: 71
         Jacobian evaluations: 60
Timer: Solution time = 2.77 min
Timer: Avg time per step = 2.77 sec
==============================================================================================================
                                                                 Start  -->   End
Total (sum of squares):                                      1.184e+04  -->   2.510e+02, 
Maximum absolute Quasi-symmetry (1,0) two-term error:        3.034e-01  -->   1.803e-02 (T^3)
Minimum absolute Quasi-symmetry (1,0) two-term error:        2.375e-05  -->   5.922e-07 (T^3)
Average absolute Quasi-symmetry (1,0) two-term error:        5.504e-02  -->   2.413e-03 (T^3)
Aspect ratio:                                                6.037e+00  -->   5.637e+00 (dimensionless)
Plasma volume:                                               5.420e-01  -->   6.432e-01 (m^3)
Maximum Rotational transform:                                2.750e-02  -->   3.919e-04 (dimensionless)
Minimum Rotational transform:                                2.745e-02  -->   2.615e-04 (dimensionless)
Average Rotational transform:                                2.749e-02  -->   3.657e-04 (dimensionless)
Maximum absolute Force error:                                6.082e-01  -->   1.720e-01 (N)
Minimum absolute Force error:                                3.191e-05  -->   1.096e-06 (N)
Average absolute Force error:                                5.827e-02  -->   2.787e-03 (N)
Maximum absolute Force error:                                2.953e-07  -->   8.350e-08 (normalized)
Minimum absolute Force error:                                1.549e-11  -->   5.323e-13 (normalized)
Average absolute Force error:                                2.829e-08  -->   1.353e-09 (normalized)
Cross-section R error:                                       0.000e+00  -->   0.000e+00 (m)
Cross-section Z error:                                       0.000e+00  -->   0.000e+00 (m)
Fixed pressure profile error:                                0.000e+00  -->   0.000e+00 (Pa)
Fixed current profile error:                                 0.000e+00  -->   0.000e+00 (A)
Fixed Psi error:                                             0.000e+00  -->   0.000e+00 (Wb)
==============================================================================================================

