/home/ye2698/DESC/desc/integrals/_interp_utils.py:19: UserWarning: 
jax-finufft is not installed.
If you want to use NUFFTs, follow the DESC installation instructions.
Otherwise you must set the parameter nufft_eps to zero
when computing effective ripple, Gamma_c, and any other
computations that involve bounce integrals.

  warnings.warn(
DESC version=0.15.0+424.gdbba9ba17.
Using JAX backend: jax version=0.6.2, jaxlib version=0.6.2, dtype=float64.
Using device: NVIDIA A100-PCIE-40GB (id=0), with 40.00 GB available memory.
Building objective: QS two-term
Precomputing transforms
Timer: Precomputing transforms = 336 ms
Building objective: aspect ratio
Precomputing transforms
Timer: Precomputing transforms = 40.5 ms
Building objective: volume
Precomputing transforms
Timer: Precomputing transforms = 40.0 ms
Building objective: rotational transform
Precomputing transforms
Timer: Precomputing transforms = 297 ms
Timer: Objective build = 803 ms
Building objective: force
Precomputing transforms
Timer: Precomputing transforms = 538 ms
Timer: Objective build = 858 ms
Timer: Objective build = 2.99 ms
Timer: Eq Update LinearConstraintProjection build = 2.24 sec
Timer: Proximal projection build = 10.2 sec
Building objective: fixed cross-section R
Building objective: fixed cross-section Z
Building objective: fixed pressure
Building objective: fixed current
Building objective: fixed Psi
Timer: Objective build = 285 ms
Timer: LinearConstraintProjection build = 833 ms
Number of parameters: 45
Number of objectives: 478
Timer: Initializing the optimization = 11.4 sec

Starting optimization
Using method: proximal-lsq-exact
Solver options:
------------------------------------------------------------
Maximum Function Evaluations       : 1251
Maximum Allowed Total Δx Norm      : inf
Scaled Termination                 : True
Trust Region Method                : qr
Initial Trust Radius               : 5.671e+02
Maximum Trust Radius               : inf
Minimum Trust Radius               : 2.220e-16
Trust Radius Increase Ratio        : 2.000e+00
Trust Radius Decrease Ratio        : 2.500e-01
Trust Radius Increase Threshold    : 7.500e-01
Trust Radius Decrease Threshold    : 2.500e-01
------------------------------------------------------------ 

   Iteration     Total nfev        Cost      Cost reduction    Step norm     Optimality   
       0              1          1.248e+04                                    7.615e+01   
       1              2          4.070e+03      8.406e+03      5.926e-02      3.711e+01   
       2              3          3.457e+03      6.127e+02      1.792e-01      1.565e+01   
       3              4          1.566e+03      1.892e+03      7.001e-02      5.879e+00   
       4              6          1.300e+03      2.659e+02      5.250e-02      4.012e+00   
       5              8          1.167e+03      1.331e+02      1.609e-02      2.104e+00   
       6              9          1.100e+03      6.696e+01      6.084e-02      1.059e+00   
       7             11          1.079e+03      2.071e+01      1.225e-02      9.454e-01   
       8             12          1.055e+03      2.393e+01      2.196e-02      1.955e+00   
       9             13          1.017e+03      3.807e+01      2.059e-02      1.600e+00   
      10             14          9.968e+02      2.017e+01      1.755e-02      1.332e+00   
      11             15          9.794e+02      1.733e+01      1.331e-02      1.730e+00   
      12             16          9.592e+02      2.027e+01      1.070e-02      8.854e-01   
      13             17          9.555e+02      3.698e+00      1.039e-02      3.070e+00   
      14             18          9.296e+02      2.587e+01      1.359e-03      1.511e+00   
      15             19          9.256e+02      3.975e+00      3.383e-03      4.938e-01   
      16             20          9.223e+02      3.271e+00      4.641e-03      1.311e+00   
      17             21          9.133e+02      9.051e+00      3.516e-03      1.668e+00   
      18             22          9.021e+02      1.123e+01      1.407e-02      1.125e+00   
      19             24          8.965e+02      5.526e+00      1.396e-03      9.308e-01   
      20             26          8.944e+02      2.145e+00      1.711e-03      3.852e-01   
      21             28          8.936e+02      7.927e-01      8.025e-04      1.930e-01   
Optimization terminated successfully.
`ftol` condition satisfied. (ftol=1.00e-03)
         Current function value: 8.936e+02
         Total delta_x: 4.853e-01
         Iterations: 21
         Function evaluations: 28
         Jacobian evaluations: 22
Timer: Solution time = 1.34 min
Timer: Avg time per step = 3.67 sec
==============================================================================================================
                                                                 Start  -->   End
Total (sum of squares):                                      1.241e+04  -->   8.936e+02, 
Maximum absolute Quasi-symmetry (1,0) two-term error:        3.034e-01  -->   1.300e-02 (T^3)
Minimum absolute Quasi-symmetry (1,0) two-term error:        2.375e-05  -->   6.734e-06 (T^3)
Average absolute Quasi-symmetry (1,0) two-term error:        5.504e-02  -->   1.366e-03 (T^3)
Aspect ratio:                                                6.037e+00  -->   2.838e+00 (dimensionless)
Plasma volume:                                               5.420e-01  -->   6.262e-01 (m^3)
Maximum Rotational transform:                                2.750e-02  -->   8.412e-04 (dimensionless)
Minimum Rotational transform:                                2.745e-02  -->   3.807e-04 (dimensionless)
Average Rotational transform:                                2.749e-02  -->   6.593e-04 (dimensionless)
Maximum absolute Force error:                                6.082e-01  -->   9.470e-02 (N)
Minimum absolute Force error:                                3.191e-05  -->   7.910e-07 (N)
Average absolute Force error:                                5.827e-02  -->   1.809e-03 (N)
Maximum absolute Force error:                                2.953e-07  -->   4.598e-08 (normalized)
Minimum absolute Force error:                                1.549e-11  -->   3.840e-13 (normalized)
Average absolute Force error:                                2.829e-08  -->   8.783e-10 (normalized)
Cross-section R error:                                       0.000e+00  -->   0.000e+00 (m)
Cross-section Z error:                                       0.000e+00  -->   0.000e+00 (m)
Fixed pressure profile error:                                0.000e+00  -->   0.000e+00 (Pa)
Fixed current profile error:                                 0.000e+00  -->   0.000e+00 (A)
Fixed Psi error:                                             0.000e+00  -->   0.000e+00 (Wb)
==============================================================================================================

