/home/ye2698/DESC/desc/integrals/_interp_utils.py:19: UserWarning: 
jax-finufft is not installed.
If you want to use NUFFTs, follow the DESC installation instructions.
Otherwise you must set the parameter nufft_eps to zero
when computing effective ripple, Gamma_c, and any other
computations that involve bounce integrals.

  warnings.warn(
DESC version=0.15.0+424.gdbba9ba17.
Using JAX backend: jax version=0.6.2, jaxlib version=0.6.2, dtype=float64.
Using device: NVIDIA A100-PCIE-40GB (id=0), with 40.00 GB available memory.
Building objective: QS two-term
Precomputing transforms
Timer: Precomputing transforms = 336 ms
Building objective: aspect ratio
Precomputing transforms
Timer: Precomputing transforms = 39.6 ms
Building objective: volume
Precomputing transforms
Timer: Precomputing transforms = 40.1 ms
Building objective: rotational transform
Precomputing transforms
Timer: Precomputing transforms = 296 ms
Timer: Objective build = 799 ms
Building objective: force
Precomputing transforms
Timer: Precomputing transforms = 525 ms
Timer: Objective build = 844 ms
Timer: Objective build = 2.99 ms
Timer: Eq Update LinearConstraintProjection build = 2.23 sec
Timer: Proximal projection build = 10.2 sec
Building objective: fixed cross-section R
Building objective: fixed cross-section Z
Building objective: fixed pressure
Building objective: fixed current
Building objective: fixed Psi
Timer: Objective build = 280 ms
Timer: LinearConstraintProjection build = 824 ms
Number of parameters: 45
Number of objectives: 478
Timer: Initializing the optimization = 11.3 sec

Starting optimization
Using method: proximal-lsq-exact
Solver options:
------------------------------------------------------------
Maximum Function Evaluations       : 1251
Maximum Allowed Total Δx Norm      : inf
Scaled Termination                 : True
Trust Region Method                : qr
Initial Trust Radius               : 6.710e+01
Maximum Trust Radius               : inf
Minimum Trust Radius               : 2.220e-16
Trust Radius Increase Ratio        : 2.000e+00
Trust Radius Decrease Ratio        : 2.500e-01
Trust Radius Increase Threshold    : 7.500e-01
Trust Radius Decrease Threshold    : 2.500e-01
------------------------------------------------------------ 

   Iteration     Total nfev        Cost      Cost reduction    Step norm     Optimality   
       0              1          1.955e+01                                    3.835e+00   
       1              5          1.168e+01      7.870e+00      1.297e-03      6.051e-01   
       2              6          1.104e+01      6.400e-01      2.373e-03      7.972e-01   
       3              8          1.072e+01      3.257e-01      2.767e-04      7.568e-02   
       4              9          1.064e+01      7.693e-02      9.673e-04      5.028e-02   
       5             10          1.061e+01      3.670e-02      1.267e-03      1.077e-01   
       6             11          1.058e+01      2.313e-02      1.164e-03      1.801e-01   
       7             13          1.058e+01      6.097e-03      4.876e-05      4.054e-02   
Optimization terminated successfully.
`ftol` condition satisfied. (ftol=1.00e-03)
         Current function value: 1.058e+01
         Total delta_x: 6.136e-03
         Iterations: 7
         Function evaluations: 13
         Jacobian evaluations: 8
Timer: Solution time = 1.54 min
Timer: Avg time per step = 11.5 sec
==============================================================================================================
                                                                 Start  -->   End
Total (sum of squares):                                      1.942e+01  -->   1.058e+01, 
Maximum absolute Quasi-symmetry (1,0) two-term error:        3.034e-01  -->   2.109e-01 (T^3)
Minimum absolute Quasi-symmetry (1,0) two-term error:        2.375e-05  -->   3.103e-04 (T^3)
Average absolute Quasi-symmetry (1,0) two-term error:        5.504e-02  -->   4.409e-02 (T^3)
Aspect ratio:                                                6.037e+00  -->   6.000e+00 (dimensionless)
Plasma volume:                                               5.420e-01  -->   5.682e-01 (m^3)
Maximum Rotational transform:                                2.750e-02  -->   2.316e-02 (dimensionless)
Minimum Rotational transform:                                2.745e-02  -->   2.277e-02 (dimensionless)
Average Rotational transform:                                2.749e-02  -->   2.302e-02 (dimensionless)
Maximum absolute Force error:                                6.082e-01  -->   3.887e-01 (N)
Minimum absolute Force error:                                3.191e-05  -->   3.582e-05 (N)
Average absolute Force error:                                5.827e-02  -->   3.609e-02 (N)
Maximum absolute Force error:                                2.953e-07  -->   1.887e-07 (normalized)
Minimum absolute Force error:                                1.549e-11  -->   1.739e-11 (normalized)
Average absolute Force error:                                2.829e-08  -->   1.752e-08 (normalized)
Cross-section R error:                                       0.000e+00  -->   0.000e+00 (m)
Cross-section Z error:                                       0.000e+00  -->   0.000e+00 (m)
Fixed pressure profile error:                                0.000e+00  -->   0.000e+00 (Pa)
Fixed current profile error:                                 0.000e+00  -->   0.000e+00 (A)
Fixed Psi error:                                             0.000e+00  -->   0.000e+00 (Wb)
==============================================================================================================

