/home/ye2698/DESC/desc/integrals/_interp_utils.py:19: UserWarning: 
jax-finufft is not installed.
If you want to use NUFFTs, follow the DESC installation instructions.
Otherwise you must set the parameter nufft_eps to zero
when computing effective ripple, Gamma_c, and any other
computations that involve bounce integrals.

  warnings.warn(
DESC version=0.15.0+424.gdbba9ba17.
Using JAX backend: jax version=0.6.2, jaxlib version=0.6.2, dtype=float64.
Using device: NVIDIA A100-PCIE-40GB (id=0), with 40.00 GB available memory.
Building objective: QS two-term
Precomputing transforms
Timer: Precomputing transforms = 341 ms
Building objective: aspect ratio
Precomputing transforms
Timer: Precomputing transforms = 40.0 ms
Building objective: volume
Precomputing transforms
Timer: Precomputing transforms = 39.5 ms
Building objective: rotational transform
Precomputing transforms
Timer: Precomputing transforms = 298 ms
Timer: Objective build = 807 ms
Building objective: force
Precomputing transforms
Timer: Precomputing transforms = 527 ms
Timer: Objective build = 847 ms
Timer: Objective build = 3.05 ms
Timer: Eq Update LinearConstraintProjection build = 2.24 sec
Timer: Proximal projection build = 10.2 sec
Building objective: fixed cross-section R
Building objective: fixed cross-section Z
Building objective: fixed pressure
Building objective: fixed current
Building objective: fixed Psi
Timer: Objective build = 287 ms
Timer: LinearConstraintProjection build = 831 ms
Number of parameters: 45
Number of objectives: 478
Timer: Initializing the optimization = 11.4 sec

Starting optimization
Using method: proximal-lsq-exact
Solver options:
------------------------------------------------------------
Maximum Function Evaluations       : 1251
Maximum Allowed Total Δx Norm      : inf
Scaled Termination                 : True
Trust Region Method                : qr
Initial Trust Radius               : 1.136e+02
Maximum Trust Radius               : inf
Minimum Trust Radius               : 2.220e-16
Trust Radius Increase Ratio        : 2.000e+00
Trust Radius Decrease Ratio        : 2.500e-01
Trust Radius Increase Threshold    : 7.500e-01
Trust Radius Decrease Threshold    : 2.500e-01
------------------------------------------------------------ 

   Iteration     Total nfev        Cost      Cost reduction    Step norm     Optimality   
       0              1          4.991e+02                                    1.523e+01   
       1              2          1.308e+02      3.683e+02      1.696e-01      5.997e+00   
       2              5          9.610e+01      3.474e+01      2.278e-02      7.383e+00   
       3              6          9.497e+01      1.136e+00      2.466e-02      9.730e+00   
       4              7          6.115e+01      3.381e+01      1.682e-03      3.085e+00   
       5              8          5.052e+01      1.064e+01      1.168e-02      1.776e+00   
       6              9          5.046e+01      5.497e-02      9.298e-03      2.651e+00   
       7             10          4.898e+01      1.480e+00      5.271e-04      1.767e+00   
       8             11          4.722e+01      1.759e+00      5.287e-04      1.001e+00   
       9             13          4.686e+01      3.657e-01      3.604e-05      9.267e-01   
      10             15          4.664e+01      2.118e-01      1.370e-05      8.419e-01   
      11             16          4.636e+01      2.831e-01      1.794e-05      7.749e-01   
      12             17          4.610e+01      2.621e-01      1.784e-05      7.164e-01   
      13             18          4.582e+01      2.824e-01      1.589e-05      6.878e-01   
      14             19          4.558e+01      2.374e-01      9.391e-06      6.382e-01   
      15             20          4.539e+01      1.905e-01      1.251e-05      5.714e-01   
      16             21          4.524e+01      1.497e-01      3.039e-05      4.941e-01   
      17             22          4.512e+01      1.195e-01      5.064e-05      4.163e-01   
      18             23          4.502e+01      1.006e-01      6.770e-05      3.442e-01   
      19             24          4.493e+01      9.067e-02      7.884e-05      2.805e-01   
      20             25          4.484e+01      8.698e-02      8.373e-05      2.764e-01   
      21             26          4.475e+01      8.733e-02      8.334e-05      2.696e-01   
      22             27          4.466e+01      8.982e-02      7.921e-05      2.605e-01   
      23             28          4.457e+01      9.288e-02      7.305e-05      2.492e-01   
      24             29          4.448e+01      9.539e-02      6.656e-05      2.361e-01   
      25             30          4.434e+01      1.323e-01      6.122e-05      2.184e-01   
      26             31          4.412e+01      2.270e-01      1.316e-04      2.030e-01   
      27             32          4.365e+01      4.662e-01      2.932e-04      1.581e-01   
      28             33          4.344e+01      2.131e-01      8.657e-04      3.659e-01   
      29             34          4.273e+01      7.100e-01      1.092e-03      1.691e-01   
      30             35          4.198e+01      7.522e-01      4.785e-03      6.899e-01   
      31             37          4.133e+01      6.408e-01      3.350e-03      2.151e-01   
      32             38          4.117e+01      1.672e-01      8.736e-03      9.993e-01   
      33             39          4.049e+01      6.778e-01      8.264e-03      6.877e-01   
      34             41          4.008e+01      4.140e-01      2.070e-03      1.018e-01   
      35             43          4.002e+01      5.425e-02      1.023e-03      1.996e-01   
      36             44          3.993e+01      8.632e-02      1.978e-03      3.030e-01   
      37             45          3.982e+01      1.179e-01      2.001e-03      2.899e-01   
      38             47          3.972e+01      1.001e-01      9.966e-04      1.098e-01   
      39             48          3.970e+01      1.883e-02      1.962e-03      4.337e-01   
      40             49          3.958e+01      1.186e-01      4.383e-04      9.556e-02   
      41             50          3.956e+01      1.713e-02      9.661e-04      2.973e-01   
Optimization terminated successfully.
`ftol` condition satisfied. (ftol=1.00e-03)
         Current function value: 3.956e+01
         Total delta_x: 7.138e-02
         Iterations: 41
         Function evaluations: 50
         Jacobian evaluations: 42
Timer: Solution time = 2.01 min
Timer: Avg time per step = 2.87 sec
==============================================================================================================
                                                                 Start  -->   End
Total (sum of squares):                                      4.966e+02  -->   3.956e+01, 
Maximum absolute Quasi-symmetry (1,0) two-term error:        3.034e-01  -->   1.940e-02 (T^3)
Minimum absolute Quasi-symmetry (1,0) two-term error:        2.375e-05  -->   4.653e-06 (T^3)
Average absolute Quasi-symmetry (1,0) two-term error:        5.504e-02  -->   2.732e-03 (T^3)
Aspect ratio:                                                6.037e+00  -->   6.004e+00 (dimensionless)
Plasma volume:                                               5.420e-01  -->   8.334e-01 (m^3)
Maximum Rotational transform:                                2.750e-02  -->   1.216e-03 (dimensionless)
Minimum Rotational transform:                                2.745e-02  -->  -9.049e-04 (dimensionless)
Average Rotational transform:                                2.749e-02  -->  -1.380e-04 (dimensionless)
Maximum absolute Force error:                                6.082e-01  -->   1.634e-01 (N)
Minimum absolute Force error:                                3.191e-05  -->   4.953e-07 (N)
Average absolute Force error:                                5.827e-02  -->   2.207e-03 (N)
Maximum absolute Force error:                                2.953e-07  -->   7.934e-08 (normalized)
Minimum absolute Force error:                                1.549e-11  -->   2.405e-13 (normalized)
Average absolute Force error:                                2.829e-08  -->   1.072e-09 (normalized)
Cross-section R error:                                       0.000e+00  -->   0.000e+00 (m)
Cross-section Z error:                                       0.000e+00  -->   0.000e+00 (m)
Fixed pressure profile error:                                0.000e+00  -->   0.000e+00 (Pa)
Fixed current profile error:                                 0.000e+00  -->   0.000e+00 (A)
Fixed Psi error:                                             0.000e+00  -->   0.000e+00 (Wb)
==============================================================================================================

