/home/ye2698/DESC/desc/integrals/_interp_utils.py:19: UserWarning: 
jax-finufft is not installed.
If you want to use NUFFTs, follow the DESC installation instructions.
Otherwise you must set the parameter nufft_eps to zero
when computing effective ripple, Gamma_c, and any other
computations that involve bounce integrals.

  warnings.warn(
DESC version=0.15.0+424.gdbba9ba17.
Using JAX backend: jax version=0.6.2, jaxlib version=0.6.2, dtype=float64.
Using device: NVIDIA A100-PCIE-40GB (id=0), with 40.00 GB available memory.
Building objective: QS two-term
Precomputing transforms
Timer: Precomputing transforms = 347 ms
Building objective: aspect ratio
Precomputing transforms
Timer: Precomputing transforms = 40.2 ms
Building objective: volume
Precomputing transforms
Timer: Precomputing transforms = 40.3 ms
Building objective: rotational transform
Precomputing transforms
Timer: Precomputing transforms = 306 ms
Timer: Objective build = 825 ms
Building objective: force
Precomputing transforms
Timer: Precomputing transforms = 536 ms
Timer: Objective build = 866 ms
Timer: Objective build = 3.10 ms
Timer: Eq Update LinearConstraintProjection build = 2.29 sec
Timer: Proximal projection build = 10.4 sec
Building objective: fixed cross-section R
Building objective: fixed cross-section Z
Building objective: fixed pressure
Building objective: fixed current
Building objective: fixed Psi
Timer: Objective build = 287 ms
Timer: LinearConstraintProjection build = 846 ms
Number of parameters: 45
Number of objectives: 478
Timer: Initializing the optimization = 11.6 sec

Starting optimization
Using method: proximal-lsq-exact
Solver options:
------------------------------------------------------------
Maximum Function Evaluations       : 1251
Maximum Allowed Total Δx Norm      : inf
Scaled Termination                 : True
Trust Region Method                : qr
Initial Trust Radius               : 5.709e+02
Maximum Trust Radius               : inf
Minimum Trust Radius               : 2.220e-16
Trust Radius Increase Ratio        : 2.000e+00
Trust Radius Decrease Ratio        : 2.500e-01
Trust Radius Increase Threshold    : 7.500e-01
Trust Radius Decrease Threshold    : 2.500e-01
------------------------------------------------------------ 

   Iteration     Total nfev        Cost      Cost reduction    Step norm     Optimality   
       0              1          1.172e+04                                    7.643e+01   
       1              4          9.430e+03      2.288e+03      4.093e-03      6.008e+01   
       2              5          7.430e+03      2.000e+03      9.351e-03      3.453e+01   
       3              6          6.622e+03      8.085e+02      1.090e-02      3.508e+01   
       4              7          5.515e+03      1.107e+03      1.108e-02      3.040e+01   
       5              8          4.581e+03      9.335e+02      1.191e-02      2.094e+01   
       6              9          3.431e+03      1.151e+03      3.263e-02      3.077e+01   
       7             10          2.391e+03      1.040e+03      3.733e-02      3.130e+01   
       8             12          1.723e+03      6.680e+02      8.475e-03      1.677e+01   
       9             13          1.506e+03      2.171e+02      1.629e-02      2.492e+01   
      10             14          1.045e+03      4.612e+02      1.927e-02      1.347e+01   
      11             16          8.716e+02      1.733e+02      9.733e-03      5.663e+00   
      12             17          8.227e+02      4.886e+01      1.900e-02      1.364e+01   
      13             18          6.484e+02      1.743e+02      1.893e-02      9.428e+00   
      14             20          5.374e+02      1.110e+02      8.548e-03      3.441e+00   
      15             21          5.115e+02      2.590e+01      1.627e-02      8.327e+00   
      16             22          4.176e+02      9.395e+01      1.643e-02      6.704e+00   
      17             23          3.713e+02      4.631e+01      1.708e-02      6.657e+00   
      18             24          3.186e+02      5.267e+01      1.733e-02      5.816e+00   
      19             25          2.740e+02      4.466e+01      1.773e-02      4.948e+00   
      20             26          2.345e+02      3.941e+01      1.816e-02      4.088e+00   
      21             27          2.040e+02      3.056e+01      1.846e-02      3.480e+00   
      22             28          1.782e+02      2.582e+01      1.868e-02      2.970e+00   
      23             29          1.563e+02      2.187e+01      1.885e-02      2.544e+00   
      24             30          1.373e+02      1.903e+01      1.896e-02      2.164e+00   
      25             31          1.209e+02      1.641e+01      1.900e-02      1.835e+00   
      26             32          1.066e+02      1.426e+01      1.897e-02      1.561e+00   
      27             33          9.427e+01      1.234e+01      1.894e-02      1.347e+00   
      28             34          8.378e+01      1.048e+01      1.894e-02      1.198e+00   
      29             35          7.450e+01      9.283e+00      1.890e-02      1.083e+00   
      30             36          6.616e+01      8.335e+00      1.869e-02      9.839e-01   
      31             37          5.905e+01      7.115e+00      1.838e-02      9.098e-01   
      32             38          5.289e+01      6.161e+00      1.798e-02      8.447e-01   
      33             39          4.759e+01      5.296e+00      1.745e-02      8.003e-01   
      34             40          4.298e+01      4.608e+00      1.675e-02      7.586e-01   
      35             41          3.889e+01      4.097e+00      1.596e-02      6.976e-01   
      36             42          3.561e+01      3.275e+00      1.566e-02      6.497e-01   
      37             43          3.354e+01      2.075e+00      1.652e-02      6.582e-01   
      38             44          3.166e+01      1.878e+00      1.752e-02      6.458e-01   
      39             45          2.956e+01      2.103e+00      1.806e-02      5.978e-01   
      40             46          2.766e+01      1.893e+00      1.837e-02      5.542e-01   
      41             47          2.597e+01      1.689e+00      1.849e-02      5.135e-01   
      42             48          2.445e+01      1.523e+00      1.841e-02      4.756e-01   
      43             49          2.308e+01      1.371e+00      1.819e-02      4.548e-01   
      44             50          2.187e+01      1.213e+00      1.791e-02      4.328e-01   
      45             51          2.080e+01      1.065e+00      1.752e-02      4.106e-01   
      46             52          1.987e+01      9.301e-01      1.695e-02      3.891e-01   
      47             53          1.902e+01      8.482e-01      1.580e-02      3.636e-01   
      48             54          1.824e+01      7.877e-01      1.448e-02      3.346e-01   
      49             55          1.763e+01      6.108e-01      1.291e-02      3.171e-01   
      50             56          1.713e+01      4.942e-01      1.187e-02      3.078e-01   
      51             57          1.670e+01      4.307e-01      1.176e-02      2.999e-01   
      52             58          1.627e+01      4.314e-01      1.215e-02      2.789e-01   
      53             59          1.580e+01      4.652e-01      1.205e-02      2.329e-01   
      54             60          1.542e+01      3.801e-01      1.059e-02      1.811e-01   
      55             61          1.513e+01      2.955e-01      7.983e-03      1.268e-01   
      56             62          1.487e+01      2.602e-01      4.601e-03      5.092e-02   
      57             63          1.467e+01      2.031e-01      1.805e-03      1.198e-02   
      58             66          1.463e+01      3.812e-02      3.088e-03      9.586e-03   
      59             68          1.462e+01      4.196e-03      1.730e-03      3.288e-02   
Optimization terminated successfully.
`ftol` condition satisfied. (ftol=1.00e-03)
         Current function value: 1.462e+01
         Total delta_x: 8.965e-01
         Iterations: 59
         Function evaluations: 68
         Jacobian evaluations: 60
Timer: Solution time = 2.68 min
Timer: Avg time per step = 2.68 sec
==============================================================================================================
                                                                 Start  -->   End
Total (sum of squares):                                      1.166e+04  -->   1.462e+01, 
Maximum absolute Quasi-symmetry (1,0) two-term error:        3.034e-01  -->   3.685e-03 (T^3)
Minimum absolute Quasi-symmetry (1,0) two-term error:        2.375e-05  -->   1.798e-07 (T^3)
Average absolute Quasi-symmetry (1,0) two-term error:        5.504e-02  -->   8.895e-04 (T^3)
Aspect ratio:                                                6.037e+00  -->   6.001e+00 (dimensionless)
Plasma volume:                                               5.420e-01  -->   3.310e+00 (m^3)
Maximum Rotational transform:                                2.750e-02  -->   1.438e-02 (dimensionless)
Minimum Rotational transform:                                2.745e-02  -->   1.296e-02 (dimensionless)
Average Rotational transform:                                2.749e-02  -->   1.390e-02 (dimensionless)
Maximum absolute Force error:                                6.082e-01  -->   2.446e-01 (N)
Minimum absolute Force error:                                3.191e-05  -->   1.550e-07 (N)
Average absolute Force error:                                5.827e-02  -->   2.994e-03 (N)
Maximum absolute Force error:                                2.953e-07  -->   1.188e-07 (normalized)
Minimum absolute Force error:                                1.549e-11  -->   7.523e-14 (normalized)
Average absolute Force error:                                2.829e-08  -->   1.453e-09 (normalized)
Cross-section R error:                                       0.000e+00  -->   0.000e+00 (m)
Cross-section Z error:                                       0.000e+00  -->   0.000e+00 (m)
Fixed pressure profile error:                                0.000e+00  -->   0.000e+00 (Pa)
Fixed current profile error:                                 0.000e+00  -->   0.000e+00 (A)
Fixed Psi error:                                             0.000e+00  -->   0.000e+00 (Wb)
==============================================================================================================

