/home/ye2698/DESC/desc/integrals/_interp_utils.py:19: UserWarning: 
jax-finufft is not installed.
If you want to use NUFFTs, follow the DESC installation instructions.
Otherwise you must set the parameter nufft_eps to zero
when computing effective ripple, Gamma_c, and any other
computations that involve bounce integrals.

  warnings.warn(
DESC version=0.15.0+424.gdbba9ba17.
Using JAX backend: jax version=0.6.2, jaxlib version=0.6.2, dtype=float64.
Using device: NVIDIA A100-PCIE-40GB (id=0), with 40.00 GB available memory.
Building objective: QS two-term
Precomputing transforms
Timer: Precomputing transforms = 343 ms
Building objective: aspect ratio
Precomputing transforms
Timer: Precomputing transforms = 39.8 ms
Building objective: volume
Precomputing transforms
Timer: Precomputing transforms = 39.5 ms
Building objective: rotational transform
Precomputing transforms
Timer: Precomputing transforms = 300 ms
Timer: Objective build = 813 ms
Building objective: force
Precomputing transforms
Timer: Precomputing transforms = 532 ms
Timer: Objective build = 857 ms
Timer: Objective build = 3.04 ms
Timer: Eq Update LinearConstraintProjection build = 2.28 sec
Timer: Proximal projection build = 10.4 sec
Building objective: fixed cross-section R
Building objective: fixed cross-section Z
Building objective: fixed pressure
Building objective: fixed current
Building objective: fixed Psi
Timer: Objective build = 291 ms
Timer: LinearConstraintProjection build = 843 ms
Number of parameters: 45
Number of objectives: 478
Timer: Initializing the optimization = 11.6 sec

Starting optimization
Using method: proximal-lsq-exact
Solver options:
------------------------------------------------------------
Maximum Function Evaluations       : 1251
Maximum Allowed Total Δx Norm      : inf
Scaled Termination                 : True
Trust Region Method                : qr
Initial Trust Radius               : 5.671e+02
Maximum Trust Radius               : inf
Minimum Trust Radius               : 2.220e-16
Trust Radius Increase Ratio        : 2.000e+00
Trust Radius Decrease Ratio        : 2.500e-01
Trust Radius Increase Threshold    : 7.500e-01
Trust Radius Decrease Threshold    : 2.500e-01
------------------------------------------------------------ 

   Iteration     Total nfev        Cost      Cost reduction    Step norm     Optimality   
       0              1          1.171e+04                                    7.638e+01   
       1              2          3.734e+03      7.977e+03      1.722e-01      4.536e+01   
       2              3          1.360e+03      2.374e+03      9.508e-02      1.093e+01   
       3              4          7.045e+02      6.558e+02      1.060e-01      7.461e+00   
       4              5          2.281e+02      4.763e+02      2.381e-01      1.905e+00   
       5              6          1.251e+02      1.030e+02      5.398e-02      1.177e+00   
       6              8          6.548e+01      5.965e+01      4.029e-02      1.162e+00   
       7              9          1.636e+01      4.912e+01      9.140e-03      2.730e-01   
       8             11          1.298e+01      3.380e+00      1.266e-02      1.677e-01   
       9             12          1.267e+01      3.100e-01      2.357e-02      6.917e-02   
      10             13          1.158e+01      1.086e+00      1.499e-03      3.722e-02   
      11             15          1.153e+01      5.074e-02      2.889e-03      5.699e-03   
      12             16          1.150e+01      3.591e-02      2.422e-03      6.889e-03   
      13             17          1.146e+01      3.513e-02      2.202e-03      4.646e-03   
      14             18          1.140e+01      5.993e-02      5.141e-03      1.235e-02   
      15             20          1.136e+01      3.843e-02      3.185e-03      9.640e-03   
      16             22          1.134e+01      2.629e-02      1.833e-03      5.358e-03   
      17             23          1.131e+01      3.146e-02      3.441e-03      1.735e-02   
      18             25          1.128e+01      2.715e-02      1.944e-03      3.543e-03   
      19             26          1.126e+01      1.916e-02      4.150e-03      2.465e-02   
      20             27          1.122e+01      4.406e-02      4.457e-03      1.976e-02   
      21             29          1.119e+01      2.472e-02      2.404e-03      9.888e-03   
      22             30          1.118e+01      1.257e-02      4.732e-03      2.906e-02   
      23             31          1.114e+01      4.054e-02      4.806e-03      2.297e-02   
      24             33          1.111e+01      2.367e-02      2.531e-03      1.151e-02   
      25             34          1.111e+01      8.449e-03      4.812e-03      3.234e-02   
Optimization terminated successfully.
`ftol` condition satisfied. (ftol=1.00e-03)
         Current function value: 1.111e+01
         Total delta_x: 5.338e-01
         Iterations: 25
         Function evaluations: 34
         Jacobian evaluations: 26
Timer: Solution time = 1.44 min
Timer: Avg time per step = 3.33 sec
==============================================================================================================
                                                                 Start  -->   End
Total (sum of squares):                                      1.165e+04  -->   1.111e+01, 
Maximum absolute Quasi-symmetry (1,0) two-term error:        3.034e-01  -->   3.165e-03 (T^3)
Minimum absolute Quasi-symmetry (1,0) two-term error:        2.375e-05  -->   5.573e-07 (T^3)
Average absolute Quasi-symmetry (1,0) two-term error:        5.504e-02  -->   4.717e-04 (T^3)
Aspect ratio:                                                6.037e+00  -->   5.996e+00 (dimensionless)
Plasma volume:                                               5.420e-01  -->   2.296e+00 (m^3)
Maximum Rotational transform:                                2.750e-02  -->   3.005e-04 (dimensionless)
Minimum Rotational transform:                                2.745e-02  -->  -6.078e-03 (dimensionless)
Average Rotational transform:                                2.749e-02  -->  -2.001e-03 (dimensionless)
Maximum absolute Force error:                                6.082e-01  -->   2.288e-01 (N)
Minimum absolute Force error:                                3.191e-05  -->   2.219e-07 (N)
Average absolute Force error:                                5.827e-02  -->   3.425e-03 (N)
Maximum absolute Force error:                                2.953e-07  -->   1.111e-07 (normalized)
Minimum absolute Force error:                                1.549e-11  -->   1.077e-13 (normalized)
Average absolute Force error:                                2.829e-08  -->   1.663e-09 (normalized)
Cross-section R error:                                       0.000e+00  -->   0.000e+00 (m)
Cross-section Z error:                                       0.000e+00  -->   0.000e+00 (m)
Fixed pressure profile error:                                0.000e+00  -->   0.000e+00 (Pa)
Fixed current profile error:                                 0.000e+00  -->   0.000e+00 (A)
Fixed Psi error:                                             0.000e+00  -->   0.000e+00 (Wb)
==============================================================================================================

