/home/ye2698/DESC/desc/integrals/_interp_utils.py:19: UserWarning: 
jax-finufft is not installed.
If you want to use NUFFTs, follow the DESC installation instructions.
Otherwise you must set the parameter nufft_eps to zero
when computing effective ripple, Gamma_c, and any other
computations that involve bounce integrals.

  warnings.warn(
DESC version=0.15.0+424.gdbba9ba17.
Using JAX backend: jax version=0.6.2, jaxlib version=0.6.2, dtype=float64.
Using device: NVIDIA A100-PCIE-40GB (id=0), with 40.00 GB available memory.
Building objective: QS two-term
Precomputing transforms
Timer: Precomputing transforms = 340 ms
Building objective: aspect ratio
Precomputing transforms
Timer: Precomputing transforms = 40.2 ms
Building objective: volume
Precomputing transforms
Timer: Precomputing transforms = 39.9 ms
Building objective: rotational transform
Precomputing transforms
Timer: Precomputing transforms = 301 ms
Timer: Objective build = 812 ms
Building objective: force
Precomputing transforms
Timer: Precomputing transforms = 547 ms
Timer: Objective build = 870 ms
Timer: Objective build = 3.00 ms
Timer: Eq Update LinearConstraintProjection build = 2.26 sec
Timer: Proximal projection build = 10.3 sec
Building objective: fixed cross-section R
Building objective: fixed cross-section Z
Building objective: fixed pressure
Building objective: fixed current
Building objective: fixed Psi
Timer: Objective build = 285 ms
Timer: LinearConstraintProjection build = 843 ms
Number of parameters: 45
Number of objectives: 478
Timer: Initializing the optimization = 11.5 sec

Starting optimization
Using method: proximal-lsq-exact
Solver options:
------------------------------------------------------------
Maximum Function Evaluations       : 1251
Maximum Allowed Total Δx Norm      : inf
Scaled Termination                 : True
Trust Region Method                : qr
Initial Trust Radius               : 5.681e+02
Maximum Trust Radius               : inf
Minimum Trust Radius               : 2.220e-16
Trust Radius Increase Ratio        : 2.000e+00
Trust Radius Decrease Ratio        : 2.500e-01
Trust Radius Increase Threshold    : 7.500e-01
Trust Radius Decrease Threshold    : 2.500e-01
------------------------------------------------------------ 

   Iteration     Total nfev        Cost      Cost reduction    Step norm     Optimality   
       0              1          1.248e+04                                    7.619e+01   
       1              2          5.313e+03      7.171e+03      8.653e-02      5.968e+01   
       2              4          4.806e+03      5.072e+02      1.712e-02      6.322e+01   
       3              6          3.960e+03      8.458e+02      1.301e-03      5.241e+01   
       4              7          2.891e+03      1.069e+03      2.020e-03      3.035e+01   
       5              8          1.936e+03      9.546e+02      3.808e-03      1.031e+01   
       6             10          1.701e+03      2.355e+02      1.583e-03      8.573e+00   
       7             11          1.609e+03      9.147e+01      1.035e-03      9.412e+00   
       8             12          1.436e+03      1.736e+02      2.791e-03      3.789e+00   
       9             14          1.392e+03      4.415e+01      3.395e-03      8.640e+00   
      10             15          1.343e+03      4.878e+01      4.522e-03      6.415e+00   
      11             16          1.288e+03      5.502e+01      8.877e-03      5.379e+00   
      12             17          1.261e+03      2.674e+01      1.574e-02      8.211e+00   
      13             18          1.176e+03      8.522e+01      1.261e-02      6.925e+00   
      14             20          1.123e+03      5.262e+01      5.642e-03      3.225e+00   
      15             22          1.105e+03      1.873e+01      2.938e-03      1.796e+00   
      16             24          1.097e+03      7.901e+00      1.580e-03      1.221e+00   
      17             25          1.090e+03      6.496e+00      2.934e-03      3.382e+00   
      18             26          1.080e+03      1.066e+01      3.277e-03      3.259e+00   
      19             27          1.072e+03      7.131e+00      3.381e-03      3.741e+00   
      20             28          1.065e+03      7.618e+00      3.441e-03      3.896e+00   
      21             29          1.058e+03      6.852e+00      3.403e-03      3.999e+00   
      22             30          1.052e+03      6.079e+00      3.326e-03      3.947e+00   
      23             31          1.045e+03      7.129e+00      2.926e-03      3.483e+00   
      24             32          1.038e+03      6.981e+00      2.276e-03      2.708e+00   
      25             33          1.030e+03      7.692e+00      1.479e-03      1.898e+00   
      26             34          1.025e+03      4.718e+00      2.252e-03      3.529e+00   
      27             35          1.016e+03      9.845e+00      2.596e-03      3.287e+00   
      28             36          1.012e+03      3.726e+00      3.792e-03      4.260e+00   
      29             37          1.004e+03      7.842e+00      4.138e-03      4.134e+00   
      30             38          9.932e+02      1.079e+01      3.982e-03      3.578e+00   
      31             39          9.850e+02      8.189e+00      3.499e-03      3.167e+00   
      32             40          9.808e+02      4.232e+00      3.215e-03      3.445e+00   
      33             41          9.765e+02      4.232e+00      2.686e-03      3.249e+00   
      34             42          9.712e+02      5.301e+00      1.758e-03      2.424e+00   
      35             43          9.672e+02      4.069e+00      1.083e-03      1.879e+00   
      36             44          9.635e+02      3.648e+00      8.499e-04      1.445e+00   
      37             45          9.606e+02      2.944e+00      7.931e-04      1.035e+00   
      38             46          9.574e+02      3.205e+00      5.839e-04      6.269e-01   
      39             47          9.538e+02      3.570e+00      2.670e-04      2.967e-01   
      40             49          9.526e+02      1.233e+00      1.658e-04      3.688e-01   
      41             50          9.514e+02      1.135e+00      1.922e-04      1.550e-01   
      42             51          9.502e+02      1.188e+00      2.899e-04      6.327e-01   
      43             52          9.481e+02      2.156e+00      3.232e-04      5.024e-01   
      44             53          9.461e+02      1.946e+00      1.743e-04      4.749e-01   
      45             54          9.442e+02      1.934e+00      1.487e-04      3.535e-01   
      46             55          9.435e+02      7.101e-01      9.097e-04      1.176e+00   
      47             56          9.415e+02      2.027e+00      3.733e-04      6.761e-01   
      48             57          9.403e+02      1.159e+00      4.340e-04      5.576e-01   
      49             58          9.396e+02      6.813e-01      9.105e-04      1.177e+00   
Optimization terminated successfully.
`ftol` condition satisfied. (ftol=1.00e-03)
         Current function value: 9.396e+02
         Total delta_x: 4.907e-02
         Iterations: 49
         Function evaluations: 58
         Jacobian evaluations: 50
Timer: Solution time = 2.30 min
Timer: Avg time per step = 2.76 sec
==============================================================================================================
                                                                 Start  -->   End
Total (sum of squares):                                      1.242e+04  -->   9.396e+02, 
Maximum absolute Quasi-symmetry (1,0) two-term error:        3.034e-01  -->   2.895e-02 (T^3)
Minimum absolute Quasi-symmetry (1,0) two-term error:        2.375e-05  -->   1.355e-05 (T^3)
Average absolute Quasi-symmetry (1,0) two-term error:        5.504e-02  -->   3.909e-03 (T^3)
Aspect ratio:                                                6.037e+00  -->   5.987e+00 (dimensionless)
Plasma volume:                                               5.420e-01  -->   6.158e-01 (m^3)
Maximum Rotational transform:                                2.750e-02  -->   1.074e-03 (dimensionless)
Minimum Rotational transform:                                2.745e-02  -->  -2.417e-03 (dimensionless)
Average Rotational transform:                                2.749e-02  -->  -2.517e-04 (dimensionless)
Maximum absolute Force error:                                6.082e-01  -->   7.233e-01 (N)
Minimum absolute Force error:                                3.191e-05  -->   4.098e-07 (N)
Average absolute Force error:                                5.827e-02  -->   7.575e-03 (N)
Maximum absolute Force error:                                2.953e-07  -->   3.512e-07 (normalized)
Minimum absolute Force error:                                1.549e-11  -->   1.990e-13 (normalized)
Average absolute Force error:                                2.829e-08  -->   3.678e-09 (normalized)
Cross-section R error:                                       0.000e+00  -->   0.000e+00 (m)
Cross-section Z error:                                       0.000e+00  -->   0.000e+00 (m)
Fixed pressure profile error:                                0.000e+00  -->   0.000e+00 (Pa)
Fixed current profile error:                                 0.000e+00  -->   0.000e+00 (A)
Fixed Psi error:                                             0.000e+00  -->   0.000e+00 (Wb)
==============================================================================================================

