/home/ye2698/DESC/desc/integrals/_interp_utils.py:19: UserWarning: 
jax-finufft is not installed.
If you want to use NUFFTs, follow the DESC installation instructions.
Otherwise you must set the parameter nufft_eps to zero
when computing effective ripple, Gamma_c, and any other
computations that involve bounce integrals.

  warnings.warn(
DESC version=0.15.0+424.gdbba9ba17.
Using JAX backend: jax version=0.6.2, jaxlib version=0.6.2, dtype=float64.
Using device: NVIDIA A100-PCIE-40GB (id=0), with 40.00 GB available memory.
Building objective: QS two-term
Precomputing transforms
Timer: Precomputing transforms = 341 ms
Building objective: aspect ratio
Precomputing transforms
Timer: Precomputing transforms = 40.0 ms
Building objective: volume
Precomputing transforms
Timer: Precomputing transforms = 39.1 ms
Building objective: rotational transform
Precomputing transforms
Timer: Precomputing transforms = 300 ms
Timer: Objective build = 810 ms
Building objective: force
Precomputing transforms
Timer: Precomputing transforms = 531 ms
Timer: Objective build = 853 ms
Timer: Objective build = 2.98 ms
Timer: Eq Update LinearConstraintProjection build = 2.25 sec
Timer: Proximal projection build = 10.2 sec
Building objective: fixed cross-section R
Building objective: fixed cross-section Z
Building objective: fixed pressure
Building objective: fixed current
Building objective: fixed Psi
Timer: Objective build = 285 ms
Timer: LinearConstraintProjection build = 839 ms
Number of parameters: 45
Number of objectives: 478
Timer: Initializing the optimization = 11.4 sec

Starting optimization
Using method: proximal-lsq-exact
Solver options:
------------------------------------------------------------
Maximum Function Evaluations       : 1251
Maximum Allowed Total Δx Norm      : inf
Scaled Termination                 : True
Trust Region Method                : qr
Initial Trust Radius               : 1.141e+02
Maximum Trust Radius               : inf
Minimum Trust Radius               : 2.220e-16
Trust Radius Increase Ratio        : 2.000e+00
Trust Radius Decrease Ratio        : 2.500e-01
Trust Radius Increase Threshold    : 7.500e-01
Trust Radius Decrease Threshold    : 2.500e-01
------------------------------------------------------------ 

   Iteration     Total nfev        Cost      Cost reduction    Step norm     Optimality   
       0              1          6.691e+02                                    1.518e+01   
       1              4          5.746e+02      9.443e+01      4.530e-03      1.240e+01   
       2              5          4.931e+02      8.154e+01      9.297e-03      6.919e+00   
       3              6          4.503e+02      4.278e+01      9.089e-03      6.155e+00   
       4              7          4.011e+02      4.920e+01      6.020e-03      3.471e+00   
       5              8          3.761e+02      2.503e+01      2.878e-03      8.086e+00   
       6             10          3.390e+02      3.704e+01      6.483e-03      2.644e+00   
       7             11          3.353e+02      3.725e+00      1.006e-02      5.055e+00   
       8             12          3.219e+02      1.338e+01      2.009e-03      1.522e+00   
       9             13          3.131e+02      8.835e+00      6.946e-03      1.223e+00   
      10             14          3.104e+02      2.667e+00      1.831e-02      1.324e+00   
      11             15          3.039e+02      6.523e+00      1.721e-02      1.382e+00   
      12             16          2.976e+02      6.305e+00      1.262e-02      1.437e+00   
      13             17          2.870e+02      1.057e+01      3.388e-03      9.074e-01   
      14             18          2.763e+02      1.077e+01      4.001e-03      3.194e+00   
      15             20          2.661e+02      1.017e+01      7.787e-03      1.433e+00   
      16             22          2.621e+02      4.035e+00      1.073e-03      3.341e-01   
      17             23          2.564e+02      5.709e+00      1.647e-03      8.382e-01   
      18             25          2.536e+02      2.730e+00      2.060e-03      5.522e-01   
      19             26          2.494e+02      4.250e+00      2.815e-03      2.623e-01   
      20             27          2.451e+02      4.273e+00      6.428e-03      2.209e+00   
      21             29          2.376e+02      7.491e+00      9.213e-03      1.497e+00   
      22             30          2.300e+02      7.636e+00      3.361e-03      1.018e+00   
      23             32          2.275e+02      2.487e+00      1.616e-03      5.540e-01   
      24             33          2.274e+02      1.029e-01      1.828e-03      1.324e+00   
      25             34          2.254e+02      1.954e+00      1.903e-03      3.150e-01   
      26             35          2.248e+02      6.835e-01      8.794e-04      3.545e-01   
      27             37          2.243e+02      5.020e-01      5.064e-04      2.029e-01   
      28             38          2.237e+02      5.194e-01      7.983e-04      4.206e-01   
      29             39          2.231e+02      6.354e-01      9.400e-04      2.032e-01   
      30             40          2.223e+02      7.907e-01      1.912e-03      3.185e-01   
      31             42          2.222e+02      1.126e-01      2.820e-03      3.347e-01   
      32             43          2.219e+02      3.037e-01      1.080e-03      1.966e-01   
      33             44          2.217e+02      2.063e-01      5.480e-04      2.001e-01   
Optimization terminated successfully.
`ftol` condition satisfied. (ftol=1.00e-03)
         Current function value: 2.217e+02
         Total delta_x: 7.679e-02
         Iterations: 33
         Function evaluations: 44
         Jacobian evaluations: 34
Timer: Solution time = 2.02 min
Timer: Avg time per step = 3.57 sec
==============================================================================================================
                                                                 Start  -->   End
Total (sum of squares):                                      6.665e+02  -->   2.217e+02, 
Maximum absolute Quasi-symmetry (1,0) two-term error:        3.034e-01  -->   5.243e-02 (T^3)
Minimum absolute Quasi-symmetry (1,0) two-term error:        2.375e-05  -->   6.561e-05 (T^3)
Average absolute Quasi-symmetry (1,0) two-term error:        5.504e-02  -->   4.533e-03 (T^3)
Aspect ratio:                                                6.037e+00  -->   5.986e+00 (dimensionless)
Plasma volume:                                               5.420e-01  -->   5.844e-01 (m^3)
Maximum Rotational transform:                                2.750e-02  -->   2.949e-03 (dimensionless)
Minimum Rotational transform:                                2.745e-02  -->   1.185e-03 (dimensionless)
Average Rotational transform:                                2.749e-02  -->   1.812e-03 (dimensionless)
Maximum absolute Force error:                                6.082e-01  -->   4.607e-01 (N)
Minimum absolute Force error:                                3.191e-05  -->   6.143e-08 (N)
Average absolute Force error:                                5.827e-02  -->   6.010e-03 (N)
Maximum absolute Force error:                                2.953e-07  -->   2.237e-07 (normalized)
Minimum absolute Force error:                                1.549e-11  -->   2.982e-14 (normalized)
Average absolute Force error:                                2.829e-08  -->   2.918e-09 (normalized)
Cross-section R error:                                       0.000e+00  -->   0.000e+00 (m)
Cross-section Z error:                                       0.000e+00  -->   0.000e+00 (m)
Fixed pressure profile error:                                0.000e+00  -->   0.000e+00 (Pa)
Fixed current profile error:                                 0.000e+00  -->   0.000e+00 (A)
Fixed Psi error:                                             0.000e+00  -->   0.000e+00 (Wb)
==============================================================================================================

