/home/ye2698/DESC/desc/integrals/_interp_utils.py:19: UserWarning: 
jax-finufft is not installed.
If you want to use NUFFTs, follow the DESC installation instructions.
Otherwise you must set the parameter nufft_eps to zero
when computing effective ripple, Gamma_c, and any other
computations that involve bounce integrals.

  warnings.warn(
DESC version=0.15.0+424.gdbba9ba17.
Using JAX backend: jax version=0.6.2, jaxlib version=0.6.2, dtype=float64.
Using device: NVIDIA A100-PCIE-40GB (id=0), with 40.00 GB available memory.
Building objective: QS two-term
Precomputing transforms
Timer: Precomputing transforms = 346 ms
Building objective: aspect ratio
Precomputing transforms
Timer: Precomputing transforms = 40.5 ms
Building objective: volume
Precomputing transforms
Timer: Precomputing transforms = 39.7 ms
Building objective: rotational transform
Precomputing transforms
Timer: Precomputing transforms = 306 ms
Timer: Objective build = 823 ms
Building objective: force
Precomputing transforms
Timer: Precomputing transforms = 530 ms
Timer: Objective build = 852 ms
Timer: Objective build = 3.10 ms
Timer: Eq Update LinearConstraintProjection build = 2.28 sec
Timer: Proximal projection build = 10.4 sec
Building objective: fixed cross-section R
Building objective: fixed cross-section Z
Building objective: fixed pressure
Building objective: fixed current
Building objective: fixed Psi
Timer: Objective build = 291 ms
Timer: LinearConstraintProjection build = 847 ms
Number of parameters: 45
Number of objectives: 478
Timer: Initializing the optimization = 11.6 sec

Starting optimization
Using method: proximal-lsq-exact
Solver options:
------------------------------------------------------------
Maximum Function Evaluations       : 1251
Maximum Allowed Total Δx Norm      : inf
Scaled Termination                 : True
Trust Region Method                : qr
Initial Trust Radius               : 1.136e+02
Maximum Trust Radius               : inf
Minimum Trust Radius               : 2.220e-16
Trust Radius Increase Ratio        : 2.000e+00
Trust Radius Decrease Ratio        : 2.500e-01
Trust Radius Increase Threshold    : 7.500e-01
Trust Radius Decrease Threshold    : 2.500e-01
------------------------------------------------------------ 

   Iteration     Total nfev        Cost      Cost reduction    Step norm     Optimality   
       0              1          1.239e+03                                    1.405e+01   
       1              3          1.034e+03      2.043e+02      4.041e-02      1.214e+01   
       2              4          1.032e+03      2.377e+00      7.083e-02      1.807e+01   
       3              5          8.744e+02      1.575e+02      3.266e-03      4.581e+00   
       4              6          8.353e+02      3.917e+01      3.666e-02      8.462e-01   
       5              8          8.228e+02      1.245e+01      1.973e-02      2.460e+00   
       6             10          8.140e+02      8.832e+00      7.122e-03      1.307e+00   
       7             11          8.027e+02      1.131e+01      2.133e-02      1.748e+00   
       8             12          7.977e+02      4.925e+00      4.643e-02      4.941e+00   
       9             13          7.671e+02      3.065e+01      5.937e-03      1.460e+00   
      10             14          7.536e+02      1.352e+01      2.474e-02      1.875e+00   
      11             15          7.166e+02      3.697e+01      4.773e-02      1.438e+00   
      12             16          7.166e+02      1.941e-02      8.995e-02      3.650e+00   
      13             17          6.831e+02      3.347e+01      1.598e-02      2.178e+00   
      14             18          6.449e+02      3.817e+01      4.768e-02      1.669e+00   
      15             19          6.155e+02      2.949e+01      9.710e-02      1.584e+00   
      16             20          5.834e+02      3.209e+01      9.732e-02      1.104e+00   
      17             21          5.202e+02      6.314e+01      6.765e-02      1.040e+00   
      18             22          4.033e+02      1.169e+02      1.272e-01      1.137e+00   
      19             24          3.661e+02      3.718e+01      8.101e-02      9.939e-01   
      20             25          2.767e+02      8.939e+01      1.597e-01      8.854e-01   
      21             27          2.643e+02      1.239e+01      8.212e-02      1.074e+00   
      22             28          2.067e+02      5.760e+01      7.734e-02      9.933e-01   
      23             29          1.345e+02      7.223e+01      1.889e-01      8.091e-01   
      24             31          1.135e+02      2.099e+01      9.226e-02      6.961e-01   
      25             32          7.591e+01      3.761e+01      4.085e-02      4.946e-01   
      26             33          4.784e+01      2.807e+01      1.449e-01      1.872e-01   
      27             34          3.641e+01      1.143e+01      1.508e-01      3.570e-01   
      28             35          3.056e+01      5.847e+00      3.181e-02      3.919e-01   
      29             36          2.514e+01      5.421e+00      8.475e-02      7.885e-02   
      30             37          2.178e+01      3.356e+00      2.317e-02      1.470e-01   
      31             39          2.092e+01      8.677e-01      2.454e-02      7.393e-02   
      32             41          2.023e+01      6.857e-01      4.306e-03      4.012e-02   
      33             42          1.994e+01      2.941e-01      9.358e-03      3.798e-02   
      34             44          1.974e+01      1.938e-01      1.625e-03      1.955e-02   
      35             46          1.965e+01      9.565e-02      8.490e-04      2.213e-02   
      36             47          1.958e+01      6.402e-02      1.419e-03      2.715e-02   
      37             48          1.951e+01      7.186e-02      8.567e-04      2.772e-02   
      38             49          1.943e+01      8.024e-02      1.588e-03      2.772e-02   
      39             50          1.932e+01      1.140e-01      2.479e-03      2.679e-02   
      40             51          1.917e+01      1.463e-01      2.959e-03      3.043e-02   
      41             52          1.900e+01      1.665e-01      3.079e-03      3.263e-02   
      42             53          1.882e+01      1.809e-01      3.074e-03      3.345e-02   
      43             54          1.863e+01      1.949e-01      3.100e-03      3.335e-02   
      44             55          1.845e+01      1.809e-01      6.237e-03      4.418e-02   
      45             56          1.802e+01      4.212e-01      8.934e-03      3.539e-02   
      46             57          1.738e+01      6.425e-01      1.539e-02      3.429e-02   
      47             58          1.645e+01      9.338e-01      1.576e-02      6.601e-02   
      48             59          1.624e+01      2.051e-01      1.907e-02      4.585e-02   
      49             60          1.601e+01      2.300e-01      3.009e-03      5.671e-02   
      50             61          1.584e+01      1.731e-01      3.433e-03      3.544e-02   
      51             62          1.561e+01      2.280e-01      2.087e-03      6.713e-02   
      52             63          1.506e+01      5.513e-01      7.326e-03      2.799e-02   
      53             64          1.413e+01      9.298e-01      2.104e-02      7.495e-02   
      54             65          1.331e+01      8.184e-01      8.436e-02      7.269e-02   
      55             66          1.173e+01      1.587e+00      5.731e-02      9.025e-02   
      56             68          1.086e+01      8.700e-01      7.594e-03      8.445e-02   
      57             69          9.515e+00      1.340e+00      5.078e-03      4.368e-02   
      58             70          9.297e+00      2.179e-01      2.360e-02      4.303e-02   
      59             71          8.773e+00      5.244e-01      2.423e-02      4.205e-02   
      60             74          8.699e+00      7.387e-02      6.580e-03      2.447e-02   
      61             75          8.692e+00      6.934e-03      9.942e-03      4.196e-03   
      62             76          8.685e+00      6.915e-03      2.777e-03      4.342e-03   
Optimization terminated successfully.
`ftol` condition satisfied. (ftol=1.00e-03)
         Current function value: 8.685e+00
         Total delta_x: 1.688e+00
         Iterations: 62
         Function evaluations: 76
         Jacobian evaluations: 63
Timer: Solution time = 3.49 min
Timer: Avg time per step = 3.33 sec
==============================================================================================================
                                                                 Start  -->   End
Total (sum of squares):                                      1.236e+03  -->   8.685e+00, 
Maximum absolute Quasi-symmetry (1,0) two-term error:        3.034e-01  -->   2.288e-02 (T^3)
Minimum absolute Quasi-symmetry (1,0) two-term error:        2.375e-05  -->   1.221e-05 (T^3)
Average absolute Quasi-symmetry (1,0) two-term error:        5.504e-02  -->   4.797e-03 (T^3)
Aspect ratio:                                                6.037e+00  -->   5.989e+00 (dimensionless)
Plasma volume:                                               5.420e-01  -->   3.803e+00 (m^3)
Maximum Rotational transform:                                2.750e-02  -->   4.222e-01 (dimensionless)
Minimum Rotational transform:                                2.745e-02  -->   4.096e-01 (dimensionless)
Average Rotational transform:                                2.749e-02  -->   4.176e-01 (dimensionless)
Maximum absolute Force error:                                6.082e-01  -->   9.164e-01 (N)
Minimum absolute Force error:                                3.191e-05  -->   7.371e-06 (N)
Average absolute Force error:                                5.827e-02  -->   1.143e-02 (N)
Maximum absolute Force error:                                2.953e-07  -->   4.449e-07 (normalized)
Minimum absolute Force error:                                1.549e-11  -->   3.579e-12 (normalized)
Average absolute Force error:                                2.829e-08  -->   5.549e-09 (normalized)
Cross-section R error:                                       0.000e+00  -->   0.000e+00 (m)
Cross-section Z error:                                       0.000e+00  -->   0.000e+00 (m)
Fixed pressure profile error:                                0.000e+00  -->   0.000e+00 (Pa)
Fixed current profile error:                                 0.000e+00  -->   0.000e+00 (A)
Fixed Psi error:                                             0.000e+00  -->   0.000e+00 (Wb)
==============================================================================================================

