/home/ye2698/DESC/desc/integrals/_interp_utils.py:19: UserWarning: 
jax-finufft is not installed.
If you want to use NUFFTs, follow the DESC installation instructions.
Otherwise you must set the parameter nufft_eps to zero
when computing effective ripple, Gamma_c, and any other
computations that involve bounce integrals.

  warnings.warn(
DESC version=0.15.0+424.gdbba9ba17.
Using JAX backend: jax version=0.6.2, jaxlib version=0.6.2, dtype=float64.
Using device: NVIDIA A100-PCIE-40GB (id=0), with 40.00 GB available memory.
Building objective: QS two-term
Precomputing transforms
Timer: Precomputing transforms = 337 ms
Building objective: aspect ratio
Precomputing transforms
Timer: Precomputing transforms = 40.0 ms
Building objective: volume
Precomputing transforms
Timer: Precomputing transforms = 40.3 ms
Building objective: rotational transform
Precomputing transforms
Timer: Precomputing transforms = 298 ms
Timer: Objective build = 805 ms
Building objective: force
Precomputing transforms
Timer: Precomputing transforms = 529 ms
Timer: Objective build = 849 ms
Timer: Objective build = 2.96 ms
Timer: Eq Update LinearConstraintProjection build = 2.23 sec
Timer: Proximal projection build = 10.2 sec
Building objective: fixed cross-section R
Building objective: fixed cross-section Z
Building objective: fixed pressure
Building objective: fixed current
Building objective: fixed Psi
Timer: Objective build = 284 ms
Timer: LinearConstraintProjection build = 837 ms
Number of parameters: 45
Number of objectives: 478
Timer: Initializing the optimization = 11.4 sec

Starting optimization
Using method: proximal-lsq-exact
Solver options:
------------------------------------------------------------
Maximum Function Evaluations       : 1251
Maximum Allowed Total Δx Norm      : inf
Scaled Termination                 : True
Trust Region Method                : qr
Initial Trust Radius               : 6.791e+01
Maximum Trust Radius               : inf
Minimum Trust Radius               : 2.220e-16
Trust Radius Increase Ratio        : 2.000e+00
Trust Radius Decrease Ratio        : 2.500e-01
Trust Radius Increase Threshold    : 7.500e-01
Trust Radius Decrease Threshold    : 2.500e-01
------------------------------------------------------------ 

   Iteration     Total nfev        Cost      Cost reduction    Step norm     Optimality   
       0              1          2.774e+01                                    5.030e+00   
       1              4          1.572e+01      1.202e+01      6.756e-03      2.634e+00   
       2              5          1.572e+01      2.541e-03      2.949e-03      3.458e+00   
       3              6          1.038e+01      5.339e+00      7.227e-04      1.135e+00   
       4              7          9.787e+00      5.936e-01      1.064e-03      2.432e-01   
       5              9          9.781e+00      6.024e-03      4.313e-04      2.429e-01   
       6             35          9.781e+00      0.000e+00      0.000e+00      2.429e-01   
Warning: A bad approximation caused failure to predict improvement.
         Current function value: 9.781e+00
         Total delta_x: 1.004e-02
         Iterations: 6
         Function evaluations: 35
         Jacobian evaluations: 6
Timer: Solution time = 10.0 min
Timer: Avg time per step = 1.42 min
==============================================================================================================
                                                                 Start  -->   End
Total (sum of squares):                                      2.758e+01  -->   9.781e+00, 
Maximum absolute Quasi-symmetry (1,0) two-term error:        3.034e-01  -->   1.670e-01 (T^3)
Minimum absolute Quasi-symmetry (1,0) two-term error:        2.375e-05  -->   4.849e-05 (T^3)
Average absolute Quasi-symmetry (1,0) two-term error:        5.504e-02  -->   3.337e-02 (T^3)
Aspect ratio:                                                6.037e+00  -->   6.002e+00 (dimensionless)
Plasma volume:                                               5.420e-01  -->   5.842e-01 (m^3)
Maximum Rotational transform:                                2.750e-02  -->   1.781e-02 (dimensionless)
Minimum Rotational transform:                                2.745e-02  -->   1.739e-02 (dimensionless)
Average Rotational transform:                                2.749e-02  -->   1.771e-02 (dimensionless)
Maximum absolute Force error:                                6.082e-01  -->   4.524e-01 (N)
Minimum absolute Force error:                                3.191e-05  -->   3.214e-05 (N)
Average absolute Force error:                                5.827e-02  -->   3.380e-02 (N)
Maximum absolute Force error:                                2.953e-07  -->   2.197e-07 (normalized)
Minimum absolute Force error:                                1.549e-11  -->   1.560e-11 (normalized)
Average absolute Force error:                                2.829e-08  -->   1.641e-08 (normalized)
Cross-section R error:                                       0.000e+00  -->   0.000e+00 (m)
Cross-section Z error:                                       0.000e+00  -->   0.000e+00 (m)
Fixed pressure profile error:                                0.000e+00  -->   0.000e+00 (Pa)
Fixed current profile error:                                 0.000e+00  -->   0.000e+00 (A)
Fixed Psi error:                                             0.000e+00  -->   0.000e+00 (Wb)
==============================================================================================================

