/home/ye2698/DESC/desc/integrals/_interp_utils.py:19: UserWarning: 
jax-finufft is not installed.
If you want to use NUFFTs, follow the DESC installation instructions.
Otherwise you must set the parameter nufft_eps to zero
when computing effective ripple, Gamma_c, and any other
computations that involve bounce integrals.

  warnings.warn(
DESC version=0.15.0+424.gdbba9ba17.
Using JAX backend: jax version=0.6.2, jaxlib version=0.6.2, dtype=float64.
Using device: NVIDIA A100-PCIE-40GB (id=0), with 40.00 GB available memory.
Building objective: QS two-term
Precomputing transforms
Timer: Precomputing transforms = 343 ms
Building objective: aspect ratio
Precomputing transforms
Timer: Precomputing transforms = 40.6 ms
Building objective: volume
Precomputing transforms
Timer: Precomputing transforms = 40.2 ms
Building objective: rotational transform
Precomputing transforms
Timer: Precomputing transforms = 301 ms
Timer: Objective build = 816 ms
Building objective: force
Precomputing transforms
Timer: Precomputing transforms = 530 ms
Timer: Objective build = 851 ms
Timer: Objective build = 3.02 ms
Timer: Eq Update LinearConstraintProjection build = 2.26 sec
Timer: Proximal projection build = 10.2 sec
Building objective: fixed cross-section R
Building objective: fixed cross-section Z
Building objective: fixed pressure
Building objective: fixed current
Building objective: fixed Psi
Timer: Objective build = 285 ms
Timer: LinearConstraintProjection build = 844 ms
Number of parameters: 45
Number of objectives: 478
Timer: Initializing the optimization = 11.4 sec

Starting optimization
Using method: proximal-lsq-exact
Solver options:
------------------------------------------------------------
Maximum Function Evaluations       : 1251
Maximum Allowed Total Δx Norm      : inf
Scaled Termination                 : True
Trust Region Method                : qr
Initial Trust Radius               : 6.709e+01
Maximum Trust Radius               : inf
Minimum Trust Radius               : 2.220e-16
Trust Radius Increase Ratio        : 2.000e+00
Trust Radius Decrease Ratio        : 2.500e-01
Trust Radius Increase Threshold    : 7.500e-01
Trust Radius Decrease Threshold    : 2.500e-01
------------------------------------------------------------ 

   Iteration     Total nfev        Cost      Cost reduction    Step norm     Optimality   
       0              1          2.044e+02                                    3.944e+00   
       1              4          1.941e+02      1.022e+01      3.351e-03      3.602e+00   
       2              6          1.871e+02      7.087e+00      5.871e-04      8.381e-01   
       3              7          1.836e+02      3.460e+00      1.392e-03      9.459e-01   
       4              9          1.820e+02      1.556e+00      7.641e-04      6.586e-01   
       5             10          1.795e+02      2.548e+00      1.406e-03      7.046e-01   
       6             11          1.722e+02      7.257e+00      2.509e-03      7.479e-01   
       7             13          1.686e+02      3.602e+00      1.245e-03      5.586e-01   
       8             14          1.631e+02      5.484e+00      3.084e-03      1.480e+00   
       9             16          1.591e+02      4.072e+00      1.913e-03      4.413e-01   
      10             17          1.563e+02      2.725e+00      4.357e-03      1.931e+00   
      11             18          1.500e+02      6.331e+00      4.310e-03      1.277e+00   
      12             19          1.402e+02      9.828e+00      7.593e-03      1.805e+00   
      13             20          1.277e+02      1.252e+01      6.606e-03      3.333e+00   
      14             21          1.107e+02      1.701e+01      9.911e-03      7.368e-01   
      15             22          9.897e+01      1.169e+01      2.200e-02      2.522e+00   
      16             23          8.798e+01      1.100e+01      1.661e-02      5.212e+00   
      17             24          7.124e+01      1.674e+01      1.470e-02      4.601e+00   
      18             25          6.072e+01      1.053e+01      1.471e-02      3.869e+00   
      19             26          4.392e+01      1.680e+01      1.186e-02      3.303e+00   
      20             27          2.572e+01      1.820e+01      2.820e-02      2.092e+00   
      21             29          2.490e+01      8.129e-01      9.819e-03      2.301e+00   
      22             30          1.765e+01      7.255e+00      3.329e-03      1.073e+00   
      23             31          1.608e+01      1.567e+00      6.972e-03      1.042e+00   
      24             32          1.346e+01      2.621e+00      7.341e-03      6.997e-01   
      25             34          1.192e+01      1.540e+00      2.883e-03      2.964e-01   
      26             35          1.020e+01      1.722e+00      5.917e-03      6.091e-01   
      27             36          9.644e+00      5.531e-01      1.552e-02      2.081e+00   
      28             37          7.090e+00      2.554e+00      3.804e-03      7.470e-01   
      29             38          5.909e+00      1.181e+00      7.083e-03      4.539e-01   
      30             40          5.282e+00      6.270e-01      2.852e-03      2.076e-01   
      31             41          4.667e+00      6.148e-01      6.194e-03      6.587e-01   
      32             43          3.950e+00      7.178e-01      2.914e-03      3.088e-01   
      33             44          3.522e+00      4.277e-01      5.924e-03      7.786e-01   
      34             45          2.895e+00      6.275e-01      6.150e-03      8.628e-01   
      35             46          2.597e+00      2.972e-01      6.656e-03      1.000e+00   
      36             47          2.426e+00      1.711e-01      6.326e-03      1.163e+00   
      37             48          1.513e+00      9.134e-01      1.356e-03      2.835e-01   
      38             50          1.471e+00      4.185e-02      6.185e-04      3.176e-01   
      39             51          1.426e+00      4.549e-02      6.381e-04      3.387e-01   
      40             52          1.384e+00      4.134e-02      6.594e-04      3.672e-01   
      41             53          1.345e+00      3.971e-02      6.866e-04      3.955e-01   
      42             54          1.307e+00      3.757e-02      7.168e-04      4.236e-01   
      43             55          1.271e+00      3.570e-02      7.485e-04      4.496e-01   
      44             56          1.238e+00      3.374e-02      7.796e-04      4.729e-01   
      45             57          1.116e+00      1.214e-01      2.566e-04      3.025e-02   
      46             59          1.115e+00      1.462e-03      8.311e-05      1.072e-01   
      47             60          1.107e+00      7.569e-03      1.058e-04      7.308e-02   
      48             62          1.104e+00      3.587e-03      5.463e-05      4.508e-02   
      49             63          1.101e+00      2.406e-03      9.413e-05      9.351e-02   
      50             64          1.095e+00      5.965e-03      1.041e-04      7.817e-02   
      51             66          1.091e+00      3.846e-03      5.603e-05      4.348e-02   
      52             67          1.089e+00      2.159e-03      9.507e-05      9.433e-02   
      53             68          1.083e+00      5.896e-03      1.053e-04      7.819e-02   
      54             70          1.079e+00      3.789e-03      5.648e-05      4.338e-02   
      55             71          1.077e+00      1.994e-03      9.627e-05      9.466e-02   
      56             72          1.072e+00      5.784e-03      1.064e-04      7.833e-02   
      57             74          1.068e+00      3.742e-03      5.693e-05      4.323e-02   
      58             75          1.066e+00      1.834e-03      9.742e-05      9.496e-02   
      59             76          1.060e+00      5.675e-03      1.073e-04      7.844e-02   
      60             78          1.057e+00      3.696e-03      5.734e-05      4.307e-02   
      61             79          1.055e+00      1.683e-03      9.852e-05      9.521e-02   
      62             80          1.049e+00      5.568e-03      1.082e-04      7.853e-02   
      63             82          1.046e+00      3.651e-03      5.773e-05      4.289e-02   
      64             83          1.044e+00      1.541e-03      9.957e-05      9.541e-02   
      65             84          1.039e+00      5.464e-03      1.091e-04      7.860e-02   
      66             86          1.035e+00      3.608e-03      5.809e-05      4.271e-02   
      67             87          1.034e+00      1.406e-03      1.006e-04      9.558e-02   
      68             88          1.028e+00      5.362e-03      1.099e-04      7.864e-02   
      69             90          1.025e+00      3.565e-03      5.842e-05      4.253e-02   
      70             91          1.024e+00      1.280e-03      1.015e-04      9.570e-02   
      71             92          1.018e+00      5.262e-03      1.106e-04      7.867e-02   
      72             94          1.015e+00      3.523e-03      5.873e-05      4.233e-02   
      73             95          1.014e+00      1.162e-03      1.024e-04      9.577e-02   
      74             96          1.008e+00      5.165e-03      1.113e-04      7.867e-02   
      75             98          1.005e+00      3.482e-03      5.900e-05      4.214e-02   
      76             99          1.004e+00      1.053e-03      1.032e-04      9.581e-02   
      77             100         9.989e-01      5.070e-03      1.119e-04      7.866e-02   
      78             102         9.954e-01      3.442e-03      5.924e-05      4.193e-02   
      79             103         9.945e-01      9.514e-04      1.039e-04      9.581e-02   
Optimization terminated successfully.
`ftol` condition satisfied. (ftol=1.00e-03)
         Current function value: 9.945e-01
         Total delta_x: 2.513e-01
         Iterations: 79
         Function evaluations: 103
         Jacobian evaluations: 80
Timer: Solution time = 3.70 min
Timer: Avg time per step = 2.77 sec
==============================================================================================================
                                                                 Start  -->   End
Total (sum of squares):                                      2.042e+02  -->   9.945e-01, 
Maximum absolute Quasi-symmetry (1,0) two-term error:        3.034e-01  -->   7.234e-02 (T^3)
Minimum absolute Quasi-symmetry (1,0) two-term error:        2.375e-05  -->   8.642e-05 (T^3)
Average absolute Quasi-symmetry (1,0) two-term error:        5.504e-02  -->   2.312e-02 (T^3)
Aspect ratio:                                                6.037e+00  -->   6.001e+00 (dimensionless)
Plasma volume:                                               5.420e-01  -->   1.257e+00 (m^3)
Maximum Rotational transform:                                2.750e-02  -->   4.202e-01 (dimensionless)
Minimum Rotational transform:                                2.745e-02  -->   4.110e-01 (dimensionless)
Average Rotational transform:                                2.749e-02  -->   4.166e-01 (dimensionless)
Maximum absolute Force error:                                6.082e-01  -->   2.043e+00 (N)
Minimum absolute Force error:                                3.191e-05  -->   6.190e-06 (N)
Average absolute Force error:                                5.827e-02  -->   2.241e-02 (N)
Maximum absolute Force error:                                2.953e-07  -->   9.920e-07 (normalized)
Minimum absolute Force error:                                1.549e-11  -->   3.005e-12 (normalized)
Average absolute Force error:                                2.829e-08  -->   1.088e-08 (normalized)
Cross-section R error:                                       0.000e+00  -->   0.000e+00 (m)
Cross-section Z error:                                       0.000e+00  -->   0.000e+00 (m)
Fixed pressure profile error:                                0.000e+00  -->   0.000e+00 (Pa)
Fixed current profile error:                                 0.000e+00  -->   0.000e+00 (A)
Fixed Psi error:                                             0.000e+00  -->   0.000e+00 (Wb)
==============================================================================================================

