/home/ye2698/DESC/desc/integrals/_interp_utils.py:19: UserWarning: 
jax-finufft is not installed.
If you want to use NUFFTs, follow the DESC installation instructions.
Otherwise you must set the parameter nufft_eps to zero
when computing effective ripple, Gamma_c, and any other
computations that involve bounce integrals.

  warnings.warn(
DESC version=0.15.0+424.gdbba9ba17.
Using JAX backend: jax version=0.6.2, jaxlib version=0.6.2, dtype=float64.
Using device: NVIDIA A100-PCIE-40GB (id=0), with 40.00 GB available memory.
Building objective: QS two-term
Precomputing transforms
Timer: Precomputing transforms = 343 ms
Building objective: aspect ratio
Precomputing transforms
Timer: Precomputing transforms = 40.2 ms
Building objective: volume
Precomputing transforms
Timer: Precomputing transforms = 39.7 ms
Building objective: rotational transform
Precomputing transforms
Timer: Precomputing transforms = 301 ms
Timer: Objective build = 814 ms
Building objective: force
Precomputing transforms
Timer: Precomputing transforms = 529 ms
Timer: Objective build = 853 ms
Timer: Objective build = 2.97 ms
Timer: Eq Update LinearConstraintProjection build = 2.26 sec
Timer: Proximal projection build = 10.3 sec
Building objective: fixed cross-section R
Building objective: fixed cross-section Z
Building objective: fixed pressure
Building objective: fixed current
Building objective: fixed Psi
Timer: Objective build = 284 ms
Timer: LinearConstraintProjection build = 836 ms
Number of parameters: 45
Number of objectives: 478
Timer: Initializing the optimization = 11.5 sec

Starting optimization
Using method: proximal-lsq-exact
Solver options:
------------------------------------------------------------
Maximum Function Evaluations       : 751
Maximum Allowed Total Δx Norm      : inf
Scaled Termination                 : True
Trust Region Method                : qr
Initial Trust Radius               : 1.547e+01
Maximum Trust Radius               : inf
Minimum Trust Radius               : 2.220e-16
Trust Radius Increase Ratio        : 2.000e+00
Trust Radius Decrease Ratio        : 2.500e-01
Trust Radius Increase Threshold    : 7.500e-01
Trust Radius Decrease Threshold    : 2.500e-01
------------------------------------------------------------ 

   Iteration     Total nfev        Cost      Cost reduction    Step norm     Optimality   
       0              1          2.065e+01                                    4.152e+00   
       1              4          1.294e+01      7.713e+00      1.114e-02      1.033e+00   
       2              5          1.101e+01      1.928e+00      4.947e-03      4.929e-01   
       3              6          9.895e+00      1.118e+00      2.913e-02      2.304e-01   
       4              9          9.811e+00      8.392e-02      5.827e-03      2.284e-01   
       5             10          9.732e+00      7.882e-02      5.692e-03      1.197e-01   
       6             11          9.725e+00      7.647e-03      5.784e-03      1.539e-01   
       7             12          9.697e+00      2.790e-02      3.751e-04      8.220e-02   
       8             13          9.674e+00      2.319e-02      1.267e-03      1.021e-01   
       9             14          9.651e+00      2.257e-02      1.764e-03      7.085e-02   
      10             15          9.630e+00      2.099e-02      1.948e-03      6.630e-02   
      11             16          9.597e+00      3.306e-02      3.591e-03      1.178e-01   
      12             17          9.564e+00      3.263e-02      3.966e-03      1.141e-01   
      13             18          9.532e+00      3.218e-02      3.868e-03      1.082e-01   
      14             19          9.498e+00      3.429e-02      3.128e-03      9.266e-02   
      15             20          9.411e+00      8.686e-02      4.279e-03      7.780e-02   
      16             22          9.376e+00      3.486e-02      1.446e-03      6.413e-02   
      17             23          9.369e+00      7.271e-03      4.387e-03      1.209e-01   
      18             24          9.346e+00      2.298e-02      4.100e-04      1.109e-01   
      19             25          9.327e+00      1.881e-02      1.399e-03      1.156e-01   
      20             26          9.317e+00      9.585e-03      1.270e-03      2.182e-01   
      21             27          9.288e+00      2.909e-02      2.487e-03      2.031e-01   
      22             28          9.249e+00      3.937e-02      1.067e-03      9.633e-02   
      23             29          9.234e+00      1.500e-02      3.270e-03      2.378e-01   
      24             30          9.165e+00      6.917e-02      4.759e-03      1.685e-01   
      25             31          9.162e+00      2.407e-03      6.499e-03      2.110e-01   
      26             33          9.038e+00      1.239e-01      2.036e-03      1.327e-01   
      27             34          9.038e+00      7.879e-05      5.012e-03      3.241e-01   
      28             35          8.977e+00      6.154e-02      1.253e-03      3.194e-02   
      29             36          8.975e+00      1.916e-03      1.429e-03      1.474e-01   
      30             37          8.962e+00      1.340e-02      4.071e-04      1.743e-02   
      31             38          8.959e+00      2.552e-03      2.372e-04      6.274e-02   
Optimization terminated successfully.
`ftol` condition satisfied. (ftol=1.00e-03)
         Current function value: 8.959e+00
         Total delta_x: 8.115e-02
         Iterations: 31
         Function evaluations: 38
         Jacobian evaluations: 32
Timer: Solution time = 1.62 min
Timer: Avg time per step = 3.04 sec
==============================================================================================================
                                                                 Start  -->   End
Total (sum of squares):                                      2.061e+01  -->   8.959e+00, 
Maximum absolute Quasi-symmetry (1,0) two-term error:        3.034e-01  -->   9.161e-02 (T^3)
Minimum absolute Quasi-symmetry (1,0) two-term error:        2.375e-05  -->   1.303e-04 (T^3)
Average absolute Quasi-symmetry (1,0) two-term error:        5.504e-02  -->   1.270e-02 (T^3)
Aspect ratio:                                                6.037e+00  -->   5.749e+00 (dimensionless)
Plasma volume:                                               5.420e-01  -->   5.834e-01 (m^3)
Maximum Rotational transform:                                2.750e-02  -->   3.706e-03 (dimensionless)
Minimum Rotational transform:                                2.745e-02  -->   3.148e-03 (dimensionless)
Average Rotational transform:                                2.749e-02  -->   3.342e-03 (dimensionless)
Maximum absolute Force error:                                6.082e-01  -->   2.478e-01 (N)
Minimum absolute Force error:                                3.191e-05  -->   2.031e-07 (N)
Average absolute Force error:                                5.827e-02  -->   3.820e-03 (N)
Maximum absolute Force error:                                2.953e-07  -->   1.203e-07 (normalized)
Minimum absolute Force error:                                1.549e-11  -->   9.859e-14 (normalized)
Average absolute Force error:                                2.829e-08  -->   1.855e-09 (normalized)
Cross-section R error:                                       0.000e+00  -->   0.000e+00 (m)
Cross-section Z error:                                       0.000e+00  -->   0.000e+00 (m)
Fixed pressure profile error:                                0.000e+00  -->   0.000e+00 (Pa)
Fixed current profile error:                                 0.000e+00  -->   0.000e+00 (A)
Fixed Psi error:                                             0.000e+00  -->   0.000e+00 (Wb)
==============================================================================================================

