/home/ye2698/DESC/desc/integrals/_interp_utils.py:19: UserWarning: 
jax-finufft is not installed.
If you want to use NUFFTs, follow the DESC installation instructions.
Otherwise you must set the parameter nufft_eps to zero
when computing effective ripple, Gamma_c, and any other
computations that involve bounce integrals.

  warnings.warn(
DESC version=0.15.0+424.gdbba9ba17.
Using JAX backend: jax version=0.6.2, jaxlib version=0.6.2, dtype=float64.
Using device: NVIDIA A100-PCIE-40GB (id=0), with 40.00 GB available memory.
Building objective: QS two-term
Precomputing transforms
Timer: Precomputing transforms = 342 ms
Building objective: aspect ratio
Precomputing transforms
Timer: Precomputing transforms = 39.6 ms
Building objective: volume
Precomputing transforms
Timer: Precomputing transforms = 39.7 ms
Building objective: rotational transform
Precomputing transforms
Timer: Precomputing transforms = 302 ms
Timer: Objective build = 814 ms
Building objective: force
Precomputing transforms
Timer: Precomputing transforms = 533 ms
Timer: Objective build = 856 ms
Timer: Objective build = 3.09 ms
Timer: Eq Update LinearConstraintProjection build = 2.28 sec
Timer: Proximal projection build = 10.4 sec
Building objective: fixed cross-section R
Building objective: fixed cross-section Z
Building objective: fixed pressure
Building objective: fixed current
Building objective: fixed Psi
Timer: Objective build = 288 ms
Timer: LinearConstraintProjection build = 842 ms
Number of parameters: 45
Number of objectives: 478
Timer: Initializing the optimization = 11.6 sec

Starting optimization
Using method: proximal-lsq-exact
Solver options:
------------------------------------------------------------
Maximum Function Evaluations       : 1251
Maximum Allowed Total Δx Norm      : inf
Scaled Termination                 : True
Trust Region Method                : qr
Initial Trust Radius               : 5.672e+02
Maximum Trust Radius               : inf
Minimum Trust Radius               : 2.220e-16
Trust Radius Increase Ratio        : 2.000e+00
Trust Radius Decrease Ratio        : 2.500e-01
Trust Radius Increase Threshold    : 7.500e-01
Trust Radius Decrease Threshold    : 2.500e-01
------------------------------------------------------------ 

   Iteration     Total nfev        Cost      Cost reduction    Step norm     Optimality   
       0              1          1.172e+04                                    7.642e+01   
       1              4          9.430e+03      2.289e+03      4.277e-03      6.252e+01   
       2              5          7.442e+03      1.988e+03      8.996e-03      3.862e+01   
       3              6          6.480e+03      9.622e+02      9.289e-03      3.661e+01   
       4              7          5.273e+03      1.207e+03      8.037e-03      3.053e+01   
       5              8          3.892e+03      1.381e+03      1.444e-02      2.403e+01   
       6              9          2.487e+03      1.405e+03      1.932e-02      1.037e+01   
       7             10          1.575e+03      9.119e+02      2.052e-02      8.884e+00   
       8             11          1.307e+03      2.679e+02      1.162e-01      6.163e+00   
       9             12          1.046e+03      2.618e+02      1.449e-01      1.239e+01   
      10             14          3.447e+02      7.010e+02      3.397e-02      4.679e+00   
      11             16          2.607e+02      8.397e+01      2.960e-02      6.251e+00   
      12             17          2.110e+02      4.974e+01      2.507e-02      5.859e+00   
      13             18          1.952e+02      1.573e+01      1.613e-02      5.975e+00   
      14             19          1.477e+02      4.758e+01      5.057e-03      3.995e+00   
      15             20          1.175e+02      3.015e+01      4.037e-03      2.552e+00   
      16             21          9.967e+01      1.784e+01      2.587e-03      1.830e+00   
      17             22          8.761e+01      1.206e+01      1.603e-03      1.462e+00   
      18             23          7.613e+01      1.148e+01      1.150e-03      1.280e+00   
      19             24          6.599e+01      1.014e+01      2.380e-03      1.739e+00   
      20             25          6.045e+01      5.537e+00      5.107e-03      2.220e+00   
      21             26          4.633e+01      1.412e+01      3.313e-03      8.043e-01   
      22             27          4.169e+01      4.645e+00      1.771e-03      9.647e-01   
      23             28          3.803e+01      3.656e+00      1.687e-03      1.365e+00   
      24             29          3.631e+01      1.721e+00      3.006e-03      1.719e+00   
      25             30          2.727e+01      9.047e+00      1.759e-03      2.206e-01   
      26             32          2.701e+01      2.589e-01      5.175e-04      2.994e-01   
      27             33          2.662e+01      3.888e-01      6.020e-04      2.654e-01   
      28             34          2.627e+01      3.482e-01      5.726e-04      2.399e-01   
      29             35          2.588e+01      3.870e-01      7.352e-04      3.328e-01   
      30             36          2.521e+01      6.693e-01      6.476e-04      2.450e-01   
      31             37          2.439e+01      8.268e-01      4.271e-04      1.345e-01   
      32             39          2.404e+01      3.503e-01      2.903e-04      6.166e-02   
      33             41          2.391e+01      1.220e-01      2.927e-04      5.136e-02   
      34             42          2.383e+01      8.527e-02      7.480e-04      1.546e-01   
      35             43          2.382e+01      1.085e-02      1.051e-03      2.235e-01   
      36             44          2.368e+01      1.369e-01      4.845e-04      8.629e-02   
      37             46          2.367e+01      1.367e-02      1.365e-04      4.535e-02   
Optimization terminated successfully.
`ftol` condition satisfied. (ftol=1.00e-03)
         Current function value: 2.367e+01
         Total delta_x: 3.517e-01
         Iterations: 37
         Function evaluations: 46
         Jacobian evaluations: 38
Timer: Solution time = 1.77 min
Timer: Avg time per step = 2.79 sec
==============================================================================================================
                                                                 Start  -->   End
Total (sum of squares):                                      1.166e+04  -->   2.367e+01, 
Maximum absolute Quasi-symmetry (1,0) two-term error:        3.034e-01  -->   1.644e-02 (T^3)
Minimum absolute Quasi-symmetry (1,0) two-term error:        2.375e-05  -->   6.484e-07 (T^3)
Average absolute Quasi-symmetry (1,0) two-term error:        5.504e-02  -->   1.832e-03 (T^3)
Aspect ratio:                                                6.037e+00  -->   3.793e+00 (dimensionless)
Plasma volume:                                               5.420e-01  -->   5.972e-01 (m^3)
Maximum Rotational transform:                                2.750e-02  -->   1.704e-04 (dimensionless)
Minimum Rotational transform:                                2.745e-02  -->  -2.071e-04 (dimensionless)
Average Rotational transform:                                2.749e-02  -->   5.245e-05 (dimensionless)
Maximum absolute Force error:                                6.082e-01  -->   1.878e-01 (N)
Minimum absolute Force error:                                3.191e-05  -->   7.086e-08 (N)
Average absolute Force error:                                5.827e-02  -->   3.336e-03 (N)
Maximum absolute Force error:                                2.953e-07  -->   9.116e-08 (normalized)
Minimum absolute Force error:                                1.549e-11  -->   3.440e-14 (normalized)
Average absolute Force error:                                2.829e-08  -->   1.619e-09 (normalized)
Cross-section R error:                                       0.000e+00  -->   0.000e+00 (m)
Cross-section Z error:                                       0.000e+00  -->   0.000e+00 (m)
Fixed pressure profile error:                                0.000e+00  -->   0.000e+00 (Pa)
Fixed current profile error:                                 0.000e+00  -->   0.000e+00 (A)
Fixed Psi error:                                             0.000e+00  -->   0.000e+00 (Wb)
==============================================================================================================

