/home/ye2698/DESC/desc/integrals/_interp_utils.py:19: UserWarning: 
jax-finufft is not installed.
If you want to use NUFFTs, follow the DESC installation instructions.
Otherwise you must set the parameter nufft_eps to zero
when computing effective ripple, Gamma_c, and any other
computations that involve bounce integrals.

  warnings.warn(
DESC version=0.15.0+424.gdbba9ba17.
Using JAX backend: jax version=0.6.2, jaxlib version=0.6.2, dtype=float64.
Using device: NVIDIA A100-PCIE-40GB (id=0), with 40.00 GB available memory.
Building objective: QS two-term
Precomputing transforms
Timer: Precomputing transforms = 347 ms
Building objective: aspect ratio
Precomputing transforms
Timer: Precomputing transforms = 39.9 ms
Building objective: volume
Precomputing transforms
Timer: Precomputing transforms = 40.1 ms
Building objective: rotational transform
Precomputing transforms
Timer: Precomputing transforms = 303 ms
Timer: Objective build = 822 ms
Building objective: force
Precomputing transforms
Timer: Precomputing transforms = 535 ms
Timer: Objective build = 863 ms
Timer: Objective build = 3.17 ms
Timer: Eq Update LinearConstraintProjection build = 2.28 sec
Timer: Proximal projection build = 10.4 sec
Building objective: fixed cross-section R
Building objective: fixed cross-section Z
Building objective: fixed pressure
Building objective: fixed current
Building objective: fixed Psi
Timer: Objective build = 291 ms
Timer: LinearConstraintProjection build = 844 ms
Number of parameters: 45
Number of objectives: 478
Timer: Initializing the optimization = 11.6 sec

Starting optimization
Using method: proximal-lsq-exact
Solver options:
------------------------------------------------------------
Maximum Function Evaluations       : 1251
Maximum Allowed Total Δx Norm      : inf
Scaled Termination                 : True
Trust Region Method                : qr
Initial Trust Radius               : 6.709e+01
Maximum Trust Radius               : inf
Minimum Trust Radius               : 2.220e-16
Trust Radius Increase Ratio        : 2.000e+00
Trust Radius Decrease Ratio        : 2.500e-01
Trust Radius Increase Threshold    : 7.500e-01
Trust Radius Decrease Threshold    : 2.500e-01
------------------------------------------------------------ 

   Iteration     Total nfev        Cost      Cost reduction    Step norm     Optimality   
       0              1          7.821e+02                                    5.842e+00   
       1              5          7.687e+02      1.344e+01      5.405e-04      7.785e+00   
       2              6          7.600e+02      8.727e+00      3.566e-04      4.574e+00   
       3              7          7.466e+02      1.336e+01      7.388e-04      2.757e+00   
       4              8          7.301e+02      1.650e+01      1.565e-03      4.726e+00   
       5              9          7.075e+02      2.266e+01      3.135e-03      4.084e+00   
       6             10          6.411e+02      6.634e+01      4.279e-03      2.895e+00   
       7             11          5.152e+02      1.259e+02      1.209e-02      3.479e+00   
       8             12          3.535e+02      1.617e+02      2.439e-02      5.630e+00   
       9             14          2.674e+02      8.610e+01      1.057e-02      5.090e+00   
      10             15          1.477e+02      1.197e+02      2.497e-02      1.957e+00   
      11             16          5.164e+01      9.606e+01      4.729e-02      4.177e+00   
      12             18          2.250e+01      2.914e+01      3.545e-02      2.662e+00   
      13             19          9.968e+00      1.253e+01      8.690e-02      2.211e+00   
      14             20          4.804e+00      5.164e+00      7.902e-02      1.976e+00   
      15             22          1.274e+00      3.530e+00      1.948e-02      1.281e-01   
      16             25          1.232e+00      4.230e-02      1.683e-03      1.075e-01   
      17             26          1.195e+00      3.682e-02      3.806e-03      2.266e-01   
      18             27          1.144e+00      5.089e-02      4.022e-03      2.299e-01   
      19             28          1.104e+00      3.996e-02      4.132e-03      2.408e-01   
      20             29          1.069e+00      3.523e-02      4.103e-03      2.435e-01   
      21             30          1.043e+00      2.618e-02      3.932e-03      2.577e-01   
      22             31          1.011e+00      3.199e-02      3.619e-03      2.352e-01   
      23             32          9.866e-01      2.441e-02      3.161e-03      2.233e-01   
      24             33          9.685e-01      1.808e-02      2.642e-03      2.236e-01   
      25             34          9.545e-01      1.404e-02      2.154e-03      2.309e-01   
      26             35          9.304e-01      2.409e-02      1.931e-03      1.927e-01   
      27             36          9.156e-01      1.483e-02      2.167e-03      1.940e-01   
      28             37          8.899e-01      2.563e-02      2.934e-03      1.250e-01   
      29             39          8.780e-01      1.189e-02      8.440e-04      1.660e-03   
      30             40          8.724e-01      5.604e-03      1.527e-03      5.933e-03   
      31             42          8.696e-01      2.869e-03      7.643e-04      1.412e-02   
      32             43          8.657e-01      3.905e-03      1.547e-03      5.539e-02   
      33             45          8.639e-01      1.735e-03      7.399e-04      6.441e-02   
      34             46          8.627e-01      1.254e-03      7.627e-04      7.341e-02   
      35             47          8.574e-01      5.293e-03      7.778e-04      6.878e-03   
      36             48          8.564e-01      9.867e-04      1.637e-03      7.937e-02   
      37             49          8.520e-01      4.390e-03      3.652e-04      1.714e-02   
      38             50          8.496e-01      2.412e-03      8.486e-04      3.612e-03   
      39             51          8.462e-01      3.377e-03      1.702e-03      3.656e-02   
      40             53          8.439e-01      2.362e-03      8.591e-04      3.193e-02   
      41             54          8.393e-01      4.530e-03      1.808e-03      3.330e-03   
      42             55          8.370e-01      2.374e-03      3.715e-03      1.059e-01   
      43             56          8.306e-01      6.392e-03      4.012e-03      1.128e-01   
      44             57          8.241e-01      6.479e-03      4.174e-03      1.101e-01   
      45             58          8.167e-01      7.398e-03      4.319e-03      9.013e-02   
      46             59          8.086e-01      8.084e-03      4.373e-03      4.182e-02   
      47             61          8.061e-01      2.501e-03      2.173e-03      2.919e-02   
      48             62          8.029e-01      3.229e-03      4.261e-03      5.474e-02   
      49             64          8.008e-01      2.058e-03      1.063e-03      2.964e-02   
      50             65          7.997e-01      1.066e-03      2.080e-03      5.403e-02   
      51             66          7.988e-01      9.853e-04      2.089e-03      7.352e-02   
      52             67          7.975e-01      1.214e-03      2.086e-03      8.789e-02   
      53             68          7.966e-01      9.662e-04      2.089e-03      1.042e-01   
      54             69          7.909e-01      5.718e-03      5.798e-04      2.576e-02   
      55             71          7.903e-01      5.322e-04      2.745e-04      1.503e-02   
Optimization terminated successfully.
`ftol` condition satisfied. (ftol=1.00e-03)
         Current function value: 7.903e-01
         Total delta_x: 3.229e-01
         Iterations: 55
         Function evaluations: 71
         Jacobian evaluations: 56
Timer: Solution time = 3.43 min
Timer: Avg time per step = 3.67 sec
==============================================================================================================
                                                                 Start  -->   End
Total (sum of squares):                                      7.820e+02  -->   7.903e-01, 
Maximum absolute Quasi-symmetry (1,0) two-term error:        3.034e-01  -->   7.737e-02 (T^3)
Minimum absolute Quasi-symmetry (1,0) two-term error:        2.375e-05  -->   4.749e-05 (T^3)
Average absolute Quasi-symmetry (1,0) two-term error:        5.504e-02  -->   1.479e-02 (T^3)
Aspect ratio:                                                6.037e+00  -->   6.000e+00 (dimensionless)
Plasma volume:                                               5.420e-01  -->   1.531e+00 (m^3)
Maximum Rotational transform:                                2.750e-02  -->   4.211e-01 (dimensionless)
Minimum Rotational transform:                                2.745e-02  -->   4.186e-01 (dimensionless)
Average Rotational transform:                                2.749e-02  -->   4.198e-01 (dimensionless)
Maximum absolute Force error:                                6.082e-01  -->   2.028e+00 (N)
Minimum absolute Force error:                                3.191e-05  -->   1.858e-06 (N)
Average absolute Force error:                                5.827e-02  -->   3.089e-02 (N)
Maximum absolute Force error:                                2.953e-07  -->   9.848e-07 (normalized)
Minimum absolute Force error:                                1.549e-11  -->   9.020e-13 (normalized)
Average absolute Force error:                                2.829e-08  -->   1.500e-08 (normalized)
Cross-section R error:                                       0.000e+00  -->   0.000e+00 (m)
Cross-section Z error:                                       0.000e+00  -->   0.000e+00 (m)
Fixed pressure profile error:                                0.000e+00  -->   0.000e+00 (Pa)
Fixed current profile error:                                 0.000e+00  -->   0.000e+00 (A)
Fixed Psi error:                                             0.000e+00  -->   0.000e+00 (Wb)
==============================================================================================================

