/home/ye2698/DESC/desc/integrals/_interp_utils.py:19: UserWarning: 
jax-finufft is not installed.
If you want to use NUFFTs, follow the DESC installation instructions.
Otherwise you must set the parameter nufft_eps to zero
when computing effective ripple, Gamma_c, and any other
computations that involve bounce integrals.

  warnings.warn(
DESC version=0.15.0+424.gdbba9ba17.
Using JAX backend: jax version=0.6.2, jaxlib version=0.6.2, dtype=float64.
Using device: NVIDIA A100-PCIE-40GB (id=0), with 40.00 GB available memory.
Building objective: QS two-term
Precomputing transforms
Timer: Precomputing transforms = 341 ms
Building objective: aspect ratio
Precomputing transforms
Timer: Precomputing transforms = 40.1 ms
Building objective: volume
Precomputing transforms
Timer: Precomputing transforms = 39.7 ms
Building objective: rotational transform
Precomputing transforms
Timer: Precomputing transforms = 298 ms
Timer: Objective build = 810 ms
Building objective: force
Precomputing transforms
Timer: Precomputing transforms = 530 ms
Timer: Objective build = 852 ms
Timer: Objective build = 3.06 ms
Timer: Eq Update LinearConstraintProjection build = 2.26 sec
Timer: Proximal projection build = 10.2 sec
Building objective: fixed cross-section R
Building objective: fixed cross-section Z
Building objective: fixed pressure
Building objective: fixed current
Building objective: fixed Psi
Timer: Objective build = 285 ms
Timer: LinearConstraintProjection build = 838 ms
Number of parameters: 45
Number of objectives: 478
Timer: Initializing the optimization = 11.4 sec

Starting optimization
Using method: proximal-lsq-exact
Solver options:
------------------------------------------------------------
Maximum Function Evaluations       : 1251
Maximum Allowed Total Δx Norm      : inf
Scaled Termination                 : True
Trust Region Method                : qr
Initial Trust Radius               : 1.134e+02
Maximum Trust Radius               : inf
Minimum Trust Radius               : 2.220e-16
Trust Radius Increase Ratio        : 2.000e+00
Trust Radius Decrease Ratio        : 2.500e-01
Trust Radius Increase Threshold    : 7.500e-01
Trust Radius Decrease Threshold    : 2.500e-01
------------------------------------------------------------ 

   Iteration     Total nfev        Cost      Cost reduction    Step norm     Optimality   
       0              1          4.990e+02                                    1.523e+01   
       1              2          1.561e+02      3.428e+02      1.656e-01      6.985e+00   
       2              3          9.191e+01      6.420e+01      1.751e-01      4.256e+00   
       3              4          4.169e+01      5.022e+01      1.888e-01      2.223e-01   
       4              6          3.331e+01      8.384e+00      8.184e-02      4.319e-02   
       5              8          3.277e+01      5.371e-01      9.871e-02      1.132e-01   
       6              9          2.991e+01      2.860e+00      6.388e-02      5.019e-02   
       7             10          2.415e+01      5.768e+00      8.084e-02      3.867e-02   
       8             11          2.335e+01      7.981e-01      9.320e-02      7.261e-02   
       9             12          2.040e+01      2.952e+00      3.944e-02      4.890e-02   
      10             13          1.790e+01      2.499e+00      5.177e-02      6.557e-02   
      11             14          1.233e+01      5.564e+00      1.024e-02      4.640e-02   
      12             16          1.142e+01      9.114e-01      1.161e-02      3.450e-02   
      13             17          9.617e+00      1.805e+00      2.624e-02      6.729e-02   
      14             18          8.672e+00      9.459e-01      2.916e-02      1.475e-01   
      15             19          7.660e+00      1.011e+00      1.608e-01      6.586e-02   
      16             20          6.895e+00      7.646e-01      1.018e-01      6.181e-02   
      17             21          6.597e+00      2.987e-01      5.517e-02      5.587e-02   
      18             22          5.789e+00      8.074e-01      4.446e-02      1.718e-02   
      19             23          4.913e+00      8.766e-01      6.594e-02      2.475e-02   
      20             25          4.448e+00      4.649e-01      3.133e-02      1.555e-02   
      21             26          4.153e+00      2.952e-01      7.717e-02      2.246e-02   
      22             28          4.115e+00      3.760e-02      1.072e-02      3.423e-02   
      23             29          4.004e+00      1.115e-01      2.798e-03      6.273e-03   
      24             30          3.919e+00      8.415e-02      4.458e-03      1.843e-02   
      25             31          3.747e+00      1.727e-01      1.914e-02      2.245e-02   
      26             32          3.650e+00      9.647e-02      3.653e-02      4.395e-02   
      27             33          3.598e+00      5.244e-02      3.942e-02      3.852e-02   
      28             34          3.439e+00      1.591e-01      5.832e-03      7.805e-03   
      29             35          3.359e+00      7.963e-02      3.459e-03      2.243e-02   
      30             36          3.227e+00      1.316e-01      1.644e-03      2.738e-02   
      31             38          3.169e+00      5.866e-02      5.797e-03      3.473e-02   
      32             39          3.046e+00      1.227e-01      1.785e-02      4.444e-02   
      33             41          2.950e+00      9.582e-02      1.172e-02      2.737e-02   
      34             42          2.799e+00      1.511e-01      1.205e-02      3.899e-02   
      35             44          2.712e+00      8.760e-02      1.066e-02      3.073e-02   
      36             45          2.635e+00      7.636e-02      1.369e-02      3.215e-02   
      37             46          2.520e+00      1.156e-01      5.764e-03      1.468e-02   
      38             47          2.400e+00      1.196e-01      8.868e-03      7.717e-02   
      39             48          2.294e+00      1.057e-01      3.952e-02      2.299e-01   
      40             49          2.270e+00      2.464e-02      4.503e-02      2.604e-01   
      41             51          1.874e+00      3.953e-01      2.417e-03      3.495e-02   
      42             52          1.851e+00      2.307e-02      4.471e-03      6.872e-02   
      43             53          1.824e+00      2.680e-02      5.240e-04      3.884e-02   
      44             55          1.810e+00      1.482e-02      2.621e-04      1.355e-02   
      45             56          1.800e+00      9.232e-03      3.450e-05      1.723e-02   
      46             57          1.788e+00      1.265e-02      7.965e-05      1.322e-02   
      47             58          1.777e+00      1.086e-02      2.336e-04      1.176e-02   
      48             59          1.767e+00      9.788e-03      3.438e-04      9.839e-03   
      49             60          1.755e+00      1.253e-02      4.294e-04      6.418e-03   
      50             61          1.736e+00      1.856e-02      1.451e-03      7.340e-03   
      51             62          1.702e+00      3.439e-02      3.434e-03      2.730e-02   
      52             63          1.671e+00      3.022e-02      8.196e-03      4.435e-02   
      53             64          1.618e+00      5.339e-02      9.355e-03      2.842e-02   
      54             65          1.563e+00      5.478e-02      7.360e-03      3.344e-02   
      55             66          1.520e+00      4.361e-02      7.100e-03      7.238e-02   
      56             67          1.487e+00      3.244e-02      1.012e-02      1.484e-01   
      57             68          1.451e+00      3.649e-02      6.390e-03      1.620e-01   
      58             69          1.394e+00      5.724e-02      1.683e-03      8.476e-02   
      59             70          1.358e+00      3.531e-02      8.379e-03      2.734e-02   
      60             73          1.354e+00      4.047e-03      1.272e-03      6.637e-03   
      61             74          1.351e+00      2.870e-03      1.078e-03      8.100e-03   
      62             75          1.351e+00      2.147e-04      1.966e-03      1.290e-02   
      63             76          1.349e+00      1.709e-03      6.808e-04      5.857e-03   
      64             77          1.347e+00      1.893e-03      9.001e-04      7.376e-03   
      65             79          1.347e+00      6.144e-04      3.011e-04      3.862e-03   
Optimization terminated successfully.
`ftol` condition satisfied. (ftol=1.00e-03)
         Current function value: 1.347e+00
         Total delta_x: 2.176e-01
         Iterations: 65
         Function evaluations: 79
         Jacobian evaluations: 66
Timer: Solution time = 3.47 min
Timer: Avg time per step = 3.16 sec
==============================================================================================================
                                                                 Start  -->   End
Total (sum of squares):                                      4.964e+02  -->   1.347e+00, 
Maximum absolute Quasi-symmetry (1,0) two-term error:        3.034e-01  -->   1.870e-02 (T^3)
Minimum absolute Quasi-symmetry (1,0) two-term error:        2.375e-05  -->   4.218e-06 (T^3)
Average absolute Quasi-symmetry (1,0) two-term error:        5.504e-02  -->   1.960e-03 (T^3)
Aspect ratio:                                                6.037e+00  -->   5.761e+00 (dimensionless)
Plasma volume:                                               5.420e-01  -->   1.770e+00 (m^3)
Maximum Rotational transform:                                2.750e-02  -->   4.021e-01 (dimensionless)
Minimum Rotational transform:                                2.745e-02  -->   3.983e-01 (dimensionless)
Average Rotational transform:                                2.749e-02  -->   3.996e-01 (dimensionless)
Maximum absolute Force error:                                6.082e-01  -->   3.361e-01 (N)
Minimum absolute Force error:                                3.191e-05  -->   4.572e-08 (N)
Average absolute Force error:                                5.827e-02  -->   9.022e-03 (N)
Maximum absolute Force error:                                2.953e-07  -->   1.632e-07 (normalized)
Minimum absolute Force error:                                1.549e-11  -->   2.220e-14 (normalized)
Average absolute Force error:                                2.829e-08  -->   4.380e-09 (normalized)
Cross-section R error:                                       0.000e+00  -->   0.000e+00 (m)
Cross-section Z error:                                       0.000e+00  -->   0.000e+00 (m)
Fixed pressure profile error:                                0.000e+00  -->   0.000e+00 (Pa)
Fixed current profile error:                                 0.000e+00  -->   0.000e+00 (A)
Fixed Psi error:                                             0.000e+00  -->   0.000e+00 (Wb)
==============================================================================================================

