DESC version=0.15.0+555.g9b2e71684.
Using JAX backend: jax version=0.7.2, jaxlib version=0.7.2, dtype=float64.
Using device: NVIDIA A100-PCIE-40GB (id=0), with 40.00 GB available memory.
/home/ye2698/DESC/desc/utils.py:572: UserWarning: Setting rotational transform profile on an equilibrium with fixed toroidal current, removing existing toroidal current profile.
  warnings.warn(msg, err)
N=   1    and Tf=1e-5 took 0.0924 seconds per run
N=  10    and Tf=1e-5 took 0.1390 seconds per run
N=  30    and Tf=1e-5 took 0.1606 seconds per run
N=  100   and Tf=1e-5 took 0.1707 seconds per run
N=  300   and Tf=1e-5 took 0.1766 seconds per run
N=  500   and Tf=1e-5 took 0.2018 seconds per run
N= 1000   and Tf=1e-5 took 0.2307 seconds per run
N= 3000   and Tf=1e-5 took 0.2766 seconds per run
N= 5000   and Tf=1e-5 took 0.3361 seconds per run
N= 10000  and Tf=1e-5 took 0.4504 seconds per run
N=   1    and Tf=1e-4 took 0.4340 seconds per run
N=  10    and Tf=1e-4 took 1.2311 seconds per run
N=  30    and Tf=1e-4 took 1.3100 seconds per run
N=  100   and Tf=1e-4 took 1.3666 seconds per run
N=  300   and Tf=1e-4 took 1.4160 seconds per run
N=  500   and Tf=1e-4 took 1.5535 seconds per run
N= 1000   and Tf=1e-4 took 1.8593 seconds per run
N= 3000   and Tf=1e-4 took 2.1523 seconds per run
N= 5000   and Tf=1e-4 took 2.4867 seconds per run
N= 10000  and Tf=1e-4 took 3.4491 seconds per run
N=   1    and Tf=1e-3 took 5.1460 seconds per run
N=  10    and Tf=1e-3 took 11.2837 seconds per run
N=  30    and Tf=1e-3 took 12.2531 seconds per run
N=  100   and Tf=1e-3 took 13.5685 seconds per run
N=  300   and Tf=1e-3 took 14.1442 seconds per run
N=  500   and Tf=1e-3 took 14.7787 seconds per run
N= 1000   and Tf=1e-3 took 18.0094 seconds per run
N= 3000   and Tf=1e-3 took 20.5674 seconds per run
N= 5000   and Tf=1e-3 took 23.8938 seconds per run
N= 10000  and Tf=1e-3 took 33.2480 seconds per run
N=   1    and Tf=1e-2 took 34.2847 seconds per run
N=  10    and Tf=1e-2 took 60.4775 seconds per run
N=  30    and Tf=1e-2 took 66.1849 seconds per run
N=  100   and Tf=1e-2 took 73.7126 seconds per run
[2025-11-06T16:51:30.012] error: *** JOB 2079484 ON della-i12g1 CANCELLED AT 2025-11-06T16:51:30 DUE TO TIME LIMIT ***
