DESC version=0.15.0+555.g9b2e71684.
Using JAX backend: jax version=0.7.2, jaxlib version=0.7.2, dtype=float64.
Using device: NVIDIA A100-PCIE-40GB (id=0), with 40.00 GB available memory.
/home/ye2698/DESC/desc/utils.py:572: UserWarning: Setting rotational transform profile on an equilibrium with fixed toroidal current, removing existing toroidal current profile.
  warnings.warn(msg, err)
N=   1    and Tf=1e-5 took 0.0304 seconds per run
N=  10    and Tf=1e-5 took 0.0976 seconds per run
N=  30    and Tf=1e-5 took 0.1123 seconds per run
N=  100   and Tf=1e-5 took 0.1154 seconds per run
N=  300   and Tf=1e-5 took 0.1198 seconds per run
N=  500   and Tf=1e-5 took 0.1271 seconds per run
N= 1000   and Tf=1e-5 took 0.1510 seconds per run
N= 3000   and Tf=1e-5 took 0.1802 seconds per run
N= 5000   and Tf=1e-5 took 0.2021 seconds per run
N= 10000  and Tf=1e-5 took 0.2801 seconds per run
N=   1    and Tf=1e-4 took 0.1996 seconds per run
N=  10    and Tf=1e-4 took 0.7648 seconds per run
N=  30    and Tf=1e-4 took 0.6994 seconds per run
N=  100   and Tf=1e-4 took 0.7781 seconds per run
N=  300   and Tf=1e-4 took 0.8324 seconds per run
N=  500   and Tf=1e-4 took 0.9119 seconds per run
N= 1000   and Tf=1e-4 took 1.0937 seconds per run
N= 3000   and Tf=1e-4 took 1.2696 seconds per run
N= 5000   and Tf=1e-4 took 1.4904 seconds per run
N= 10000  and Tf=1e-4 took 2.0398 seconds per run
N=   1    and Tf=1e-3 took 4.5490 seconds per run
N=  10    and Tf=1e-3 took 5.6637 seconds per run
N=  30    and Tf=1e-3 took 7.4290 seconds per run
N=  100   and Tf=1e-3 took 8.1223 seconds per run
N=  300   and Tf=1e-3 took 8.2337 seconds per run
N=  500   and Tf=1e-3 took 8.6443 seconds per run
N= 1000   and Tf=1e-3 took 10.4399 seconds per run
N= 3000   and Tf=1e-3 took 12.1274 seconds per run
N= 5000   and Tf=1e-3 took 14.2194 seconds per run
N= 10000  and Tf=1e-3 took 19.3723 seconds per run
N=   1    and Tf=1e-2 took 24.1627 seconds per run
N=  10    and Tf=1e-2 took 65.6958 seconds per run
N=  30    and Tf=1e-2 took 73.1073 seconds per run
N=  100   and Tf=1e-2 took 77.3162 seconds per run
N=  300   and Tf=1e-2 took 79.9819 seconds per run
[2025-11-06T16:48:00.018] error: *** JOB 2079387 ON della-i12g1 CANCELLED AT 2025-11-06T16:48:00 DUE TO TIME LIMIT ***
