DESC version=0.15.0+555.g9b2e71684.
Using JAX backend: jax version=0.7.2, jaxlib version=0.7.2, dtype=float64.
Using device: NVIDIA A100 80GB PCIe (id=0), with 80.00 GB available memory.
/home/ye2698/DESC/desc/utils.py:572: UserWarning: Setting rotational transform profile on an equilibrium with fixed toroidal current, removing existing toroidal current profile.
  warnings.warn(msg, err)
N=   1    and Tf=1e-3 took 0.5937 seconds per run
N=  10    and Tf=1e-3 took 6.0045 seconds per run
N=  30    and Tf=1e-3 took 7.2971 seconds per run
N=  100   and Tf=1e-3 took 7.3029 seconds per run
N=  300   and Tf=1e-3 took 7.5475 seconds per run
N=  500   and Tf=1e-3 took 8.4138 seconds per run
N= 1000   and Tf=1e-3 took 9.7167 seconds per run
N= 3000   and Tf=1e-3 took 14.5191 seconds per run
N= 5000   and Tf=1e-3 took 12.7491 seconds per run
N= 10000  and Tf=1e-3 took 18.1424 seconds per run
N=   1    and Tf=1e-2 took 16.6934 seconds per run
N=  10    and Tf=1e-2 took 68.9885 seconds per run
N=  30    and Tf=1e-2 took 73.0187 seconds per run
N=  100   and Tf=1e-2 took 80.9298 seconds per run
N=  300   and Tf=1e-2 took 81.2831 seconds per run
N=  500   and Tf=1e-2 took 88.6003 seconds per run
N= 1000   and Tf=1e-2 took 101.9416 seconds per run
N= 3000   and Tf=1e-2 took 151.6661 seconds per run
N= 5000   and Tf=1e-2 took 127.1209 seconds per run
N= 10000  and Tf=1e-2 took 186.5781 seconds per run
N=   1    and Tf=1e-1 took 321.7628 seconds per run
N=  10    and Tf=1e-1 took 142.0657 seconds per run
[2025-11-07T03:34:13.013] error: *** JOB 2081656 ON della-l03g6 CANCELLED AT 2025-11-07T03:34:13 DUE TO TIME LIMIT ***
