DESC version=0.15.0+581.gc92af1c78.
Using JAX backend: jax version=0.7.2, jaxlib version=0.7.2, dtype=float64.
Using device: NVIDIA A100-PCIE-40GB (id=0), with 40.00 GB available memory.
/home/ye2698/DESC/desc/utils.py:572: UserWarning: Setting rotational transform profile on an equilibrium with fixed toroidal current, removing existing toroidal current profile.
  warnings.warn(msg, err)
N=   1    and Tf=1e-3 took 5.6860 seconds per run
N=  10    and Tf=1e-3 took 6.3149 seconds per run
N=  30    and Tf=1e-3 took 6.2239 seconds per run
N=  100   and Tf=1e-3 took 7.2759 seconds per run
N=  300   and Tf=1e-3 took 7.3754 seconds per run
N=  500   and Tf=1e-3 took 7.9828 seconds per run
N= 1000   and Tf=1e-3 took 9.7641 seconds per run
N= 3000   and Tf=1e-3 took 11.1067 seconds per run
N= 5000   and Tf=1e-3 took 13.0694 seconds per run
N= 10000  and Tf=1e-3 took 18.0711 seconds per run
N=   1    and Tf=1e-2 took 6.4240 seconds per run
N=  10    and Tf=1e-2 took 58.1783 seconds per run
N=  30    and Tf=1e-2 took 75.0198 seconds per run
N=  100   and Tf=1e-2 took 75.3519 seconds per run
N=  300   and Tf=1e-2 took 79.9320 seconds per run
N=  500   and Tf=1e-2 took 83.7553 seconds per run
[2025-11-13T19:15:55.129] error: *** JOB 2298180 ON della-i12g1 CANCELLED AT 2025-11-13T19:15:55 DUE to SIGNAL Terminated ***
