DESC version=0.15.0+555.g9b2e71684.
Using JAX backend: jax version=0.7.2, jaxlib version=0.7.2, dtype=float64.
Using device: NVIDIA A100 80GB PCIe (id=0), with 80.00 GB available memory.
/home/ye2698/DESC/desc/utils.py:572: UserWarning: Setting rotational transform profile on an equilibrium with fixed toroidal current, removing existing toroidal current profile.
  warnings.warn(msg, err)
N=   1    and Tf=1e-3 took 11.4150 seconds per run
N=  10    and Tf=1e-3 took 28.4921 seconds per run
N=  30    and Tf=1e-3 took 28.4766 seconds per run
N=  100   and Tf=1e-3 took 30.9228 seconds per run
N=  300   and Tf=1e-3 took 34.8258 seconds per run
N=  500   and Tf=1e-3 took 39.2274 seconds per run
N= 1000   and Tf=1e-3 took 47.6137 seconds per run
N= 3000   and Tf=1e-3 took 83.2617 seconds per run
N= 5000   and Tf=1e-3 took 71.9097 seconds per run
N= 10000  and Tf=1e-3 took 114.6543 seconds per run
N=   1    and Tf=1e-2 took 184.8426 seconds per run
N=  10    and Tf=1e-2 took 176.8462 seconds per run
N=  30    and Tf=1e-2 took 273.2771 seconds per run
N=  100   and Tf=1e-2 took 329.9466 seconds per run
[2025-11-07T03:50:43.006] error: *** JOB 2081674 ON della-l04g15 CANCELLED AT 2025-11-07T03:50:43 DUE TO TIME LIMIT ***
