DESC version=0.15.0+581.gc92af1c78.
Using JAX backend: jax version=0.7.2, jaxlib version=0.7.2, dtype=float64.
Using device: NVIDIA A100-PCIE-40GB (id=0), with 40.00 GB available memory.

Tracing will be done for precise_QH...

/home/ye2698/DESC/desc/utils.py:572: UserWarning: Setting rotational transform profile on an equilibrium with fixed toroidal current, removing existing toroidal current profile.
  warnings.warn(msg, err)
N=   1    and Tf=1e-5 took 0.2485 seconds per run
N=  10    and Tf=1e-5 took 0.2546 seconds per run
N=  30    and Tf=1e-5 took 0.2449 seconds per run
N=  100   and Tf=1e-5 took 0.2494 seconds per run
N=  300   and Tf=1e-5 took 0.2548 seconds per run
N=  500   and Tf=1e-5 took 0.2505 seconds per run
N= 1000   and Tf=1e-5 took 0.2640 seconds per run
N= 3000   and Tf=1e-5 took 0.2706 seconds per run
N= 5000   and Tf=1e-5 took 0.2789 seconds per run
N= 10000  and Tf=1e-5 took 0.3100 seconds per run
N=   1    and Tf=1e-4 took 0.2538 seconds per run
N=  10    and Tf=1e-4 took 0.2851 seconds per run
N=  30    and Tf=1e-4 took 0.2645 seconds per run
N=  100   and Tf=1e-4 took 0.2822 seconds per run
N=  300   and Tf=1e-4 took 0.2923 seconds per run
N=  500   and Tf=1e-4 took 0.3046 seconds per run
N= 1000   and Tf=1e-4 took 0.3195 seconds per run
N= 3000   and Tf=1e-4 took 0.4126 seconds per run
N= 5000   and Tf=1e-4 took 0.5235 seconds per run
N= 10000  and Tf=1e-4 took 0.8040 seconds per run
N=   1    and Tf=1e-3 took 0.3030 seconds per run
N=  10    and Tf=1e-3 took 0.4788 seconds per run
N=  30    and Tf=1e-3 took 0.3597 seconds per run
N=  100   and Tf=1e-3 took 0.4692 seconds per run
N=  300   and Tf=1e-3 took 0.5958 seconds per run
N=  500   and Tf=1e-3 took 0.7005 seconds per run
N= 1000   and Tf=1e-3 took 0.9602 seconds per run
N= 3000   and Tf=1e-3 took 1.9261 seconds per run
N= 5000   and Tf=1e-3 took 3.0130 seconds per run
N= 10000  and Tf=1e-3 took 5.9352 seconds per run
N=   1    and Tf=1e-2 took 0.7972 seconds per run
N=  10    and Tf=1e-2 took 2.6013 seconds per run
N=  30    and Tf=1e-2 took 1.4130 seconds per run
N=  100   and Tf=1e-2 took 2.4875 seconds per run
N=  300   and Tf=1e-2 took 3.6437 seconds per run
N=  500   and Tf=1e-2 took 4.7740 seconds per run
N= 1000   and Tf=1e-2 took 7.3783 seconds per run
N= 3000   and Tf=1e-2 took 17.3116 seconds per run
