/home/ye2698/DESC/desc/integrals/_interp_utils.py:19: UserWarning: 
jax-finufft is not installed.
If you want to use NUFFTs, follow the DESC installation instructions.
Otherwise you must set the parameter nufft_eps to zero
when computing effective ripple, Gamma_c, and any other
computations that involve bounce integrals.

  warnings.warn(
DESC version=0.15.0+425.ga8f1b2dda.
Using JAX backend: jax version=0.6.2, jaxlib version=0.6.2, dtype=float64.
Using device: NVIDIA A100-PCIE-40GB (id=0), with 40.00 GB available memory.
Building objective: QS two-term
Precomputing transforms
Timer: Precomputing transforms = 345 ms
Building objective: aspect ratio
Precomputing transforms
Timer: Precomputing transforms = 39.5 ms
Building objective: volume
Precomputing transforms
Timer: Precomputing transforms = 40.0 ms
Building objective: rotational transform
Precomputing transforms
Timer: Precomputing transforms = 428 ms
Timer: Objective build = 942 ms
Building objective: force
Precomputing transforms
Timer: Precomputing transforms = 413 ms
Timer: Objective build = 743 ms
Timer: Objective build = 2.41 ms
Timer: Eq Update LinearConstraintProjection build = 2.47 sec
Timer: Proximal projection build = 29.3 sec
Building objective: fixed cross-section R
Building objective: fixed cross-section Z
Building objective: fixed pressure
Building objective: fixed current
Building objective: fixed Psi
Timer: Objective build = 294 ms
Timer: LinearConstraintProjection build = 812 ms
Number of parameters: 45
Number of objectives: 478
Timer: Initializing the optimization = 30.5 sec

Starting optimization
Using method: proximal-lsq-exact
Solver options:
------------------------------------------------------------
Maximum Function Evaluations       : 1251
Maximum Allowed Total Δx Norm      : inf
Scaled Termination                 : True
Trust Region Method                : qr
Initial Trust Radius               : 1.211e+01
Maximum Trust Radius               : inf
Minimum Trust Radius               : 2.220e-16
Trust Radius Increase Ratio        : 2.000e+00
Trust Radius Decrease Ratio        : 2.500e-01
Trust Radius Increase Threshold    : 7.500e-01
Trust Radius Decrease Threshold    : 2.500e-01
------------------------------------------------------------ 

   Iteration     Total nfev        Cost      Cost reduction    Step norm     Optimality   
       0              1          1.804e+01                                    2.974e+00   
       1              3          1.513e+01      2.902e+00      1.558e-02      2.799e+00   
       2              5          1.077e+01      4.368e+00      1.164e-03      7.164e-01   
       3              7          1.044e+01      3.247e-01      5.073e-04      1.868e-01   
       4              8          1.028e+01      1.623e-01      2.769e-03      1.295e-01   
       5              9          1.005e+01      2.334e-01      3.130e-03      3.063e-01   
       6             10          9.826e+00      2.200e-01      9.879e-03      1.345e-01   
       7             12          9.647e+00      1.788e-01      4.342e-03      5.464e-02   
       8             14          9.607e+00      3.980e-02      3.489e-03      4.550e-02   
       9             15          9.570e+00      3.714e-02      6.749e-03      2.004e-01   
      10             16          9.469e+00      1.008e-01      4.721e-03      2.039e-01   
      11             18          9.420e+00      4.855e-02      2.600e-03      2.172e-01   
      12             19          9.361e+00      5.964e-02      2.323e-03      5.916e-02   
      13             20          9.332e+00      2.870e-02      5.104e-03      7.152e-02   
      14             21          9.271e+00      6.076e-02      5.052e-03      1.173e-01   
      15             22          9.265e+00      6.202e-03      7.114e-03      3.713e-01   
      16             23          9.146e+00      1.188e-01      1.980e-03      5.670e-02   
      17             24          9.113e+00      3.358e-02      3.897e-03      9.281e-02   
      18             25          9.076e+00      3.670e-02      4.561e-03      1.326e-01   
      19             27          9.063e+00      1.336e-02      2.230e-03      6.503e-02   
      20             28          9.036e+00      2.624e-02      2.297e-03      5.834e-02   
      21             29          9.014e+00      2.268e-02      4.579e-03      1.241e-01   
      22             30          8.986e+00      2.780e-02      4.665e-03      1.039e-01   
      23             31          8.921e+00      6.473e-02      4.774e-03      4.787e-02   
      24             32          8.879e+00      4.202e-02      7.857e-03      2.437e-01   
      25             34          8.830e+00      4.953e-02      2.170e-03      1.018e-01   
      26             35          8.790e+00      3.963e-02      2.075e-03      5.489e-02   
      27             36          8.757e+00      3.289e-02      3.790e-03      3.684e-02   
      28             37          8.724e+00      3.326e-02      4.086e-03      9.763e-02   
      29             38          8.681e+00      4.255e-02      7.126e-03      8.567e-02   
      30             39          8.636e+00      4.514e-02      5.712e-03      1.312e-01   
      31             40          8.618e+00      1.874e-02      2.683e-03      2.505e-01   
      32             41          8.506e+00      1.111e-01      1.481e-04      6.287e-02   
      33             43          8.475e+00      3.178e-02      9.332e-04      4.581e-02   
      34             44          8.411e+00      6.359e-02      4.860e-04      6.561e-02   
      35             47          8.398e+00      1.297e-02      2.663e-04      1.014e-01   
      36             48          8.376e+00      2.170e-02      1.585e-04      3.340e-02   
      37             49          8.361e+00      1.565e-02      2.861e-04      8.223e-02   
      38             50          8.327e+00      3.364e-02      3.033e-04      2.064e-02   
      39             51          8.275e+00      5.209e-02      1.240e-03      6.297e-02   
      40             52          8.177e+00      9.811e-02      3.099e-03      4.694e-02   
      41             56          8.173e+00      3.546e-03      1.097e-04      4.851e-02   
Optimization terminated successfully.
`ftol` condition satisfied. (ftol=1.00e-03)
         Current function value: 8.173e+00
         Total delta_x: 1.383e-01
         Iterations: 41
         Function evaluations: 56
         Jacobian evaluations: 42
Timer: Solution time = 2.46 min
Timer: Avg time per step = 3.52 sec
==============================================================================================================
                                                                 Start  -->   End
Total (sum of squares):                                      1.276e+01  -->   8.173e+00, 
Maximum absolute Quasi-symmetry (1,0) two-term error:        3.025e-01  -->   6.069e-02 (T^3)
Minimum absolute Quasi-symmetry (1,0) two-term error:        2.532e-05  -->   2.746e-05 (T^3)
Average absolute Quasi-symmetry (1,0) two-term error:        5.511e-02  -->   1.071e-02 (T^3)
Aspect ratio:                                                6.037e+00  -->   5.997e+00 (dimensionless)
Plasma volume:                                               5.420e-01  -->   5.846e-01 (m^3)
Maximum Rotational transform:                                2.750e-02  -->   2.039e-02 (dimensionless)
Minimum Rotational transform:                                2.745e-02  -->   1.936e-02 (dimensionless)
Average Rotational transform:                                2.749e-02  -->   2.004e-02 (dimensionless)
Maximum absolute Force error:                                6.124e-01  -->   6.097e-01 (N)
Minimum absolute Force error:                                1.071e-05  -->   3.325e-07 (N)
Average absolute Force error:                                5.825e-02  -->   5.438e-03 (N)
Maximum absolute Force error:                                2.973e-07  -->   2.960e-07 (normalized)
Minimum absolute Force error:                                5.198e-12  -->   1.614e-13 (normalized)
Average absolute Force error:                                2.828e-08  -->   2.640e-09 (normalized)
Cross-section R error:                                       0.000e+00  -->   0.000e+00 (m)
Cross-section Z error:                                       0.000e+00  -->   0.000e+00 (m)
Fixed pressure profile error:                                0.000e+00  -->   0.000e+00 (Pa)
Fixed current profile error:                                 0.000e+00  -->   0.000e+00 (A)
Fixed Psi error:                                             0.000e+00  -->   0.000e+00 (Wb)
==============================================================================================================

