/home/ye2698/DESC/desc/integrals/_interp_utils.py:19: UserWarning: 
jax-finufft is not installed.
If you want to use NUFFTs, follow the DESC installation instructions.
Otherwise you must set the parameter nufft_eps to zero
when computing effective ripple, Gamma_c, and any other
computations that involve bounce integrals.

  warnings.warn(
DESC version=0.15.0+425.ga8f1b2dda.
Using JAX backend: jax version=0.6.2, jaxlib version=0.6.2, dtype=float64.
Using device: NVIDIA A100 80GB PCIe (id=0), with 80.00 GB available memory.
Building objective: QS two-term
Precomputing transforms
Timer: Precomputing transforms = 319 ms
Building objective: aspect ratio
Precomputing transforms
Timer: Precomputing transforms = 39.8 ms
Building objective: volume
Precomputing transforms
Timer: Precomputing transforms = 39.0 ms
Building objective: rotational transform
Precomputing transforms
Timer: Precomputing transforms = 926 ms
Timer: Objective build = 1.43 sec
Building objective: force
Precomputing transforms
Timer: Precomputing transforms = 380 ms
Timer: Objective build = 682 ms
Timer: Objective build = 2.12 ms
Timer: Eq Update LinearConstraintProjection build = 2.18 sec
Timer: Proximal projection build = 27.3 sec
Building objective: fixed cross-section R
Building objective: fixed cross-section Z
Building objective: fixed pressure
Building objective: fixed current
Building objective: fixed Psi
Timer: Objective build = 265 ms
Timer: LinearConstraintProjection build = 717 ms
Number of parameters: 45
Number of objectives: 478
Timer: Initializing the optimization = 28.3 sec

Starting optimization
Using method: proximal-lsq-exact
Solver options:
------------------------------------------------------------
Maximum Function Evaluations       : 1251
Maximum Allowed Total Δx Norm      : inf
Scaled Termination                 : True
Trust Region Method                : qr
Initial Trust Radius               : 9.456e+00
Maximum Trust Radius               : inf
Minimum Trust Radius               : 2.220e-16
Trust Radius Increase Ratio        : 2.000e+00
Trust Radius Decrease Ratio        : 2.500e-01
Trust Radius Increase Threshold    : 7.500e-01
Trust Radius Decrease Threshold    : 2.500e-01
------------------------------------------------------------ 

   Iteration     Total nfev        Cost      Cost reduction    Step norm     Optimality   
       0              1          1.749e+01                                    2.921e+00   
       1              3          1.349e+01      3.993e+00      1.689e-02      2.030e+00   
       2              4          1.097e+01      2.527e+00      5.148e-03      1.517e+00   
       3              5          1.023e+01      7.398e-01      1.052e-02      1.184e+00   
       4              6          9.893e+00      3.328e-01      9.766e-03      9.313e-01   
       5              8          9.650e+00      2.425e-01      3.245e-03      9.142e-01   
       6              9          9.201e+00      4.493e-01      1.557e-03      7.287e-02   
       7             10          9.175e+00      2.574e-02      6.451e-03      1.414e-01   
       8             11          9.141e+00      3.347e-02      6.800e-03      9.203e-02   
       9             13          9.132e+00      9.422e-03      1.360e-03      4.235e-02   
      10             14          9.121e+00      1.060e-02      1.742e-03      2.537e-02   
      11             15          9.111e+00      1.055e-02      1.371e-03      2.289e-02   
      12             16          9.096e+00      1.481e-02      2.470e-03      9.779e-02   
      13             17          9.075e+00      2.115e-02      2.469e-03      8.205e-02   
      14             18          9.034e+00      4.114e-02      1.719e-03      1.240e-01   
      15             20          9.008e+00      2.602e-02      6.839e-04      1.198e-01   
      16             21          8.974e+00      3.339e-02      1.212e-03      1.100e-01   
      17             22          8.906e+00      6.811e-02      3.919e-03      1.714e-01   
      18             24          8.852e+00      5.423e-02      1.717e-03      1.113e-01   
      19             25          8.753e+00      9.870e-02      3.128e-03      1.917e-01   
      20             27          8.690e+00      6.366e-02      1.591e-03      7.701e-02   
      21             28          8.594e+00      9.569e-02      3.546e-03      6.554e-02   
      22             29          8.483e+00      1.111e-01      6.112e-03      2.865e-01   
      23             30          8.310e+00      1.733e-01      6.096e-03      1.530e-01   
      24             31          8.157e+00      1.529e-01      1.284e-02      2.026e-01   
      25             34          8.135e+00      2.180e-02      2.543e-04      1.656e-01   
      26             35          8.127e+00      8.189e-03      5.125e-04      1.267e-01   
      27             36          8.118e+00      8.966e-03      1.733e-04      9.379e-02   
      28             37          8.109e+00      8.951e-03      3.307e-04      9.097e-02   
      29             38          8.100e+00      8.702e-03      3.662e-04      7.624e-02   
      30             39          8.093e+00      7.507e-03      3.840e-04      6.560e-02   
Optimization terminated successfully.
`ftol` condition satisfied. (ftol=1.00e-03)
         Current function value: 8.093e+00
         Total delta_x: 9.531e-02
         Iterations: 30
         Function evaluations: 39
         Jacobian evaluations: 31
Timer: Solution time = 1.78 min
Timer: Avg time per step = 3.45 sec
==============================================================================================================
                                                                 Start  -->   End
Total (sum of squares):                                      1.244e+01  -->   8.093e+00, 
Maximum absolute Quasi-symmetry (1,0) two-term error:        3.025e-01  -->   1.222e-01 (T^3)
Minimum absolute Quasi-symmetry (1,0) two-term error:        2.532e-05  -->   4.436e-05 (T^3)
Average absolute Quasi-symmetry (1,0) two-term error:        5.511e-02  -->   2.090e-02 (T^3)
Aspect ratio:                                                6.037e+00  -->   5.726e+00 (dimensionless)
Plasma volume:                                               5.420e-01  -->   6.265e-01 (m^3)
Maximum Rotational transform:                                2.750e-02  -->   3.881e-02 (dimensionless)
Minimum Rotational transform:                                2.745e-02  -->   3.758e-02 (dimensionless)
Average Rotational transform:                                2.749e-02  -->   3.837e-02 (dimensionless)
Maximum absolute Force error:                                6.124e-01  -->   2.017e-01 (N)
Minimum absolute Force error:                                1.071e-05  -->   1.409e-07 (N)
Average absolute Force error:                                5.825e-02  -->   2.565e-03 (N)
Maximum absolute Force error:                                2.973e-07  -->   9.793e-08 (normalized)
Minimum absolute Force error:                                5.198e-12  -->   6.841e-14 (normalized)
Average absolute Force error:                                2.828e-08  -->   1.245e-09 (normalized)
Cross-section R error:                                       0.000e+00  -->   0.000e+00 (m)
Cross-section Z error:                                       0.000e+00  -->   0.000e+00 (m)
Fixed pressure profile error:                                0.000e+00  -->   0.000e+00 (Pa)
Fixed current profile error:                                 0.000e+00  -->   0.000e+00 (A)
Fixed Psi error:                                             0.000e+00  -->   0.000e+00 (Wb)
==============================================================================================================

