/home/ye2698/DESC/desc/integrals/_interp_utils.py:19: UserWarning: 
jax-finufft is not installed.
If you want to use NUFFTs, follow the DESC installation instructions.
Otherwise you must set the parameter nufft_eps to zero
when computing effective ripple, Gamma_c, and any other
computations that involve bounce integrals.

  warnings.warn(
DESC version=0.15.0+425.ga8f1b2dda.
Using JAX backend: jax version=0.6.2, jaxlib version=0.6.2, dtype=float64.
Using device: NVIDIA A100 80GB PCIe (id=0), with 80.00 GB available memory.
Building objective: QS two-term
Precomputing transforms
Timer: Precomputing transforms = 317 ms
Building objective: aspect ratio
Precomputing transforms
Timer: Precomputing transforms = 39.0 ms
Building objective: volume
Precomputing transforms
Timer: Precomputing transforms = 38.8 ms
Building objective: rotational transform
Precomputing transforms
Timer: Precomputing transforms = 367 ms
Timer: Objective build = 838 ms
Building objective: force
Precomputing transforms
Timer: Precomputing transforms = 377 ms
Timer: Objective build = 680 ms
Timer: Objective build = 2.11 ms
Timer: Eq Update LinearConstraintProjection build = 2.18 sec
Timer: Proximal projection build = 26.6 sec
Building objective: fixed cross-section R
Building objective: fixed cross-section Z
Building objective: fixed pressure
Building objective: fixed current
Building objective: fixed Psi
Timer: Objective build = 265 ms
Timer: LinearConstraintProjection build = 710 ms
Number of parameters: 45
Number of objectives: 478
Timer: Initializing the optimization = 27.6 sec

Starting optimization
Using method: proximal-lsq-exact
Solver options:
------------------------------------------------------------
Maximum Function Evaluations       : 1251
Maximum Allowed Total Δx Norm      : inf
Scaled Termination                 : True
Trust Region Method                : qr
Initial Trust Radius               : 3.816e+01
Maximum Trust Radius               : inf
Minimum Trust Radius               : 2.220e-16
Trust Radius Increase Ratio        : 2.000e+00
Trust Radius Decrease Ratio        : 2.500e-01
Trust Radius Increase Threshold    : 7.500e-01
Trust Radius Decrease Threshold    : 2.500e-01
------------------------------------------------------------ 

   Iteration     Total nfev        Cost      Cost reduction    Step norm     Optimality   
       0              1          2.348e+01                                    4.368e+00   
       1              3          2.239e+01      1.088e+00      1.381e-02      4.542e+00   
       2              4          1.230e+01      1.010e+01      1.479e-03      1.902e+00   
       3              5          1.146e+01      8.338e-01      6.834e-03      1.767e+00   
       4              6          9.963e+00      1.502e+00      8.525e-03      5.980e-01   
       5              8          9.720e+00      2.431e-01      4.102e-03      5.132e-01   
       6              9          9.585e+00      1.351e-01      4.468e-03      2.439e-01   
       7             11          9.540e+00      4.423e-02      7.792e-04      1.719e-01   
       8             12          9.510e+00      3.013e-02      8.753e-04      9.933e-03   
       9             13          9.505e+00      5.154e-03      1.966e-03      1.452e-01   
      10             14          9.489e+00      1.625e-02      4.808e-04      1.402e-02   
      11             15          9.485e+00      4.367e-03      1.027e-03      8.462e-02   
Optimization terminated successfully.
`ftol` condition satisfied. (ftol=1.00e-03)
         Current function value: 9.485e+00
         Total delta_x: 4.275e-02
         Iterations: 11
         Function evaluations: 15
         Jacobian evaluations: 12
Timer: Solution time = 43.4 sec
Timer: Avg time per step = 3.61 sec
==============================================================================================================
                                                                 Start  -->   End
Total (sum of squares):                                      1.419e+01  -->   9.485e+00, 
Maximum absolute Quasi-symmetry (1,0) two-term error:        3.025e-01  -->   1.508e-01 (T^3)
Minimum absolute Quasi-symmetry (1,0) two-term error:        2.532e-05  -->   5.064e-05 (T^3)
Average absolute Quasi-symmetry (1,0) two-term error:        5.511e-02  -->   3.130e-02 (T^3)
Aspect ratio:                                                6.037e+00  -->   5.998e+00 (dimensionless)
Plasma volume:                                               5.420e-01  -->   6.519e-01 (m^3)
Maximum Rotational transform:                                2.750e-02  -->   2.344e-02 (dimensionless)
Minimum Rotational transform:                                2.745e-02  -->   1.909e-02 (dimensionless)
Average Rotational transform:                                2.749e-02  -->   2.195e-02 (dimensionless)
Maximum absolute Force error:                                6.124e-01  -->   1.517e-01 (N)
Minimum absolute Force error:                                1.071e-05  -->   2.639e-06 (N)
Average absolute Force error:                                5.825e-02  -->   6.647e-03 (N)
Maximum absolute Force error:                                2.973e-07  -->   7.363e-08 (normalized)
Minimum absolute Force error:                                5.198e-12  -->   1.281e-12 (normalized)
Average absolute Force error:                                2.828e-08  -->   3.227e-09 (normalized)
Cross-section R error:                                       0.000e+00  -->   0.000e+00 (m)
Cross-section Z error:                                       0.000e+00  -->   0.000e+00 (m)
Fixed pressure profile error:                                0.000e+00  -->   0.000e+00 (Pa)
Fixed current profile error:                                 0.000e+00  -->   0.000e+00 (A)
Fixed Psi error:                                             0.000e+00  -->   0.000e+00 (Wb)
==============================================================================================================

