/home/ye2698/DESC/desc/integrals/_interp_utils.py:19: UserWarning: 
jax-finufft is not installed.
If you want to use NUFFTs, follow the DESC installation instructions.
Otherwise you must set the parameter nufft_eps to zero
when computing effective ripple, Gamma_c, and any other
computations that involve bounce integrals.

  warnings.warn(
DESC version=0.15.0+425.ga8f1b2dda.
Using JAX backend: jax version=0.6.2, jaxlib version=0.6.2, dtype=float64.
Using device: NVIDIA A100 80GB PCIe (id=0), with 80.00 GB available memory.
Building objective: QS two-term
Precomputing transforms
Timer: Precomputing transforms = 317 ms
Building objective: aspect ratio
Precomputing transforms
Timer: Precomputing transforms = 39.5 ms
Building objective: volume
Precomputing transforms
Timer: Precomputing transforms = 39.0 ms
Building objective: rotational transform
Precomputing transforms
Timer: Precomputing transforms = 370 ms
Timer: Objective build = 845 ms
Building objective: force
Precomputing transforms
Timer: Precomputing transforms = 378 ms
Timer: Objective build = 678 ms
Timer: Objective build = 2.11 ms
Timer: Eq Update LinearConstraintProjection build = 2.20 sec
Timer: Proximal projection build = 26.7 sec
Building objective: fixed cross-section R
Building objective: fixed cross-section Z
Building objective: fixed pressure
Building objective: fixed current
Building objective: fixed Psi
Timer: Objective build = 260 ms
Timer: LinearConstraintProjection build = 700 ms
Number of parameters: 45
Number of objectives: 478
Timer: Initializing the optimization = 27.8 sec

Starting optimization
Using method: proximal-lsq-exact
Solver options:
------------------------------------------------------------
Maximum Function Evaluations       : 1251
Maximum Allowed Total Δx Norm      : inf
Scaled Termination                 : True
Trust Region Method                : qr
Initial Trust Radius               : 1.559e+01
Maximum Trust Radius               : inf
Minimum Trust Radius               : 2.220e-16
Trust Radius Increase Ratio        : 2.000e+00
Trust Radius Decrease Ratio        : 2.500e-01
Trust Radius Increase Threshold    : 7.500e-01
Trust Radius Decrease Threshold    : 2.500e-01
------------------------------------------------------------ 

   Iteration     Total nfev        Cost      Cost reduction    Step norm     Optimality   
       0              1          2.804e+01                                    5.049e+00   
       1              3          1.713e+01      1.091e+01      1.040e-02      3.217e+00   
       2              4          1.071e+01      6.418e+00      2.716e-03      2.398e-01   
       3              6          1.035e+01      3.551e-01      6.171e-03      5.409e-01   
       4              7          1.007e+01      2.798e-01      9.044e-03      2.858e-01   
       5              9          9.954e+00      1.199e-01      4.793e-03      3.976e-01   
       6             10          9.908e+00      4.601e-02      3.868e-03      3.709e-01   
       7             11          9.850e+00      5.749e-02      3.473e-03      2.393e-01   
       8             12          9.848e+00      2.796e-03      4.831e-03      5.018e-01   
       9             13          9.713e+00      1.346e-01      1.090e-03      1.369e-01   
      10             14          9.695e+00      1.831e-02      2.347e-03      2.830e-01   
      11             15          9.620e+00      7.456e-02      1.741e-03      2.779e-02   
      12             16          9.567e+00      5.302e-02      1.977e-03      2.293e-01   
      13             17          9.426e+00      1.408e-01      3.367e-03      5.792e-02   
      14             20          9.412e+00      1.405e-02      1.019e-03      8.749e-02   
      15             21          9.381e+00      3.125e-02      1.553e-03      4.109e-02   
      16             22          9.337e+00      4.374e-02      1.900e-03      9.222e-02   
      17             23          9.306e+00      3.132e-02      2.135e-03      2.628e-01   
      18             24          9.204e+00      1.022e-01      2.364e-03      1.289e-01   
      19             26          9.157e+00      4.731e-02      3.708e-03      6.388e-02   
      20             27          9.131e+00      2.566e-02      6.143e-03      2.119e-01   
      21             29          9.089e+00      4.211e-02      1.900e-03      3.885e-02   
      22             30          9.072e+00      1.685e-02      3.106e-03      1.292e-01   
      23             31          9.053e+00      1.861e-02      3.605e-03      1.162e-01   
      24             33          9.023e+00      3.070e-02      2.869e-04      6.130e-02   
      25             34          9.002e+00      2.089e-02      8.612e-04      9.509e-02   
      26             36          8.990e+00      1.215e-02      2.074e-04      7.779e-02   
      27             37          8.968e+00      2.154e-02      6.966e-04      6.194e-02   
      28             38          8.953e+00      1.544e-02      9.921e-04      9.691e-02   
      29             39          8.930e+00      2.219e-02      2.803e-03      9.611e-02   
      30             41          8.910e+00      1.991e-02      1.453e-03      3.447e-02   
      31             43          8.907e+00      3.055e-03      7.619e-04      2.827e-02   
Optimization terminated successfully.
`ftol` condition satisfied. (ftol=1.00e-03)
         Current function value: 8.907e+00
         Total delta_x: 8.735e-02
         Iterations: 31
         Function evaluations: 43
         Jacobian evaluations: 32
Timer: Solution time = 1.76 min
Timer: Avg time per step = 3.31 sec
==============================================================================================================
                                                                 Start  -->   End
Total (sum of squares):                                      2.068e+01  -->   8.907e+00, 
Maximum absolute Quasi-symmetry (1,0) two-term error:        3.025e-01  -->   7.554e-02 (T^3)
Minimum absolute Quasi-symmetry (1,0) two-term error:        2.532e-05  -->   3.101e-05 (T^3)
Average absolute Quasi-symmetry (1,0) two-term error:        5.511e-02  -->   1.085e-02 (T^3)
Aspect ratio:                                                6.037e+00  -->   5.999e+00 (dimensionless)
Plasma volume:                                               5.420e-01  -->   5.825e-01 (m^3)
Maximum Rotational transform:                                2.750e-02  -->   1.952e-03 (dimensionless)
Minimum Rotational transform:                                2.745e-02  -->   1.851e-03 (dimensionless)
Average Rotational transform:                                2.749e-02  -->   1.906e-03 (dimensionless)
Maximum absolute Force error:                                6.124e-01  -->   2.317e-01 (N)
Minimum absolute Force error:                                1.071e-05  -->   1.712e-08 (N)
Average absolute Force error:                                5.825e-02  -->   2.973e-03 (N)
Maximum absolute Force error:                                2.973e-07  -->   1.125e-07 (normalized)
Minimum absolute Force error:                                5.198e-12  -->   8.314e-15 (normalized)
Average absolute Force error:                                2.828e-08  -->   1.444e-09 (normalized)
Cross-section R error:                                       0.000e+00  -->   0.000e+00 (m)
Cross-section Z error:                                       0.000e+00  -->   0.000e+00 (m)
Fixed pressure profile error:                                0.000e+00  -->   0.000e+00 (Pa)
Fixed current profile error:                                 0.000e+00  -->   0.000e+00 (A)
Fixed Psi error:                                             0.000e+00  -->   0.000e+00 (Wb)
==============================================================================================================

