/home/ye2698/DESC/desc/integrals/_interp_utils.py:19: UserWarning: 
jax-finufft is not installed.
If you want to use NUFFTs, follow the DESC installation instructions.
Otherwise you must set the parameter nufft_eps to zero
when computing effective ripple, Gamma_c, and any other
computations that involve bounce integrals.

  warnings.warn(
DESC version=0.15.0+425.ga8f1b2dda.
Using JAX backend: jax version=0.6.2, jaxlib version=0.6.2, dtype=float64.
Using device: NVIDIA A100-PCIE-40GB (id=0), with 40.00 GB available memory.
Building objective: QS two-term
Precomputing transforms
Timer: Precomputing transforms = 339 ms
Building objective: aspect ratio
Precomputing transforms
Timer: Precomputing transforms = 40.8 ms
Building objective: volume
Precomputing transforms
Timer: Precomputing transforms = 40.2 ms
Building objective: rotational transform
Precomputing transforms
Timer: Precomputing transforms = 472 ms
Timer: Objective build = 980 ms
Building objective: force
Precomputing transforms
Timer: Precomputing transforms = 403 ms
Timer: Objective build = 728 ms
Timer: Objective build = 2.36 ms
Timer: Eq Update LinearConstraintProjection build = 2.53 sec
Timer: Proximal projection build = 29.2 sec
Building objective: fixed cross-section R
Building objective: fixed cross-section Z
Building objective: fixed pressure
Building objective: fixed current
Building objective: fixed Psi
Timer: Objective build = 290 ms
Timer: LinearConstraintProjection build = 798 ms
Number of parameters: 45
Number of objectives: 478
Timer: Initializing the optimization = 30.4 sec

Starting optimization
Using method: proximal-lsq-exact
Solver options:
------------------------------------------------------------
Maximum Function Evaluations       : 1251
Maximum Allowed Total Δx Norm      : inf
Scaled Termination                 : True
Trust Region Method                : qr
Initial Trust Radius               : 1.067e+01
Maximum Trust Radius               : inf
Minimum Trust Radius               : 2.220e-16
Trust Radius Increase Ratio        : 2.000e+00
Trust Radius Decrease Ratio        : 2.500e-01
Trust Radius Increase Threshold    : 7.500e-01
Trust Radius Decrease Threshold    : 2.500e-01
------------------------------------------------------------ 

   Iteration     Total nfev        Cost      Cost reduction    Step norm     Optimality   
       0              1          7.868e+02                                    1.036e+01   
       1              3          7.565e+02      3.028e+01      5.454e-03      9.370e+00   
       2              4          7.018e+02      5.471e+01      1.042e-02      1.101e+01   
       3              5          5.469e+02      1.549e+02      2.214e-02      1.130e+01   
       4              7          4.495e+02      9.740e+01      1.206e-02      8.106e+00   
       5              8          3.273e+02      1.222e+02      2.871e-02      5.970e+00   
       6              9          1.940e+02      1.333e+02      6.260e-02      4.268e+00   
       7             10          1.432e+02      5.084e+01      1.203e-01      1.267e+01   
       8             12          5.992e+01      8.324e+01      5.185e-02      5.759e+00   
       9             13          3.884e+01      2.108e+01      5.879e-02      1.211e+00   
      10             15          3.353e+01      5.311e+00      2.720e-02      8.180e-01   
      11             16          3.147e+01      2.060e+00      4.328e-02      8.441e-01   
      12             17          2.924e+01      2.238e+00      4.128e-02      6.294e-01   
      13             19          2.912e+01      1.201e-01      1.569e-02      3.894e-01   
      14             20          2.865e+01      4.671e-01      3.737e-03      2.300e-01   
      15             21          2.840e+01      2.469e-01      4.074e-03      1.612e-01   
      16             22          2.810e+01      3.031e-01      8.918e-03      1.831e-01   
      17             23          2.778e+01      3.224e-01      9.010e-03      2.658e-01   
      18             24          2.731e+01      4.688e-01      1.296e-02      6.097e-01   
      19             27          2.727e+01      4.023e-02      3.983e-03      1.692e-01   
      20             28          2.722e+01      4.860e-02      4.507e-04      1.204e-01   
      21             29          2.715e+01      6.538e-02      8.574e-04      7.611e-02   
      22             30          2.705e+01      9.804e-02      1.327e-03      5.473e-02   
      23             31          2.686e+01      1.971e-01      1.505e-03      7.681e-02   
      24             32          2.647e+01      3.827e-01      1.586e-03      1.569e-01   
      25             33          2.633e+01      1.462e-01      7.081e-03      2.710e-01   
      26             34          2.620e+01      1.262e-01      8.403e-03      1.119e-01   
      27             36          2.608e+01      1.264e-01      8.613e-03      1.521e-01   
      28             37          2.591e+01      1.661e-01      5.367e-03      4.893e-02   
      29             39          2.585e+01      5.853e-02      3.796e-03      5.129e-02   
      30             40          2.581e+01      4.388e-02      7.365e-03      7.918e-02   
      31             41          2.575e+01      5.413e-02      5.568e-03      4.916e-02   
      32             42          2.569e+01      5.879e-02      3.490e-03      3.238e-02   
      33             43          2.561e+01      8.233e-02      7.616e-04      4.052e-02   
      34             44          2.549e+01      1.247e-01      2.754e-03      8.021e-02   
      35             45          2.544e+01      4.400e-02      6.060e-03      1.957e-01   
      36             46          2.527e+01      1.765e-01      3.609e-03      8.272e-02   
      37             47          2.510e+01      1.635e-01      2.158e-03      3.676e-02   
      38             48          2.483e+01      2.780e-01      1.271e-03      6.717e-02   
      39             50          2.468e+01      1.479e-01      4.978e-03      6.973e-02   
      40             52          2.462e+01      5.721e-02      2.664e-03      1.830e-02   
      41             53          2.455e+01      6.678e-02      2.444e-03      3.068e-02   
      42             54          2.450e+01      5.276e-02      2.352e-03      3.288e-02   
      43             55          2.440e+01      1.036e-01      3.618e-03      6.659e-02   
      44             56          2.424e+01      1.604e-01      5.350e-03      1.713e-01   
      45             58          2.398e+01      2.609e-01      6.803e-03      1.860e-01   
      46             60          2.386e+01      1.120e-01      2.295e-03      1.196e-01   
      47             61          2.379e+01      6.977e-02      8.772e-03      2.010e-01   
      48             62          2.365e+01      1.449e-01      7.347e-03      1.447e-02   
      49             63          2.355e+01      1.024e-01      6.794e-03      5.362e-02   
      50             68          2.355e+01      7.899e-04      5.128e-05      4.686e-02   
Optimization terminated successfully.
`ftol` condition satisfied. (ftol=1.00e-03)
         Current function value: 2.355e+01
         Total delta_x: 4.699e-01
         Iterations: 50
         Function evaluations: 68
         Jacobian evaluations: 51
Timer: Solution time = 4.39 min
Timer: Avg time per step = 5.16 sec
==============================================================================================================
                                                                 Start  -->   End
Total (sum of squares):                                      7.771e+02  -->   2.355e+01, 
Maximum absolute Quasi-symmetry (1,0) two-term error:        3.025e-01  -->   7.953e-01 (T^3)
Minimum absolute Quasi-symmetry (1,0) two-term error:        2.532e-05  -->   5.854e-04 (T^3)
Average absolute Quasi-symmetry (1,0) two-term error:        5.511e-02  -->   1.076e-01 (T^3)
Aspect ratio:                                                6.037e+00  -->   3.142e+00 (dimensionless)
Plasma volume:                                               5.420e-01  -->   6.248e-01 (m^3)
Maximum Rotational transform:                                2.750e-02  -->   4.122e-01 (dimensionless)
Minimum Rotational transform:                                2.745e-02  -->   4.029e-01 (dimensionless)
Average Rotational transform:                                2.749e-02  -->   4.081e-01 (dimensionless)
Maximum absolute Force error:                                6.124e-01  -->   1.967e+00 (N)
Minimum absolute Force error:                                1.071e-05  -->   1.529e-05 (N)
Average absolute Force error:                                5.825e-02  -->   8.470e-02 (N)
Maximum absolute Force error:                                2.973e-07  -->   9.552e-07 (normalized)
Minimum absolute Force error:                                5.198e-12  -->   7.423e-12 (normalized)
Average absolute Force error:                                2.828e-08  -->   4.112e-08 (normalized)
Cross-section R error:                                       0.000e+00  -->   0.000e+00 (m)
Cross-section Z error:                                       0.000e+00  -->   0.000e+00 (m)
Fixed pressure profile error:                                0.000e+00  -->   0.000e+00 (Pa)
Fixed current profile error:                                 0.000e+00  -->   0.000e+00 (A)
Fixed Psi error:                                             0.000e+00  -->   0.000e+00 (Wb)
==============================================================================================================

