/home/ye2698/DESC/desc/integrals/_interp_utils.py:19: UserWarning: 
jax-finufft is not installed.
If you want to use NUFFTs, follow the DESC installation instructions.
Otherwise you must set the parameter nufft_eps to zero
when computing effective ripple, Gamma_c, and any other
computations that involve bounce integrals.

  warnings.warn(
DESC version=0.15.0+425.ga8f1b2dda.
Using JAX backend: jax version=0.6.2, jaxlib version=0.6.2, dtype=float64.
Using device: NVIDIA A100-PCIE-40GB (id=0), with 40.00 GB available memory.
Building objective: QS two-term
Precomputing transforms
Timer: Precomputing transforms = 340 ms
Building objective: aspect ratio
Precomputing transforms
Timer: Precomputing transforms = 39.6 ms
Building objective: volume
Precomputing transforms
Timer: Precomputing transforms = 39.6 ms
Building objective: rotational transform
Precomputing transforms
Timer: Precomputing transforms = 648 ms
Timer: Objective build = 1.25 sec
Building objective: force
Precomputing transforms
Timer: Precomputing transforms = 563 ms
Timer: Objective build = 897 ms
Timer: Objective build = 2.37 ms
Timer: Eq Update LinearConstraintProjection build = 2.71 sec
Timer: Proximal projection build = 30.3 sec
Building objective: fixed cross-section R
Building objective: fixed cross-section Z
Building objective: fixed pressure
Building objective: fixed current
Building objective: fixed Psi
Timer: Objective build = 454 ms
Timer: LinearConstraintProjection build = 996 ms
Number of parameters: 45
Number of objectives: 478
Timer: Initializing the optimization = 31.8 sec

Starting optimization
Using method: proximal-lsq-exact
Solver options:
------------------------------------------------------------
Maximum Function Evaluations       : 1251
Maximum Allowed Total Δx Norm      : inf
Scaled Termination                 : True
Trust Region Method                : qr
Initial Trust Radius               : 3.848e+01
Maximum Trust Radius               : inf
Minimum Trust Radius               : 2.220e-16
Trust Radius Increase Ratio        : 2.000e+00
Trust Radius Decrease Ratio        : 2.500e-01
Trust Radius Increase Threshold    : 7.500e-01
Trust Radius Decrease Threshold    : 2.500e-01
------------------------------------------------------------ 

   Iteration     Total nfev        Cost      Cost reduction    Step norm     Optimality   
       0              1          2.598e+01                                    4.719e+00   
       1              4          1.423e+01      1.175e+01      2.098e-03      1.893e+00   
       2              5          1.180e+01      2.434e+00      3.166e-03      1.220e+00   
       3              6          1.129e+01      5.102e-01      7.475e-03      1.140e+00   
       4              8          1.061e+01      6.812e-01      9.145e-04      9.019e-01   
       5              9          1.023e+01      3.755e-01      6.321e-04      5.430e-01   
       6             10          1.004e+01      1.908e-01      7.303e-04      3.009e-01   
       7             11          9.949e+00      9.294e-02      2.697e-03      3.858e-01   
       8             12          9.891e+00      5.797e-02      2.340e-03      3.362e-01   
       9             13          9.670e+00      2.211e-01      1.961e-03      2.845e-01   
      10             15          9.587e+00      8.255e-02      1.224e-03      9.801e-02   
      11             16          9.584e+00      3.848e-03      2.067e-03      3.745e-01   
      12             17          9.490e+00      9.362e-02      5.043e-04      1.066e-01   
      13             18          9.450e+00      3.969e-02      1.216e-03      1.340e-01   
      14             20          9.428e+00      2.185e-02      1.693e-04      8.696e-02   
      15             21          9.403e+00      2.576e-02      3.214e-04      8.162e-02   
      16             22          9.367e+00      3.592e-02      6.284e-04      1.175e-01   
      17             23          9.316e+00      5.082e-02      1.162e-03      1.207e-01   
      18             25          9.286e+00      2.944e-02      6.402e-04      9.483e-02   
      19             26          9.235e+00      5.135e-02      1.352e-03      2.141e-01   
      20             27          9.097e+00      1.377e-01      3.534e-03      1.798e-01   
      21             29          9.008e+00      8.973e-02      1.309e-03      2.249e-01   
      22             31          8.950e+00      5.768e-02      2.314e-04      2.689e-02   
      23             32          8.924e+00      2.577e-02      4.192e-04      1.485e-01   
      24             34          8.896e+00      2.772e-02      1.561e-04      5.046e-02   
      25             35          8.887e+00      9.479e-03      2.684e-04      1.640e-01   
      26             37          8.867e+00      2.018e-02      5.028e-05      1.952e-02   
      27             38          8.864e+00      3.077e-03      1.099e-04      1.076e-01   
      28             39          8.854e+00      9.455e-03      3.873e-05      1.603e-02   
      29             40          8.852e+00      2.264e-03      8.216e-05      5.575e-02   
Optimization terminated successfully.
`ftol` condition satisfied. (ftol=1.00e-03)
         Current function value: 8.852e+00
         Total delta_x: 3.429e-02
         Iterations: 29
         Function evaluations: 40
         Jacobian evaluations: 30
Timer: Solution time = 1.79 min
Timer: Avg time per step = 3.59 sec
==============================================================================================================
                                                                 Start  -->   End
Total (sum of squares):                                      1.617e+01  -->   8.852e+00, 
Maximum absolute Quasi-symmetry (1,0) two-term error:        3.025e-01  -->   1.128e-01 (T^3)
Minimum absolute Quasi-symmetry (1,0) two-term error:        2.532e-05  -->   2.584e-04 (T^3)
Average absolute Quasi-symmetry (1,0) two-term error:        5.511e-02  -->   1.459e-02 (T^3)
Aspect ratio:                                                6.037e+00  -->   5.999e+00 (dimensionless)
Plasma volume:                                               5.420e-01  -->   5.834e-01 (m^3)
Maximum Rotational transform:                                2.750e-02  -->   6.576e-03 (dimensionless)
Minimum Rotational transform:                                2.745e-02  -->   6.510e-03 (dimensionless)
Average Rotational transform:                                2.749e-02  -->   6.554e-03 (dimensionless)
Maximum absolute Force error:                                6.124e-01  -->   1.952e-01 (N)
Minimum absolute Force error:                                1.071e-05  -->   5.058e-07 (N)
Average absolute Force error:                                5.825e-02  -->   3.132e-03 (N)
Maximum absolute Force error:                                2.973e-07  -->   9.476e-08 (normalized)
Minimum absolute Force error:                                5.198e-12  -->   2.456e-13 (normalized)
Average absolute Force error:                                2.828e-08  -->   1.521e-09 (normalized)
Cross-section R error:                                       0.000e+00  -->   0.000e+00 (m)
Cross-section Z error:                                       0.000e+00  -->   0.000e+00 (m)
Fixed pressure profile error:                                0.000e+00  -->   0.000e+00 (Pa)
Fixed current profile error:                                 0.000e+00  -->   0.000e+00 (A)
Fixed Psi error:                                             0.000e+00  -->   0.000e+00 (Wb)
==============================================================================================================

