/home/ye2698/DESC/desc/integrals/_interp_utils.py:19: UserWarning: 
jax-finufft is not installed.
If you want to use NUFFTs, follow the DESC installation instructions.
Otherwise you must set the parameter nufft_eps to zero
when computing effective ripple, Gamma_c, and any other
computations that involve bounce integrals.

  warnings.warn(
DESC version=0.15.0+425.ga8f1b2dda.
Using JAX backend: jax version=0.6.2, jaxlib version=0.6.2, dtype=float64.
Using device: NVIDIA A100-PCIE-40GB (id=0), with 40.00 GB available memory.
Building objective: QS two-term
Precomputing transforms
Timer: Precomputing transforms = 347 ms
Building objective: aspect ratio
Precomputing transforms
Timer: Precomputing transforms = 40.6 ms
Building objective: volume
Precomputing transforms
Timer: Precomputing transforms = 39.4 ms
Building objective: rotational transform
Precomputing transforms
Timer: Precomputing transforms = 430 ms
Timer: Objective build = 947 ms
Building objective: force
Precomputing transforms
Timer: Precomputing transforms = 413 ms
Timer: Objective build = 744 ms
Timer: Objective build = 2.40 ms
Timer: Eq Update LinearConstraintProjection build = 2.47 sec
Timer: Proximal projection build = 29.2 sec
Building objective: fixed cross-section R
Building objective: fixed cross-section Z
Building objective: fixed pressure
Building objective: fixed current
Building objective: fixed Psi
Timer: Objective build = 295 ms
Timer: LinearConstraintProjection build = 811 ms
Number of parameters: 45
Number of objectives: 478
Timer: Initializing the optimization = 30.4 sec

Starting optimization
Using method: proximal-lsq-exact
Solver options:
------------------------------------------------------------
Maximum Function Evaluations       : 1251
Maximum Allowed Total Δx Norm      : inf
Scaled Termination                 : True
Trust Region Method                : qr
Initial Trust Radius               : 1.065e+01
Maximum Trust Radius               : inf
Minimum Trust Radius               : 2.220e-16
Trust Radius Increase Ratio        : 2.000e+00
Trust Radius Decrease Ratio        : 2.500e-01
Trust Radius Increase Threshold    : 7.500e-01
Trust Radius Decrease Threshold    : 2.500e-01
------------------------------------------------------------ 

   Iteration     Total nfev        Cost      Cost reduction    Step norm     Optimality   
       0              1          1.999e+01                                    3.454e+00   
       1              3          1.573e+01      4.261e+00      8.667e-03      3.034e+00   
       2              5          1.110e+01      4.627e+00      2.195e-03      7.537e-01   
       3              6          1.055e+01      5.463e-01      8.137e-03      7.593e-01   
       4              7          1.008e+01      4.735e-01      7.700e-03      3.665e-01   
       5              9          1.006e+01      1.429e-02      2.715e-03      5.477e-01   
       6             10          9.894e+00      1.703e-01      1.599e-04      1.241e-01   
       7             11          9.872e+00      2.184e-02      1.142e-03      2.046e-01   
       8             12          9.819e+00      5.295e-02      9.584e-04      4.678e-02   
       9             13          9.773e+00      4.620e-02      1.517e-03      1.214e-01   
      10             14          9.705e+00      6.813e-02      2.070e-03      2.221e-01   
      11             15          9.631e+00      7.373e-02      3.640e-03      1.705e-01   
      12             17          9.571e+00      5.986e-02      3.377e-03      6.991e-02   
      13             18          9.503e+00      6.803e-02      7.930e-03      1.703e-01   
      14             20          9.462e+00      4.053e-02      2.448e-03      1.000e-01   
      15             21          9.426e+00      3.661e-02      6.682e-03      2.193e-01   
      16             22          9.328e+00      9.813e-02      9.177e-03      7.206e-02   
      17             24          9.324e+00      3.284e-03      3.374e-03      2.374e-01   
      18             25          9.287e+00      3.713e-02      6.971e-04      8.960e-02   
      19             26          9.264e+00      2.298e-02      1.644e-03      4.068e-02   
      20             27          9.231e+00      3.367e-02      4.391e-03      2.538e-02   
      21             28          9.188e+00      4.213e-02      6.521e-03      1.636e-01   
      22             29          9.168e+00      2.058e-02      1.039e-02      2.976e-01   
      23             30          9.096e+00      7.233e-02      1.355e-03      8.693e-02   
      24             32          9.067e+00      2.857e-02      1.643e-03      5.827e-02   
      25             33          9.031e+00      3.622e-02      3.447e-03      6.282e-02   
      26             34          8.972e+00      5.843e-02      8.236e-03      1.351e-01   
      27             36          8.949e+00      2.379e-02      5.348e-03      1.474e-01   
      28             37          8.923e+00      2.540e-02      4.736e-03      1.143e-01   
      29             38          8.904e+00      1.934e-02      5.860e-03      9.415e-02   
      30             39          8.858e+00      4.564e-02      7.495e-03      6.892e-02   
      31             41          8.832e+00      2.659e-02      3.493e-03      2.806e-02   
      32             42          8.814e+00      1.716e-02      6.542e-03      4.686e-02   
      33             43          8.772e+00      4.250e-02      5.670e-03      1.198e-01   
      34             44          8.699e+00      7.293e-02      8.603e-03      8.184e-02   
      35             46          8.657e+00      4.212e-02      3.158e-03      6.541e-02   
      36             47          8.613e+00      4.380e-02      2.599e-03      7.444e-02   
      37             49          8.587e+00      2.567e-02      7.076e-04      9.366e-02   
      38             50          8.556e+00      3.115e-02      5.508e-04      3.853e-02   
      39             51          8.526e+00      3.043e-02      1.194e-03      8.909e-02   
      40             52          8.476e+00      4.995e-02      3.796e-04      6.615e-02   
      41             54          8.458e+00      1.746e-02      2.528e-03      8.746e-02   
      42             55          8.449e+00      9.742e-03      3.364e-03      1.326e-01   
      43             56          8.425e+00      2.412e-02      1.287e-03      2.050e-02   
      44             57          8.407e+00      1.723e-02      1.645e-03      3.458e-02   
      45             58          8.374e+00      3.381e-02      2.283e-03      2.443e-02   
      46             59          8.336e+00      3.800e-02      3.020e-03      1.563e-01   
      47             60          8.272e+00      6.371e-02      4.341e-03      1.210e-01   
      48             61          8.200e+00      7.186e-02      4.372e-03      4.133e-02   
      49             62          8.161e+00      3.895e-02      7.581e-03      1.700e-01   
      50             63          8.093e+00      6.783e-02      4.435e-03      1.595e-01   
      51             64          7.923e+00      1.705e-01      2.477e-03      2.348e-01   
      52             66          7.839e+00      8.388e-02      9.501e-04      2.037e-01   
      53             67          7.714e+00      1.247e-01      1.622e-03      1.721e-01   
      54             69          7.642e+00      7.173e-02      1.963e-03      1.319e-01   
      55             71          7.619e+00      2.294e-02      1.194e-03      9.713e-02   
      56             72          7.593e+00      2.592e-02      3.483e-04      6.308e-02   
      57             74          7.583e+00      1.085e-02      1.829e-04      4.731e-02   
      58             75          7.576e+00      6.401e-03      6.948e-04      1.061e-01   
Optimization terminated successfully.
`ftol` condition satisfied. (ftol=1.00e-03)
         Current function value: 7.576e+00
         Total delta_x: 1.421e-01
         Iterations: 58
         Function evaluations: 75
         Jacobian evaluations: 59
Timer: Solution time = 3.20 min
Timer: Avg time per step = 3.26 sec
==============================================================================================================
                                                                 Start  -->   End
Total (sum of squares):                                      1.442e+01  -->   7.576e+00, 
Maximum absolute Quasi-symmetry (1,0) two-term error:        3.025e-01  -->   6.412e-02 (T^3)
Minimum absolute Quasi-symmetry (1,0) two-term error:        2.532e-05  -->   5.869e-05 (T^3)
Average absolute Quasi-symmetry (1,0) two-term error:        5.511e-02  -->   8.113e-03 (T^3)
Aspect ratio:                                                6.037e+00  -->   6.024e+00 (dimensionless)
Plasma volume:                                               5.420e-01  -->   5.855e-01 (m^3)
Maximum Rotational transform:                                2.750e-02  -->   3.484e-02 (dimensionless)
Minimum Rotational transform:                                2.745e-02  -->   3.096e-02 (dimensionless)
Average Rotational transform:                                2.749e-02  -->   3.344e-02 (dimensionless)
Maximum absolute Force error:                                6.124e-01  -->   2.627e-01 (N)
Minimum absolute Force error:                                1.071e-05  -->   1.102e-06 (N)
Average absolute Force error:                                5.825e-02  -->   4.345e-03 (N)
Maximum absolute Force error:                                2.973e-07  -->   1.275e-07 (normalized)
Minimum absolute Force error:                                5.198e-12  -->   5.352e-13 (normalized)
Average absolute Force error:                                2.828e-08  -->   2.109e-09 (normalized)
Cross-section R error:                                       0.000e+00  -->   0.000e+00 (m)
Cross-section Z error:                                       0.000e+00  -->   0.000e+00 (m)
Fixed pressure profile error:                                0.000e+00  -->   0.000e+00 (Pa)
Fixed current profile error:                                 0.000e+00  -->   0.000e+00 (A)
Fixed Psi error:                                             0.000e+00  -->   0.000e+00 (Wb)
==============================================================================================================

