/home/ye2698/DESC/desc/integrals/_interp_utils.py:19: UserWarning: 
jax-finufft is not installed.
If you want to use NUFFTs, follow the DESC installation instructions.
Otherwise you must set the parameter nufft_eps to zero
when computing effective ripple, Gamma_c, and any other
computations that involve bounce integrals.

  warnings.warn(
DESC version=0.15.0+425.ga8f1b2dda.
Using JAX backend: jax version=0.6.2, jaxlib version=0.6.2, dtype=float64.
Using device: NVIDIA A100 80GB PCIe (id=0), with 80.00 GB available memory.
Building objective: QS two-term
Precomputing transforms
Timer: Precomputing transforms = 323 ms
Building objective: aspect ratio
Precomputing transforms
Timer: Precomputing transforms = 39.6 ms
Building objective: volume
Precomputing transforms
Timer: Precomputing transforms = 39.1 ms
Building objective: rotational transform
Precomputing transforms
Timer: Precomputing transforms = 388 ms
Timer: Objective build = 872 ms
Building objective: force
Precomputing transforms
Timer: Precomputing transforms = 387 ms
Timer: Objective build = 697 ms
Timer: Objective build = 2.11 ms
Timer: Eq Update LinearConstraintProjection build = 2.09 sec
Timer: Proximal projection build = 26.9 sec
Building objective: fixed cross-section R
Building objective: fixed cross-section Z
Building objective: fixed pressure
Building objective: fixed current
Building objective: fixed Psi
Timer: Objective build = 268 ms
Timer: LinearConstraintProjection build = 717 ms
Number of parameters: 45
Number of objectives: 478
Timer: Initializing the optimization = 28.0 sec

Starting optimization
Using method: proximal-lsq-exact
Solver options:
------------------------------------------------------------
Maximum Function Evaluations       : 1251
Maximum Allowed Total Δx Norm      : inf
Scaled Termination                 : True
Trust Region Method                : qr
Initial Trust Radius               : 1.560e+01
Maximum Trust Radius               : inf
Minimum Trust Radius               : 2.220e-16
Trust Radius Increase Ratio        : 2.000e+00
Trust Radius Decrease Ratio        : 2.500e-01
Trust Radius Increase Threshold    : 7.500e-01
Trust Radius Decrease Threshold    : 2.500e-01
------------------------------------------------------------ 

   Iteration     Total nfev        Cost      Cost reduction    Step norm     Optimality   
       0              1          7.949e+02                                    1.106e+01   
       1              3          7.826e+02      1.227e+01      4.048e-03      1.058e+01   
       2              4          7.480e+02      3.455e+01      1.554e-03      1.019e+01   
       3              5          7.085e+02      3.953e+01      5.608e-03      8.674e+00   
       4              6          6.624e+02      4.608e+01      1.025e-02      1.101e+01   
       5              7          5.433e+02      1.192e+02      5.225e-03      4.409e+00   
       6              8          4.667e+02      7.653e+01      1.502e-02      7.798e+00   
       7              9          3.143e+02      1.524e+02      6.943e-02      6.408e+00   
       8             11          2.027e+02      1.116e+02      1.669e-02      4.281e+00   
       9             13          1.685e+02      3.419e+01      5.052e-03      5.717e+00   
      10             14          1.115e+02      5.702e+01      9.316e-03      3.444e+00   
      11             15          7.152e+01      3.998e+01      2.229e-02      1.178e+00   
      12             16          7.010e+01      1.423e+00      5.403e-02      3.818e+00   
      13             17          5.149e+01      1.860e+01      3.510e-02      3.435e+00   
      14             18          3.421e+01      1.729e+01      2.938e-02      5.273e-01   
      15             21          3.283e+01      1.378e+00      7.495e-03      8.280e-01   
      16             22          2.922e+01      3.612e+00      6.933e-03      4.251e-01   
      17             23          2.553e+01      3.689e+00      1.615e-02      1.374e+00   
      18             24          1.921e+01      6.319e+00      3.509e-02      1.174e+00   
      19             27          1.738e+01      1.827e+00      5.611e-03      1.159e+00   
      20             28          1.568e+01      1.704e+00      3.545e-03      6.182e-01   
      21             29          1.427e+01      1.413e+00      6.643e-03      7.912e-01   
      22             30          1.183e+01      2.433e+00      8.114e-03      3.799e-01   
      23             32          1.100e+01      8.288e-01      5.066e-03      3.359e-01   
      24             33          1.019e+01      8.192e-01      8.913e-03      1.012e+00   
      25             34          9.415e+00      7.702e-01      1.122e-02      1.345e+00   
      26             36          8.519e+00      8.958e-01      3.180e-03      4.517e-01   
      27             37          7.930e+00      5.892e-01      5.180e-03      5.407e-01   
      28             38          7.587e+00      3.430e-01      1.232e-02      1.180e+00   
      29             39          6.858e+00      7.286e-01      1.396e-02      9.350e-01   
      30             40          5.522e+00      1.336e+00      1.282e-02      1.016e+00   
      31             41          4.050e+00      1.472e+00      1.566e-02      1.038e+00   
      32             42          3.358e+00      6.921e-01      1.822e-02      8.401e-01   
      33             43          2.745e+00      6.130e-01      1.955e-02      6.090e-01   
      34             44          2.580e+00      1.655e-01      2.085e-02      1.085e+00   
      35             45          1.452e+00      1.127e+00      3.409e-03      2.425e-01   
      36             46          1.194e+00      2.584e-01      1.120e-02      2.582e-01   
      37             47          1.092e+00      1.017e-01      1.097e-02      3.993e-01   
      38             48          9.514e-01      1.409e-01      1.063e-02      3.589e-01   
      39             49          8.243e-01      1.271e-01      9.984e-03      2.946e-01   
      40             50          7.697e-01      5.458e-02      8.529e-03      3.105e-01   
      41             51          5.955e-01      1.742e-01      7.379e-03      1.467e-01   
      42             53          5.543e-01      4.123e-02      4.200e-03      6.571e-02   
      43             55          5.303e-01      2.393e-02      1.573e-03      1.914e-02   
      44             56          5.102e-01      2.016e-02      2.441e-03      4.960e-02   
      45             58          4.924e-01      1.783e-02      1.746e-03      2.411e-02   
      46             59          4.751e-01      1.721e-02      2.179e-03      5.487e-02   
      47             61          4.578e-01      1.734e-02      1.408e-03      2.802e-02   
      48             62          4.433e-01      1.447e-02      1.578e-03      5.805e-02   
      49             64          4.349e-01      8.479e-03      1.073e-03      5.862e-02   
      50             65          4.213e-01      1.358e-02      4.278e-04      4.624e-02   
      51             67          4.131e-01      8.200e-03      2.754e-04      2.048e-02   
      52             68          4.111e-01      2.015e-03      6.651e-04      6.121e-02   
      53             69          4.026e-01      8.433e-03      1.034e-04      1.726e-02   
      54             70          3.968e-01      5.813e-03      2.008e-04      1.294e-02   
      55             72          3.940e-01      2.771e-03      2.274e-04      1.203e-02   
      56             73          3.892e-01      4.798e-03      4.220e-04      1.648e-02   
      57             75          3.865e-01      2.721e-03      2.672e-04      1.338e-02   
      58             76          3.819e-01      4.594e-03      4.113e-04      1.708e-02   
      59             77          3.795e-01      2.454e-03      8.427e-04      5.334e-02   
      60             78          3.761e-01      3.418e-03      6.199e-04      5.844e-02   
      61             79          3.619e-01      1.412e-02      3.297e-04      2.512e-02   
      62             81          3.592e-01      2.707e-03      2.965e-04      2.347e-02   
      63             82          3.569e-01      2.359e-03      2.560e-04      2.326e-02   
      64             83          3.546e-01      2.280e-03      2.461e-04      2.330e-02   
      65             84          3.524e-01      2.178e-03      2.573e-04      2.355e-02   
      66             85          3.503e-01      2.126e-03      2.699e-04      2.366e-02   
      67             86          3.482e-01      2.062e-03      2.864e-04      2.366e-02   
      68             87          3.462e-01      1.992e-03      3.041e-04      2.353e-02   
      69             88          3.443e-01      1.914e-03      3.220e-04      2.326e-02   
      70             89          3.425e-01      1.826e-03      3.388e-04      2.289e-02   
      71             90          3.408e-01      1.731e-03      3.539e-04      2.262e-02   
      72             91          3.391e-01      1.630e-03      3.670e-04      2.255e-02   
      73             92          3.376e-01      1.529e-03      3.780e-04      2.245e-02   
      74             93          3.362e-01      1.430e-03      3.869e-04      2.234e-02   
      75             118         3.362e-01      0.000e+00      0.000e+00      2.234e-02   
Warning: A bad approximation caused failure to predict improvement.
         Current function value: 3.362e-01
         Total delta_x: 3.077e-01
         Iterations: 75
         Function evaluations: 118
         Jacobian evaluations: 75
Timer: Solution time = 4.11 min
Timer: Avg time per step = 3.25 sec
==============================================================================================================
                                                                 Start  -->   End
Total (sum of squares):                                      7.833e+02  -->   3.362e-01, 
Maximum absolute Quasi-symmetry (1,0) two-term error:        3.025e-01  -->   1.197e-01 (T^3)
Minimum absolute Quasi-symmetry (1,0) two-term error:        2.532e-05  -->   2.041e-05 (T^3)
Average absolute Quasi-symmetry (1,0) two-term error:        5.511e-02  -->   1.507e-02 (T^3)
Aspect ratio:                                                6.037e+00  -->   6.001e+00 (dimensionless)
Plasma volume:                                               5.420e-01  -->   5.831e-01 (m^3)
Maximum Rotational transform:                                2.750e-02  -->   4.209e-01 (dimensionless)
Minimum Rotational transform:                                2.745e-02  -->   4.166e-01 (dimensionless)
Average Rotational transform:                                2.749e-02  -->   4.191e-01 (dimensionless)
Maximum absolute Force error:                                6.124e-01  -->   1.131e+00 (N)
Minimum absolute Force error:                                1.071e-05  -->   1.966e-06 (N)
Average absolute Force error:                                5.825e-02  -->   1.776e-02 (N)
Maximum absolute Force error:                                2.973e-07  -->   5.489e-07 (normalized)
Minimum absolute Force error:                                5.198e-12  -->   9.545e-13 (normalized)
Average absolute Force error:                                2.828e-08  -->   8.622e-09 (normalized)
Cross-section R error:                                       0.000e+00  -->   0.000e+00 (m)
Cross-section Z error:                                       0.000e+00  -->   0.000e+00 (m)
Fixed pressure profile error:                                0.000e+00  -->   0.000e+00 (Pa)
Fixed current profile error:                                 0.000e+00  -->   0.000e+00 (A)
Fixed Psi error:                                             0.000e+00  -->   0.000e+00 (Wb)
==============================================================================================================

