/home/ye2698/DESC/desc/integrals/_interp_utils.py:19: UserWarning: 
jax-finufft is not installed.
If you want to use NUFFTs, follow the DESC installation instructions.
Otherwise you must set the parameter nufft_eps to zero
when computing effective ripple, Gamma_c, and any other
computations that involve bounce integrals.

  warnings.warn(
DESC version=0.15.0+425.ga8f1b2dda.
Using JAX backend: jax version=0.6.2, jaxlib version=0.6.2, dtype=float64.
Using device: NVIDIA A100-PCIE-40GB (id=0), with 40.00 GB available memory.
Building objective: QS two-term
Precomputing transforms
Timer: Precomputing transforms = 346 ms
Building objective: aspect ratio
Precomputing transforms
Timer: Precomputing transforms = 40.0 ms
Building objective: volume
Precomputing transforms
Timer: Precomputing transforms = 39.9 ms
Building objective: rotational transform
Precomputing transforms
Timer: Precomputing transforms = 429 ms
Timer: Objective build = 945 ms
Building objective: force
Precomputing transforms
Timer: Precomputing transforms = 417 ms
Timer: Objective build = 748 ms
Timer: Objective build = 2.46 ms
Timer: Eq Update LinearConstraintProjection build = 2.30 sec
Timer: Proximal projection build = 29.5 sec
Building objective: fixed cross-section R
Building objective: fixed cross-section Z
Building objective: fixed pressure
Building objective: fixed current
Building objective: fixed Psi
Timer: Objective build = 298 ms
Timer: LinearConstraintProjection build = 815 ms
Number of parameters: 45
Number of objectives: 478
Timer: Initializing the optimization = 30.7 sec

Starting optimization
Using method: proximal-lsq-exact
Solver options:
------------------------------------------------------------
Maximum Function Evaluations       : 1251
Maximum Allowed Total Δx Norm      : inf
Scaled Termination                 : True
Trust Region Method                : qr
Initial Trust Radius               : 1.200e+01
Maximum Trust Radius               : inf
Minimum Trust Radius               : 2.220e-16
Trust Radius Increase Ratio        : 2.000e+00
Trust Radius Decrease Ratio        : 2.500e-01
Trust Radius Increase Threshold    : 7.500e-01
Trust Radius Decrease Threshold    : 2.500e-01
------------------------------------------------------------ 

   Iteration     Total nfev        Cost      Cost reduction    Step norm     Optimality   
       0              1          7.845e+02                                    1.016e+01   
       1              3          7.593e+02      2.524e+01      5.537e-03      1.413e+01   
       2              4          6.765e+02      8.278e+01      4.731e-03      1.512e+01   
       3              5          4.920e+02      1.845e+02      1.553e-02      1.489e+01   
       4              6          1.867e+02      3.054e+02      4.278e-02      8.446e+00   
       5              7          1.193e+02      6.738e+01      4.854e-02      6.431e+00   
       6              9          4.165e+01      7.763e+01      1.690e-02      1.244e+00   
       7             10          2.175e+01      1.990e+01      1.204e-02      1.360e+00   
       8             12          1.691e+01      4.841e+00      1.163e-02      4.603e-01   
       9             15          1.642e+01      4.896e-01      1.486e-03      3.671e-01   
      10             16          1.582e+01      6.014e-01      3.744e-03      3.963e-01   
      11             17          1.483e+01      9.877e-01      7.752e-03      3.462e-01   
      12             18          1.398e+01      8.525e-01      2.027e-02      4.682e-01   
      13             19          1.276e+01      1.223e+00      2.126e-02      4.977e-01   
      14             20          1.234e+01      4.191e-01      2.513e-02      1.217e+00   
      15             21          9.477e+00      2.860e+00      8.781e-03      4.167e-01   
      16             22          8.776e+00      7.013e-01      1.848e-02      4.686e-01   
      17             23          7.692e+00      1.084e+00      1.839e-02      7.140e-01   
      18             24          6.331e+00      1.361e+00      1.847e-02      3.848e-01   
      19             25          5.683e+00      6.479e-01      2.117e-02      1.307e-01   
      20             28          5.605e+00      7.742e-02      1.060e-03      7.805e-02   
      21             29          5.515e+00      9.069e-02      1.560e-03      1.749e-01   
      22             30          5.390e+00      1.243e-01      2.839e-03      3.344e-01   
      23             31          4.972e+00      4.182e-01      6.811e-03      1.919e-01   
      24             33          4.773e+00      1.991e-01      4.947e-03      2.423e-01   
      25             35          4.613e+00      1.596e-01      2.627e-03      2.199e-01   
      26             36          4.589e+00      2.444e-02      4.540e-03      3.072e-01   
      27             37          4.333e+00      2.558e-01      8.185e-04      1.535e-01   
      28             38          4.149e+00      1.840e-01      1.844e-03      1.102e-01   
      29             39          3.942e+00      2.070e-01      5.084e-03      2.330e-01   
      30             40          3.888e+00      5.384e-02      1.240e-02      9.421e-01   
      31             41          3.239e+00      6.491e-01      3.013e-03      2.453e-01   
      32             42          2.919e+00      3.199e-01      6.567e-03      1.729e-01   
      33             44          2.789e+00      1.308e-01      4.918e-03      9.480e-02   
      34             45          2.606e+00      1.830e-01      7.448e-03      1.118e-01   
      35             47          2.498e+00      1.076e-01      3.812e-03      1.172e-01   
      36             48          2.359e+00      1.390e-01      6.166e-03      2.278e-01   
      37             50          2.217e+00      1.426e-01      3.421e-03      7.865e-02   
      38             51          2.100e+00      1.169e-01      6.199e-03      1.976e-01   
      39             52          1.983e+00      1.166e-01      1.146e-02      4.313e-01   
      40             53          1.733e+00      2.496e-01      1.103e-02      4.332e-01   
      41             55          1.475e+00      2.586e-01      3.264e-03      1.082e-01   
      42             57          1.438e+00      3.706e-02      1.372e-03      4.855e-02   
      43             59          1.434e+00      3.501e-03      5.491e-04      7.682e-02   
      44             60          1.431e+00      3.078e-03      3.913e-04      6.895e-02   
      45             61          1.428e+00      2.759e-03      5.127e-05      5.436e-02   
      46             62          1.427e+00      1.648e-03      6.923e-05      4.311e-02   
      47             63          1.426e+00      1.245e-03      8.111e-05      3.680e-02   
Optimization terminated successfully.
`ftol` condition satisfied. (ftol=1.00e-03)
         Current function value: 1.426e+00
         Total delta_x: 3.047e-01
         Iterations: 47
         Function evaluations: 63
         Jacobian evaluations: 48
Timer: Solution time = 2.98 min
Timer: Avg time per step = 3.73 sec
==============================================================================================================
                                                                 Start  -->   End
Total (sum of squares):                                      7.751e+02  -->   1.426e+00, 
Maximum absolute Quasi-symmetry (1,0) two-term error:        3.025e-01  -->   1.589e-01 (T^3)
Minimum absolute Quasi-symmetry (1,0) two-term error:        2.532e-05  -->   2.012e-04 (T^3)
Average absolute Quasi-symmetry (1,0) two-term error:        5.511e-02  -->   2.618e-02 (T^3)
Aspect ratio:                                                6.037e+00  -->   5.996e+00 (dimensionless)
Plasma volume:                                               5.420e-01  -->   6.622e-01 (m^3)
Maximum Rotational transform:                                2.750e-02  -->   4.213e-01 (dimensionless)
Minimum Rotational transform:                                2.745e-02  -->   4.161e-01 (dimensionless)
Average Rotational transform:                                2.749e-02  -->   4.191e-01 (dimensionless)
Maximum absolute Force error:                                6.124e-01  -->   1.134e+00 (N)
Minimum absolute Force error:                                1.071e-05  -->   3.495e-06 (N)
Average absolute Force error:                                5.825e-02  -->   2.490e-02 (N)
Maximum absolute Force error:                                2.973e-07  -->   5.507e-07 (normalized)
Minimum absolute Force error:                                5.198e-12  -->   1.697e-12 (normalized)
Average absolute Force error:                                2.828e-08  -->   1.209e-08 (normalized)
Cross-section R error:                                       0.000e+00  -->   0.000e+00 (m)
Cross-section Z error:                                       0.000e+00  -->   0.000e+00 (m)
Fixed pressure profile error:                                0.000e+00  -->   0.000e+00 (Pa)
Fixed current profile error:                                 0.000e+00  -->   0.000e+00 (A)
Fixed Psi error:                                             0.000e+00  -->   0.000e+00 (Wb)
==============================================================================================================

