/home/ye2698/DESC/desc/integrals/_interp_utils.py:19: UserWarning: 
jax-finufft is not installed.
If you want to use NUFFTs, follow the DESC installation instructions.
Otherwise you must set the parameter nufft_eps to zero
when computing effective ripple, Gamma_c, and any other
computations that involve bounce integrals.

  warnings.warn(
DESC version=0.15.0+425.ga8f1b2dda.
Using JAX backend: jax version=0.6.2, jaxlib version=0.6.2, dtype=float64.
Using device: NVIDIA A100-PCIE-40GB (id=0), with 40.00 GB available memory.
Building objective: QS two-term
Precomputing transforms
Timer: Precomputing transforms = 342 ms
Building objective: aspect ratio
Precomputing transforms
Timer: Precomputing transforms = 39.9 ms
Building objective: volume
Precomputing transforms
Timer: Precomputing transforms = 39.4 ms
Building objective: rotational transform
Precomputing transforms
Timer: Precomputing transforms = 426 ms
Timer: Objective build = 937 ms
Building objective: force
Precomputing transforms
Timer: Precomputing transforms = 416 ms
Timer: Objective build = 744 ms
Timer: Objective build = 2.44 ms
Timer: Eq Update LinearConstraintProjection build = 2.28 sec
Timer: Proximal projection build = 29.4 sec
Building objective: fixed cross-section R
Building objective: fixed cross-section Z
Building objective: fixed pressure
Building objective: fixed current
Building objective: fixed Psi
Timer: Objective build = 291 ms
Timer: LinearConstraintProjection build = 810 ms
Number of parameters: 45
Number of objectives: 478
Timer: Initializing the optimization = 30.5 sec

Starting optimization
Using method: proximal-lsq-exact
Solver options:
------------------------------------------------------------
Maximum Function Evaluations       : 1251
Maximum Allowed Total Δx Norm      : inf
Scaled Termination                 : True
Trust Region Method                : qr
Initial Trust Radius               : 1.374e+01
Maximum Trust Radius               : inf
Minimum Trust Radius               : 2.220e-16
Trust Radius Increase Ratio        : 2.000e+00
Trust Radius Decrease Ratio        : 2.500e-01
Trust Radius Increase Threshold    : 7.500e-01
Trust Radius Decrease Threshold    : 2.500e-01
------------------------------------------------------------ 

   Iteration     Total nfev        Cost      Cost reduction    Step norm     Optimality   
       0              1          2.780e+01                                    5.247e+00   
       1              3          1.933e+01      8.470e+00      1.285e-02      3.896e+00   
       2              4          1.245e+01      6.882e+00      2.769e-02      1.595e+00   
       3              7          1.091e+01      1.542e+00      2.744e-03      5.122e-01   
       4              8          1.029e+01      6.141e-01      2.460e-03      1.023e-01   
       5              9          1.001e+01      2.846e-01      4.072e-03      3.937e-01   
       6             11          9.852e+00      1.573e-01      4.449e-04      2.160e-01   
       7             12          9.796e+00      5.563e-02      3.121e-03      4.822e-01   
       8             13          9.646e+00      1.507e-01      7.182e-04      3.786e-01   
       9             14          9.467e+00      1.787e-01      5.378e-03      6.438e-02   
      10             16          9.418e+00      4.898e-02      4.527e-03      4.905e-02   
      11             17          9.365e+00      5.292e-02      8.839e-03      2.183e-01   
      12             19          9.294e+00      7.113e-02      6.502e-03      1.320e-01   
      13             21          9.256e+00      3.807e-02      3.793e-03      3.153e-02   
      14             22          9.215e+00      4.062e-02      6.554e-03      4.597e-02   
      15             25          9.207e+00      7.795e-03      8.109e-04      2.366e-02   
Optimization terminated successfully.
`ftol` condition satisfied. (ftol=1.00e-03)
         Current function value: 9.207e+00
         Total delta_x: 2.684e-02
         Iterations: 15
         Function evaluations: 25
         Jacobian evaluations: 16
Timer: Solution time = 1.23 min
Timer: Avg time per step = 4.62 sec
==============================================================================================================
                                                                 Start  -->   End
Total (sum of squares):                                      2.061e+01  -->   9.207e+00, 
Maximum absolute Quasi-symmetry (1,0) two-term error:        3.025e-01  -->   1.139e-01 (T^3)
Minimum absolute Quasi-symmetry (1,0) two-term error:        2.532e-05  -->   1.333e-04 (T^3)
Average absolute Quasi-symmetry (1,0) two-term error:        5.511e-02  -->   2.303e-02 (T^3)
Aspect ratio:                                                6.037e+00  -->   5.696e+00 (dimensionless)
Plasma volume:                                               5.420e-01  -->   5.831e-01 (m^3)
Maximum Rotational transform:                                2.750e-02  -->   9.434e-03 (dimensionless)
Minimum Rotational transform:                                2.745e-02  -->   8.175e-03 (dimensionless)
Average Rotational transform:                                2.749e-02  -->   8.967e-03 (dimensionless)
Maximum absolute Force error:                                6.124e-01  -->   1.444e-01 (N)
Minimum absolute Force error:                                1.071e-05  -->   2.517e-07 (N)
Average absolute Force error:                                5.825e-02  -->   1.912e-03 (N)
Maximum absolute Force error:                                2.973e-07  -->   7.011e-08 (normalized)
Minimum absolute Force error:                                5.198e-12  -->   1.222e-13 (normalized)
Average absolute Force error:                                2.828e-08  -->   9.284e-10 (normalized)
Cross-section R error:                                       0.000e+00  -->   0.000e+00 (m)
Cross-section Z error:                                       0.000e+00  -->   0.000e+00 (m)
Fixed pressure profile error:                                0.000e+00  -->   0.000e+00 (Pa)
Fixed current profile error:                                 0.000e+00  -->   0.000e+00 (A)
Fixed Psi error:                                             0.000e+00  -->   0.000e+00 (Wb)
==============================================================================================================

