/home/ye2698/DESC/desc/integrals/_interp_utils.py:19: UserWarning: 
jax-finufft is not installed.
If you want to use NUFFTs, follow the DESC installation instructions.
Otherwise you must set the parameter nufft_eps to zero
when computing effective ripple, Gamma_c, and any other
computations that involve bounce integrals.

  warnings.warn(
DESC version=0.15.0+425.ga8f1b2dda.
Using JAX backend: jax version=0.6.2, jaxlib version=0.6.2, dtype=float64.
Using device: NVIDIA A100 80GB PCIe (id=0), with 80.00 GB available memory.
Building objective: QS two-term
Precomputing transforms
Timer: Precomputing transforms = 320 ms
Building objective: aspect ratio
Precomputing transforms
Timer: Precomputing transforms = 39.2 ms
Building objective: volume
Precomputing transforms
Timer: Precomputing transforms = 39.0 ms
Building objective: rotational transform
Precomputing transforms
Timer: Precomputing transforms = 377 ms
Timer: Objective build = 853 ms
Building objective: force
Precomputing transforms
Timer: Precomputing transforms = 380 ms
Timer: Objective build = 683 ms
Timer: Objective build = 2.10 ms
Timer: Eq Update LinearConstraintProjection build = 2.20 sec
Timer: Proximal projection build = 26.7 sec
Building objective: fixed cross-section R
Building objective: fixed cross-section Z
Building objective: fixed pressure
Building objective: fixed current
Building objective: fixed Psi
Timer: Objective build = 260 ms
Timer: LinearConstraintProjection build = 697 ms
Number of parameters: 45
Number of objectives: 478
Timer: Initializing the optimization = 27.7 sec

Starting optimization
Using method: proximal-lsq-exact
Solver options:
------------------------------------------------------------
Maximum Function Evaluations       : 1251
Maximum Allowed Total Δx Norm      : inf
Scaled Termination                 : True
Trust Region Method                : qr
Initial Trust Radius               : 9.614e+00
Maximum Trust Radius               : inf
Minimum Trust Radius               : 2.220e-16
Trust Radius Increase Ratio        : 2.000e+00
Trust Radius Decrease Ratio        : 2.500e-01
Trust Radius Increase Threshold    : 7.500e-01
Trust Radius Decrease Threshold    : 2.500e-01
------------------------------------------------------------ 

   Iteration     Total nfev        Cost      Cost reduction    Step norm     Optimality   
       0              1          1.780e+01                                    2.990e+00   
       1              3          1.234e+01      5.461e+00      1.341e-02      1.554e+00   
       2              5          1.055e+01      1.787e+00      1.813e-03      3.791e-01   
       3              6          1.023e+01      3.225e-01      8.348e-03      5.121e-01   
       4              8          1.003e+01      1.936e-01      1.760e-03      1.802e-01   
       5              9          9.942e+00      9.221e-02      3.129e-03      2.559e-01   
       6             10          9.821e+00      1.206e-01      2.904e-03      9.229e-02   
       7             11          9.773e+00      4.755e-02      2.480e-03      3.881e-01   
       8             12          9.608e+00      1.659e-01      5.729e-03      5.294e-02   
       9             14          9.563e+00      4.471e-02      3.170e-03      1.086e-01   
      10             15          9.510e+00      5.305e-02      8.059e-03      1.004e-01   
      11             17          9.467e+00      4.292e-02      3.213e-03      9.724e-02   
      12             18          9.418e+00      4.905e-02      6.600e-03      1.170e-01   
      13             20          9.379e+00      3.913e-02      2.812e-03      4.848e-02   
      14             21          9.339e+00      3.946e-02      5.925e-03      1.347e-01   
      15             23          9.306e+00      3.297e-02      3.075e-03      8.081e-02   
      16             24          9.301e+00      5.470e-03      5.660e-03      2.355e-01   
      17             25          9.248e+00      5.298e-02      7.910e-04      3.806e-02   
      18             26          9.226e+00      2.185e-02      1.853e-03      1.089e-01   
      19             27          9.177e+00      4.903e-02      1.432e-03      3.894e-02   
      20             29          9.159e+00      1.831e-02      9.368e-04      4.927e-02   
      21             30          9.129e+00      2.926e-02      2.702e-03      5.414e-02   
      22             31          9.081e+00      4.822e-02      6.570e-03      4.990e-02   
      23             32          9.049e+00      3.254e-02      1.156e-02      1.714e-01   
      24             35          9.038e+00      1.082e-02      1.444e-04      1.089e-01   
      25             36          9.029e+00      8.553e-03      1.132e-04      4.144e-02   
Optimization terminated successfully.
`ftol` condition satisfied. (ftol=1.00e-03)
         Current function value: 9.029e+00
         Total delta_x: 6.230e-02
         Iterations: 25
         Function evaluations: 36
         Jacobian evaluations: 26
Timer: Solution time = 1.50 min
Timer: Avg time per step = 3.48 sec
==============================================================================================================
                                                                 Start  -->   End
Total (sum of squares):                                      1.269e+01  -->   9.029e+00, 
Maximum absolute Quasi-symmetry (1,0) two-term error:        3.025e-01  -->   1.027e-01 (T^3)
Minimum absolute Quasi-symmetry (1,0) two-term error:        2.532e-05  -->   5.217e-05 (T^3)
Average absolute Quasi-symmetry (1,0) two-term error:        5.511e-02  -->   1.944e-02 (T^3)
Aspect ratio:                                                6.037e+00  -->   5.741e+00 (dimensionless)
Plasma volume:                                               5.420e-01  -->   5.881e-01 (m^3)
Maximum Rotational transform:                                2.750e-02  -->   9.135e-03 (dimensionless)
Minimum Rotational transform:                                2.745e-02  -->   8.235e-03 (dimensionless)
Average Rotational transform:                                2.749e-02  -->   8.823e-03 (dimensionless)
Maximum absolute Force error:                                6.124e-01  -->   1.937e-01 (N)
Minimum absolute Force error:                                1.071e-05  -->   9.214e-07 (N)
Average absolute Force error:                                5.825e-02  -->   2.835e-03 (N)
Maximum absolute Force error:                                2.973e-07  -->   9.404e-08 (normalized)
Minimum absolute Force error:                                5.198e-12  -->   4.473e-13 (normalized)
Average absolute Force error:                                2.828e-08  -->   1.376e-09 (normalized)
Cross-section R error:                                       0.000e+00  -->   0.000e+00 (m)
Cross-section Z error:                                       0.000e+00  -->   0.000e+00 (m)
Fixed pressure profile error:                                0.000e+00  -->   0.000e+00 (Pa)
Fixed current profile error:                                 0.000e+00  -->   0.000e+00 (A)
Fixed Psi error:                                             0.000e+00  -->   0.000e+00 (Wb)
==============================================================================================================

