/home/ye2698/DESC/desc/integrals/_interp_utils.py:19: UserWarning: 
jax-finufft is not installed.
If you want to use NUFFTs, follow the DESC installation instructions.
Otherwise you must set the parameter nufft_eps to zero
when computing effective ripple, Gamma_c, and any other
computations that involve bounce integrals.

  warnings.warn(
DESC version=0.15.0+425.ga8f1b2dda.
Using JAX backend: jax version=0.6.2, jaxlib version=0.6.2, dtype=float64.
Using device: NVIDIA A100-PCIE-40GB (id=0), with 40.00 GB available memory.
Building objective: QS two-term
Precomputing transforms
Timer: Precomputing transforms = 342 ms
Building objective: aspect ratio
Precomputing transforms
Timer: Precomputing transforms = 40.4 ms
Building objective: volume
Precomputing transforms
Timer: Precomputing transforms = 40.4 ms
Building objective: rotational transform
Precomputing transforms
Timer: Precomputing transforms = 469 ms
Timer: Objective build = 980 ms
Building objective: force
Precomputing transforms
Timer: Precomputing transforms = 410 ms
Timer: Objective build = 734 ms
Timer: Objective build = 2.39 ms
Timer: Eq Update LinearConstraintProjection build = 2.53 sec
Timer: Proximal projection build = 29.2 sec
Building objective: fixed cross-section R
Building objective: fixed cross-section Z
Building objective: fixed pressure
Building objective: fixed current
Building objective: fixed Psi
Timer: Objective build = 287 ms
Timer: LinearConstraintProjection build = 804 ms
Number of parameters: 45
Number of objectives: 478
Timer: Initializing the optimization = 30.4 sec

Starting optimization
Using method: proximal-lsq-exact
Solver options:
------------------------------------------------------------
Maximum Function Evaluations       : 1251
Maximum Allowed Total Δx Norm      : inf
Scaled Termination                 : True
Trust Region Method                : qr
Initial Trust Radius               : 1.374e+01
Maximum Trust Radius               : inf
Minimum Trust Radius               : 2.220e-16
Trust Radius Increase Ratio        : 2.000e+00
Trust Radius Decrease Ratio        : 2.500e-01
Trust Radius Increase Threshold    : 7.500e-01
Trust Radius Decrease Threshold    : 2.500e-01
------------------------------------------------------------ 

   Iteration     Total nfev        Cost      Cost reduction    Step norm     Optimality   
       0              1          2.137e+02                                    6.269e+00   
       1              3          2.017e+02      1.200e+01      6.919e-03      5.355e+00   
       2              4          1.811e+02      2.060e+01      2.851e-02      2.650e+00   
       3              5          1.534e+02      2.772e+01      4.731e-02      2.335e+00   
       4              6          1.395e+02      1.389e+01      9.489e-02      4.143e+00   
       5              7          1.170e+02      2.248e+01      1.893e-02      7.445e+00   
       6              8          6.299e+01      5.402e+01      1.102e-01      1.429e+00   
       7             10          5.469e+01      8.297e+00      2.672e-02      1.472e+00   
       8             11          4.121e+01      1.348e+01      4.595e-02      3.074e+00   
       9             13          3.753e+01      3.684e+00      1.238e-02      2.207e+00   
      10             14          3.388e+01      3.648e+00      8.660e-03      5.864e-01   
      11             15          3.201e+01      1.870e+00      1.867e-02      5.236e-01   
      12             17          3.072e+01      1.288e+00      1.062e-02      1.808e-01   
      13             18          2.989e+01      8.358e-01      2.077e-02      7.365e-01   
      14             19          2.918e+01      7.008e-01      1.912e-02      1.850e-01   
      15             20          2.782e+01      1.367e+00      1.129e-02      3.544e-01   
      16             22          2.748e+01      3.337e-01      7.275e-03      1.085e-01   
      17             23          2.710e+01      3.883e-01      4.371e-03      1.545e-01   
      18             24          2.642e+01      6.791e-01      1.108e-02      2.643e-01   
      19             25          2.584e+01      5.776e-01      1.686e-02      4.884e-01   
      20             28          2.566e+01      1.753e-01      1.314e-03      2.110e-01   
      21             29          2.557e+01      8.988e-02      1.618e-03      5.053e-02   
      22             30          2.545e+01      1.229e-01      2.642e-03      5.772e-02   
      23             31          2.529e+01      1.658e-01      2.654e-03      2.325e-01   
      24             32          2.504e+01      2.452e-01      1.295e-03      6.233e-02   
      25             34          2.494e+01      9.718e-02      5.021e-04      1.291e-01   
      26             35          2.482e+01      1.202e-01      5.853e-04      7.651e-02   
      27             36          2.468e+01      1.468e-01      6.243e-04      4.832e-02   
      28             37          2.444e+01      2.383e-01      2.823e-03      9.790e-02   
      29             39          2.437e+01      6.759e-02      5.415e-03      3.111e-01   
      30             40          2.419e+01      1.794e-01      4.730e-03      6.064e-02   
      31             43          2.418e+01      1.321e-02      9.489e-04      6.824e-02   
Optimization terminated successfully.
`ftol` condition satisfied. (ftol=1.00e-03)
         Current function value: 2.418e+01
         Total delta_x: 4.263e-01
         Iterations: 31
         Function evaluations: 43
         Jacobian evaluations: 32
Timer: Solution time = 2.35 min
Timer: Avg time per step = 4.42 sec
==============================================================================================================
                                                                 Start  -->   End
Total (sum of squares):                                      2.055e+02  -->   2.418e+01, 
Maximum absolute Quasi-symmetry (1,0) two-term error:        3.025e-01  -->   6.714e-01 (T^3)
Minimum absolute Quasi-symmetry (1,0) two-term error:        2.532e-05  -->   3.943e-04 (T^3)
Average absolute Quasi-symmetry (1,0) two-term error:        5.511e-02  -->   1.141e-01 (T^3)
Aspect ratio:                                                6.037e+00  -->   3.463e+00 (dimensionless)
Plasma volume:                                               5.420e-01  -->   5.950e-01 (m^3)
Maximum Rotational transform:                                2.750e-02  -->   3.849e-01 (dimensionless)
Minimum Rotational transform:                                2.745e-02  -->   3.591e-01 (dimensionless)
Average Rotational transform:                                2.749e-02  -->   3.756e-01 (dimensionless)
Maximum absolute Force error:                                6.124e-01  -->   5.459e-01 (N)
Minimum absolute Force error:                                1.071e-05  -->   9.344e-06 (N)
Average absolute Force error:                                5.825e-02  -->   2.331e-02 (N)
Maximum absolute Force error:                                2.973e-07  -->   2.650e-07 (normalized)
Minimum absolute Force error:                                5.198e-12  -->   4.536e-12 (normalized)
Average absolute Force error:                                2.828e-08  -->   1.132e-08 (normalized)
Cross-section R error:                                       0.000e+00  -->   0.000e+00 (m)
Cross-section Z error:                                       0.000e+00  -->   0.000e+00 (m)
Fixed pressure profile error:                                0.000e+00  -->   0.000e+00 (Pa)
Fixed current profile error:                                 0.000e+00  -->   0.000e+00 (A)
Fixed Psi error:                                             0.000e+00  -->   0.000e+00 (Wb)
==============================================================================================================

