/home/ye2698/DESC/desc/integrals/_interp_utils.py:19: UserWarning: 
jax-finufft is not installed.
If you want to use NUFFTs, follow the DESC installation instructions.
Otherwise you must set the parameter nufft_eps to zero
when computing effective ripple, Gamma_c, and any other
computations that involve bounce integrals.

  warnings.warn(
DESC version=0.15.0+425.ga8f1b2dda.
Using JAX backend: jax version=0.6.2, jaxlib version=0.6.2, dtype=float64.
Using device: NVIDIA A100-PCIE-40GB (id=0), with 40.00 GB available memory.
Building objective: QS two-term
Precomputing transforms
Timer: Precomputing transforms = 347 ms
Building objective: aspect ratio
Precomputing transforms
Timer: Precomputing transforms = 40.0 ms
Building objective: volume
Precomputing transforms
Timer: Precomputing transforms = 39.7 ms
Timer: Objective build = 477 ms
Building objective: force
Precomputing transforms
Timer: Precomputing transforms = 413 ms
Timer: Objective build = 866 ms
Timer: Objective build = 3.07 ms
Timer: Eq Update LinearConstraintProjection build = 2.26 sec
Timer: Proximal projection build = 22.9 sec
Building objective: fixed cross-section R
Building objective: fixed cross-section Z
Building objective: fixed pressure
Building objective: fixed current
Building objective: fixed Psi
Timer: Objective build = 291 ms
Timer: LinearConstraintProjection build = 846 ms
Number of parameters: 45
Number of objectives: 461
Timer: Initializing the optimization = 24.1 sec

Starting optimization
Using method: proximal-lsq-exact
Solver options:
------------------------------------------------------------
Maximum Function Evaluations       : 1251
Maximum Allowed Total Δx Norm      : inf
Scaled Termination                 : True
Trust Region Method                : qr
Initial Trust Radius               : 1.004e+03
Maximum Trust Radius               : inf
Minimum Trust Radius               : 2.220e-16
Trust Radius Increase Ratio        : 2.000e+00
Trust Radius Decrease Ratio        : 2.500e-01
Trust Radius Increase Threshold    : 7.500e-01
Trust Radius Decrease Threshold    : 2.500e-01
------------------------------------------------------------ 

   Iteration     Total nfev        Cost      Cost reduction    Step norm     Optimality   
       0              1          2.652e+05                                    7.122e+02   
       1              2          3.143e+04      2.338e+05      6.497e-02      2.350e+02   
       2              3          1.892e+04      1.250e+04      1.428e-01      4.573e+01   
       3              4          6.274e+03      1.265e+04      1.919e-01      1.573e+01   
       4              5          5.812e+02      5.693e+03      2.820e-02      6.272e-01   
       5              7          3.506e+02      2.306e+02      2.310e-02      1.428e-01   
       6             10          3.364e+02      1.417e+01      3.195e-03      1.024e-01   
       7             11          3.238e+02      1.258e+01      1.342e-03      4.879e-02   
       8             12          3.117e+02      1.209e+01      1.014e-02      6.259e-02   
       9             13          2.964e+02      1.528e+01      1.334e-02      6.214e-02   
      10             15          2.881e+02      8.354e+00      9.433e-03      4.659e-02   
      11             16          2.792e+02      8.931e+00      1.772e-02      1.023e-01   
      12             18          2.742e+02      4.982e+00      2.459e-03      4.340e-02   
      13             19          2.712e+02      2.978e+00      3.706e-03      3.959e-02   
      14             49          2.712e+02      0.000e+00      0.000e+00      3.959e-02   
Warning: A bad approximation caused failure to predict improvement.
         Current function value: 2.712e+02
         Total delta_x: 3.725e-01
         Iterations: 14
         Function evaluations: 49
         Jacobian evaluations: 14
Timer: Solution time = 3.80 min
Timer: Avg time per step = 15.2 sec
==============================================================================================================
                                                                 Start  -->   End
Total (sum of squares):                                      2.817e+05  -->   2.712e+02, 
Maximum absolute Quasi-symmetry (1,4) two-term error:        4.684e+00  -->   2.179e-01 (T^3)
Minimum absolute Quasi-symmetry (1,4) two-term error:        1.493e-03  -->   1.398e-04 (T^3)
Average absolute Quasi-symmetry (1,4) two-term error:        1.223e+00  -->   2.926e-02 (T^3)
Aspect ratio:                                                7.980e+00  -->   5.164e+00 (dimensionless)
Plasma volume:                                               3.094e-01  -->   4.487e-01 (m^3)
Maximum absolute Force error:                                3.676e+00  -->   7.848e+00 (N)
Minimum absolute Force error:                                1.165e-04  -->   8.153e-06 (N)
Average absolute Force error:                                1.191e-01  -->   1.955e-01 (N)
Maximum absolute Force error:                                4.988e-05  -->   1.065e-04 (normalized)
Minimum absolute Force error:                                1.581e-09  -->   1.106e-10 (normalized)
Average absolute Force error:                                1.617e-06  -->   2.652e-06 (normalized)
Cross-section R error:                                       0.000e+00  -->   0.000e+00 (m)
Cross-section Z error:                                       0.000e+00  -->   0.000e+00 (m)
Fixed pressure profile error:                                0.000e+00  -->   0.000e+00 (Pa)
Fixed current profile error:                                 0.000e+00  -->   0.000e+00 (A)
Fixed Psi error:                                             0.000e+00  -->   0.000e+00 (Wb)
==============================================================================================================

