/home/ye2698/DESC/desc/integrals/_interp_utils.py:19: UserWarning: 
jax-finufft is not installed.
If you want to use NUFFTs, follow the DESC installation instructions.
Otherwise you must set the parameter nufft_eps to zero
when computing effective ripple, Gamma_c, and any other
computations that involve bounce integrals.

  warnings.warn(
DESC version=0.15.0+425.ga8f1b2dda.
Using JAX backend: jax version=0.6.2, jaxlib version=0.6.2, dtype=float64.
Using device: NVIDIA A100-PCIE-40GB (id=0), with 40.00 GB available memory.
Building objective: QS two-term
Precomputing transforms
Timer: Precomputing transforms = 343 ms
Building objective: aspect ratio
Precomputing transforms
Timer: Precomputing transforms = 40.1 ms
Building objective: volume
Precomputing transforms
Timer: Precomputing transforms = 40.1 ms
Timer: Objective build = 473 ms
Building objective: force
Precomputing transforms
Timer: Precomputing transforms = 409 ms
Timer: Objective build = 898 ms
Timer: Objective build = 2.98 ms
Timer: Eq Update LinearConstraintProjection build = 2.27 sec
Timer: Proximal projection build = 22.9 sec
Building objective: fixed cross-section R
Building objective: fixed cross-section Z
Building objective: fixed pressure
Building objective: fixed current
Building objective: fixed Psi
Timer: Objective build = 284 ms
Timer: LinearConstraintProjection build = 831 ms
Number of parameters: 45
Number of objectives: 461
Timer: Initializing the optimization = 24.1 sec

Starting optimization
Using method: proximal-lsq-exact
Solver options:
------------------------------------------------------------
Maximum Function Evaluations       : 1251
Maximum Allowed Total Δx Norm      : inf
Scaled Termination                 : True
Trust Region Method                : qr
Initial Trust Radius               : 2.009e+03
Maximum Trust Radius               : inf
Minimum Trust Radius               : 2.220e-16
Trust Radius Increase Ratio        : 2.000e+00
Trust Radius Decrease Ratio        : 2.500e-01
Trust Radius Increase Threshold    : 7.500e-01
Trust Radius Decrease Threshold    : 2.500e-01
------------------------------------------------------------ 

   Iteration     Total nfev        Cost      Cost reduction    Step norm     Optimality   
       0              1          1.061e+06                                    1.424e+03   
       1              2          6.732e+04      9.935e+05      1.001e-01      2.148e+02   
       2              3          1.444e+04      5.288e+04      1.655e-01      2.113e+01   
       3              5          2.643e+03      1.179e+04      2.913e-02      3.734e+00   
       4              7          1.598e+03      1.045e+03      4.508e-02      1.097e+00   
       5              8          1.106e+03      4.916e+02      4.238e-02      5.236e-01   
       6              9          9.435e+02      1.625e+02      1.309e-02      1.074e+00   
       7             10          6.521e+02      2.913e+02      7.019e-02      5.971e-01   
       8             11          6.027e+02      4.942e+01      2.356e-02      6.144e-01   
       9             13          4.762e+02      1.265e+02      1.484e-02      9.980e-02   
      10             15          4.679e+02      8.273e+00      5.178e-03      1.508e-01   
      11             16          4.570e+02      1.088e+01      2.005e-03      1.251e-01   
      12             17          4.520e+02      4.995e+00      3.535e-03      1.589e-01   
      13             18          4.393e+02      1.268e+01      3.561e-03      6.637e-02   
      14             21          4.381e+02      1.253e+00      3.543e-04      4.327e-02   
      15             22          4.373e+02      8.150e-01      5.456e-04      4.023e-02   
      16             23          4.365e+02      7.504e-01      6.270e-04      3.914e-02   
      17             24          4.358e+02      7.412e-01      6.586e-04      4.009e-02   
      18             25          4.350e+02      8.216e-01      6.436e-04      4.037e-02   
      19             26          4.333e+02      1.644e+00      1.362e-03      3.795e-02   
      20             27          4.301e+02      3.166e+00      2.614e-03      4.158e-02   
      21             28          4.243e+02      5.886e+00      4.213e-03      5.924e-02   
      22             30          4.205e+02      3.806e+00      1.471e-03      4.196e-02   
      23             31          4.148e+02      5.614e+00      3.341e-03      7.866e-02   
      24             33          4.102e+02      4.594e+00      1.038e-03      5.302e-02   
      25             34          4.036e+02      6.659e+00      2.625e-03      6.174e-02   
      26             36          4.007e+02      2.890e+00      8.710e-04      6.779e-02   
      27             37          3.991e+02      1.627e+00      1.982e-03      1.248e-01   
      28             38          3.962e+02      2.896e+00      3.685e-04      6.955e-02   
      29             39          3.933e+02      2.821e+00      2.778e-04      4.368e-02   
      30             40          3.901e+02      3.280e+00      6.782e-04      8.287e-02   
      31             41          3.803e+02      9.750e+00      1.669e-03      5.797e-02   
      32             42          3.635e+02      1.684e+01      4.124e-03      8.382e-02   
      33             43          3.422e+02      2.132e+01      8.923e-03      1.255e-01   
      34             45          3.299e+02      1.224e+01      2.388e-03      6.461e-02   
      35             47          3.254e+02      4.493e+00      9.237e-04      3.988e-02   
      36             48          3.208e+02      4.627e+00      9.945e-04      2.889e-02   
      37             50          3.185e+02      2.325e+00      7.146e-04      2.262e-02   
      38             51          3.166e+02      1.854e+00      1.497e-03      7.259e-02   
      39             52          3.115e+02      5.133e+00      1.727e-03      3.956e-02   
      40             53          3.031e+02      8.330e+00      2.918e-03      7.183e-02   
      41             55          2.973e+02      5.817e+00      1.560e-03      3.329e-02   
      42             56          2.909e+02      6.432e+00      4.044e-03      1.613e-01   
      43             58          2.839e+02      6.977e+00      3.947e-03      9.909e-02   
      44             59          2.798e+02      4.103e+00      7.561e-03      2.377e-01   
      45             60          2.691e+02      1.075e+01      9.782e-03      2.106e-01   
      46             62          2.631e+02      5.949e+00      5.199e-03      2.235e-01   
      47             63          2.557e+02      7.466e+00      7.466e-03      1.465e-01   
      48             64          2.431e+02      1.261e+01      1.139e-02      1.751e-01   
      49             66          2.403e+02      2.765e+00      4.918e-03      3.796e-01   
      50             67          2.297e+02      1.063e+01      2.133e-03      8.650e-02   
      51             68          2.256e+02      4.022e+00      2.660e-03      5.724e-02   
      52             99          2.256e+02      0.000e+00      0.000e+00      5.724e-02   
Warning: A bad approximation caused failure to predict improvement.
         Current function value: 2.256e+02
         Total delta_x: 2.389e-01
         Iterations: 52
         Function evaluations: 99
         Jacobian evaluations: 52
Timer: Solution time = 8.64 min
Timer: Avg time per step = 9.78 sec
==============================================================================================================
                                                                 Start  -->   End
Total (sum of squares):                                      1.127e+06  -->   2.256e+02, 
Maximum absolute Quasi-symmetry (1,4) two-term error:        4.684e+00  -->   1.751e-01 (T^3)
Minimum absolute Quasi-symmetry (1,4) two-term error:        1.493e-03  -->   1.682e-05 (T^3)
Average absolute Quasi-symmetry (1,4) two-term error:        1.223e+00  -->   1.473e-02 (T^3)
Aspect ratio:                                                7.980e+00  -->   5.623e+00 (dimensionless)
Plasma volume:                                               3.094e-01  -->   4.417e-01 (m^3)
Maximum absolute Force error:                                3.676e+00  -->   8.428e+00 (N)
Minimum absolute Force error:                                1.165e-04  -->   1.116e-05 (N)
Average absolute Force error:                                1.191e-01  -->   1.509e-01 (N)
Maximum absolute Force error:                                4.988e-05  -->   1.144e-04 (normalized)
Minimum absolute Force error:                                1.581e-09  -->   1.514e-10 (normalized)
Average absolute Force error:                                1.617e-06  -->   2.048e-06 (normalized)
Cross-section R error:                                       0.000e+00  -->   0.000e+00 (m)
Cross-section Z error:                                       0.000e+00  -->   0.000e+00 (m)
Fixed pressure profile error:                                0.000e+00  -->   0.000e+00 (Pa)
Fixed current profile error:                                 0.000e+00  -->   0.000e+00 (A)
Fixed Psi error:                                             0.000e+00  -->   0.000e+00 (Wb)
==============================================================================================================

