/home/ye2698/DESC/desc/integrals/_interp_utils.py:19: UserWarning: 
jax-finufft is not installed.
If you want to use NUFFTs, follow the DESC installation instructions.
Otherwise you must set the parameter nufft_eps to zero
when computing effective ripple, Gamma_c, and any other
computations that involve bounce integrals.

  warnings.warn(
DESC version=0.15.0+425.ga8f1b2dda.
Using JAX backend: jax version=0.6.2, jaxlib version=0.6.2, dtype=float64.
Using device: NVIDIA A100-PCIE-40GB (id=0), with 40.00 GB available memory.
Building objective: QS two-term
Precomputing transforms
Timer: Precomputing transforms = 349 ms
Building objective: aspect ratio
Precomputing transforms
Timer: Precomputing transforms = 39.7 ms
Building objective: volume
Precomputing transforms
Timer: Precomputing transforms = 39.3 ms
Timer: Objective build = 479 ms
Building objective: force
Precomputing transforms
Timer: Precomputing transforms = 414 ms
Timer: Objective build = 869 ms
Timer: Objective build = 3.03 ms
Timer: Eq Update LinearConstraintProjection build = 2.27 sec
Timer: Proximal projection build = 22.9 sec
Building objective: fixed cross-section R
Building objective: fixed cross-section Z
Building objective: fixed pressure
Building objective: fixed current
Building objective: fixed Psi
Timer: Objective build = 292 ms
Timer: LinearConstraintProjection build = 854 ms
Number of parameters: 45
Number of objectives: 461
Timer: Initializing the optimization = 24.2 sec

Starting optimization
Using method: proximal-lsq-exact
Solver options:
------------------------------------------------------------
Maximum Function Evaluations       : 1251
Maximum Allowed Total Δx Norm      : inf
Scaled Termination                 : True
Trust Region Method                : qr
Initial Trust Radius               : 2.009e+03
Maximum Trust Radius               : inf
Minimum Trust Radius               : 2.220e-16
Trust Radius Increase Ratio        : 2.000e+00
Trust Radius Decrease Ratio        : 2.500e-01
Trust Radius Increase Threshold    : 7.500e-01
Trust Radius Decrease Threshold    : 2.500e-01
------------------------------------------------------------ 

   Iteration     Total nfev        Cost      Cost reduction    Step norm     Optimality   
       0              1          1.061e+06                                    1.424e+03   
       1              2          7.947e+04      9.814e+05      1.105e-01      3.402e+02   
       2              3          3.615e+04      4.332e+04      9.200e-02      4.770e+01   
       3              4          1.165e+04      2.450e+04      1.402e-01      1.712e+01   
       4              5          3.258e+03      8.389e+03      1.486e-02      4.307e+00   
       5              8          1.629e+03      1.630e+03      1.993e-02      8.289e-01   
       6             10          1.200e+03      4.289e+02      1.035e-02      4.509e-01   
       7             11          1.175e+03      2.511e+01      3.073e-02      1.586e+00   
       8             12          1.002e+03      1.721e+02      5.549e-03      3.557e-01   
       9             13          9.404e+02      6.204e+01      6.521e-03      1.221e-01   
      10             14          8.905e+02      4.990e+01      1.139e-02      1.853e-01   
      11             15          8.390e+02      5.150e+01      5.994e-03      1.953e-01   
      12             17          8.137e+02      2.526e+01      2.599e-03      1.704e-01   
      13             18          7.908e+02      2.288e+01      9.375e-03      4.184e-01   
      14             19          7.316e+02      5.922e+01      7.946e-03      6.335e-02   
      15             20          6.863e+02      4.531e+01      5.757e-03      2.378e-01   
      16             21          6.551e+02      3.117e+01      4.148e-02      2.668e-01   
      17             25          6.480e+02      7.160e+00      3.037e-04      1.562e-01   
      18             26          6.388e+02      9.121e+00      7.968e-04      1.022e-01   
      19             28          6.361e+02      2.766e+00      4.958e-04      8.926e-02   
      20             29          6.339e+02      2.147e+00      5.462e-04      7.427e-02   
      21             30          6.323e+02      1.602e+00      6.155e-04      6.214e-02   
      22             31          6.312e+02      1.120e+00      7.003e-04      5.101e-02   
      23             32          6.305e+02      7.240e-01      7.853e-04      4.378e-02   
      24             33          6.300e+02      4.345e-01      8.477e-04      4.045e-02   
      25             61          6.300e+02      0.000e+00      0.000e+00      4.045e-02   
Warning: A bad approximation caused failure to predict improvement.
         Current function value: 6.300e+02
         Total delta_x: 7.585e-02
         Iterations: 25
         Function evaluations: 61
         Jacobian evaluations: 25
Timer: Solution time = 3.61 min
Timer: Avg time per step = 8.33 sec
==============================================================================================================
                                                                 Start  -->   End
Total (sum of squares):                                      1.127e+06  -->   6.300e+02, 
Maximum absolute Quasi-symmetry (1,4) two-term error:        4.684e+00  -->   1.472e-01 (T^3)
Minimum absolute Quasi-symmetry (1,4) two-term error:        1.493e-03  -->   7.295e-05 (T^3)
Average absolute Quasi-symmetry (1,4) two-term error:        1.223e+00  -->   2.261e-02 (T^3)
Aspect ratio:                                                7.980e+00  -->   6.968e+00 (dimensionless)
Plasma volume:                                               3.094e-01  -->   5.427e-01 (m^3)
Maximum absolute Force error:                                3.676e+00  -->   2.135e+01 (N)
Minimum absolute Force error:                                1.165e-04  -->   5.629e-05 (N)
Average absolute Force error:                                1.191e-01  -->   3.281e-01 (N)
Maximum absolute Force error:                                4.988e-05  -->   2.896e-04 (normalized)
Minimum absolute Force error:                                1.581e-09  -->   7.637e-10 (normalized)
Average absolute Force error:                                1.617e-06  -->   4.452e-06 (normalized)
Cross-section R error:                                       0.000e+00  -->   0.000e+00 (m)
Cross-section Z error:                                       0.000e+00  -->   0.000e+00 (m)
Fixed pressure profile error:                                0.000e+00  -->   0.000e+00 (Pa)
Fixed current profile error:                                 0.000e+00  -->   0.000e+00 (A)
Fixed Psi error:                                             0.000e+00  -->   0.000e+00 (Wb)
==============================================================================================================

