/home/ye2698/DESC/desc/integrals/_interp_utils.py:19: UserWarning: 
jax-finufft is not installed.
If you want to use NUFFTs, follow the DESC installation instructions.
Otherwise you must set the parameter nufft_eps to zero
when computing effective ripple, Gamma_c, and any other
computations that involve bounce integrals.

  warnings.warn(
DESC version=0.15.0+425.ga8f1b2dda.
Using JAX backend: jax version=0.6.2, jaxlib version=0.6.2, dtype=float64.
Using device: NVIDIA A100-PCIE-40GB (id=0), with 40.00 GB available memory.
Building objective: QS two-term
Precomputing transforms
Timer: Precomputing transforms = 346 ms
Building objective: aspect ratio
Precomputing transforms
Timer: Precomputing transforms = 40.2 ms
Building objective: volume
Precomputing transforms
Timer: Precomputing transforms = 40.2 ms
Timer: Objective build = 477 ms
Building objective: force
Precomputing transforms
Timer: Precomputing transforms = 413 ms
Timer: Objective build = 863 ms
Timer: Objective build = 3.11 ms
Timer: Eq Update LinearConstraintProjection build = 2.26 sec
Timer: Proximal projection build = 23.2 sec
Building objective: fixed cross-section R
Building objective: fixed cross-section Z
Building objective: fixed pressure
Building objective: fixed current
Building objective: fixed Psi
Timer: Objective build = 291 ms
Timer: LinearConstraintProjection build = 855 ms
Number of parameters: 45
Number of objectives: 461
Timer: Initializing the optimization = 24.5 sec

Starting optimization
Using method: proximal-lsq-exact
Solver options:
------------------------------------------------------------
Maximum Function Evaluations       : 1251
Maximum Allowed Total Δx Norm      : inf
Scaled Termination                 : True
Trust Region Method                : qr
Initial Trust Radius               : 1.231e+02
Maximum Trust Radius               : inf
Minimum Trust Radius               : 2.220e-16
Trust Radius Increase Ratio        : 2.000e+00
Trust Radius Decrease Ratio        : 2.500e-01
Trust Radius Increase Threshold    : 7.500e-01
Trust Radius Decrease Threshold    : 2.500e-01
------------------------------------------------------------ 

   Iteration     Total nfev        Cost      Cost reduction    Step norm     Optimality   
       0              1          2.654e+03                                    7.099e+01   
       1              2          9.111e+02      1.742e+03      1.233e-01      3.886e+01   
       2              3          5.532e+02      3.579e+02      1.518e-01      3.310e+01   
       3              4          6.097e+01      4.922e+02      3.389e-02      1.032e+01   
       4              6          3.820e+00      5.715e+01      3.748e-02      2.625e-01   
       5              9          3.211e+00      6.088e-01      4.069e-03      9.768e-01   
       6             10          1.956e+00      1.255e+00      3.231e-03      2.206e-01   
       7             12          1.796e+00      1.594e-01      1.193e-03      9.825e-02   
       8             14          1.752e+00      4.395e-02      4.834e-04      7.979e-02   
       9             16          1.732e+00      2.056e-02      2.461e-04      5.046e-02   
      10             17          1.718e+00      1.339e-02      6.613e-04      1.400e-01   
      11             18          1.694e+00      2.416e-02      9.315e-04      1.436e-01   
      12             19          1.672e+00      2.186e-02      1.201e-03      1.439e-01   
      13             20          1.650e+00      2.252e-02      1.427e-03      1.342e-01   
      14             21          1.628e+00      2.209e-02      1.581e-03      1.198e-01   
      15             22          1.606e+00      2.131e-02      1.675e-03      1.030e-01   
      16             23          1.586e+00      2.034e-02      1.725e-03      8.547e-02   
      17             24          1.577e+00      8.520e-03      3.669e-03      1.975e-01   
      18             25          1.541e+00      3.650e-02      7.467e-04      6.321e-02   
      19             26          1.523e+00      1.742e-02      1.730e-03      6.035e-02   
      20             27          1.492e+00      3.193e-02      3.649e-03      6.865e-02   
      21             29          1.472e+00      1.968e-02      1.618e-03      4.497e-02   
      22             30          1.438e+00      3.359e-02      3.563e-03      1.937e-02   
      23             31          1.388e+00      5.067e-02      7.191e-03      1.367e-01   
      24             32          1.339e+00      4.910e-02      1.448e-02      2.516e-01   
      25             34          1.240e+00      9.807e-02      2.482e-03      8.433e-02   
      26             35          1.201e+00      3.981e-02      7.066e-03      1.019e-01   
      27             37          1.165e+00      3.612e-02      3.647e-03      3.061e-02   
      28             38          1.151e+00      1.354e-02      8.002e-03      1.666e-01   
      29             40          1.127e+00      2.379e-02      1.814e-03      9.384e-02   
      30             41          1.124e+00      3.463e-03      4.140e-03      1.461e-01   
      31             42          1.104e+00      1.930e-02      1.058e-03      4.763e-02   
      32             44          1.101e+00      3.274e-03      5.557e-04      2.480e-02   
      33             45          1.100e+00      8.666e-04      1.079e-03      5.977e-02   
      34             46          1.096e+00      4.076e-03      2.795e-04      2.882e-03   
      35             47          1.096e+00      6.682e-04      5.412e-04      3.498e-02   
Optimization terminated successfully.
`ftol` condition satisfied. (ftol=1.00e-03)
         Current function value: 1.096e+00
         Total delta_x: 1.894e-01
         Iterations: 35
         Function evaluations: 47
         Jacobian evaluations: 36
Timer: Solution time = 2.94 min
Timer: Avg time per step = 4.90 sec
==============================================================================================================
                                                                 Start  -->   End
Total (sum of squares):                                      2.819e+03  -->   1.096e+00, 
Maximum absolute Quasi-symmetry (1,4) two-term error:        4.684e+00  -->   1.296e-01 (T^3)
Minimum absolute Quasi-symmetry (1,4) two-term error:        1.493e-03  -->   1.210e-05 (T^3)
Average absolute Quasi-symmetry (1,4) two-term error:        1.223e+00  -->   1.796e-02 (T^3)
Aspect ratio:                                                7.980e+00  -->   8.000e+00 (dimensionless)
Plasma volume:                                               3.094e-01  -->   5.262e-01 (m^3)
Maximum absolute Force error:                                3.676e+00  -->   7.179e+00 (N)
Minimum absolute Force error:                                1.165e-04  -->   1.662e-06 (N)
Average absolute Force error:                                1.191e-01  -->   1.350e-01 (N)
Maximum absolute Force error:                                4.988e-05  -->   9.741e-05 (normalized)
Minimum absolute Force error:                                1.581e-09  -->   2.255e-11 (normalized)
Average absolute Force error:                                1.617e-06  -->   1.832e-06 (normalized)
Cross-section R error:                                       0.000e+00  -->   0.000e+00 (m)
Cross-section Z error:                                       0.000e+00  -->   0.000e+00 (m)
Fixed pressure profile error:                                0.000e+00  -->   0.000e+00 (Pa)
Fixed current profile error:                                 0.000e+00  -->   0.000e+00 (A)
Fixed Psi error:                                             0.000e+00  -->   0.000e+00 (Wb)
==============================================================================================================

