/home/ye2698/DESC/desc/integrals/_interp_utils.py:19: UserWarning: 
jax-finufft is not installed.
If you want to use NUFFTs, follow the DESC installation instructions.
Otherwise you must set the parameter nufft_eps to zero
when computing effective ripple, Gamma_c, and any other
computations that involve bounce integrals.

  warnings.warn(
DESC version=0.15.0+425.ga8f1b2dda.
Using JAX backend: jax version=0.6.2, jaxlib version=0.6.2, dtype=float64.
Using device: NVIDIA A100-PCIE-40GB (id=0), with 40.00 GB available memory.
Building objective: QS two-term
Precomputing transforms
Timer: Precomputing transforms = 344 ms
Building objective: aspect ratio
Precomputing transforms
Timer: Precomputing transforms = 39.8 ms
Building objective: volume
Precomputing transforms
Timer: Precomputing transforms = 39.6 ms
Timer: Objective build = 473 ms
Building objective: force
Precomputing transforms
Timer: Precomputing transforms = 410 ms
Timer: Objective build = 860 ms
Timer: Objective build = 3.12 ms
Timer: Eq Update LinearConstraintProjection build = 2.25 sec
Timer: Proximal projection build = 22.9 sec
Building objective: fixed cross-section R
Building objective: fixed cross-section Z
Building objective: fixed pressure
Building objective: fixed current
Building objective: fixed Psi
Timer: Objective build = 290 ms
Timer: LinearConstraintProjection build = 846 ms
Number of parameters: 45
Number of objectives: 461
Timer: Initializing the optimization = 24.2 sec

Starting optimization
Using method: proximal-lsq-exact
Solver options:
------------------------------------------------------------
Maximum Function Evaluations       : 1251
Maximum Allowed Total Δx Norm      : inf
Scaled Termination                 : True
Trust Region Method                : qr
Initial Trust Radius               : 1.004e+03
Maximum Trust Radius               : inf
Minimum Trust Radius               : 2.220e-16
Trust Radius Increase Ratio        : 2.000e+00
Trust Radius Decrease Ratio        : 2.500e-01
Trust Radius Increase Threshold    : 7.500e-01
Trust Radius Decrease Threshold    : 2.500e-01
------------------------------------------------------------ 

   Iteration     Total nfev        Cost      Cost reduction    Step norm     Optimality   
       0              1          2.652e+05                                    7.122e+02   
       1              2          1.884e+04      2.464e+05      1.118e-01      1.392e+02   
       2              3          4.026e+03      1.482e+04      1.792e-01      1.820e+01   
       3              4          2.688e+02      3.757e+03      7.959e-02      8.619e-01   
       4              6          1.821e+02      8.674e+01      1.185e-01      6.495e-01   
       5              7          1.433e+02      3.877e+01      3.244e-02      3.110e-01   
       6              8          3.711e+01      1.062e+02      4.120e-02      6.650e-02   
       7             10          2.420e+01      1.292e+01      1.673e-02      1.789e-02   
       8             11          1.634e+01      7.859e+00      2.900e-02      3.043e-02   
       9             13          1.440e+01      1.943e+00      2.477e-02      6.411e-03   
      10             15          1.399e+01      4.010e-01      1.060e-02      4.043e-03   
      11             16          1.324e+01      7.500e-01      1.363e-02      1.733e-03   
      12             18          1.299e+01      2.504e-01      2.180e-03      2.943e-03   
      13             20          1.291e+01      8.653e-02      4.434e-04      2.769e-03   
      14             21          1.283e+01      7.965e-02      5.846e-04      2.801e-03   
      15             22          1.276e+01      7.145e-02      9.468e-04      2.917e-03   
      16             23          1.269e+01      6.447e-02      1.552e-03      3.197e-03   
      17             24          1.264e+01      5.716e-02      2.289e-03      3.503e-03   
      18             25          1.259e+01      4.948e-02      2.994e-03      3.680e-03   
      19             26          1.255e+01      4.028e-02      3.586e-03      3.639e-03   
      20             27          1.252e+01      2.930e-02      3.997e-03      3.338e-03   
      21             28          1.250e+01      1.944e-02      4.125e-03      2.811e-03   
      22             29          1.248e+01      1.774e-02      1.227e-03      6.923e-04   
      23             30          1.248e+01      2.952e-03      1.299e-03      8.031e-04   
      24             58          1.248e+01      0.000e+00      0.000e+00      8.031e-04   
Warning: A bad approximation caused failure to predict improvement.
         Current function value: 1.248e+01
         Total delta_x: 4.251e-01
         Iterations: 24
         Function evaluations: 58
         Jacobian evaluations: 24
Timer: Solution time = 3.00 min
Timer: Avg time per step = 7.20 sec
==============================================================================================================
                                                                 Start  -->   End
Total (sum of squares):                                      2.817e+05  -->   1.248e+01, 
Maximum absolute Quasi-symmetry (1,4) two-term error:        4.684e+00  -->   3.533e-02 (T^3)
Minimum absolute Quasi-symmetry (1,4) two-term error:        1.493e-03  -->   1.041e-05 (T^3)
Average absolute Quasi-symmetry (1,4) two-term error:        1.223e+00  -->   5.216e-03 (T^3)
Aspect ratio:                                                7.980e+00  -->   7.713e+00 (dimensionless)
Plasma volume:                                               3.094e-01  -->   1.113e+00 (m^3)
Maximum absolute Force error:                                3.676e+00  -->   1.024e+01 (N)
Minimum absolute Force error:                                1.165e-04  -->   1.777e-06 (N)
Average absolute Force error:                                1.191e-01  -->   1.895e-01 (N)
Maximum absolute Force error:                                4.988e-05  -->   1.389e-04 (normalized)
Minimum absolute Force error:                                1.581e-09  -->   2.412e-11 (normalized)
Average absolute Force error:                                1.617e-06  -->   2.571e-06 (normalized)
Cross-section R error:                                       0.000e+00  -->   0.000e+00 (m)
Cross-section Z error:                                       0.000e+00  -->   0.000e+00 (m)
Fixed pressure profile error:                                0.000e+00  -->   0.000e+00 (Pa)
Fixed current profile error:                                 0.000e+00  -->   0.000e+00 (A)
Fixed Psi error:                                             0.000e+00  -->   0.000e+00 (Wb)
==============================================================================================================

