/home/ye2698/DESC/desc/integrals/_interp_utils.py:19: UserWarning: 
jax-finufft is not installed.
If you want to use NUFFTs, follow the DESC installation instructions.
Otherwise you must set the parameter nufft_eps to zero
when computing effective ripple, Gamma_c, and any other
computations that involve bounce integrals.

  warnings.warn(
DESC version=0.15.0+425.ga8f1b2dda.
Using JAX backend: jax version=0.6.2, jaxlib version=0.6.2, dtype=float64.
Using device: NVIDIA A100-PCIE-40GB (id=0), with 40.00 GB available memory.
Building objective: QS two-term
Precomputing transforms
Timer: Precomputing transforms = 349 ms
Building objective: aspect ratio
Precomputing transforms
Timer: Precomputing transforms = 40.4 ms
Building objective: volume
Precomputing transforms
Timer: Precomputing transforms = 39.6 ms
Timer: Objective build = 480 ms
Building objective: force
Precomputing transforms
Timer: Precomputing transforms = 414 ms
Timer: Objective build = 869 ms
Timer: Objective build = 3.16 ms
Timer: Eq Update LinearConstraintProjection build = 2.26 sec
Timer: Proximal projection build = 23.0 sec
Building objective: fixed cross-section R
Building objective: fixed cross-section Z
Building objective: fixed pressure
Building objective: fixed current
Building objective: fixed Psi
Timer: Objective build = 296 ms
Timer: LinearConstraintProjection build = 857 ms
Number of parameters: 45
Number of objectives: 461
Timer: Initializing the optimization = 24.3 sec

Starting optimization
Using method: proximal-lsq-exact
Solver options:
------------------------------------------------------------
Maximum Function Evaluations       : 1251
Maximum Allowed Total Δx Norm      : inf
Scaled Termination                 : True
Trust Region Method                : qr
Initial Trust Radius               : 1.004e+03
Maximum Trust Radius               : inf
Minimum Trust Radius               : 2.220e-16
Trust Radius Increase Ratio        : 2.000e+00
Trust Radius Decrease Ratio        : 2.500e-01
Trust Radius Increase Threshold    : 7.500e-01
Trust Radius Decrease Threshold    : 2.500e-01
------------------------------------------------------------ 

   Iteration     Total nfev        Cost      Cost reduction    Step norm     Optimality   
       0              1          2.652e+05                                    7.122e+02   
       1              2          1.681e+04      2.484e+05      1.005e-01      8.868e+01   
       2              3          7.093e+03      9.719e+03      1.317e-01      1.873e+01   
       3              4          3.925e+03      3.168e+03      3.411e-02      1.450e+01   
       4              5          1.353e+03      2.572e+03      7.822e-02      4.431e+00   
       5              6          3.146e+02      1.038e+03      9.536e-02      8.359e-01   
       6              9          2.014e+02      1.132e+02      1.706e-02      1.110e-01   
       7             10          1.884e+02      1.302e+01      4.609e-02      1.806e-01   
       8             11          1.539e+02      3.454e+01      4.911e-03      7.073e-02   
       9             13          1.448e+02      9.112e+00      1.266e-02      7.960e-02   
      10             14          1.256e+02      1.914e+01      8.892e-03      4.742e-02   
      11             16          1.150e+02      1.064e+01      4.326e-03      4.153e-02   
      12             17          1.127e+02      2.314e+00      1.214e-02      1.738e-01   
      13             18          1.057e+02      6.994e+00      4.031e-03      9.663e-02   
      14             20          1.039e+02      1.792e+00      1.114e-03      1.869e-02   
      15             21          1.025e+02      1.362e+00      3.194e-03      3.013e-02   
      16             22          1.013e+02      1.245e+00      2.940e-03      2.872e-02   
      17             23          9.893e+01      2.343e+00      4.447e-03      4.045e-02   
      18             24          9.434e+01      4.589e+00      4.669e-03      6.292e-02   
      19             26          8.910e+01      5.245e+00      1.269e-03      3.101e-02   
      20             28          8.716e+01      1.935e+00      8.543e-04      2.326e-02   
      21             30          8.654e+01      6.222e-01      5.296e-04      4.479e-02   
      22             31          8.549e+01      1.052e+00      9.227e-04      2.167e-02   
      23             33          8.510e+01      3.905e-01      5.584e-04      1.130e-02   
      24             35          8.495e+01      1.512e-01      2.517e-04      1.195e-02   
      25             36          8.464e+01      3.064e-01      3.976e-04      9.621e-03   
      26             37          8.407e+01      5.673e-01      5.301e-04      1.195e-02   
      27             39          8.382e+01      2.553e-01      2.520e-04      9.744e-03   
      28             41          8.371e+01      1.118e-01      1.348e-04      1.131e-02   
      29             42          8.346e+01      2.451e-01      2.750e-04      8.629e-03   
      30             44          8.336e+01      1.041e-01      1.335e-04      1.032e-02   
      31             46          8.332e+01      3.662e-02      5.958e-05      1.096e-02   
Optimization terminated successfully.
`ftol` condition satisfied. (ftol=1.00e-03)
         Current function value: 8.332e+01
         Total delta_x: 2.932e-01
         Iterations: 31
         Function evaluations: 46
         Jacobian evaluations: 32
Timer: Solution time = 4.59 min
Timer: Avg time per step = 8.61 sec
==============================================================================================================
                                                                 Start  -->   End
Total (sum of squares):                                      2.817e+05  -->   8.332e+01, 
Maximum absolute Quasi-symmetry (1,4) two-term error:        4.684e+00  -->   2.003e-01 (T^3)
Minimum absolute Quasi-symmetry (1,4) two-term error:        1.493e-03  -->   1.065e-05 (T^3)
Average absolute Quasi-symmetry (1,4) two-term error:        1.223e+00  -->   1.637e-02 (T^3)
Aspect ratio:                                                7.980e+00  -->   5.021e+00 (dimensionless)
Plasma volume:                                               3.094e-01  -->   4.680e-01 (m^3)
Maximum absolute Force error:                                3.676e+00  -->   1.582e+01 (N)
Minimum absolute Force error:                                1.165e-04  -->   8.893e-07 (N)
Average absolute Force error:                                1.191e-01  -->   4.880e-01 (N)
Maximum absolute Force error:                                4.988e-05  -->   2.146e-04 (normalized)
Minimum absolute Force error:                                1.581e-09  -->   1.207e-11 (normalized)
Average absolute Force error:                                1.617e-06  -->   6.621e-06 (normalized)
Cross-section R error:                                       0.000e+00  -->   0.000e+00 (m)
Cross-section Z error:                                       0.000e+00  -->   0.000e+00 (m)
Fixed pressure profile error:                                0.000e+00  -->   0.000e+00 (Pa)
Fixed current profile error:                                 0.000e+00  -->   0.000e+00 (A)
Fixed Psi error:                                             0.000e+00  -->   0.000e+00 (Wb)
==============================================================================================================

