/home/ye2698/DESC/desc/integrals/_interp_utils.py:19: UserWarning: 
jax-finufft is not installed.
If you want to use NUFFTs, follow the DESC installation instructions.
Otherwise you must set the parameter nufft_eps to zero
when computing effective ripple, Gamma_c, and any other
computations that involve bounce integrals.

  warnings.warn(
DESC version=0.15.0+425.ga8f1b2dda.
Using JAX backend: jax version=0.6.2, jaxlib version=0.6.2, dtype=float64.
Using device: NVIDIA A100-PCIE-40GB (id=0), with 40.00 GB available memory.
Building objective: QS two-term
Precomputing transforms
Timer: Precomputing transforms = 346 ms
Building objective: aspect ratio
Precomputing transforms
Timer: Precomputing transforms = 39.7 ms
Building objective: volume
Precomputing transforms
Timer: Precomputing transforms = 39.8 ms
Timer: Objective build = 476 ms
Building objective: force
Precomputing transforms
Timer: Precomputing transforms = 412 ms
Timer: Objective build = 866 ms
Timer: Objective build = 3.07 ms
Timer: Eq Update LinearConstraintProjection build = 2.28 sec
Timer: Proximal projection build = 22.9 sec
Building objective: fixed cross-section R
Building objective: fixed cross-section Z
Building objective: fixed pressure
Building objective: fixed current
Building objective: fixed Psi
Timer: Objective build = 294 ms
Timer: LinearConstraintProjection build = 856 ms
Number of parameters: 45
Number of objectives: 461
Timer: Initializing the optimization = 24.1 sec

Starting optimization
Using method: proximal-lsq-exact
Solver options:
------------------------------------------------------------
Maximum Function Evaluations       : 1251
Maximum Allowed Total Δx Norm      : inf
Scaled Termination                 : True
Trust Region Method                : qr
Initial Trust Radius               : 1.007e+03
Maximum Trust Radius               : inf
Minimum Trust Radius               : 2.220e-16
Trust Radius Increase Ratio        : 2.000e+00
Trust Radius Decrease Ratio        : 2.500e-01
Trust Radius Increase Threshold    : 7.500e-01
Trust Radius Decrease Threshold    : 2.500e-01
------------------------------------------------------------ 

   Iteration     Total nfev        Cost      Cost reduction    Step norm     Optimality   
       0              1          2.652e+05                                    7.117e+02   
       1              2          1.489e+04      2.503e+05      1.311e-01      1.106e+02   
       2              4          6.254e+03      8.641e+03      8.491e-02      2.145e+01   
       3              6          1.255e+03      5.000e+03      4.149e-03      1.328e+01   
       4              7          7.663e+02      4.884e+02      7.457e-03      8.051e+00   
       5              9          5.251e+02      2.412e+02      2.058e-03      1.093e+00   
       6             11          4.913e+02      3.373e+01      8.270e-04      4.888e-01   
       7             13          4.830e+02      8.283e+00      4.836e-04      2.662e-01   
       8             14          4.717e+02      1.138e+01      1.351e-03      3.626e-01   
       9             15          4.506e+02      2.107e+01      3.548e-03      4.701e-01   
      10             17          4.363e+02      1.429e+01      1.775e-03      4.342e-01   
      11             18          4.168e+02      1.946e+01      5.071e-03      1.274e+00   
      12             19          4.156e+02      1.276e+00      9.852e-03      3.077e+00   
      13             20          3.487e+02      6.685e+01      1.936e-03      1.087e+00   
      14             21          3.253e+02      2.337e+01      5.921e-03      6.414e-01   
      15             22          3.099e+02      1.548e+01      1.327e-02      1.387e+00   
      16             24          2.991e+02      1.075e+01      2.692e-03      5.422e-01   
      17             25          2.929e+02      6.233e+00      2.766e-03      6.749e-01   
      18             26          2.839e+02      8.962e+00      2.478e-03      8.060e-01   
      19             27          2.830e+02      9.383e-01      6.507e-03      2.478e+00   
      20             28          2.618e+02      2.113e+01      1.351e-03      3.423e-01   
      21             29          2.546e+02      7.216e+00      4.670e-03      2.895e-01   
      22             30          2.431e+02      1.149e+01      1.033e-02      4.280e-01   
      23             31          2.286e+02      1.459e+01      1.814e-02      9.214e-01   
      24             32          2.165e+02      1.208e+01      1.227e-02      1.034e+00   
      25             34          2.025e+02      1.398e+01      1.003e-03      6.823e-01   
      26             35          1.895e+02      1.297e+01      3.317e-03      5.126e-01   
      27             36          1.730e+02      1.656e+01      1.009e-02      7.285e-01   
      28             38          1.660e+02      6.930e+00      4.692e-03      1.266e+00   
      29             39          1.562e+02      9.855e+00      4.129e-03      1.780e+00   
      30             41          1.484e+02      7.817e+00      1.271e-03      4.568e-01   
      31             43          1.467e+02      1.617e+00      5.610e-04      4.825e-01   
      32             44          1.449e+02      1.795e+00      1.080e-03      8.110e-01   
      33             46          1.436e+02      1.346e+00      1.137e-04      2.272e-01   
      34             47          1.431e+02      5.203e-01      1.152e-04      3.013e-01   
      35             48          1.421e+02      9.530e-01      1.233e-04      1.992e-01   
      36             49          1.413e+02      8.306e-01      1.664e-04      1.974e-01   
      37             50          1.405e+02      7.777e-01      1.937e-04      2.041e-01   
      38             51          1.397e+02      7.783e-01      2.116e-04      2.036e-01   
      39             52          1.390e+02      7.806e-01      2.271e-04      2.036e-01   
      40             53          1.382e+02      7.841e-01      2.420e-04      2.192e-01   
      41             54          1.374e+02      7.876e-01      2.556e-04      2.328e-01   
      42             55          1.366e+02      7.901e-01      2.683e-04      2.447e-01   
      43             84          1.366e+02      0.000e+00      0.000e+00      2.447e-01   
Warning: A bad approximation caused failure to predict improvement.
         Current function value: 1.366e+02
         Total delta_x: 8.623e-02
         Iterations: 43
         Function evaluations: 84
         Jacobian evaluations: 43
Timer: Solution time = 3.57 min
Timer: Avg time per step = 4.88 sec
==============================================================================================================
                                                                 Start  -->   End
Total (sum of squares):                                      2.817e+05  -->   1.366e+02, 
Maximum absolute Quasi-symmetry (1,4) two-term error:        4.684e+00  -->   2.329e-01 (T^3)
Minimum absolute Quasi-symmetry (1,4) two-term error:        1.493e-03  -->   9.956e-05 (T^3)
Average absolute Quasi-symmetry (1,4) two-term error:        1.223e+00  -->   2.211e-02 (T^3)
Aspect ratio:                                                7.980e+00  -->   7.999e+00 (dimensionless)
Plasma volume:                                               3.094e-01  -->   4.103e-01 (m^3)
Maximum absolute Force error:                                3.676e+00  -->   5.876e+00 (N)
Minimum absolute Force error:                                1.165e-04  -->   1.027e-06 (N)
Average absolute Force error:                                1.191e-01  -->   1.846e-01 (N)
Maximum absolute Force error:                                4.988e-05  -->   7.973e-05 (normalized)
Minimum absolute Force error:                                1.581e-09  -->   1.394e-11 (normalized)
Average absolute Force error:                                1.617e-06  -->   2.504e-06 (normalized)
Cross-section R error:                                       0.000e+00  -->   0.000e+00 (m)
Cross-section Z error:                                       0.000e+00  -->   0.000e+00 (m)
Fixed pressure profile error:                                0.000e+00  -->   0.000e+00 (Pa)
Fixed current profile error:                                 0.000e+00  -->   0.000e+00 (A)
Fixed Psi error:                                             0.000e+00  -->   0.000e+00 (Wb)
==============================================================================================================

