/home/ye2698/DESC/desc/integrals/_interp_utils.py:19: UserWarning: 
jax-finufft is not installed.
If you want to use NUFFTs, follow the DESC installation instructions.
Otherwise you must set the parameter nufft_eps to zero
when computing effective ripple, Gamma_c, and any other
computations that involve bounce integrals.

  warnings.warn(
DESC version=0.15.0+425.ga8f1b2dda.
Using JAX backend: jax version=0.6.2, jaxlib version=0.6.2, dtype=float64.
Using device: NVIDIA A100 80GB PCIe (id=0), with 80.00 GB available memory.
Building objective: QS two-term
Precomputing transforms
Timer: Precomputing transforms = 315 ms
Building objective: aspect ratio
Precomputing transforms
Timer: Precomputing transforms = 39.3 ms
Building objective: volume
Precomputing transforms
Timer: Precomputing transforms = 38.8 ms
Timer: Objective build = 437 ms
Building objective: force
Precomputing transforms
Timer: Precomputing transforms = 375 ms
Timer: Objective build = 766 ms
Timer: Objective build = 2.65 ms
Timer: Eq Update LinearConstraintProjection build = 2.07 sec
Timer: Proximal projection build = 20.9 sec
Building objective: fixed cross-section R
Building objective: fixed cross-section Z
Building objective: fixed pressure
Building objective: fixed current
Building objective: fixed Psi
Timer: Objective build = 258 ms
Timer: LinearConstraintProjection build = 733 ms
Number of parameters: 45
Number of objectives: 461
Timer: Initializing the optimization = 22.0 sec

Starting optimization
Using method: proximal-lsq-exact
Solver options:
------------------------------------------------------------
Maximum Function Evaluations       : 1251
Maximum Allowed Total Δx Norm      : inf
Scaled Termination                 : True
Trust Region Method                : qr
Initial Trust Radius               : 1.007e+02
Maximum Trust Radius               : inf
Minimum Trust Radius               : 2.220e-16
Trust Radius Increase Ratio        : 2.000e+00
Trust Radius Decrease Ratio        : 2.500e-01
Trust Radius Increase Threshold    : 7.500e-01
Trust Radius Decrease Threshold    : 2.500e-01
------------------------------------------------------------ 

   Iteration     Total nfev        Cost      Cost reduction    Step norm     Optimality   
       0              1          2.652e+03                                    7.117e+01   
       1              2          1.987e+02      2.453e+03      1.497e-01      1.383e+01   
       2              3          1.376e+02      6.115e+01      5.999e-02      2.341e+00   
       3              5          1.012e+01      1.275e+02      1.402e-02      5.659e-01   
       4              7          2.751e+00      7.364e+00      2.440e-02      1.173e-01   
       5              9          2.157e+00      5.944e-01      4.848e-03      2.670e-02   
       6             39          2.157e+00      0.000e+00      0.000e+00      2.670e-02   
Warning: A bad approximation caused failure to predict improvement.
         Current function value: 2.157e+00
         Total delta_x: 2.438e-01
         Iterations: 6
         Function evaluations: 39
         Jacobian evaluations: 6
Timer: Solution time = 5.29 min
Timer: Avg time per step = 45.3 sec
==============================================================================================================
                                                                 Start  -->   End
Total (sum of squares):                                      2.817e+03  -->   2.157e+00, 
Maximum absolute Quasi-symmetry (1,4) two-term error:        4.684e+00  -->   1.475e-01 (T^3)
Minimum absolute Quasi-symmetry (1,4) two-term error:        1.493e-03  -->   5.869e-06 (T^3)
Average absolute Quasi-symmetry (1,4) two-term error:        1.223e+00  -->   2.429e-02 (T^3)
Aspect ratio:                                                7.980e+00  -->   7.977e+00 (dimensionless)
Plasma volume:                                               3.094e-01  -->   6.034e-01 (m^3)
Maximum absolute Force error:                                3.676e+00  -->   1.954e+01 (N)
Minimum absolute Force error:                                1.165e-04  -->   1.268e-05 (N)
Average absolute Force error:                                1.191e-01  -->   3.384e-01 (N)
Maximum absolute Force error:                                4.988e-05  -->   2.651e-04 (normalized)
Minimum absolute Force error:                                1.581e-09  -->   1.721e-10 (normalized)
Average absolute Force error:                                1.617e-06  -->   4.591e-06 (normalized)
Cross-section R error:                                       0.000e+00  -->   0.000e+00 (m)
Cross-section Z error:                                       0.000e+00  -->   0.000e+00 (m)
Fixed pressure profile error:                                0.000e+00  -->   0.000e+00 (Pa)
Fixed current profile error:                                 0.000e+00  -->   0.000e+00 (A)
Fixed Psi error:                                             0.000e+00  -->   0.000e+00 (Wb)
==============================================================================================================

