/home/ye2698/DESC/desc/integrals/_interp_utils.py:19: UserWarning: 
jax-finufft is not installed.
If you want to use NUFFTs, follow the DESC installation instructions.
Otherwise you must set the parameter nufft_eps to zero
when computing effective ripple, Gamma_c, and any other
computations that involve bounce integrals.

  warnings.warn(
DESC version=0.15.0+425.ga8f1b2dda.
Using JAX backend: jax version=0.6.2, jaxlib version=0.6.2, dtype=float64.
Using device: NVIDIA A100-PCIE-40GB (id=0), with 40.00 GB available memory.
Building objective: QS two-term
Precomputing transforms
Timer: Precomputing transforms = 339 ms
Building objective: aspect ratio
Precomputing transforms
Timer: Precomputing transforms = 39.9 ms
Building objective: volume
Precomputing transforms
Timer: Precomputing transforms = 39.5 ms
Timer: Objective build = 468 ms
Building objective: force
Precomputing transforms
Timer: Precomputing transforms = 457 ms
Timer: Objective build = 935 ms
Timer: Objective build = 2.97 ms
Timer: Eq Update LinearConstraintProjection build = 2.28 sec
Timer: Proximal projection build = 23.0 sec
Building objective: fixed cross-section R
Building objective: fixed cross-section Z
Building objective: fixed pressure
Building objective: fixed current
Building objective: fixed Psi
Timer: Objective build = 294 ms
Timer: LinearConstraintProjection build = 1.13 sec
Number of parameters: 45
Number of objectives: 461
Timer: Initializing the optimization = 24.5 sec

Starting optimization
Using method: proximal-lsq-exact
Solver options:
------------------------------------------------------------
Maximum Function Evaluations       : 1251
Maximum Allowed Total Δx Norm      : inf
Scaled Termination                 : True
Trust Region Method                : qr
Initial Trust Radius               : 1.007e+02
Maximum Trust Radius               : inf
Minimum Trust Radius               : 2.220e-16
Trust Radius Increase Ratio        : 2.000e+00
Trust Radius Decrease Ratio        : 2.500e-01
Trust Radius Increase Threshold    : 7.500e-01
Trust Radius Decrease Threshold    : 2.500e-01
------------------------------------------------------------ 

   Iteration     Total nfev        Cost      Cost reduction    Step norm     Optimality   
       0              1          2.652e+03                                    7.116e+01   
       1              2          1.306e+02      2.522e+03      2.725e-02      4.491e+00   
       2              5          6.171e+01      6.887e+01      4.557e-03      4.928e+00   
       3              6          4.082e+01      2.089e+01      3.033e-02      2.644e+00   
       4              8          2.292e+01      1.790e+01      4.314e-03      1.188e+00   
       5              9          1.954e+01      3.383e+00      2.284e-03      2.049e+00   
       6             11          1.641e+01      3.133e+00      1.731e-03      5.981e-01   
       7             12          1.492e+01      1.486e+00      1.199e-03      2.549e-01   
       8             14          1.440e+01      5.147e-01      6.813e-04      1.699e-01   
       9             15          1.434e+01      6.243e-02      1.586e-03      5.851e-01   
      10             16          1.389e+01      4.487e-01      3.477e-04      1.789e-01   
      11             17          1.356e+01      3.363e-01      6.952e-04      1.586e-01   
      12             18          1.328e+01      2.791e-01      7.743e-04      1.702e-01   
      13             19          1.298e+01      3.024e-01      8.235e-04      1.718e-01   
      14             20          1.268e+01      2.972e-01      8.950e-04      1.882e-01   
      15             21          1.238e+01      3.027e-01      9.775e-04      1.961e-01   
      16             22          1.174e+01      6.386e-01      2.329e-03      2.869e-01   
      17             23          1.089e+01      8.487e-01      5.966e-03      7.141e-01   
      18             24          9.685e+00      1.204e+00      7.344e-03      5.102e-01   
      19             25          9.240e+00      4.451e-01      7.520e-03      1.153e+00   
      20             26          8.936e+00      3.035e-01      8.724e-03      1.363e+00   
      21             27          7.679e+00      1.257e+00      1.560e-03      2.650e-01   
      22             28          7.267e+00      4.122e-01      3.295e-03      2.794e-01   
      23             29          6.932e+00      3.347e-01      5.649e-03      9.229e-01   
      24             30          6.029e+00      9.038e-01      4.210e-03      8.378e-01   
      25             32          5.373e+00      6.554e-01      1.623e-03      2.356e-01   
      26             33          5.200e+00      1.730e-01      3.458e-03      7.180e-01   
      27             34          4.660e+00      5.399e-01      3.056e-03      5.900e-01   
      28             36          4.212e+00      4.485e-01      5.368e-04      1.765e-01   
      29             37          4.172e+00      4.027e-02      2.058e-03      4.488e-01   
      30             38          3.943e+00      2.289e-01      1.746e-04      1.091e-01   
      31             39          3.794e+00      1.488e-01      8.257e-04      2.812e-01   
      32             40          3.605e+00      1.885e-01      1.004e-03      1.612e-01   
      33             41          3.378e+00      2.274e-01      2.544e-03      1.981e-01   
      34             42          3.040e+00      3.379e-01      4.279e-03      1.963e-01   
      35             44          2.841e+00      1.991e-01      2.084e-03      4.614e-02   
      36             45          2.623e+00      2.182e-01      3.750e-03      1.022e-01   
      37             46          2.452e+00      1.712e-01      5.292e-03      2.825e-01   
      38             47          2.386e+00      6.593e-02      3.773e-03      3.304e-01   
      39             48          2.212e+00      1.736e-01      1.396e-03      2.922e-01   
      40             49          2.066e+00      1.457e-01      1.311e-03      8.298e-02   
      41             52          2.043e+00      2.364e-02      7.237e-05      3.983e-02   
      42             53          2.021e+00      2.164e-02      4.487e-05      1.968e-02   
      43             54          1.998e+00      2.291e-02      2.998e-04      2.553e-02   
      44             55          1.970e+00      2.839e-02      6.823e-04      3.166e-02   
      45             56          1.941e+00      2.867e-02      5.452e-04      2.582e-02   
      46             57          1.916e+00      2.516e-02      4.428e-04      2.361e-02   
      47             59          1.907e+00      9.336e-03      6.363e-05      1.415e-02   
      48             60          1.899e+00      7.762e-03      9.393e-05      1.283e-02   
      49             61          1.891e+00      7.374e-03      9.939e-05      1.223e-02   
      50             62          1.884e+00      7.130e-03      9.698e-05      1.195e-02   
      51             89          1.884e+00      0.000e+00      0.000e+00      1.195e-02   
Warning: A bad approximation caused failure to predict improvement.
         Current function value: 1.884e+00
         Total delta_x: 7.030e-02
         Iterations: 51
         Function evaluations: 89
         Jacobian evaluations: 51
Timer: Solution time = 3.60 min
Timer: Avg time per step = 4.15 sec
==============================================================================================================
                                                                 Start  -->   End
Total (sum of squares):                                      2.817e+03  -->   1.884e+00, 
Maximum absolute Quasi-symmetry (1,4) two-term error:        4.684e+00  -->   2.543e-01 (T^3)
Minimum absolute Quasi-symmetry (1,4) two-term error:        1.493e-03  -->   3.759e-04 (T^3)
Average absolute Quasi-symmetry (1,4) two-term error:        1.223e+00  -->   3.606e-02 (T^3)
Aspect ratio:                                                7.980e+00  -->   7.998e+00 (dimensionless)
Plasma volume:                                               3.094e-01  -->   3.111e-01 (m^3)
Maximum absolute Force error:                                3.676e+00  -->   1.104e+01 (N)
Minimum absolute Force error:                                1.165e-04  -->   5.715e-05 (N)
Average absolute Force error:                                1.191e-01  -->   2.121e-01 (N)
Maximum absolute Force error:                                4.988e-05  -->   1.498e-04 (normalized)
Minimum absolute Force error:                                1.581e-09  -->   7.754e-10 (normalized)
Average absolute Force error:                                1.617e-06  -->   2.878e-06 (normalized)
Cross-section R error:                                       0.000e+00  -->   0.000e+00 (m)
Cross-section Z error:                                       0.000e+00  -->   0.000e+00 (m)
Fixed pressure profile error:                                0.000e+00  -->   0.000e+00 (Pa)
Fixed current profile error:                                 0.000e+00  -->   0.000e+00 (A)
Fixed Psi error:                                             0.000e+00  -->   0.000e+00 (Wb)
==============================================================================================================

