/home/ye2698/DESC/desc/integrals/_interp_utils.py:19: UserWarning: 
jax-finufft is not installed.
If you want to use NUFFTs, follow the DESC installation instructions.
Otherwise you must set the parameter nufft_eps to zero
when computing effective ripple, Gamma_c, and any other
computations that involve bounce integrals.

  warnings.warn(
DESC version=0.15.0+425.ga8f1b2dda.
Using JAX backend: jax version=0.6.2, jaxlib version=0.6.2, dtype=float64.
Using device: NVIDIA A100-PCIE-40GB (id=0), with 40.00 GB available memory.
Building objective: QS two-term
Precomputing transforms
Timer: Precomputing transforms = 345 ms
Building objective: aspect ratio
Precomputing transforms
Timer: Precomputing transforms = 40.3 ms
Building objective: volume
Precomputing transforms
Timer: Precomputing transforms = 39.9 ms
Timer: Objective build = 478 ms
Building objective: force
Precomputing transforms
Timer: Precomputing transforms = 415 ms
Timer: Objective build = 865 ms
Timer: Objective build = 3.10 ms
Timer: Eq Update LinearConstraintProjection build = 2.26 sec
Timer: Proximal projection build = 22.9 sec
Building objective: fixed cross-section R
Building objective: fixed cross-section Z
Building objective: fixed pressure
Building objective: fixed current
Building objective: fixed Psi
Timer: Objective build = 289 ms
Timer: LinearConstraintProjection build = 840 ms
Number of parameters: 45
Number of objectives: 461
Timer: Initializing the optimization = 24.1 sec

Starting optimization
Using method: proximal-lsq-exact
Solver options:
------------------------------------------------------------
Maximum Function Evaluations       : 1251
Maximum Allowed Total Δx Norm      : inf
Scaled Termination                 : True
Trust Region Method                : qr
Initial Trust Radius               : 2.009e+03
Maximum Trust Radius               : inf
Minimum Trust Radius               : 2.220e-16
Trust Radius Increase Ratio        : 2.000e+00
Trust Radius Decrease Ratio        : 2.500e-01
Trust Radius Increase Threshold    : 7.500e-01
Trust Radius Decrease Threshold    : 2.500e-01
------------------------------------------------------------ 

   Iteration     Total nfev        Cost      Cost reduction    Step norm     Optimality   
       0              1          1.061e+06                                    1.424e+03   
       1              2          7.351e+04      9.873e+05      1.115e-01      2.747e+02   
       2              3          1.391e+04      5.959e+04      1.753e-01      6.429e+01   
       3              4          3.116e+03      1.080e+04      1.577e-01      6.735e+00   
       4              5          5.967e+02      2.519e+03      4.274e-02      7.329e-01   
       5              7          2.081e+02      3.886e+02      6.408e-02      2.635e-01   
       6              9          8.352e+01      1.246e+02      1.555e-02      7.940e-02   
       7             10          5.143e+01      3.209e+01      8.762e-02      2.593e-02   
       8             11          3.998e+01      1.145e+01      7.491e-02      3.576e-02   
       9             12          3.035e+01      9.636e+00      2.720e-02      1.305e-02   
      10             14          2.595e+01      4.397e+00      1.128e-02      3.078e-03   
      11             15          2.516e+01      7.874e-01      1.479e-02      4.455e-03   
      12             16          2.468e+01      4.792e-01      1.118e-02      6.205e-03   
      13             17          2.279e+01      1.893e+00      2.330e-02      3.130e-03   
      14             19          2.229e+01      5.046e-01      1.283e-02      2.541e-03   
      15             20          2.201e+01      2.791e-01      3.190e-02      1.285e-02   
      16             22          2.164e+01      3.695e-01      9.942e-03      2.763e-03   
      17             24          2.162e+01      2.028e-02      2.600e-03      1.342e-03   
      18             53          2.162e+01      0.000e+00      0.000e+00      1.342e-03   
Warning: A bad approximation caused failure to predict improvement.
         Current function value: 2.162e+01
         Total delta_x: 4.181e-01
         Iterations: 18
         Function evaluations: 53
         Jacobian evaluations: 18
Timer: Solution time = 3.21 min
Timer: Avg time per step = 10.1 sec
==============================================================================================================
                                                                 Start  -->   End
Total (sum of squares):                                      1.127e+06  -->   2.162e+01, 
Maximum absolute Quasi-symmetry (1,4) two-term error:        4.684e+00  -->   3.139e-02 (T^3)
Minimum absolute Quasi-symmetry (1,4) two-term error:        1.493e-03  -->   6.731e-06 (T^3)
Average absolute Quasi-symmetry (1,4) two-term error:        1.223e+00  -->   3.414e-03 (T^3)
Aspect ratio:                                                7.980e+00  -->   6.589e+00 (dimensionless)
Plasma volume:                                               3.094e-01  -->   1.349e+00 (m^3)
Maximum absolute Force error:                                3.676e+00  -->   1.233e+01 (N)
Minimum absolute Force error:                                1.165e-04  -->   8.381e-06 (N)
Average absolute Force error:                                1.191e-01  -->   2.404e-01 (N)
Maximum absolute Force error:                                4.988e-05  -->   1.673e-04 (normalized)
Minimum absolute Force error:                                1.581e-09  -->   1.137e-10 (normalized)
Average absolute Force error:                                1.617e-06  -->   3.262e-06 (normalized)
Cross-section R error:                                       0.000e+00  -->   0.000e+00 (m)
Cross-section Z error:                                       0.000e+00  -->   0.000e+00 (m)
Fixed pressure profile error:                                0.000e+00  -->   0.000e+00 (Pa)
Fixed current profile error:                                 0.000e+00  -->   0.000e+00 (A)
Fixed Psi error:                                             0.000e+00  -->   0.000e+00 (Wb)
==============================================================================================================

