/home/ye2698/DESC/desc/integrals/_interp_utils.py:19: UserWarning: 
jax-finufft is not installed.
If you want to use NUFFTs, follow the DESC installation instructions.
Otherwise you must set the parameter nufft_eps to zero
when computing effective ripple, Gamma_c, and any other
computations that involve bounce integrals.

  warnings.warn(
DESC version=0.15.0+425.ga8f1b2dda.
Using JAX backend: jax version=0.6.2, jaxlib version=0.6.2, dtype=float64.
Using device: NVIDIA A100-PCIE-40GB (id=0), with 40.00 GB available memory.
Building objective: QS two-term
Precomputing transforms
Timer: Precomputing transforms = 344 ms
Building objective: aspect ratio
Precomputing transforms
Timer: Precomputing transforms = 40.2 ms
Building objective: volume
Precomputing transforms
Timer: Precomputing transforms = 40.0 ms
Timer: Objective build = 474 ms
Building objective: force
Precomputing transforms
Timer: Precomputing transforms = 413 ms
Timer: Objective build = 868 ms
Timer: Objective build = 3.09 ms
Timer: Eq Update LinearConstraintProjection build = 2.26 sec
Timer: Proximal projection build = 23.1 sec
Building objective: fixed cross-section R
Building objective: fixed cross-section Z
Building objective: fixed pressure
Building objective: fixed current
Building objective: fixed Psi
Timer: Objective build = 294 ms
Timer: LinearConstraintProjection build = 856 ms
Number of parameters: 45
Number of objectives: 461
Timer: Initializing the optimization = 24.3 sec

Starting optimization
Using method: proximal-lsq-exact
Solver options:
------------------------------------------------------------
Maximum Function Evaluations       : 1251
Maximum Allowed Total Δx Norm      : inf
Scaled Termination                 : True
Trust Region Method                : qr
Initial Trust Radius               : 2.009e+03
Maximum Trust Radius               : inf
Minimum Trust Radius               : 2.220e-16
Trust Radius Increase Ratio        : 2.000e+00
Trust Radius Decrease Ratio        : 2.500e-01
Trust Radius Increase Threshold    : 7.500e-01
Trust Radius Decrease Threshold    : 2.500e-01
------------------------------------------------------------ 

   Iteration     Total nfev        Cost      Cost reduction    Step norm     Optimality   
       0              1          1.061e+06                                    1.424e+03   
       1              2          5.569e+04      1.005e+06      1.429e-01      2.370e+02   
       2              3          1.847e+04      3.722e+04      9.543e-02      3.346e+01   
       3              4          1.059e+04      7.886e+03      1.656e-02      1.614e+01   
       4              6          1.914e+03      8.673e+03      4.367e-02      5.031e+00   
       5              7          1.515e+03      3.995e+02      8.681e-02      2.010e+00   
       6              8          9.066e+02      6.080e+02      2.236e-02      1.653e+00   
       7             10          8.211e+02      8.544e+01      1.795e-02      1.480e+00   
       8             11          5.918e+02      2.293e+02      1.151e-02      4.691e-01   
       9             14          5.755e+02      1.628e+01      7.381e-04      1.683e-01   
      10             15          5.632e+02      1.226e+01      1.373e-03      1.153e-01   
      11             16          5.602e+02      3.090e+00      3.250e-03      1.326e-01   
      12             17          5.573e+02      2.904e+00      1.076e-03      7.925e-02   
      13             18          5.556e+02      1.648e+00      1.007e-03      8.331e-02   
      14             19          5.537e+02      1.870e+00      9.738e-04      9.016e-02   
      15             20          5.517e+02      2.048e+00      8.867e-04      9.531e-02   
      16             21          5.494e+02      2.243e+00      7.976e-04      9.707e-02   
      17             22          5.470e+02      2.456e+00      7.124e-04      9.489e-02   
      18             23          5.443e+02      2.683e+00      6.335e-04      8.894e-02   
      19             24          5.414e+02      2.911e+00      5.608e-04      7.932e-02   
      20             25          5.383e+02      3.135e+00      4.937e-04      6.714e-02   
      21             26          5.349e+02      3.353e+00      4.323e-04      5.388e-02   
      22             27          5.267e+02      8.160e+00      6.979e-04      6.368e-02   
      23             28          5.112e+02      1.556e+01      7.987e-04      2.812e-01   
      24             29          4.965e+02      1.465e+01      2.142e-03      1.038e+00   
      25             30          4.611e+02      3.541e+01      3.940e-03      6.604e-01   
      26             31          4.503e+02      1.080e+01      1.077e-02      8.784e-01   
      27             32          4.224e+02      2.789e+01      8.283e-03      1.168e+00   
      28             33          3.953e+02      2.714e+01      8.549e-03      3.166e-01   
      29             35          3.866e+02      8.660e+00      2.856e-03      9.177e-01   
      30             37          3.767e+02      9.916e+00      3.606e-04      1.884e-01   
      31             39          3.755e+02      1.190e+00      1.833e-04      8.313e-02   
      32             40          3.737e+02      1.873e+00      3.348e-04      3.096e-02   
      33             42          3.727e+02      9.178e-01      1.548e-04      2.152e-02   
      34             43          3.710e+02      1.755e+00      3.474e-04      2.761e-02   
      35             44          3.679e+02      3.046e+00      6.928e-04      7.136e-02   
      36             45          3.632e+02      4.700e+00      1.483e-03      1.364e-01   
      37             46          3.607e+02      2.567e+00      3.315e-03      1.631e-01   
      38             48          3.603e+02      3.991e-01      1.146e-03      2.509e-01   
      39             49          3.591e+02      1.128e+00      5.246e-04      3.754e-02   
      40             50          3.588e+02      3.288e-01      5.980e-04      3.674e-02   
Optimization terminated successfully.
`ftol` condition satisfied. (ftol=1.00e-03)
         Current function value: 3.588e+02
         Total delta_x: 1.051e-01
         Iterations: 40
         Function evaluations: 50
         Jacobian evaluations: 41
Timer: Solution time = 3.31 min
Timer: Avg time per step = 4.85 sec
==============================================================================================================
                                                                 Start  -->   End
Total (sum of squares):                                      1.127e+06  -->   3.588e+02, 
Maximum absolute Quasi-symmetry (1,4) two-term error:        4.684e+00  -->   1.552e-01 (T^3)
Minimum absolute Quasi-symmetry (1,4) two-term error:        1.493e-03  -->   1.697e-04 (T^3)
Average absolute Quasi-symmetry (1,4) two-term error:        1.223e+00  -->   1.716e-02 (T^3)
Aspect ratio:                                                7.980e+00  -->   8.015e+00 (dimensionless)
Plasma volume:                                               3.094e-01  -->   4.889e-01 (m^3)
Maximum absolute Force error:                                3.676e+00  -->   1.185e+01 (N)
Minimum absolute Force error:                                1.165e-04  -->   1.513e-06 (N)
Average absolute Force error:                                1.191e-01  -->   2.504e-01 (N)
Maximum absolute Force error:                                4.988e-05  -->   1.608e-04 (normalized)
Minimum absolute Force error:                                1.581e-09  -->   2.053e-11 (normalized)
Average absolute Force error:                                1.617e-06  -->   3.397e-06 (normalized)
Cross-section R error:                                       0.000e+00  -->   0.000e+00 (m)
Cross-section Z error:                                       0.000e+00  -->   0.000e+00 (m)
Fixed pressure profile error:                                0.000e+00  -->   0.000e+00 (Pa)
Fixed current profile error:                                 0.000e+00  -->   0.000e+00 (A)
Fixed Psi error:                                             0.000e+00  -->   0.000e+00 (Wb)
==============================================================================================================

