/home/ye2698/DESC/desc/integrals/_interp_utils.py:19: UserWarning: 
jax-finufft is not installed.
If you want to use NUFFTs, follow the DESC installation instructions.
Otherwise you must set the parameter nufft_eps to zero
when computing effective ripple, Gamma_c, and any other
computations that involve bounce integrals.

  warnings.warn(
DESC version=0.15.0+425.ga8f1b2dda.
Using JAX backend: jax version=0.6.2, jaxlib version=0.6.2, dtype=float64.
Using device: NVIDIA A100-PCIE-40GB (id=0), with 40.00 GB available memory.
Building objective: QS two-term
Precomputing transforms
Timer: Precomputing transforms = 348 ms
Building objective: aspect ratio
Precomputing transforms
Timer: Precomputing transforms = 41.1 ms
Building objective: volume
Precomputing transforms
Timer: Precomputing transforms = 40.4 ms
Timer: Objective build = 480 ms
Building objective: force
Precomputing transforms
Timer: Precomputing transforms = 416 ms
Timer: Objective build = 867 ms
Timer: Objective build = 3.03 ms
Timer: Eq Update LinearConstraintProjection build = 2.28 sec
Timer: Proximal projection build = 23.0 sec
Building objective: fixed cross-section R
Building objective: fixed cross-section Z
Building objective: fixed pressure
Building objective: fixed current
Building objective: fixed Psi
Timer: Objective build = 294 ms
Timer: LinearConstraintProjection build = 858 ms
Number of parameters: 45
Number of objectives: 461
Timer: Initializing the optimization = 24.2 sec

Starting optimization
Using method: proximal-lsq-exact
Solver options:
------------------------------------------------------------
Maximum Function Evaluations       : 1251
Maximum Allowed Total Δx Norm      : inf
Scaled Termination                 : True
Trust Region Method                : qr
Initial Trust Radius               : 2.009e+03
Maximum Trust Radius               : inf
Minimum Trust Radius               : 2.220e-16
Trust Radius Increase Ratio        : 2.000e+00
Trust Radius Decrease Ratio        : 2.500e-01
Trust Radius Increase Threshold    : 7.500e-01
Trust Radius Decrease Threshold    : 2.500e-01
------------------------------------------------------------ 

   Iteration     Total nfev        Cost      Cost reduction    Step norm     Optimality   
       0              1          1.061e+06                                    1.424e+03   
       1              2          7.301e+04      9.878e+05      1.115e-01      2.711e+02   
       2              3          7.609e+03      6.540e+04      1.314e-01      2.612e+01   
       3              4          1.505e+03      6.104e+03      8.064e-02      1.896e+00   
       4              6          2.291e+02      1.276e+03      4.464e-02      2.652e-01   
       5              8          1.351e+02      9.395e+01      2.497e-02      1.345e-01   
       6              9          1.087e+02      2.641e+01      1.138e-01      9.966e-02   
       7             10          9.764e+01      1.104e+01      2.172e-02      7.256e-02   
       8             11          7.828e+01      1.936e+01      1.423e-02      1.128e-02   
       9             13          7.274e+01      5.541e+00      3.578e-03      8.000e-03   
      10             14          6.792e+01      4.825e+00      3.203e-03      1.903e-02   
      11             15          6.557e+01      2.341e+00      2.224e-02      2.823e-02   
      12             16          6.065e+01      4.921e+00      2.504e-02      1.114e-02   
      13             17          5.856e+01      2.098e+00      1.917e-02      7.640e-03   
      14             18          5.658e+01      1.974e+00      1.289e-02      3.383e-03   
      15             19          5.628e+01      3.062e-01      1.610e-02      1.085e-02   
      16             20          5.539e+01      8.847e-01      2.922e-03      1.839e-03   
      17             21          5.512e+01      2.681e-01      5.193e-03      2.865e-03   
      18             22          5.474e+01      3.838e-01      1.825e-03      1.915e-03   
      19             23          5.414e+01      6.037e-01      1.347e-03      1.277e-03   
      20             24          5.328e+01      8.554e-01      1.436e-03      1.508e-03   
      21             25          5.201e+01      1.271e+00      7.658e-03      4.127e-03   
      22             27          5.077e+01      1.235e+00      1.121e-02      1.635e-03   
      23             28          4.997e+01      8.031e-01      2.783e-02      8.757e-03   
      24             29          4.816e+01      1.810e+00      2.359e-02      1.116e-02   
      25             31          4.725e+01      9.084e-01      1.325e-03      9.215e-03   
      26             32          4.664e+01      6.118e-01      1.649e-03      2.697e-03   
      27             33          4.585e+01      7.920e-01      2.721e-03      9.019e-03   
      28             34          4.412e+01      1.730e+00      9.316e-03      7.722e-03   
      29             36          4.278e+01      1.340e+00      2.516e-03      5.267e-03   
      30             37          4.265e+01      1.287e-01      5.263e-03      1.868e-02   
      31             39          4.225e+01      3.988e-01      7.850e-04      1.184e-02   
      32             40          4.186e+01      3.971e-01      1.388e-03      3.578e-03   
      33             41          4.138e+01      4.742e-01      1.233e-03      3.204e-03   
      34             43          4.120e+01      1.840e-01      5.600e-04      2.962e-03   
      35             44          4.087e+01      3.249e-01      1.074e-03      2.571e-03   
      36             45          4.035e+01      5.232e-01      1.794e-03      2.541e-03   
      37             46          3.942e+01      9.296e-01      2.478e-03      2.778e-03   
      38             47          3.870e+01      7.225e-01      5.602e-03      1.493e-02   
      39             48          3.784e+01      8.569e-01      5.707e-03      6.952e-03   
      40             49          3.725e+01      5.862e-01      6.284e-03      4.347e-03   
      41             50          3.644e+01      8.148e-01      1.160e-03      3.643e-03   
      42             52          3.603e+01      4.134e-01      3.431e-03      6.301e-03   
      43             53          3.572e+01      3.018e-01      4.814e-03      6.700e-03   
      44             54          3.478e+01      9.391e-01      3.039e-03      5.505e-03   
      45             86          3.478e+01      0.000e+00      0.000e+00      5.505e-03   
Warning: A bad approximation caused failure to predict improvement.
         Current function value: 3.478e+01
         Total delta_x: 3.000e-01
         Iterations: 45
         Function evaluations: 86
         Jacobian evaluations: 45
Timer: Solution time = 4.97 min
Timer: Avg time per step = 6.49 sec
==============================================================================================================
                                                                 Start  -->   End
Total (sum of squares):                                      1.127e+06  -->   3.478e+01, 
Maximum absolute Quasi-symmetry (1,4) two-term error:        4.684e+00  -->   3.094e-02 (T^3)
Minimum absolute Quasi-symmetry (1,4) two-term error:        1.493e-03  -->   1.007e-05 (T^3)
Average absolute Quasi-symmetry (1,4) two-term error:        1.223e+00  -->   4.641e-03 (T^3)
Aspect ratio:                                                7.980e+00  -->   6.362e+00 (dimensionless)
Plasma volume:                                               3.094e-01  -->   9.322e-01 (m^3)
Maximum absolute Force error:                                3.676e+00  -->   9.349e+00 (N)
Minimum absolute Force error:                                1.165e-04  -->   1.172e-04 (N)
Average absolute Force error:                                1.191e-01  -->   2.567e-01 (N)
Maximum absolute Force error:                                4.988e-05  -->   1.269e-04 (normalized)
Minimum absolute Force error:                                1.581e-09  -->   1.590e-09 (normalized)
Average absolute Force error:                                1.617e-06  -->   3.483e-06 (normalized)
Cross-section R error:                                       0.000e+00  -->   0.000e+00 (m)
Cross-section Z error:                                       0.000e+00  -->   0.000e+00 (m)
Fixed pressure profile error:                                0.000e+00  -->   0.000e+00 (Pa)
Fixed current profile error:                                 0.000e+00  -->   0.000e+00 (A)
Fixed Psi error:                                             0.000e+00  -->   0.000e+00 (Wb)
==============================================================================================================

