/home/ye2698/DESC/desc/integrals/_interp_utils.py:19: UserWarning: 
jax-finufft is not installed.
If you want to use NUFFTs, follow the DESC installation instructions.
Otherwise you must set the parameter nufft_eps to zero
when computing effective ripple, Gamma_c, and any other
computations that involve bounce integrals.

  warnings.warn(
DESC version=0.15.0+425.ga8f1b2dda.
Using JAX backend: jax version=0.6.2, jaxlib version=0.6.2, dtype=float64.
Using device: NVIDIA A100-PCIE-40GB (id=0), with 40.00 GB available memory.
Building objective: QS two-term
Precomputing transforms
Timer: Precomputing transforms = 347 ms
Building objective: aspect ratio
Precomputing transforms
Timer: Precomputing transforms = 40.4 ms
Building objective: volume
Precomputing transforms
Timer: Precomputing transforms = 39.8 ms
Timer: Objective build = 478 ms
Building objective: force
Precomputing transforms
Timer: Precomputing transforms = 415 ms
Timer: Objective build = 867 ms
Timer: Objective build = 3.13 ms
Timer: Eq Update LinearConstraintProjection build = 2.27 sec
Timer: Proximal projection build = 22.9 sec
Building objective: fixed cross-section R
Building objective: fixed cross-section Z
Building objective: fixed pressure
Building objective: fixed current
Building objective: fixed Psi
Timer: Objective build = 296 ms
Timer: LinearConstraintProjection build = 864 ms
Number of parameters: 45
Number of objectives: 461
Timer: Initializing the optimization = 24.1 sec

Starting optimization
Using method: proximal-lsq-exact
Solver options:
------------------------------------------------------------
Maximum Function Evaluations       : 1251
Maximum Allowed Total Δx Norm      : inf
Scaled Termination                 : True
Trust Region Method                : qr
Initial Trust Radius               : 2.009e+03
Maximum Trust Radius               : inf
Minimum Trust Radius               : 2.220e-16
Trust Radius Increase Ratio        : 2.000e+00
Trust Radius Decrease Ratio        : 2.500e-01
Trust Radius Increase Threshold    : 7.500e-01
Trust Radius Decrease Threshold    : 2.500e-01
------------------------------------------------------------ 

   Iteration     Total nfev        Cost      Cost reduction    Step norm     Optimality   
       0              1          1.061e+06                                    1.424e+03   
       1              2          1.183e+05      9.425e+05      1.471e-01      2.025e+02   
       2              3          5.611e+03      1.127e+05      1.763e-01      2.231e+01   
       3              5          4.753e+03      8.585e+02      9.919e-02      6.370e+00   
       4              6          6.659e+02      4.087e+03      9.986e-03      7.488e-01   
       5              8          4.791e+02      1.868e+02      2.113e-03      2.534e-01   
       6              9          4.395e+02      3.958e+01      1.628e-02      3.981e-01   
       7             10          4.039e+02      3.556e+01      3.515e-02      6.192e-01   
       8             12          3.703e+02      3.364e+01      5.326e-03      1.229e-01   
       9             43          3.703e+02      0.000e+00      0.000e+00      1.229e-01   
Warning: A bad approximation caused failure to predict improvement.
         Current function value: 3.703e+02
         Total delta_x: 3.775e-01
         Iterations: 9
         Function evaluations: 43
         Jacobian evaluations: 9
Timer: Solution time = 2.56 min
Timer: Avg time per step = 15.3 sec
==============================================================================================================
                                                                 Start  -->   End
Total (sum of squares):                                      1.127e+06  -->   3.703e+02, 
Maximum absolute Quasi-symmetry (1,4) two-term error:        4.684e+00  -->   9.678e-02 (T^3)
Minimum absolute Quasi-symmetry (1,4) two-term error:        1.493e-03  -->   6.055e-05 (T^3)
Average absolute Quasi-symmetry (1,4) two-term error:        1.223e+00  -->   1.531e-02 (T^3)
Aspect ratio:                                                7.980e+00  -->   7.970e+00 (dimensionless)
Plasma volume:                                               3.094e-01  -->   7.264e-01 (m^3)
Maximum absolute Force error:                                3.676e+00  -->   1.126e+01 (N)
Minimum absolute Force error:                                1.165e-04  -->   8.797e-05 (N)
Average absolute Force error:                                1.191e-01  -->   1.998e-01 (N)
Maximum absolute Force error:                                4.988e-05  -->   1.527e-04 (normalized)
Minimum absolute Force error:                                1.581e-09  -->   1.194e-09 (normalized)
Average absolute Force error:                                1.617e-06  -->   2.710e-06 (normalized)
Cross-section R error:                                       0.000e+00  -->   0.000e+00 (m)
Cross-section Z error:                                       0.000e+00  -->   0.000e+00 (m)
Fixed pressure profile error:                                0.000e+00  -->   0.000e+00 (Pa)
Fixed current profile error:                                 0.000e+00  -->   0.000e+00 (A)
Fixed Psi error:                                             0.000e+00  -->   0.000e+00 (Wb)
==============================================================================================================

