/home/ye2698/DESC/desc/integrals/_interp_utils.py:19: UserWarning: 
jax-finufft is not installed.
If you want to use NUFFTs, follow the DESC installation instructions.
Otherwise you must set the parameter nufft_eps to zero
when computing effective ripple, Gamma_c, and any other
computations that involve bounce integrals.

  warnings.warn(
DESC version=0.15.0+425.ga8f1b2dda.
Using JAX backend: jax version=0.6.2, jaxlib version=0.6.2, dtype=float64.
Using device: NVIDIA A100-PCIE-40GB (id=0), with 40.00 GB available memory.
Building objective: QS two-term
Precomputing transforms
Timer: Precomputing transforms = 345 ms
Building objective: aspect ratio
Precomputing transforms
Timer: Precomputing transforms = 40.7 ms
Building objective: volume
Precomputing transforms
Timer: Precomputing transforms = 39.9 ms
Timer: Objective build = 475 ms
Building objective: force
Precomputing transforms
Timer: Precomputing transforms = 407 ms
Timer: Objective build = 852 ms
Timer: Objective build = 3.08 ms
Timer: Eq Update LinearConstraintProjection build = 2.26 sec
Timer: Proximal projection build = 22.9 sec
Building objective: fixed cross-section R
Building objective: fixed cross-section Z
Building objective: fixed pressure
Building objective: fixed current
Building objective: fixed Psi
Timer: Objective build = 285 ms
Timer: LinearConstraintProjection build = 838 ms
Number of parameters: 45
Number of objectives: 461
Timer: Initializing the optimization = 24.1 sec

Starting optimization
Using method: proximal-lsq-exact
Solver options:
------------------------------------------------------------
Maximum Function Evaluations       : 1251
Maximum Allowed Total Δx Norm      : inf
Scaled Termination                 : True
Trust Region Method                : qr
Initial Trust Radius               : 2.009e+03
Maximum Trust Radius               : inf
Minimum Trust Radius               : 2.220e-16
Trust Radius Increase Ratio        : 2.000e+00
Trust Radius Decrease Ratio        : 2.500e-01
Trust Radius Increase Threshold    : 7.500e-01
Trust Radius Decrease Threshold    : 2.500e-01
------------------------------------------------------------ 

   Iteration     Total nfev        Cost      Cost reduction    Step norm     Optimality   
       0              1          1.061e+06                                    1.424e+03   
       1              2          6.576e+04      9.951e+05      1.483e-01      1.134e+02   
       2              3          4.042e+03      6.172e+04      2.418e-01      8.035e+00   
       3              5          7.388e+02      3.303e+03      1.500e-01      1.144e+00   
       4              7          1.852e+02      5.536e+02      2.961e-02      4.658e-01   
       5              8          1.176e+02      6.766e+01      2.690e-02      3.143e-01   
       6              9          8.583e+01      3.173e+01      1.979e-02      9.084e-02   
       7             12          7.163e+01      1.420e+01      3.009e-03      4.555e-02   
       8             13          6.646e+01      5.173e+00      1.592e-02      1.781e-01   
       9             14          6.323e+01      3.228e+00      1.653e-02      5.190e-02   
      10             15          6.141e+01      1.822e+00      9.678e-03      8.180e-02   
      11             16          5.989e+01      1.516e+00      9.312e-03      3.216e-02   
      12             17          5.977e+01      1.233e-01      1.348e-02      5.670e-02   
      13             18          5.793e+01      1.837e+00      1.410e-03      1.147e-02   
      14             20          5.775e+01      1.798e-01      9.977e-04      1.220e-02   
      15             21          5.747e+01      2.736e-01      9.908e-04      2.198e-03   
      16             22          5.721e+01      2.651e-01      1.737e-03      1.201e-02   
      17             23          5.662e+01      5.887e-01      1.836e-03      4.512e-03   
      18             24          5.591e+01      7.132e-01      3.045e-03      1.896e-02   
      19             26          5.494e+01      9.711e-01      1.543e-03      6.097e-03   
      20             27          5.399e+01      9.471e-01      3.213e-03      3.855e-02   
      21             29          5.295e+01      1.044e+00      2.246e-03      2.937e-02   
      22             31          5.238e+01      5.669e-01      1.308e-03      1.221e-02   
      23             33          5.212e+01      2.631e-01      7.592e-04      4.821e-03   
      24             34          5.188e+01      2.361e-01      1.274e-03      1.528e-02   
      25             35          5.145e+01      4.252e-01      1.433e-03      6.100e-03   
      26             38          5.141e+01      3.977e-02      2.805e-04      5.942e-03   
Optimization terminated successfully.
`ftol` condition satisfied. (ftol=1.00e-03)
         Current function value: 5.141e+01
         Total delta_x: 5.142e-01
         Iterations: 26
         Function evaluations: 38
         Jacobian evaluations: 27
Timer: Solution time = 3.71 min
Timer: Avg time per step = 8.25 sec
==============================================================================================================
                                                                 Start  -->   End
Total (sum of squares):                                      1.127e+06  -->   5.141e+01, 
Maximum absolute Quasi-symmetry (1,4) two-term error:        4.684e+00  -->   3.282e-02 (T^3)
Minimum absolute Quasi-symmetry (1,4) two-term error:        1.493e-03  -->   8.927e-06 (T^3)
Average absolute Quasi-symmetry (1,4) two-term error:        1.223e+00  -->   5.651e-03 (T^3)
Aspect ratio:                                                7.980e+00  -->   8.000e+00 (dimensionless)
Plasma volume:                                               3.094e-01  -->   1.099e+00 (m^3)
Maximum absolute Force error:                                3.676e+00  -->   1.806e+00 (N)
Minimum absolute Force error:                                1.165e-04  -->   2.050e-05 (N)
Average absolute Force error:                                1.191e-01  -->   3.988e-02 (N)
Maximum absolute Force error:                                4.988e-05  -->   2.450e-05 (normalized)
Minimum absolute Force error:                                1.581e-09  -->   2.781e-10 (normalized)
Average absolute Force error:                                1.617e-06  -->   5.411e-07 (normalized)
Cross-section R error:                                       0.000e+00  -->   0.000e+00 (m)
Cross-section Z error:                                       0.000e+00  -->   0.000e+00 (m)
Fixed pressure profile error:                                0.000e+00  -->   0.000e+00 (Pa)
Fixed current profile error:                                 0.000e+00  -->   0.000e+00 (A)
Fixed Psi error:                                             0.000e+00  -->   0.000e+00 (Wb)
==============================================================================================================

