/home/ye2698/DESC/desc/integrals/_interp_utils.py:19: UserWarning: 
jax-finufft is not installed.
If you want to use NUFFTs, follow the DESC installation instructions.
Otherwise you must set the parameter nufft_eps to zero
when computing effective ripple, Gamma_c, and any other
computations that involve bounce integrals.

  warnings.warn(
DESC version=0.15.0+425.ga8f1b2dda.
Using JAX backend: jax version=0.6.2, jaxlib version=0.6.2, dtype=float64.
Using device: NVIDIA A100 80GB PCIe (id=0), with 80.00 GB available memory.
Building objective: QS two-term
Precomputing transforms
Timer: Precomputing transforms = 316 ms
Building objective: aspect ratio
Precomputing transforms
Timer: Precomputing transforms = 39.0 ms
Building objective: volume
Precomputing transforms
Timer: Precomputing transforms = 39.0 ms
Timer: Objective build = 437 ms
Building objective: force
Precomputing transforms
Timer: Precomputing transforms = 375 ms
Timer: Objective build = 765 ms
Timer: Objective build = 2.61 ms
Timer: Eq Update LinearConstraintProjection build = 2.00 sec
Timer: Proximal projection build = 20.7 sec
Building objective: fixed cross-section R
Building objective: fixed cross-section Z
Building objective: fixed pressure
Building objective: fixed current
Building objective: fixed Psi
Timer: Objective build = 256 ms
Timer: LinearConstraintProjection build = 723 ms
Number of parameters: 45
Number of objectives: 461
Timer: Initializing the optimization = 21.7 sec

Starting optimization
Using method: proximal-lsq-exact
Solver options:
------------------------------------------------------------
Maximum Function Evaluations       : 1251
Maximum Allowed Total Δx Norm      : inf
Scaled Termination                 : True
Trust Region Method                : qr
Initial Trust Radius               : 1.067e+02
Maximum Trust Radius               : inf
Minimum Trust Radius               : 2.220e-16
Trust Radius Increase Ratio        : 2.000e+00
Trust Radius Decrease Ratio        : 2.500e-01
Trust Radius Increase Threshold    : 7.500e-01
Trust Radius Decrease Threshold    : 2.500e-01
------------------------------------------------------------ 

   Iteration     Total nfev        Cost      Cost reduction    Step norm     Optimality   
       0              1          2.653e+03                                    7.109e+01   
       1              2          1.739e+03      9.135e+02      4.969e-02      3.672e+01   
       2              3          5.026e+02      1.237e+03      3.942e-02      1.937e+01   
       3              4          7.044e+01      4.322e+02      6.742e-02      4.874e+00   
       4              6          2.670e+01      4.374e+01      6.979e-03      1.681e+00   
       5              7          1.327e+01      1.343e+01      6.861e-03      1.443e+00   
       6              9          8.355e+00      4.914e+00      1.088e-03      9.141e-01   
       7             10          8.114e+00      2.406e-01      1.613e-03      1.202e+00   
       8             11          6.229e+00      1.885e+00      3.821e-04      1.622e-01   
       9             12          5.909e+00      3.199e-01      5.725e-04      4.154e-01   
      10             13          5.547e+00      3.621e-01      9.053e-04      3.592e-01   
      11             14          5.263e+00      2.840e-01      9.961e-04      4.373e-01   
      12             15          4.969e+00      2.941e-01      1.187e-03      4.984e-01   
      13             16          4.442e+00      5.267e-01      1.387e-03      3.264e-01   
      14             18          4.186e+00      2.565e-01      9.547e-04      5.497e-02   
      15             19          4.047e+00      1.391e-01      1.441e-03      3.602e-01   
      16             20          3.731e+00      3.155e-01      1.709e-03      2.556e-01   
      17             21          3.483e+00      2.485e-01      2.589e-03      4.642e-01   
      18             22          3.034e+00      4.490e-01      2.452e-03      3.977e-01   
      19             23          2.679e+00      3.548e-01      2.003e-03      3.490e-01   
      20             24          2.512e+00      1.672e-01      1.385e-03      4.049e-01   
      21             25          2.256e+00      2.552e-01      1.772e-03      3.212e-01   
      22             26          2.075e+00      1.818e-01      2.029e-03      3.535e-01   
      23             27          1.766e+00      3.090e-01      1.916e-03      2.520e-01   
      24             28          1.575e+00      1.905e-01      2.371e-03      1.613e-01   
      25             29          1.434e+00      1.414e-01      2.848e-03      1.533e-01   
      26             30          1.320e+00      1.135e-01      3.355e-03      2.608e-01   
      27             31          1.221e+00      9.913e-02      3.270e-03      2.901e-01   
      28             32          1.152e+00      6.884e-02      2.680e-03      4.903e-01   
      29             33          9.184e-01      2.341e-01      5.721e-04      6.124e-02   
      30             35          8.966e-01      2.177e-02      1.474e-04      5.108e-02   
      31             36          8.747e-01      2.191e-02      3.986e-04      7.184e-02   
      32             37          8.506e-01      2.406e-02      4.233e-04      7.007e-02   
      33             39          8.440e-01      6.606e-03      1.049e-04      4.024e-02   
      34             66          8.440e-01      0.000e+00      0.000e+00      4.024e-02   
Warning: A bad approximation caused failure to predict improvement.
         Current function value: 8.440e-01
         Total delta_x: 8.375e-02
         Iterations: 34
         Function evaluations: 66
         Jacobian evaluations: 34
Timer: Solution time = 3.02 min
Timer: Avg time per step = 5.17 sec
==============================================================================================================
                                                                 Start  -->   End
Total (sum of squares):                                      2.818e+03  -->   8.440e-01, 
Maximum absolute Quasi-symmetry (1,4) two-term error:        4.684e+00  -->   3.648e-01 (T^3)
Minimum absolute Quasi-symmetry (1,4) two-term error:        1.493e-03  -->   1.479e-04 (T^3)
Average absolute Quasi-symmetry (1,4) two-term error:        1.223e+00  -->   2.448e-02 (T^3)
Aspect ratio:                                                7.980e+00  -->   8.000e+00 (dimensionless)
Plasma volume:                                               3.094e-01  -->   3.032e-01 (m^3)
Maximum absolute Force error:                                3.676e+00  -->   1.947e+01 (N)
Minimum absolute Force error:                                1.165e-04  -->   1.715e-04 (N)
Average absolute Force error:                                1.191e-01  -->   4.945e-01 (N)
Maximum absolute Force error:                                4.988e-05  -->   2.642e-04 (normalized)
Minimum absolute Force error:                                1.581e-09  -->   2.327e-09 (normalized)
Average absolute Force error:                                1.617e-06  -->   6.710e-06 (normalized)
Cross-section R error:                                       0.000e+00  -->   0.000e+00 (m)
Cross-section Z error:                                       0.000e+00  -->   0.000e+00 (m)
Fixed pressure profile error:                                0.000e+00  -->   0.000e+00 (Pa)
Fixed current profile error:                                 0.000e+00  -->   0.000e+00 (A)
Fixed Psi error:                                             0.000e+00  -->   0.000e+00 (Wb)
==============================================================================================================

