/home/ye2698/DESC/desc/integrals/_interp_utils.py:19: UserWarning: 
jax-finufft is not installed.
If you want to use NUFFTs, follow the DESC installation instructions.
Otherwise you must set the parameter nufft_eps to zero
when computing effective ripple, Gamma_c, and any other
computations that involve bounce integrals.

  warnings.warn(
DESC version=0.15.0+425.ga8f1b2dda.
Using JAX backend: jax version=0.6.2, jaxlib version=0.6.2, dtype=float64.
Using device: NVIDIA A100-PCIE-40GB (id=0), with 40.00 GB available memory.
Building objective: QS two-term
Precomputing transforms
Timer: Precomputing transforms = 347 ms
Building objective: aspect ratio
Precomputing transforms
Timer: Precomputing transforms = 40.2 ms
Building objective: volume
Precomputing transforms
Timer: Precomputing transforms = 40.2 ms
Timer: Objective build = 480 ms
Building objective: force
Precomputing transforms
Timer: Precomputing transforms = 414 ms
Timer: Objective build = 869 ms
Timer: Objective build = 3.06 ms
Timer: Eq Update LinearConstraintProjection build = 2.28 sec
Timer: Proximal projection build = 23.0 sec
Building objective: fixed cross-section R
Building objective: fixed cross-section Z
Building objective: fixed pressure
Building objective: fixed current
Building objective: fixed Psi
Timer: Objective build = 295 ms
Timer: LinearConstraintProjection build = 866 ms
Number of parameters: 45
Number of objectives: 461
Timer: Initializing the optimization = 24.2 sec

Starting optimization
Using method: proximal-lsq-exact
Solver options:
------------------------------------------------------------
Maximum Function Evaluations       : 1251
Maximum Allowed Total Δx Norm      : inf
Scaled Termination                 : True
Trust Region Method                : qr
Initial Trust Radius               : 1.231e+02
Maximum Trust Radius               : inf
Minimum Trust Radius               : 2.220e-16
Trust Radius Increase Ratio        : 2.000e+00
Trust Radius Decrease Ratio        : 2.500e-01
Trust Radius Increase Threshold    : 7.500e-01
Trust Radius Decrease Threshold    : 2.500e-01
------------------------------------------------------------ 

   Iteration     Total nfev        Cost      Cost reduction    Step norm     Optimality   
       0              1          2.654e+03                                    7.099e+01   
       1              2          3.493e+02      2.304e+03      1.160e-01      2.246e+01   
       2              3          2.126e+02      1.367e+02      5.847e-02      7.333e+00   
       3              5          1.516e+02      6.095e+01      4.262e-02      1.361e+01   
       4              6          1.268e+01      1.390e+02      5.674e-02      6.954e-01   
       5              9          9.159e+00      3.523e+00      5.194e-03      1.188e-01   
       6             10          5.773e+00      3.386e+00      8.937e-03      1.536e-01   
       7             12          5.124e+00      6.488e-01      1.787e-03      7.045e-02   
       8             13          4.976e+00      1.483e-01      2.105e-03      8.706e-01   
       9             14          4.276e+00      6.993e-01      4.062e-03      2.546e-01   
      10             16          4.105e+00      1.718e-01      2.071e-03      1.561e-01   
      11             18          4.001e+00      1.039e-01      5.951e-04      3.447e-01   
      12             19          3.841e+00      1.598e-01      4.153e-04      2.466e-01   
      13             20          3.790e+00      5.120e-02      1.432e-03      4.328e-01   
      14             21          3.599e+00      1.907e-01      1.998e-03      2.548e-01   
      15             22          3.466e+00      1.326e-01      5.282e-03      3.599e-01   
      16             23          3.258e+00      2.086e-01      5.271e-03      3.124e-01   
      17             24          3.061e+00      1.963e-01      5.548e-03      1.911e-01   
      18             25          2.815e+00      2.464e-01      1.168e-02      3.460e-01   
      19             26          2.537e+00      2.784e-01      9.409e-03      2.396e-01   
      20             27          2.382e+00      1.544e-01      1.012e-02      2.491e-01   
      21             28          2.240e+00      1.426e-01      5.045e-03      1.346e-01   
      22             29          2.201e+00      3.893e-02      4.818e-03      1.374e-01   
      23             31          2.072e+00      1.285e-01      1.519e-04      1.110e-01   
      24             33          2.051e+00      2.153e-02      3.204e-05      4.165e-02   
      25             34          2.047e+00      3.493e-03      1.063e-04      1.399e-01   
      26             35          2.041e+00      6.277e-03      7.993e-05      1.474e-01   
      27             36          2.032e+00      8.657e-03      9.427e-05      1.347e-01   
      28             37          2.026e+00      6.231e-03      1.098e-04      1.372e-01   
      29             38          2.019e+00      7.447e-03      1.174e-04      1.298e-01   
      30             39          2.012e+00      6.948e-03      1.222e-04      1.253e-01   
      31             40          2.005e+00      7.071e-03      1.235e-04      1.192e-01   
      32             41          1.998e+00      6.923e-03      1.232e-04      1.138e-01   
      33             42          1.991e+00      7.014e-03      1.214e-04      1.072e-01   
      34             43          1.984e+00      6.719e-03      1.199e-04      1.029e-01   
      35             44          1.977e+00      6.782e-03      1.176e-04      9.798e-02   
      36             45          1.971e+00      6.720e-03      1.153e-04      9.359e-02   
      37             46          1.964e+00      6.713e-03      1.129e-04      8.933e-02   
      38             47          1.957e+00      6.699e-03      1.107e-04      8.537e-02   
      39             48          1.950e+00      6.699e-03      1.086e-04      8.167e-02   
      40             49          1.944e+00      6.706e-03      1.065e-04      7.825e-02   
      41             50          1.937e+00      6.722e-03      1.046e-04      7.535e-02   
      42             51          1.930e+00      6.745e-03      1.027e-04      7.264e-02   
      43             52          1.925e+00      5.005e-03      2.576e-04      1.457e-01   
      44             53          1.906e+00      1.958e-02      2.276e-04      9.918e-02   
      45             55          1.894e+00      1.115e-02      8.702e-05      4.294e-02   
      46             56          1.894e+00      2.868e-04      2.554e-04      1.639e-01   
      47             57          1.877e+00      1.746e-02      7.179e-05      7.296e-03   
      48             58          1.874e+00      2.414e-03      7.984e-05      9.580e-02   
      49             59          1.864e+00      1.056e-02      7.007e-05      5.069e-02   
      50             60          1.860e+00      3.552e-03      1.990e-04      1.498e-01   
      51             61          1.845e+00      1.552e-02      8.245e-05      4.367e-03   
      52             62          1.844e+00      5.283e-04      6.874e-05      1.085e-01   
      53             63          1.836e+00      7.852e-03      5.452e-05      3.502e-03   
      54             64          1.834e+00      2.388e-03      3.442e-05      5.170e-02   
      55             65          1.829e+00      4.484e-03      4.308e-05      3.376e-02   
      56             66          1.826e+00      3.157e-03      6.439e-05      8.957e-02   
      57             67          1.819e+00      7.723e-03      8.290e-05      8.089e-02   
      58             68          1.812e+00      6.537e-03      8.865e-05      8.611e-02   
      59             69          1.805e+00      7.302e-03      9.745e-05      8.313e-02   
      60             70          1.798e+00      7.158e-03      9.927e-05      8.233e-02   
      61             71          1.790e+00      7.419e-03      1.000e-04      7.908e-02   
      62             72          1.783e+00      7.455e-03      9.809e-05      7.595e-02   
      63             73          1.775e+00      7.545e-03      9.526e-05      7.236e-02   
      64             74          1.768e+00      7.619e-03      9.222e-05      6.857e-02   
      65             75          1.760e+00      7.728e-03      8.953e-05      6.423e-02   
      66             76          1.752e+00      7.851e-03      8.756e-05      5.930e-02   
      67             77          1.741e+00      1.103e-02      1.877e-04      1.103e-01   
      68             105         1.741e+00      0.000e+00      0.000e+00      1.103e-01   
Warning: A bad approximation caused failure to predict improvement.
         Current function value: 1.741e+00
         Total delta_x: 1.120e-01
         Iterations: 68
         Function evaluations: 105
         Jacobian evaluations: 68
Timer: Solution time = 6.34 min
Timer: Avg time per step = 5.51 sec
==============================================================================================================
                                                                 Start  -->   End
Total (sum of squares):                                      2.819e+03  -->   1.741e+00, 
Maximum absolute Quasi-symmetry (1,4) two-term error:        4.684e+00  -->   1.849e-01 (T^3)
Minimum absolute Quasi-symmetry (1,4) two-term error:        1.493e-03  -->   6.827e-05 (T^3)
Average absolute Quasi-symmetry (1,4) two-term error:        1.223e+00  -->   2.519e-02 (T^3)
Aspect ratio:                                                7.980e+00  -->   7.999e+00 (dimensionless)
Plasma volume:                                               3.094e-01  -->   4.271e-01 (m^3)
Maximum absolute Force error:                                3.676e+00  -->   9.506e+00 (N)
Minimum absolute Force error:                                1.165e-04  -->   1.717e-05 (N)
Average absolute Force error:                                1.191e-01  -->   1.425e-01 (N)
Maximum absolute Force error:                                4.988e-05  -->   1.290e-04 (normalized)
Minimum absolute Force error:                                1.581e-09  -->   2.330e-10 (normalized)
Average absolute Force error:                                1.617e-06  -->   1.934e-06 (normalized)
Cross-section R error:                                       0.000e+00  -->   0.000e+00 (m)
Cross-section Z error:                                       0.000e+00  -->   0.000e+00 (m)
Fixed pressure profile error:                                0.000e+00  -->   0.000e+00 (Pa)
Fixed current profile error:                                 0.000e+00  -->   0.000e+00 (A)
Fixed Psi error:                                             0.000e+00  -->   0.000e+00 (Wb)
==============================================================================================================

