/home/ye2698/DESC/desc/integrals/_interp_utils.py:19: UserWarning: 
jax-finufft is not installed.
If you want to use NUFFTs, follow the DESC installation instructions.
Otherwise you must set the parameter nufft_eps to zero
when computing effective ripple, Gamma_c, and any other
computations that involve bounce integrals.

  warnings.warn(
DESC version=0.15.0+425.ga8f1b2dda.
Using JAX backend: jax version=0.6.2, jaxlib version=0.6.2, dtype=float64.
Using device: NVIDIA A100-PCIE-40GB (id=0), with 40.00 GB available memory.
Building objective: QS two-term
Precomputing transforms
Timer: Precomputing transforms = 347 ms
Building objective: aspect ratio
Precomputing transforms
Timer: Precomputing transforms = 40.1 ms
Building objective: volume
Precomputing transforms
Timer: Precomputing transforms = 40.7 ms
Timer: Objective build = 478 ms
Building objective: force
Precomputing transforms
Timer: Precomputing transforms = 413 ms
Timer: Objective build = 866 ms
Timer: Objective build = 2.99 ms
Timer: Eq Update LinearConstraintProjection build = 2.26 sec
Timer: Proximal projection build = 22.8 sec
Building objective: fixed cross-section R
Building objective: fixed cross-section Z
Building objective: fixed pressure
Building objective: fixed current
Building objective: fixed Psi
Timer: Objective build = 289 ms
Timer: LinearConstraintProjection build = 840 ms
Number of parameters: 45
Number of objectives: 461
Timer: Initializing the optimization = 24.0 sec

Starting optimization
Using method: proximal-lsq-exact
Solver options:
------------------------------------------------------------
Maximum Function Evaluations       : 1251
Maximum Allowed Total Δx Norm      : inf
Scaled Termination                 : True
Trust Region Method                : qr
Initial Trust Radius               : 1.009e+02
Maximum Trust Radius               : inf
Minimum Trust Radius               : 2.220e-16
Trust Radius Increase Ratio        : 2.000e+00
Trust Radius Decrease Ratio        : 2.500e-01
Trust Radius Increase Threshold    : 7.500e-01
Trust Radius Decrease Threshold    : 2.500e-01
------------------------------------------------------------ 

   Iteration     Total nfev        Cost      Cost reduction    Step norm     Optimality   
       0              1          2.652e+03                                    7.114e+01   
       1              2          2.018e+02      2.451e+03      5.539e-02      4.293e+00   
       2              5          1.077e+02      9.409e+01      3.843e-03      2.791e+00   
       3              7          6.999e+01      3.772e+01      4.440e-03      1.572e+00   
       4              8          5.088e+01      1.911e+01      6.367e-03      1.475e+00   
       5             10          4.618e+01      4.702e+00      4.904e-03      2.549e+00   
       6             11          3.728e+01      8.901e+00      4.323e-03      8.100e-01   
       7             12          3.352e+01      3.758e+00      4.772e-03      3.359e+00   
       8             13          2.309e+01      1.043e+01      5.917e-03      8.664e-01   
       9             15          1.907e+01      4.017e+00      3.180e-03      6.286e-01   
      10             17          1.754e+01      1.533e+00      1.714e-03      4.098e-01   
      11             18          1.753e+01      6.144e-03      4.557e-03      1.678e+00   
      12             19          1.522e+01      2.314e+00      8.928e-04      2.057e-01   
      13             20          1.430e+01      9.179e-01      2.556e-03      4.334e-01   
      14             22          1.363e+01      6.716e-01      1.314e-03      1.097e-01   
      15             23          1.295e+01      6.714e-01      2.981e-03      4.152e-01   
      16             24          1.164e+01      1.316e+00      6.145e-03      1.988e-01   
      17             26          1.094e+01      7.040e-01      3.180e-03      1.298e-01   
      18             27          1.040e+01      5.370e-01      5.306e-03      5.163e-01   
      19             28          9.510e+00      8.877e-01      4.666e-03      5.688e-01   
      20             29          8.618e+00      8.924e-01      4.268e-03      4.790e-01   
      21             31          8.096e+00      5.217e-01      2.127e-03      1.378e-01   
      22             32          7.503e+00      5.932e-01      3.575e-03      5.562e-01   
      23             34          6.881e+00      6.219e-01      1.767e-03      1.308e-01   
      24             35          6.300e+00      5.815e-01      3.162e-03      2.883e-01   
      25             37          5.957e+00      3.429e-01      1.508e-03      3.384e-01   
      26             38          5.842e+00      1.147e-01      1.835e-03      5.521e-01   
      27             39          5.436e+00      4.062e-01      4.004e-04      1.099e-01   
      28             40          5.218e+00      2.175e-01      9.256e-04      1.440e-01   
      29             41          4.912e+00      3.067e-01      1.672e-03      2.495e-01   
      30             42          4.338e+00      5.736e-01      2.583e-03      2.852e-01   
      31             44          4.003e+00      3.354e-01      1.141e-03      1.105e-01   
      32             45          3.811e+00      1.912e-01      1.220e-03      4.886e-01   
      33             46          3.638e+00      1.733e-01      1.055e-03      5.848e-01   
      34             47          3.341e+00      2.967e-01      1.220e-03      4.611e-01   
      35             48          3.042e+00      2.998e-01      1.299e-03      2.133e-01   
      36             77          3.042e+00      0.000e+00      0.000e+00      2.133e-01   
Warning: A bad approximation caused failure to predict improvement.
         Current function value: 3.042e+00
         Total delta_x: 1.009e-01
         Iterations: 36
         Function evaluations: 77
         Jacobian evaluations: 36
Timer: Solution time = 7.06 min
Timer: Avg time per step = 11.4 sec
==============================================================================================================
                                                                 Start  -->   End
Total (sum of squares):                                      2.818e+03  -->   3.042e+00, 
Maximum absolute Quasi-symmetry (1,4) two-term error:        4.684e+00  -->   4.423e-01 (T^3)
Minimum absolute Quasi-symmetry (1,4) two-term error:        1.493e-03  -->   2.253e-04 (T^3)
Average absolute Quasi-symmetry (1,4) two-term error:        1.223e+00  -->   4.213e-02 (T^3)
Aspect ratio:                                                7.980e+00  -->   7.992e+00 (dimensionless)
Plasma volume:                                               3.094e-01  -->   3.073e-01 (m^3)
Maximum absolute Force error:                                3.676e+00  -->   1.702e+01 (N)
Minimum absolute Force error:                                1.165e-04  -->   9.211e-05 (N)
Average absolute Force error:                                1.191e-01  -->   4.304e-01 (N)
Maximum absolute Force error:                                4.988e-05  -->   2.309e-04 (normalized)
Minimum absolute Force error:                                1.581e-09  -->   1.250e-09 (normalized)
Average absolute Force error:                                1.617e-06  -->   5.840e-06 (normalized)
Cross-section R error:                                       0.000e+00  -->   0.000e+00 (m)
Cross-section Z error:                                       0.000e+00  -->   0.000e+00 (m)
Fixed pressure profile error:                                0.000e+00  -->   0.000e+00 (Pa)
Fixed current profile error:                                 0.000e+00  -->   0.000e+00 (A)
Fixed Psi error:                                             0.000e+00  -->   0.000e+00 (Wb)
==============================================================================================================

