/home/ye2698/DESC/desc/integrals/_interp_utils.py:19: UserWarning: 
jax-finufft is not installed.
If you want to use NUFFTs, follow the DESC installation instructions.
Otherwise you must set the parameter nufft_eps to zero
when computing effective ripple, Gamma_c, and any other
computations that involve bounce integrals.

  warnings.warn(
DESC version=0.15.0+425.ga8f1b2dda.
Using JAX backend: jax version=0.6.2, jaxlib version=0.6.2, dtype=float64.
Using device: NVIDIA A100 80GB PCIe (id=0), with 80.00 GB available memory.
Building objective: QS two-term
Precomputing transforms
Timer: Precomputing transforms = 364 ms
Building objective: aspect ratio
Precomputing transforms
Timer: Precomputing transforms = 39.1 ms
Building objective: volume
Precomputing transforms
Timer: Precomputing transforms = 38.9 ms
Timer: Objective build = 695 ms
Building objective: force
Precomputing transforms
Timer: Precomputing transforms = 489 ms
Timer: Objective build = 1.34 sec
Timer: Objective build = 2.70 ms
Timer: Eq Update LinearConstraintProjection build = 4.73 sec
Timer: Proximal projection build = 27.6 sec
Building objective: fixed cross-section R
Building objective: fixed cross-section Z
Building objective: fixed pressure
Building objective: fixed current
Building objective: fixed Psi
Timer: Objective build = 441 ms
Timer: LinearConstraintProjection build = 1.13 sec
Number of parameters: 45
Number of objectives: 461
Timer: Initializing the optimization = 29.2 sec

Starting optimization
Using method: proximal-lsq-exact
Solver options:
------------------------------------------------------------
Maximum Function Evaluations       : 1251
Maximum Allowed Total Δx Norm      : inf
Scaled Termination                 : True
Trust Region Method                : qr
Initial Trust Radius               : 1.004e+02
Maximum Trust Radius               : inf
Minimum Trust Radius               : 2.220e-16
Trust Radius Increase Ratio        : 2.000e+00
Trust Radius Decrease Ratio        : 2.500e-01
Trust Radius Increase Threshold    : 7.500e-01
Trust Radius Decrease Threshold    : 2.500e-01
------------------------------------------------------------ 

   Iteration     Total nfev        Cost      Cost reduction    Step norm     Optimality   
       0              1          2.652e+03                                    7.122e+01   
       1              2          2.198e+02      2.432e+03      9.610e-02      1.941e+01   
       2              3          1.645e+02      5.531e+01      3.597e-02      5.572e+00   
       3              4          7.603e+01      8.846e+01      5.337e-02      1.900e+00   
       4              5          9.277e+00      6.675e+01      9.171e-02      1.438e-01   
       5              8          5.160e+00      4.117e+00      7.573e-03      5.368e-02   
       6             10          4.554e+00      6.062e-01      7.870e-03      1.854e-02   
       7             11          4.135e+00      4.188e-01      7.573e-03      1.957e-02   
       8             13          3.973e+00      1.620e-01      5.682e-03      1.432e-02   
       9             14          3.821e+00      1.525e-01      4.480e-03      3.722e-02   
      10             15          3.576e+00      2.450e-01      5.557e-03      1.724e-02   
      11             16          3.174e+00      4.014e-01      3.193e-03      3.798e-02   
      12             18          3.045e+00      1.296e-01      2.524e-03      1.312e-01   
      13             19          2.597e+00      4.474e-01      3.689e-03      5.242e-02   
      14             21          2.489e+00      1.083e-01      1.094e-03      2.364e-02   
      15             22          2.400e+00      8.917e-02      1.948e-03      5.048e-02   
      16             23          2.230e+00      1.700e-01      2.907e-03      5.011e-02   
      17             24          2.081e+00      1.489e-01      1.080e-02      3.737e-02   
      18             25          2.015e+00      6.585e-02      5.566e-03      9.229e-02   
      19             26          1.898e+00      1.172e-01      6.340e-03      7.926e-02   
      20             27          1.770e+00      1.282e-01      4.876e-03      3.882e-02   
      21             28          1.680e+00      8.925e-02      5.391e-03      6.099e-02   
      22             29          1.639e+00      4.127e-02      3.255e-03      1.488e-01   
      23             31          1.504e+00      1.349e-01      1.287e-03      7.333e-02   
      24             32          1.402e+00      1.023e-01      7.645e-03      7.124e-02   
      25             34          1.347e+00      5.497e-02      5.780e-03      3.920e-02   
      26             35          1.307e+00      3.967e-02      5.862e-03      5.624e-02   
      27             36          1.287e+00      2.028e-02      4.058e-03      3.270e-02   
      28             38          1.241e+00      4.603e-02      7.861e-04      2.398e-02   
      29             40          1.234e+00      7.087e-03      2.377e-04      1.138e-02   
      30             41          1.228e+00      5.568e-03      2.418e-04      1.416e-02   
      31             42          1.223e+00      5.399e-03      2.359e-04      1.418e-02   
      32             43          1.218e+00      5.412e-03      2.295e-04      1.405e-02   
      33             44          1.212e+00      5.440e-03      2.315e-04      1.427e-02   
      34             45          1.207e+00      4.853e-03      2.381e-04      1.579e-02   
      35             46          1.202e+00      5.698e-03      2.324e-04      1.352e-02   
      36             47          1.197e+00      4.930e-03      2.355e-04      1.510e-02   
      37             48          1.191e+00      5.731e-03      2.193e-04      1.258e-02   
      38             49          1.186e+00      4.988e-03      2.150e-04      1.373e-02   
      39             50          1.180e+00      5.653e-03      1.901e-04      1.094e-02   
      40             51          1.175e+00      4.884e-03      1.784e-04      1.200e-02   
      41             52          1.170e+00      5.474e-03      1.573e-04      9.021e-03   
      42             53          1.165e+00      4.670e-03      1.449e-04      9.806e-03   
      43             54          1.160e+00      5.133e-03      1.506e-04      7.089e-03   
      44             55          1.156e+00      4.383e-03      1.487e-04      7.438e-03   
      45             56          1.151e+00      4.700e-03      1.942e-04      5.461e-03   
      46             57          1.148e+00      2.853e-03      2.039e-04      5.897e-03   
      47             58          1.146e+00      2.274e-03      3.794e-04      6.222e-03   
      48             86          1.146e+00      0.000e+00      0.000e+00      6.222e-03   
Warning: A bad approximation caused failure to predict improvement.
         Current function value: 1.146e+00
         Total delta_x: 4.106e-02
         Iterations: 48
         Function evaluations: 86
         Jacobian evaluations: 48
Timer: Solution time = 4.45 min
Timer: Avg time per step = 5.45 sec
==============================================================================================================
                                                                 Start  -->   End
Total (sum of squares):                                      2.817e+03  -->   1.146e+00, 
Maximum absolute Quasi-symmetry (1,4) two-term error:        4.684e+00  -->   3.145e-01 (T^3)
Minimum absolute Quasi-symmetry (1,4) two-term error:        1.493e-03  -->   4.313e-05 (T^3)
Average absolute Quasi-symmetry (1,4) two-term error:        1.223e+00  -->   2.238e-02 (T^3)
Aspect ratio:                                                7.980e+00  -->   8.133e+00 (dimensionless)
Plasma volume:                                               3.094e-01  -->   3.924e-01 (m^3)
Maximum absolute Force error:                                3.676e+00  -->   2.198e+01 (N)
Minimum absolute Force error:                                1.165e-04  -->   1.095e-05 (N)
Average absolute Force error:                                1.191e-01  -->   3.145e-01 (N)
Maximum absolute Force error:                                4.988e-05  -->   2.983e-04 (normalized)
Minimum absolute Force error:                                1.581e-09  -->   1.485e-10 (normalized)
Average absolute Force error:                                1.617e-06  -->   4.268e-06 (normalized)
Cross-section R error:                                       0.000e+00  -->   0.000e+00 (m)
Cross-section Z error:                                       0.000e+00  -->   0.000e+00 (m)
Fixed pressure profile error:                                0.000e+00  -->   0.000e+00 (Pa)
Fixed current profile error:                                 0.000e+00  -->   0.000e+00 (A)
Fixed Psi error:                                             0.000e+00  -->   0.000e+00 (Wb)
==============================================================================================================

