/home/ye2698/DESC/desc/integrals/_interp_utils.py:19: UserWarning: 
jax-finufft is not installed.
If you want to use NUFFTs, follow the DESC installation instructions.
Otherwise you must set the parameter nufft_eps to zero
when computing effective ripple, Gamma_c, and any other
computations that involve bounce integrals.

  warnings.warn(
DESC version=0.15.0+425.ga8f1b2dda.
Using JAX backend: jax version=0.6.2, jaxlib version=0.6.2, dtype=float64.
Using device: NVIDIA A100-PCIE-40GB (id=0), with 40.00 GB available memory.
Building objective: QS two-term
Precomputing transforms
Timer: Precomputing transforms = 335 ms
Building objective: aspect ratio
Precomputing transforms
Timer: Precomputing transforms = 39.6 ms
Building objective: volume
Precomputing transforms
Timer: Precomputing transforms = 39.7 ms
Timer: Objective build = 463 ms
Building objective: force
Precomputing transforms
Timer: Precomputing transforms = 400 ms
Timer: Objective build = 875 ms
Timer: Objective build = 2.97 ms
Timer: Eq Update LinearConstraintProjection build = 2.24 sec
Timer: Proximal projection build = 22.8 sec
Building objective: fixed cross-section R
Building objective: fixed cross-section Z
Building objective: fixed pressure
Building objective: fixed current
Building objective: fixed Psi
Timer: Objective build = 283 ms
Timer: LinearConstraintProjection build = 833 ms
Number of parameters: 45
Number of objectives: 461
Timer: Initializing the optimization = 24.0 sec

Starting optimization
Using method: proximal-lsq-exact
Solver options:
------------------------------------------------------------
Maximum Function Evaluations       : 1251
Maximum Allowed Total Δx Norm      : inf
Scaled Termination                 : True
Trust Region Method                : qr
Initial Trust Radius               : 2.010e+03
Maximum Trust Radius               : inf
Minimum Trust Radius               : 2.220e-16
Trust Radius Increase Ratio        : 2.000e+00
Trust Radius Decrease Ratio        : 2.500e-01
Trust Radius Increase Threshold    : 7.500e-01
Trust Radius Decrease Threshold    : 2.500e-01
------------------------------------------------------------ 

   Iteration     Total nfev        Cost      Cost reduction    Step norm     Optimality   
       0              1          1.061e+06                                    1.423e+03   
       1              2          4.162e+04      1.019e+06      1.532e-01      1.112e+02   
       2              3          1.363e+04      2.799e+04      2.468e-01      3.172e+01   
       3              4          1.004e+03      1.262e+04      2.041e-01      5.166e+00   
       4              6          2.163e+02      7.881e+02      9.813e-02      2.733e-01   
       5              9          1.168e+02      9.947e+01      1.073e-02      3.587e-01   
       6             10          7.994e+01      3.688e+01      1.629e-02      1.174e-01   
       7             11          7.397e+01      5.967e+00      2.744e-02      1.655e-01   
       8             13          6.336e+01      1.061e+01      7.278e-03      9.641e-02   
       9             15          6.192e+01      1.449e+00      4.639e-03      9.135e-02   
      10             16          6.023e+01      1.681e+00      3.664e-03      1.010e-01   
      11             17          5.771e+01      2.527e+00      3.306e-03      2.559e-02   
      12             18          5.730e+01      4.073e-01      6.408e-03      9.447e-02   
      13             19          5.534e+01      1.962e+00      7.127e-04      1.029e-02   
      14             20          5.452e+01      8.201e-01      2.907e-03      1.305e-02   
      15             21          5.325e+01      1.272e+00      7.113e-03      2.477e-02   
      16             22          5.182e+01      1.429e+00      1.529e-02      4.128e-02   
      17             23          4.876e+01      3.059e+00      1.086e-02      6.853e-02   
      18             24          4.585e+01      2.912e+00      7.441e-03      7.974e-02   
      19             25          4.260e+01      3.243e+00      8.332e-03      2.640e-02   
      20             27          4.124e+01      1.368e+00      6.502e-03      9.776e-02   
      21             28          4.091e+01      3.283e-01      6.861e-03      8.723e-02   
      22             29          3.900e+01      1.907e+00      1.531e-03      5.974e-02   
      23             30          3.838e+01      6.170e-01      3.406e-03      1.255e-02   
      24             31          3.751e+01      8.710e-01      3.216e-03      5.666e-02   
      25             32          3.748e+01      2.983e-02      6.234e-03      1.552e-01   
      26             33          3.562e+01      1.858e+00      1.119e-03      4.267e-02   
      27             34          3.517e+01      4.518e-01      3.140e-03      1.307e-01   
      28             35          3.377e+01      1.402e+00      3.184e-03      8.773e-03   
      29             37          3.321e+01      5.648e-01      1.561e-03      1.905e-02   
      30             38          3.270e+01      5.074e-01      3.287e-03      3.547e-02   
      31             39          3.185e+01      8.469e-01      3.215e-03      2.048e-02   
      32             42          3.147e+01      3.849e-01      3.012e-04      1.864e-02   
      33             43          3.127e+01      2.012e-01      9.018e-04      9.505e-03   
      34             44          3.102e+01      2.478e-01      1.668e-03      2.140e-02   
      35             46          3.081e+01      2.038e-01      3.370e-04      2.126e-02   
      36             47          3.066e+01      1.513e-01      8.626e-04      7.498e-03   
      37             49          3.056e+01      1.036e-01      3.749e-04      6.006e-03   
      38             50          3.042e+01      1.354e-01      8.156e-04      1.098e-02   
      39             52          3.033e+01      9.603e-02      3.805e-04      6.295e-03   
      40             53          3.020e+01      1.291e-01      8.040e-04      1.245e-02   
      41             55          3.011e+01      9.224e-02      3.863e-04      7.131e-03   
      42             56          3.001e+01      9.865e-02      8.004e-04      1.521e-02   
      43             57          2.986e+01      1.456e-01      7.651e-04      1.349e-02   
      44             58          2.964e+01      2.176e-01      1.375e-03      2.713e-02   
      45             59          2.935e+01      2.925e-01      1.393e-03      2.577e-02   
      46             60          2.907e+01      2.834e-01      2.897e-03      2.432e-02   
      47             61          2.851e+01      5.536e-01      2.822e-03      2.069e-02   
      48             62          2.823e+01      2.837e-01      2.949e-03      1.346e-01   
      49             63          2.785e+01      3.858e-01      3.053e-03      1.278e-01   
      50             64          2.753e+01      3.190e-01      2.884e-03      1.407e-01   
      51             65          2.717e+01      3.587e-01      2.980e-03      1.288e-01   
      52             66          2.681e+01      3.627e-01      3.377e-03      1.140e-01   
      53             67          2.652e+01      2.836e-01      3.789e-03      9.723e-02   
      54             68          2.611e+01      4.153e-01      4.128e-03      1.148e-01   
      55             69          2.579e+01      3.120e-01      4.240e-03      1.268e-01   
      56             70          2.541e+01      3.844e-01      4.460e-03      1.263e-01   
      57             71          2.513e+01      2.795e-01      4.452e-03      1.547e-01   
      58             72          2.481e+01      3.179e-01      4.356e-03      1.790e-01   
      59             73          2.454e+01      2.696e-01      4.420e-03      2.094e-01   
      60             74          2.421e+01      3.352e-01      4.742e-03      2.221e-01   
      61             75          2.380e+01      4.069e-01      5.148e-03      2.090e-01   
      62             76          2.353e+01      2.686e-01      5.155e-03      2.374e-01   
      63             77          2.278e+01      7.568e-01      5.255e-03      1.463e-01   
      64             78          2.259e+01      1.815e-01      1.027e-02      2.338e-01   
      65             79          2.188e+01      7.102e-01      3.063e-03      5.856e-02   
      66             80          2.174e+01      1.396e-01      5.594e-03      9.054e-02   
      67             81          2.131e+01      4.358e-01      5.729e-03      5.191e-02   
      68             83          2.104e+01      2.645e-01      1.559e-03      4.057e-02   
      69             84          2.087e+01      1.779e-01      3.113e-03      1.041e-02   
      70             86          2.071e+01      1.580e-01      1.475e-03      1.560e-02   
      71             87          2.056e+01      1.493e-01      2.901e-03      9.969e-03   
      72             89          2.042e+01      1.423e-01      1.346e-03      1.811e-02   
      73             90          2.027e+01      1.437e-01      2.564e-03      1.098e-02   
      74             91          2.003e+01      2.417e-01      4.128e-03      2.168e-02   
      75             122         2.003e+01      0.000e+00      0.000e+00      2.168e-02   
Warning: A bad approximation caused failure to predict improvement.
         Current function value: 2.003e+01
         Total delta_x: 4.231e-01
         Iterations: 75
         Function evaluations: 122
         Jacobian evaluations: 75
Timer: Solution time = 5.84 min
Timer: Avg time per step = 4.61 sec
==============================================================================================================
                                                                 Start  -->   End
Total (sum of squares):                                      1.127e+06  -->   2.003e+01, 
Maximum absolute Quasi-symmetry (1,4) two-term error:        4.684e+00  -->   3.365e-02 (T^3)
Minimum absolute Quasi-symmetry (1,4) two-term error:        1.493e-03  -->   1.396e-05 (T^3)
Average absolute Quasi-symmetry (1,4) two-term error:        1.223e+00  -->   3.779e-03 (T^3)
Aspect ratio:                                                7.980e+00  -->   7.998e+00 (dimensionless)
Plasma volume:                                               3.094e-01  -->   7.982e-01 (m^3)
Maximum absolute Force error:                                3.676e+00  -->   7.689e+00 (N)
Minimum absolute Force error:                                1.165e-04  -->   5.531e-05 (N)
Average absolute Force error:                                1.191e-01  -->   1.426e-01 (N)
Maximum absolute Force error:                                4.988e-05  -->   1.043e-04 (normalized)
Minimum absolute Force error:                                1.581e-09  -->   7.505e-10 (normalized)
Average absolute Force error:                                1.617e-06  -->   1.935e-06 (normalized)
Cross-section R error:                                       0.000e+00  -->   0.000e+00 (m)
Cross-section Z error:                                       0.000e+00  -->   0.000e+00 (m)
Fixed pressure profile error:                                0.000e+00  -->   0.000e+00 (Pa)
Fixed current profile error:                                 0.000e+00  -->   0.000e+00 (A)
Fixed Psi error:                                             0.000e+00  -->   0.000e+00 (Wb)
==============================================================================================================

