/home/ye2698/DESC/desc/integrals/_interp_utils.py:19: UserWarning: 
jax-finufft is not installed.
If you want to use NUFFTs, follow the DESC installation instructions.
Otherwise you must set the parameter nufft_eps to zero
when computing effective ripple, Gamma_c, and any other
computations that involve bounce integrals.

  warnings.warn(
DESC version=0.15.0+425.ga8f1b2dda.
Using JAX backend: jax version=0.6.2, jaxlib version=0.6.2, dtype=float64.
Using device: NVIDIA A100 80GB PCIe (id=0), with 80.00 GB available memory.
Building objective: QS two-term
Precomputing transforms
Timer: Precomputing transforms = 323 ms
Building objective: aspect ratio
Precomputing transforms
Timer: Precomputing transforms = 39.4 ms
Building objective: volume
Precomputing transforms
Timer: Precomputing transforms = 39.0 ms
Timer: Objective build = 448 ms
Building objective: force
Precomputing transforms
Timer: Precomputing transforms = 385 ms
Timer: Objective build = 799 ms
Timer: Objective build = 2.67 ms
Timer: Eq Update LinearConstraintProjection build = 2.14 sec
Timer: Proximal projection build = 21.5 sec
Building objective: fixed cross-section R
Building objective: fixed cross-section Z
Building objective: fixed pressure
Building objective: fixed current
Building objective: fixed Psi
Timer: Objective build = 280 ms
Timer: LinearConstraintProjection build = 790 ms
Number of parameters: 45
Number of objectives: 461
Timer: Initializing the optimization = 22.6 sec

Starting optimization
Using method: proximal-lsq-exact
Solver options:
------------------------------------------------------------
Maximum Function Evaluations       : 1251
Maximum Allowed Total Δx Norm      : inf
Scaled Termination                 : True
Trust Region Method                : qr
Initial Trust Radius               : 1.232e+02
Maximum Trust Radius               : inf
Minimum Trust Radius               : 2.220e-16
Trust Radius Increase Ratio        : 2.000e+00
Trust Radius Decrease Ratio        : 2.500e-01
Trust Radius Increase Threshold    : 7.500e-01
Trust Radius Decrease Threshold    : 2.500e-01
------------------------------------------------------------ 

   Iteration     Total nfev        Cost      Cost reduction    Step norm     Optimality   
       0              1          2.654e+03                                    7.095e+01   
       1              3          4.175e+02      2.236e+03      2.446e-02      2.537e+01   
       2              4          2.205e+02      1.971e+02      1.277e-02      1.135e+01   
       3              5          8.305e+01      1.374e+02      2.682e-02      3.323e+00   
       4              8          5.524e+01      2.781e+01      1.671e-03      1.814e+00   
       5              9          4.135e+01      1.390e+01      1.366e-03      3.306e+00   
       6             10          4.077e+01      5.786e-01      2.828e-03      5.490e+00   
       7             11          2.564e+01      1.512e+01      2.258e-03      1.568e+00   
       8             12          2.477e+01      8.736e-01      5.188e-03      1.960e+00   
       9             13          2.262e+01      2.155e+00      1.357e-03      2.459e-01   
      10             14          2.146e+01      1.154e+00      2.681e-03      3.333e-01   
      11             16          2.089e+01      5.700e-01      1.329e-03      2.794e-01   
      12             17          2.011e+01      7.829e-01      2.592e-03      1.993e-01   
      13             18          1.848e+01      1.629e+00      4.962e-03      6.532e-01   
      14             19          1.627e+01      2.214e+00      9.326e-03      1.615e+00   
      15             21          1.614e+01      1.286e-01      3.301e-03      2.266e+00   
      16             22          1.352e+01      2.614e+00      2.977e-04      2.432e-01   
      17             23          1.284e+01      6.882e-01      1.805e-03      1.594e-01   
      18             24          1.188e+01      9.569e-01      3.547e-03      1.459e-01   
      19             25          1.142e+01      4.575e-01      6.697e-03      1.409e+00   
      20             26          1.096e+01      4.602e-01      6.128e-03      1.775e+00   
      21             27          9.028e+00      1.933e+00      1.401e-03      1.585e-01   
      22             28          8.583e+00      4.449e-01      2.083e-03      2.389e-01   
      23             30          8.348e+00      2.354e-01      9.671e-04      1.673e-01   
      24             31          8.027e+00      3.210e-01      1.547e-03      3.178e-01   
      25             32          7.769e+00      2.583e-01      2.073e-03      8.558e-01   
      26             33          7.071e+00      6.978e-01      9.933e-04      5.985e-01   
      27             35          6.708e+00      3.630e-01      3.523e-04      2.054e-01   
      28             36          6.638e+00      6.970e-02      5.913e-04      5.257e-01   
      29             37          6.315e+00      3.234e-01      2.177e-04      7.390e-02   
      30             38          6.225e+00      8.986e-02      4.960e-04      2.797e-01   
      31             39          6.078e+00      1.468e-01      5.254e-04      3.295e-01   
      32             40          5.996e+00      8.236e-02      3.921e-04      4.995e-01   
      33             41          5.869e+00      1.268e-01      2.671e-04      5.231e-01   
      34             42          5.687e+00      1.820e-01      2.467e-04      6.192e-01   
      35             43          5.459e+00      2.282e-01      5.243e-04      5.389e-01   
      36             44          5.220e+00      2.391e-01      9.554e-04      3.240e-01   
      37             45          4.849e+00      3.711e-01      1.138e-03      2.185e-01   
      38             46          4.622e+00      2.261e-01      2.084e-03      1.997e-01   
      39             47          4.305e+00      3.175e-01      1.605e-03      7.530e-02   
      40             48          4.087e+00      2.183e-01      1.951e-03      5.006e-01   
      41             49          3.570e+00      5.164e-01      1.027e-03      1.678e-01   
      42             50          3.075e+00      4.954e-01      1.774e-03      5.728e-01   
      43             52          2.601e+00      4.744e-01      8.844e-04      4.377e-01   
      44             53          2.538e+00      6.278e-02      1.007e-03      4.629e-01   
      45             55          2.165e+00      3.723e-01      1.391e-04      4.443e-02   
      46             56          2.131e+00      3.434e-02      1.730e-04      8.312e-02   
      47             58          2.117e+00      1.430e-02      5.979e-05      8.061e-02   
      48             59          2.086e+00      3.080e-02      5.216e-05      4.260e-02   
      49             62          2.083e+00      3.286e-03      9.459e-06      1.040e-02   
      50             64          2.082e+00      1.096e-03      3.784e-06      1.067e-02   
Optimization terminated successfully.
`ftol` condition satisfied. (ftol=1.00e-03)
         Current function value: 2.082e+00
         Total delta_x: 8.185e-02
         Iterations: 50
         Function evaluations: 64
         Jacobian evaluations: 51
Timer: Solution time = 3.62 min
Timer: Avg time per step = 4.26 sec
==============================================================================================================
                                                                 Start  -->   End
Total (sum of squares):                                      2.820e+03  -->   2.082e+00, 
Maximum absolute Quasi-symmetry (1,4) two-term error:        4.684e+00  -->   3.508e-01 (T^3)
Minimum absolute Quasi-symmetry (1,4) two-term error:        1.493e-03  -->   1.519e-05 (T^3)
Average absolute Quasi-symmetry (1,4) two-term error:        1.223e+00  -->   3.805e-02 (T^3)
Aspect ratio:                                                7.980e+00  -->   8.000e+00 (dimensionless)
Plasma volume:                                               3.094e-01  -->   3.053e-01 (m^3)
Maximum absolute Force error:                                3.676e+00  -->   1.437e+01 (N)
Minimum absolute Force error:                                1.165e-04  -->   1.587e-05 (N)
Average absolute Force error:                                1.191e-01  -->   2.820e-01 (N)
Maximum absolute Force error:                                4.988e-05  -->   1.950e-04 (normalized)
Minimum absolute Force error:                                1.581e-09  -->   2.153e-10 (normalized)
Average absolute Force error:                                1.617e-06  -->   3.826e-06 (normalized)
Cross-section R error:                                       0.000e+00  -->   0.000e+00 (m)
Cross-section Z error:                                       0.000e+00  -->   0.000e+00 (m)
Fixed pressure profile error:                                0.000e+00  -->   0.000e+00 (Pa)
Fixed current profile error:                                 0.000e+00  -->   0.000e+00 (A)
Fixed Psi error:                                             0.000e+00  -->   0.000e+00 (Wb)
==============================================================================================================

