/home/ye2698/DESC/desc/integrals/_interp_utils.py:19: UserWarning: 
jax-finufft is not installed.
If you want to use NUFFTs, follow the DESC installation instructions.
Otherwise you must set the parameter nufft_eps to zero
when computing effective ripple, Gamma_c, and any other
computations that involve bounce integrals.

  warnings.warn(
DESC version=0.15.0+425.ga8f1b2dda.
Using JAX backend: jax version=0.6.2, jaxlib version=0.6.2, dtype=float64.
Using device: NVIDIA A100-PCIE-40GB (id=0), with 40.00 GB available memory.
Building objective: QS two-term
Precomputing transforms
Timer: Precomputing transforms = 342 ms
Building objective: aspect ratio
Precomputing transforms
Timer: Precomputing transforms = 39.8 ms
Building objective: volume
Precomputing transforms
Timer: Precomputing transforms = 39.6 ms
Timer: Objective build = 471 ms
Building objective: force
Precomputing transforms
Timer: Precomputing transforms = 407 ms
Timer: Objective build = 896 ms
Timer: Objective build = 2.95 ms
Timer: Eq Update LinearConstraintProjection build = 2.27 sec
Timer: Proximal projection build = 23.0 sec
Building objective: fixed cross-section R
Building objective: fixed cross-section Z
Building objective: fixed pressure
Building objective: fixed current
Building objective: fixed Psi
Timer: Objective build = 285 ms
Timer: LinearConstraintProjection build = 836 ms
Number of parameters: 45
Number of objectives: 461
Timer: Initializing the optimization = 24.2 sec

Starting optimization
Using method: proximal-lsq-exact
Solver options:
------------------------------------------------------------
Maximum Function Evaluations       : 1251
Maximum Allowed Total Δx Norm      : inf
Scaled Termination                 : True
Trust Region Method                : qr
Initial Trust Radius               : 2.009e+03
Maximum Trust Radius               : inf
Minimum Trust Radius               : 2.220e-16
Trust Radius Increase Ratio        : 2.000e+00
Trust Radius Decrease Ratio        : 2.500e-01
Trust Radius Increase Threshold    : 7.500e-01
Trust Radius Decrease Threshold    : 2.500e-01
------------------------------------------------------------ 

   Iteration     Total nfev        Cost      Cost reduction    Step norm     Optimality   
       0              1          1.061e+06                                    1.424e+03   
       1              2          5.353e+04      1.007e+06      1.179e-01      2.317e+02   
       2              3          1.190e+04      4.163e+04      1.313e-01      3.296e+01   
       3              5          2.062e+03      9.836e+03      6.769e-02      2.051e+00   
       4              7          5.579e+02      1.504e+03      9.010e-03      1.151e+00   
       5             10          4.839e+02      7.395e+01      3.000e-03      2.092e-01   
       6             12          4.695e+02      1.441e+01      1.326e-03      1.093e-01   
       7             13          4.690e+02      5.711e-01      1.991e-03      1.732e-01   
       8             14          4.634e+02      5.583e+00      1.949e-04      6.860e-02   
       9             15          4.582e+02      5.219e+00      8.855e-04      1.024e-01   
      10             16          4.500e+02      8.181e+00      1.262e-03      1.443e-01   
      11             17          4.403e+02      9.698e+00      8.875e-04      4.638e-02   
      12             18          4.268e+02      1.347e+01      1.692e-03      5.081e-02   
      13             20          4.160e+02      1.077e+01      9.081e-04      5.515e-02   
      14             21          3.997e+02      1.637e+01      1.699e-03      1.042e-01   
      15             23          3.981e+02      1.559e+00      2.550e-03      1.670e-01   
      16             24          3.944e+02      3.753e+00      6.678e-04      8.008e-02   
      17             54          3.944e+02      0.000e+00      0.000e+00      8.008e-02   
Warning: A bad approximation caused failure to predict improvement.
         Current function value: 3.944e+02
         Total delta_x: 3.083e-01
         Iterations: 17
         Function evaluations: 54
         Jacobian evaluations: 17
Timer: Solution time = 3.92 min
Timer: Avg time per step = 13.0 sec
==============================================================================================================
                                                                 Start  -->   End
Total (sum of squares):                                      1.127e+06  -->   3.944e+02, 
Maximum absolute Quasi-symmetry (1,4) two-term error:        4.684e+00  -->   9.937e-02 (T^3)
Minimum absolute Quasi-symmetry (1,4) two-term error:        1.493e-03  -->   1.239e-04 (T^3)
Average absolute Quasi-symmetry (1,4) two-term error:        1.223e+00  -->   1.578e-02 (T^3)
Aspect ratio:                                                7.980e+00  -->   7.839e+00 (dimensionless)
Plasma volume:                                               3.094e-01  -->   7.254e-01 (m^3)
Maximum absolute Force error:                                3.676e+00  -->   1.907e+01 (N)
Minimum absolute Force error:                                1.165e-04  -->   5.426e-05 (N)
Average absolute Force error:                                1.191e-01  -->   2.195e-01 (N)
Maximum absolute Force error:                                4.988e-05  -->   2.588e-04 (normalized)
Minimum absolute Force error:                                1.581e-09  -->   7.363e-10 (normalized)
Average absolute Force error:                                1.617e-06  -->   2.979e-06 (normalized)
Cross-section R error:                                       0.000e+00  -->   0.000e+00 (m)
Cross-section Z error:                                       0.000e+00  -->   0.000e+00 (m)
Fixed pressure profile error:                                0.000e+00  -->   0.000e+00 (Pa)
Fixed current profile error:                                 0.000e+00  -->   0.000e+00 (A)
Fixed Psi error:                                             0.000e+00  -->   0.000e+00 (Wb)
==============================================================================================================

