/home/ye2698/DESC/desc/integrals/_interp_utils.py:19: UserWarning: 
jax-finufft is not installed.
If you want to use NUFFTs, follow the DESC installation instructions.
Otherwise you must set the parameter nufft_eps to zero
when computing effective ripple, Gamma_c, and any other
computations that involve bounce integrals.

  warnings.warn(
DESC version=0.15.0+425.ga8f1b2dda.
Using JAX backend: jax version=0.6.2, jaxlib version=0.6.2, dtype=float64.
Using device: NVIDIA A100-PCIE-40GB (id=0), with 40.00 GB available memory.
Building objective: QS two-term
Precomputing transforms
Timer: Precomputing transforms = 340 ms
Building objective: aspect ratio
Precomputing transforms
Timer: Precomputing transforms = 40.0 ms
Building objective: volume
Precomputing transforms
Timer: Precomputing transforms = 39.6 ms
Timer: Objective build = 470 ms
Building objective: force
Precomputing transforms
Timer: Precomputing transforms = 408 ms
Timer: Objective build = 897 ms
Timer: Objective build = 2.97 ms
Timer: Eq Update LinearConstraintProjection build = 2.28 sec
Timer: Proximal projection build = 22.9 sec
Building objective: fixed cross-section R
Building objective: fixed cross-section Z
Building objective: fixed pressure
Building objective: fixed current
Building objective: fixed Psi
Timer: Objective build = 286 ms
Timer: LinearConstraintProjection build = 833 ms
Number of parameters: 45
Number of objectives: 461
Timer: Initializing the optimization = 24.1 sec

Starting optimization
Using method: proximal-lsq-exact
Solver options:
------------------------------------------------------------
Maximum Function Evaluations       : 1251
Maximum Allowed Total Δx Norm      : inf
Scaled Termination                 : True
Trust Region Method                : qr
Initial Trust Radius               : 1.007e+03
Maximum Trust Radius               : inf
Minimum Trust Radius               : 2.220e-16
Trust Radius Increase Ratio        : 2.000e+00
Trust Radius Decrease Ratio        : 2.500e-01
Trust Radius Increase Threshold    : 7.500e-01
Trust Radius Decrease Threshold    : 2.500e-01
------------------------------------------------------------ 

   Iteration     Total nfev        Cost      Cost reduction    Step norm     Optimality   
       0              1          2.652e+05                                    7.117e+02   
       1              2          1.500e+04      2.502e+05      1.544e-01      1.014e+02   
       2              3          2.619e+03      1.238e+04      2.734e-01      7.054e+00   
       3              5          9.421e+02      1.677e+03      9.358e-02      6.205e+00   
       4              7          9.794e+01      8.442e+02      1.627e-02      5.142e-01   
       5              9          6.712e+01      3.083e+01      8.974e-03      4.043e-01   
       6             10          3.887e+01      2.825e+01      1.489e-02      5.171e-01   
       7             12          2.558e+01      1.328e+01      9.297e-03      1.310e-02   
       8             13          2.210e+01      3.485e+00      1.641e-03      1.527e-01   
       9             15          2.102e+01      1.081e+00      5.407e-03      1.895e-02   
      10             18          2.090e+01      1.188e-01      2.459e-04      4.013e-02   
      11             19          2.082e+01      7.962e-02      7.714e-04      2.340e-02   
      12             20          2.070e+01      1.200e-01      2.059e-03      9.445e-03   
      13             21          2.048e+01      2.204e-01      4.088e-03      2.049e-03   
      14             22          2.010e+01      3.753e-01      7.596e-03      3.325e-02   
      15             23          2.009e+01      1.634e-02      1.247e-02      1.969e-01   
      16             24          1.921e+01      8.729e-01      1.701e-03      5.273e-02   
      17             25          1.878e+01      4.328e-01      4.597e-03      2.515e-02   
      18             26          1.821e+01      5.693e-01      1.363e-02      9.290e-02   
      19             29          1.807e+01      1.413e-01      2.214e-03      9.011e-02   
      20             30          1.789e+01      1.845e-01      3.272e-03      4.427e-02   
      21             31          1.778e+01      1.026e-01      6.273e-03      8.811e-02   
      22             32          1.762e+01      1.619e-01      5.411e-03      8.716e-02   
      23             33          1.742e+01      2.058e-01      4.690e-03      5.038e-02   
      24             34          1.723e+01      1.852e-01      7.492e-03      7.838e-02   
      25             36          1.706e+01      1.688e-01      2.771e-03      3.191e-02   
      26             37          1.689e+01      1.710e-01      5.334e-03      6.808e-02   
      27             39          1.678e+01      1.103e-01      2.412e-03      6.851e-02   
      28             40          1.655e+01      2.350e-01      5.280e-03      5.268e-02   
      29             41          1.650e+01      4.665e-02      9.663e-03      2.007e-01   
      30             42          1.612e+01      3.799e-01      1.589e-03      1.205e-01   
      31             43          1.588e+01      2.398e-01      2.210e-03      4.450e-02   
      32             45          1.581e+01      6.950e-02      8.321e-04      2.015e-02   
      33             47          1.579e+01      2.432e-02      4.342e-04      7.291e-03   
      34             77          1.579e+01      0.000e+00      0.000e+00      7.291e-03   
Warning: A bad approximation caused failure to predict improvement.
         Current function value: 1.579e+01
         Total delta_x: 4.371e-01
         Iterations: 34
         Function evaluations: 77
         Jacobian evaluations: 34
Timer: Solution time = 6.84 min
Timer: Avg time per step = 11.7 sec
==============================================================================================================
                                                                 Start  -->   End
Total (sum of squares):                                      2.817e+05  -->   1.579e+01, 
Maximum absolute Quasi-symmetry (1,4) two-term error:        4.684e+00  -->   3.468e-02 (T^3)
Minimum absolute Quasi-symmetry (1,4) two-term error:        1.493e-03  -->   2.726e-06 (T^3)
Average absolute Quasi-symmetry (1,4) two-term error:        1.223e+00  -->   6.535e-03 (T^3)
Aspect ratio:                                                7.980e+00  -->   8.000e+00 (dimensionless)
Plasma volume:                                               3.094e-01  -->   1.187e+00 (m^3)
Maximum absolute Force error:                                3.676e+00  -->   2.748e+00 (N)
Minimum absolute Force error:                                1.165e-04  -->   2.557e-05 (N)
Average absolute Force error:                                1.191e-01  -->   5.217e-02 (N)
Maximum absolute Force error:                                4.988e-05  -->   3.729e-05 (normalized)
Minimum absolute Force error:                                1.581e-09  -->   3.469e-10 (normalized)
Average absolute Force error:                                1.617e-06  -->   7.079e-07 (normalized)
Cross-section R error:                                       0.000e+00  -->   0.000e+00 (m)
Cross-section Z error:                                       0.000e+00  -->   0.000e+00 (m)
Fixed pressure profile error:                                0.000e+00  -->   0.000e+00 (Pa)
Fixed current profile error:                                 0.000e+00  -->   0.000e+00 (A)
Fixed Psi error:                                             0.000e+00  -->   0.000e+00 (Wb)
==============================================================================================================

