/home/ye2698/DESC/desc/integrals/_interp_utils.py:19: UserWarning: 
jax-finufft is not installed.
If you want to use NUFFTs, follow the DESC installation instructions.
Otherwise you must set the parameter nufft_eps to zero
when computing effective ripple, Gamma_c, and any other
computations that involve bounce integrals.

  warnings.warn(
DESC version=0.15.0+425.ga8f1b2dda.
Using JAX backend: jax version=0.6.2, jaxlib version=0.6.2, dtype=float64.
Using device: NVIDIA A100-PCIE-40GB (id=0), with 40.00 GB available memory.
Building objective: QS two-term
Precomputing transforms
Timer: Precomputing transforms = 351 ms
Building objective: aspect ratio
Precomputing transforms
Timer: Precomputing transforms = 40.0 ms
Building objective: volume
Precomputing transforms
Timer: Precomputing transforms = 39.7 ms
Timer: Objective build = 482 ms
Building objective: force
Precomputing transforms
Timer: Precomputing transforms = 414 ms
Timer: Objective build = 864 ms
Timer: Objective build = 3.06 ms
Timer: Eq Update LinearConstraintProjection build = 2.27 sec
Timer: Proximal projection build = 23.1 sec
Building objective: fixed cross-section R
Building objective: fixed cross-section Z
Building objective: fixed pressure
Building objective: fixed current
Building objective: fixed Psi
Timer: Objective build = 294 ms
Timer: LinearConstraintProjection build = 857 ms
Number of parameters: 45
Number of objectives: 461
Timer: Initializing the optimization = 24.3 sec

Starting optimization
Using method: proximal-lsq-exact
Solver options:
------------------------------------------------------------
Maximum Function Evaluations       : 1251
Maximum Allowed Total Δx Norm      : inf
Scaled Termination                 : True
Trust Region Method                : qr
Initial Trust Radius               : 1.066e+02
Maximum Trust Radius               : inf
Minimum Trust Radius               : 2.220e-16
Trust Radius Increase Ratio        : 2.000e+00
Trust Radius Decrease Ratio        : 2.500e-01
Trust Radius Increase Threshold    : 7.500e-01
Trust Radius Decrease Threshold    : 2.500e-01
------------------------------------------------------------ 

   Iteration     Total nfev        Cost      Cost reduction    Step norm     Optimality   
       0              1          2.653e+03                                    7.112e+01   
       1              2          6.440e+02      2.009e+03      2.490e-02      2.756e+01   
       2              4          2.351e+02      4.089e+02      5.005e-02      1.986e+01   
       3              5          2.186e+02      1.647e+01      2.391e-02      1.231e+01   
       4              6          6.328e+01      1.554e+02      3.651e-03      3.413e+00   
       5              7          2.567e+01      3.761e+01      3.261e-03      1.789e+00   
       6              9          1.934e+01      6.331e+00      9.621e-03      3.219e+00   
       7             11          1.098e+01      8.357e+00      2.679e-03      4.056e-01   
       8             13          1.056e+01      4.196e-01      2.051e-03      1.872e-01   
       9             14          1.009e+01      4.703e-01      3.880e-03      2.794e-01   
      10             15          9.564e+00      5.294e-01      3.505e-03      2.360e-01   
      11             16          9.083e+00      4.809e-01      3.182e-03      2.229e-01   
      12             17          8.346e+00      7.376e-01      5.818e-03      3.259e-01   
      13             18          7.512e+00      8.341e-01      5.061e-03      2.594e-01   
      14             20          7.129e+00      3.829e-01      2.764e-03      2.925e-01   
      15             21          6.751e+00      3.775e-01      2.975e-03      1.581e-01   
      16             22          6.593e+00      1.584e-01      5.467e-03      6.231e-01   
      17             23          6.027e+00      5.662e-01      6.352e-03      5.135e-01   
      18             24          5.467e+00      5.591e-01      6.685e-03      3.618e-01   
      19             25          5.076e+00      3.917e-01      5.136e-03      2.152e-01   
      20             26          5.000e+00      7.597e-02      2.551e-03      4.372e-01   
      21             27          4.687e+00      3.129e-01      2.825e-04      1.420e-01   
      22             28          4.611e+00      7.608e-02      4.695e-04      1.992e-01   
      23             29          4.524e+00      8.709e-02      4.967e-04      2.398e-01   
      24             30          4.470e+00      5.369e-02      5.332e-04      3.173e-01   
      25             31          4.267e+00      2.028e-01      5.246e-04      1.642e-01   
      26             32          4.133e+00      1.343e-01      1.119e-03      3.203e-01   
      27             33          3.923e+00      2.099e-01      7.972e-04      2.794e-01   
      28             35          3.830e+00      9.355e-02      4.705e-04      2.582e-01   
      29             36          3.706e+00      1.233e-01      5.716e-04      1.490e-01   
      30             37          3.693e+00      1.376e-02      1.412e-03      4.283e-01   
      31             38          3.517e+00      1.757e-01      5.214e-04      8.222e-02   
      32             40          3.487e+00      2.998e-02      2.297e-04      3.550e-02   
      33             42          3.477e+00      1.030e-02      1.311e-04      2.286e-02   
      34             44          3.472e+00      4.306e-03      6.208e-05      1.993e-02   
      35             45          3.463e+00      9.550e-03      1.080e-04      3.025e-02   
      36             47          3.458e+00      4.592e-03      6.179e-05      1.840e-02   
      37             49          3.457e+00      1.477e-03      2.906e-05      1.795e-02   
Optimization terminated successfully.
`ftol` condition satisfied. (ftol=1.00e-03)
         Current function value: 3.457e+00
         Total delta_x: 5.200e-02
         Iterations: 37
         Function evaluations: 49
         Jacobian evaluations: 38
Timer: Solution time = 2.83 min
Timer: Avg time per step = 4.47 sec
==============================================================================================================
                                                                 Start  -->   End
Total (sum of squares):                                      2.818e+03  -->   3.457e+00, 
Maximum absolute Quasi-symmetry (1,4) two-term error:        4.684e+00  -->   3.492e-01 (T^3)
Minimum absolute Quasi-symmetry (1,4) two-term error:        1.493e-03  -->   1.469e-04 (T^3)
Average absolute Quasi-symmetry (1,4) two-term error:        1.223e+00  -->   4.391e-02 (T^3)
Aspect ratio:                                                7.980e+00  -->   8.000e+00 (dimensionless)
Plasma volume:                                               3.094e-01  -->   3.216e-01 (m^3)
Maximum absolute Force error:                                3.676e+00  -->   1.097e+01 (N)
Minimum absolute Force error:                                1.165e-04  -->   3.023e-06 (N)
Average absolute Force error:                                1.191e-01  -->   2.710e-01 (N)
Maximum absolute Force error:                                4.988e-05  -->   1.488e-04 (normalized)
Minimum absolute Force error:                                1.581e-09  -->   4.102e-11 (normalized)
Average absolute Force error:                                1.617e-06  -->   3.678e-06 (normalized)
Cross-section R error:                                       0.000e+00  -->   0.000e+00 (m)
Cross-section Z error:                                       0.000e+00  -->   0.000e+00 (m)
Fixed pressure profile error:                                0.000e+00  -->   0.000e+00 (Pa)
Fixed current profile error:                                 0.000e+00  -->   0.000e+00 (A)
Fixed Psi error:                                             0.000e+00  -->   0.000e+00 (Wb)
==============================================================================================================

