/home/ye2698/DESC/desc/integrals/_interp_utils.py:19: UserWarning: 
jax-finufft is not installed.
If you want to use NUFFTs, follow the DESC installation instructions.
Otherwise you must set the parameter nufft_eps to zero
when computing effective ripple, Gamma_c, and any other
computations that involve bounce integrals.

  warnings.warn(
DESC version=0.15.0+425.ga8f1b2dda.
Using JAX backend: jax version=0.6.2, jaxlib version=0.6.2, dtype=float64.
Using device: NVIDIA A100 80GB PCIe (id=0), with 80.00 GB available memory.
Building objective: QS two-term
Precomputing transforms
Timer: Precomputing transforms = 312 ms
Building objective: aspect ratio
Precomputing transforms
Timer: Precomputing transforms = 38.6 ms
Building objective: volume
Precomputing transforms
Timer: Precomputing transforms = 38.5 ms
Timer: Objective build = 432 ms
Building objective: force
Precomputing transforms
Timer: Precomputing transforms = 371 ms
Timer: Objective build = 755 ms
Timer: Objective build = 2.62 ms
Timer: Eq Update LinearConstraintProjection build = 1.99 sec
Timer: Proximal projection build = 20.7 sec
Building objective: fixed cross-section R
Building objective: fixed cross-section Z
Building objective: fixed pressure
Building objective: fixed current
Building objective: fixed Psi
Timer: Objective build = 266 ms
Timer: LinearConstraintProjection build = 734 ms
Number of parameters: 45
Number of objectives: 461
Timer: Initializing the optimization = 21.8 sec

Starting optimization
Using method: proximal-lsq-exact
Solver options:
------------------------------------------------------------
Maximum Function Evaluations       : 1251
Maximum Allowed Total Δx Norm      : inf
Scaled Termination                 : True
Trust Region Method                : qr
Initial Trust Radius               : 1.007e+02
Maximum Trust Radius               : inf
Minimum Trust Radius               : 2.220e-16
Trust Radius Increase Ratio        : 2.000e+00
Trust Radius Decrease Ratio        : 2.500e-01
Trust Radius Increase Threshold    : 7.500e-01
Trust Radius Decrease Threshold    : 2.500e-01
------------------------------------------------------------ 

   Iteration     Total nfev        Cost      Cost reduction    Step norm     Optimality   
       0              1          2.652e+03                                    7.117e+01   
       1              2          1.489e+02      2.503e+03      1.311e-01      1.106e+01   
       2              4          6.254e+01      8.641e+01      8.491e-02      2.145e+00   
       3              6          1.255e+01      5.000e+01      4.149e-03      1.328e+00   
       4              7          7.663e+00      4.884e+00      7.457e-03      8.051e-01   
       5              9          5.251e+00      2.412e+00      2.058e-03      1.093e-01   
       6             11          4.913e+00      3.373e-01      8.270e-04      4.888e-02   
       7             13          4.830e+00      8.283e-02      4.836e-04      2.662e-02   
       8             14          4.717e+00      1.138e-01      1.351e-03      3.626e-02   
       9             15          4.506e+00      2.107e-01      3.548e-03      4.701e-02   
      10             17          4.363e+00      1.429e-01      1.775e-03      4.342e-02   
      11             18          4.168e+00      1.946e-01      5.071e-03      1.274e-01   
      12             19          4.156e+00      1.277e-02      9.852e-03      3.077e-01   
      13             20          3.487e+00      6.685e-01      1.935e-03      1.087e-01   
      14             21          3.253e+00      2.337e-01      5.921e-03      6.414e-02   
      15             22          3.099e+00      1.548e-01      1.327e-02      1.387e-01   
      16             24          2.991e+00      1.075e-01      2.692e-03      5.422e-02   
      17             25          2.929e+00      6.234e-02      2.766e-03      6.749e-02   
      18             26          2.839e+00      8.963e-02      2.478e-03      8.060e-02   
      19             27          2.830e+00      9.403e-03      6.507e-03      2.478e-01   
      20             28          2.618e+00      2.113e-01      1.351e-03      3.421e-02   
      21             29          2.546e+00      7.215e-02      4.671e-03      2.895e-02   
      22             30          2.431e+00      1.149e-01      1.033e-02      4.279e-02   
      23             31          2.286e+00      1.459e-01      1.814e-02      9.215e-02   
      24             32          2.165e+00      1.209e-01      1.228e-02      1.034e-01   
      25             34          2.025e+00      1.398e-01      1.003e-03      6.820e-02   
      26             35          1.895e+00      1.297e-01      3.319e-03      5.122e-02   
      27             36          1.730e+00      1.656e-01      1.009e-02      7.296e-02   
      28             38          1.660e+00      6.938e-02      4.692e-03      1.266e-01   
      29             39          1.562e+00      9.852e-02      4.128e-03      1.780e-01   
      30             41          1.484e+00      7.816e-02      1.270e-03      4.565e-02   
      31             43          1.467e+00      1.617e-02      5.610e-04      4.823e-02   
      32             44          1.449e+00      1.794e-02      1.081e-03      8.110e-02   
      33             46          1.436e+00      1.346e-02      1.137e-04      2.271e-02   
      34             47          1.431e+00      5.202e-03      1.153e-04      3.013e-02   
      35             48          1.421e+00      9.532e-03      1.234e-04      1.993e-02   
      36             49          1.413e+00      8.307e-03      1.666e-04      1.975e-02   
      37             50          1.405e+00      7.778e-03      1.940e-04      2.042e-02   
      38             51          1.397e+00      7.784e-03      2.119e-04      2.036e-02   
      39             52          1.390e+00      7.806e-03      2.274e-04      2.038e-02   
      40             53          1.382e+00      7.841e-03      2.423e-04      2.194e-02   
      41             54          1.374e+00      7.875e-03      2.559e-04      2.330e-02   
      42             55          1.366e+00      7.900e-03      2.686e-04      2.449e-02   
      43             82          1.366e+00      0.000e+00      0.000e+00      2.449e-02   
Warning: A bad approximation caused failure to predict improvement.
         Current function value: 1.366e+00
         Total delta_x: 8.622e-02
         Iterations: 43
         Function evaluations: 82
         Jacobian evaluations: 43
Timer: Solution time = 3.26 min
Timer: Avg time per step = 4.45 sec
==============================================================================================================
                                                                 Start  -->   End
Total (sum of squares):                                      2.817e+03  -->   1.366e+00, 
Maximum absolute Quasi-symmetry (1,4) two-term error:        4.684e+00  -->   2.329e-01 (T^3)
Minimum absolute Quasi-symmetry (1,4) two-term error:        1.493e-03  -->   9.511e-05 (T^3)
Average absolute Quasi-symmetry (1,4) two-term error:        1.223e+00  -->   2.211e-02 (T^3)
Aspect ratio:                                                7.980e+00  -->   7.999e+00 (dimensionless)
Plasma volume:                                               3.094e-01  -->   4.103e-01 (m^3)
Maximum absolute Force error:                                3.676e+00  -->   5.875e+00 (N)
Minimum absolute Force error:                                1.165e-04  -->   1.078e-05 (N)
Average absolute Force error:                                1.191e-01  -->   1.846e-01 (N)
Maximum absolute Force error:                                4.988e-05  -->   7.972e-05 (normalized)
Minimum absolute Force error:                                1.581e-09  -->   1.463e-10 (normalized)
Average absolute Force error:                                1.617e-06  -->   2.504e-06 (normalized)
Cross-section R error:                                       0.000e+00  -->   0.000e+00 (m)
Cross-section Z error:                                       0.000e+00  -->   0.000e+00 (m)
Fixed pressure profile error:                                0.000e+00  -->   0.000e+00 (Pa)
Fixed current profile error:                                 0.000e+00  -->   0.000e+00 (A)
Fixed Psi error:                                             0.000e+00  -->   0.000e+00 (Wb)
==============================================================================================================

