DESC version=0.16.0+585.g76dcda5a9.
Using JAX backend: jax version=0.7.2, jaxlib version=0.7.2, dtype=float64.
Using device: NVIDIA A100 80GB PCIe (id=0), with 80.00 GB available memory.
Optimizing w7-x 
=========== Optimizing with modes  > 1 ===========
Optimizing for 0.0001 seconds
Building objective: Particle Confinement
Precomputing transforms
Timer: Precomputing transforms = 1.57 sec
Building objective: aspect ratio
Precomputing transforms
Timer: Precomputing transforms = 47.3 ms
Building objective: elongation
Precomputing transforms
Timer: Precomputing transforms = 47.3 ms
Timer: Objective build = 7.74 sec
Building objective: force
Precomputing transforms
Timer: Precomputing transforms = 1.19 sec
Timer: Objective build = 1.81 sec
Timer: Objective build = 2.53 ms
Timer: Eq Update LinearConstraintProjection build = 7.96 sec
Timer: Proximal projection build = 37.0 sec
Building objective: fixed pressure
Building objective: fixed Psi
Building objective: fixed current
Building objective: lcfs R
Building objective: lcfs Z
Timer: Objective build = 923 ms
Timer: LinearConstraintProjection build = 2.35 sec
Number of parameters: 8
Number of objectives: 10002
Timer: Initializing the optimization = 40.4 sec

Starting optimization
Using method: proximal-lsq-exact
Solver options:
------------------------------------------------------------
Maximum Function Evaluations       : 40
Maximum Allowed Total Δx Norm      : inf
Scaled Termination                 : True
Trust Region Method                : qr
Initial Trust Radius               : 2.288e+03
Maximum Trust Radius               : inf
Minimum Trust Radius               : 2.220e-16
Trust Radius Increase Ratio        : 2.000e+00
Trust Radius Decrease Ratio        : 2.500e-01
Trust Radius Increase Threshold    : 7.500e-01
Trust Radius Decrease Threshold    : 2.500e-01
------------------------------------------------------------ 

   Iteration     Total nfev        Cost      Cost reduction    Step norm     Optimality   
       0              1          5.735e+01                                    3.506e-01   
       1              2          5.721e+01      1.366e-01      5.146e-03      3.208e-01   
       2              3          5.636e+01      8.467e-01      7.774e-03      3.708e-01   
       3              4          5.536e+01      1.006e+00      2.694e-03      1.071e-02   
       4              5          5.473e+01      6.282e-01      5.206e-03      5.240e-02   
       5              6          5.372e+01      1.010e+00      5.354e-03      3.689e-02   
       6              8          5.342e+01      2.949e-01      9.058e-04      3.176e-02   
       7             10          5.313e+01      2.902e-01      7.596e-04      7.999e-02   
       8             18          5.307e+01      6.320e-02      3.831e-07      4.991e-02   
       9             40          5.307e+01      0.000e+00      0.000e+00      4.991e-02   
Warning: Maximum number of function evaluations has been exceeded.
         Current function value: 5.307e+01
         Total delta_x: 2.220e-02
         Iterations: 9
         Function evaluations: 40
         Jacobian evaluations: 9
Timer: Solution time = 26.7 min
Timer: Avg time per step = 2.67 min
==============================================================================================================
                                                                 Start  -->   End
Total (sum of squares):                                      5.752e+01  -->   5.307e+01, 
Maximum absolute Particle Confinement error:                 8.047e-01  -->   7.971e-01 (dimensionless)
Minimum absolute Particle Confinement error:                 0.000e+00  -->   0.000e+00 (dimensionless)
Average absolute Particle Confinement error:                 3.897e-02  -->   3.763e-02 (dimensionless)
Aspect ratio:                                                1.090e+01  -->   1.091e+01 (dimensionless)
Elongation:                                                  4.001e+00  -->   4.013e+00 (dimensionless)
Maximum absolute Force error:                                5.253e+06  -->   5.179e+06 (N)
Minimum absolute Force error:                                5.777e+00  -->   3.407e+01 (N)
Average absolute Force error:                                1.139e+05  -->   1.144e+05 (N)
Maximum absolute Force error:                                5.663e-04  -->   5.584e-04 (normalized)
Minimum absolute Force error:                                6.228e-10  -->   3.673e-09 (normalized)
Average absolute Force error:                                1.228e-05  -->   1.233e-05 (normalized)
Fixed pressure profile error:                                0.000e+00  -->   0.000e+00 (Pa)
Fixed Psi error:                                             0.000e+00  -->   0.000e+00 (Wb)
Fixed current profile error:                                 0.000e+00  -->   0.000e+00 (A)
R boundary error:                                            1.563e-17  -->   8.271e-20 (m)
Z boundary error:                                            1.963e-18  -->   1.738e-18 (m)
==============================================================================================================

