DESC version=0.16.0+585.g76dcda5a9.
Using JAX backend: jax version=0.7.2, jaxlib version=0.7.2, dtype=float64.
Using device: NVIDIA A100-SXM4-80GB (id=0), with 80.00 GB available memory.
=========== Optimizing with modes  > 1 ===========
Building objective: Particle Confinement
Precomputing transforms
Timer: Precomputing transforms = 1.81 sec
Building objective: aspect ratio
Precomputing transforms
Timer: Precomputing transforms = 86.2 ms
Building objective: elongation
Precomputing transforms
Timer: Precomputing transforms = 90.8 ms
Timer: Objective build = 10.1 sec
Building objective: force
Precomputing transforms
Timer: Precomputing transforms = 1.19 sec
Timer: Objective build = 1.71 sec
Timer: Objective build = 2.58 ms
Timer: Eq Update LinearConstraintProjection build = 7.78 sec
Timer: Proximal projection build = 38.5 sec
Building objective: fixed pressure
Building objective: fixed Psi
Building objective: fixed current
Building objective: lcfs R
Building objective: lcfs Z
Timer: Objective build = 809 ms
Timer: LinearConstraintProjection build = 2.24 sec
Number of parameters: 8
Number of objectives: 10002
Timer: Initializing the optimization = 41.7 sec

Starting optimization
Using method: proximal-lsq-exact
Solver options:
------------------------------------------------------------
Maximum Function Evaluations       : 40
Maximum Allowed Total Δx Norm      : inf
Scaled Termination                 : True
Trust Region Method                : qr
Initial Trust Radius               : 4.004e-01
Maximum Trust Radius               : inf
Minimum Trust Radius               : 2.220e-16
Trust Radius Increase Ratio        : 2.000e+00
Trust Radius Decrease Ratio        : 2.500e-01
Trust Radius Increase Threshold    : 7.500e-01
Trust Radius Decrease Threshold    : 2.500e-01
------------------------------------------------------------ 

   Iteration     Total nfev        Cost      Cost reduction    Step norm     Optimality   
       0              1          3.944e-31                                    8.882e-16   
`gtol` condition satisfied. (gtol=1.00e-06)
         Current function value: 3.944e-31
         Total delta_x: 0.000e+00
         Iterations: 0
         Function evaluations: 1
         Jacobian evaluations: 1
Timer: Solution time = 16.7 min
Timer: Avg time per step = 16.7 min
==============================================================================================================
                                                                 Start  -->   End
Total (sum of squares):                                      1.578e-30  -->   3.944e-31, 
Maximum absolute Particle Confinement error:                 0.000e+00  -->   0.000e+00 (dimensionless)
Minimum absolute Particle Confinement error:                 0.000e+00  -->   0.000e+00 (dimensionless)
Average absolute Particle Confinement error:                 0.000e+00  -->   0.000e+00 (dimensionless)
Aspect ratio:                                                4.469e+00  -->   4.469e+00 (dimensionless)
Elongation:                                                  5.763e+00  -->   5.763e+00 (dimensionless)
Maximum absolute Force error:                                2.710e+06  -->   2.708e+06 (N)
Minimum absolute Force error:                                2.972e-01  -->   1.797e+00 (N)
Average absolute Force error:                                3.814e+04  -->   3.815e+04 (N)
Maximum absolute Force error:                                7.564e-04  -->   7.560e-04 (normalized)
Minimum absolute Force error:                                8.297e-11  -->   5.015e-10 (normalized)
Average absolute Force error:                                1.065e-05  -->   1.065e-05 (normalized)
Fixed pressure profile error:                                0.000e+00  -->   0.000e+00 (Pa)
Fixed Psi error:                                             0.000e+00  -->   0.000e+00 (Wb)
Fixed current profile error:                                 0.000e+00  -->   0.000e+00 (A)
R boundary error:                                            2.085e-17  -->   0.000e+00 (m)
Z boundary error:                                            8.695e-18  -->   0.000e+00 (m)
==============================================================================================================

