DESC version 0.13.0,using JAX backend, jax version=0.4.30, jaxlib version=0.4.30, dtype=float64
Using device: CPU, with 18.46 GB available memory
could not import ptdata, got exception
No module named 'ptdata'
-->CASE
-->NW
-->NH
-->RDIM
-->ZDIM
-->RCENTR
-->RLEFT
-->ZMID
-->RMAXIS
-->ZMAXIS
-->SIMAG
-->SIBRY
-->BCENTR
-->CURRENT
-->FPOL
-->PRES
-->FFPRIM
-->PPRIME
-->PSIRZ
-->QPSI
-->NBBBS
-->LIMITR
-->RBBBS
-->ZBBBS
-->RLIM
-->ZLIM
-->RHOVN
---->R
---->Z
---->PSI
---->PSI_NORM
---->PSIRZ
---->PSIRZ_NORM
---->RHOp
---->RHOpRZ
---->FPOLRZ
---->PRESRZ
---->QPSIRZ
---->FFPRIMRZ
---->PPRIMERZ
---->PRES0RZ
---->Br
---->Bz
---->Bp
---->Bt
---->Jr
---->Jz
---->Jt
---->Jp
---->Jt_fb
---->Jpar
---->PHI
---->PHI_NORM
---->PHIRZ
---->RHOm
---->RHO
---->RHORZ
---->Rx1
---->Zx1
---->Rx2
---->Zx2
---->R0
---->Z0
---->RCENTR
---->R0_interp
---->Z0_interp
---->levels
-------->psi
-------->R
-------->Z
-------->F
-------->P
-------->PPRIME
-------->FFPRIM
-------->Br
-------->Bz
-------->Jt
-------->Bmax
-------->q
-------->psi
-------->R
-------->Z
-------->F
-------->P
-------->PPRIME
-------->FFPRIM
-------->Br
-------->Bz
-------->Jt
-------->Bmax
-------->q
-------->psi
-------->R
-------->Z
-------->F
-------->P
-------->PPRIME
-------->FFPRIM
-------->Br
-------->Bz
-------->Jt
-------->Bmax
-------->q
-------->psi
-------->R
-------->Z
-------->F
-------->P
-------->PPRIME
-------->FFPRIM
-------->Br
-------->Bz
-------->Jt
-------->Bmax
-------->q
-------->psi
-------->R
-------->Z
-------->F
-------->P
-------->PPRIME
-------->FFPRIM
-------->Br
-------->Bz
-------->Jt
-------->Bmax
-------->q
-------->psi
-------->R
-------->Z
-------->F
-------->P
-------->PPRIME
-------->FFPRIM
-------->Br
-------->Bz
-------->Jt
-------->Bmax
-------->q
-------->psi
-------->R
-------->Z
-------->F
-------->P
-------->PPRIME
-------->FFPRIM
-------->Br
-------->Bz
-------->Jt
-------->Bmax
-------->q
-------->psi
-------->R
-------->Z
-------->F
-------->P
-------->PPRIME
-------->FFPRIM
-------->Br
-------->Bz
-------->Jt
-------->Bmax
-------->q
-------->psi
-------->R
-------->Z
-------->F
-------->P
-------->PPRIME
-------->FFPRIM
-------->Br
-------->Bz
-------->Jt
-------->Bmax
-------->q
-------->psi
-------->R
-------->Z
-------->F
-------->P
-------->PPRIME
-------->FFPRIM
-------->Br
-------->Bz
-------->Jt
-------->Bmax
-------->q
-------->psi
-------->R
-------->Z
-------->F
-------->P
-------->PPRIME
-------->FFPRIM
-------->Br
-------->Bz
-------->Jt
-------->Bmax
-------->q
-------->psi
-------->R
-------->Z
-------->F
-------->P
-------->PPRIME
-------->FFPRIM
-------->Br
-------->Bz
-------->Jt
-------->Bmax
-------->q
-------->psi
-------->R
-------->Z
-------->F
-------->P
-------->PPRIME
-------->FFPRIM
-------->Br
-------->Bz
-------->Jt
-------->Bmax
-------->q
-------->psi
-------->R
-------->Z
-------->F
-------->P
-------->PPRIME
-------->FFPRIM
-------->Br
-------->Bz
-------->Jt
-------->Bmax
-------->q
-------->psi
-------->R
-------->Z
-------->F
-------->P
-------->PPRIME
-------->FFPRIM
-------->Br
-------->Bz
-------->Jt
-------->Bmax
-------->q
-------->psi
-------->R
-------->Z
-------->F
-------->P
-------->PPRIME
-------->FFPRIM
-------->Br
-------->Bz
-------->Jt
-------->Bmax
-------->q
-------->psi
-------->R
-------->Z
-------->F
-------->P
-------->PPRIME
-------->FFPRIM
-------->Br
-------->Bz
-------->Jt
-------->Bmax
-------->q
-------->psi
-------->R
-------->Z
-------->F
-------->P
-------->PPRIME
-------->FFPRIM
-------->Br
-------->Bz
-------->Jt
-------->Bmax
-------->q
-------->psi
-------->R
-------->Z
-------->F
-------->P
-------->PPRIME
-------->FFPRIM
-------->Br
-------->Bz
-------->Jt
-------->Bmax
-------->q
-------->psi
-------->R
-------->Z
-------->F
-------->P
-------->PPRIME
-------->FFPRIM
-------->Br
-------->Bz
-------->Jt
-------->Bmax
-------->q
-------->psi
-------->R
-------->Z
-------->F
-------->P
-------->PPRIME
-------->FFPRIM
-------->Br
-------->Bz
-------->Jt
-------->Bmax
-------->q
-------->psi
-------->R
-------->Z
-------->F
-------->P
-------->PPRIME
-------->FFPRIM
-------->Br
-------->Bz
-------->Jt
-------->Bmax
-------->q
-------->psi
-------->R
-------->Z
-------->F
-------->P
-------->PPRIME
-------->FFPRIM
-------->Br
-------->Bz
-------->Jt
-------->Bmax
-------->q
-------->psi
-------->R
-------->Z
-------->F
-------->P
-------->PPRIME
-------->FFPRIM
-------->Br
-------->Bz
-------->Jt
-------->Bmax
-------->q
-------->psi
-------->R
-------->Z
-------->F
-------->P
-------->PPRIME
-------->FFPRIM
-------->Br
-------->Bz
-------->Jt
-------->Bmax
-------->q
-------->psi
-------->R
-------->Z
-------->F
-------->P
-------->PPRIME
-------->FFPRIM
-------->Br
-------->Bz
-------->Jt
-------->Bmax
-------->q
-------->psi
-------->R
-------->Z
-------->F
-------->P
-------->PPRIME
-------->FFPRIM
-------->Br
-------->Bz
-------->Jt
-------->Bmax
-------->q
-------->psi
-------->R
-------->Z
-------->F
-------->P
-------->PPRIME
-------->FFPRIM
-------->Br
-------->Bz
-------->Jt
-------->Bmax
-------->q
-------->psi
-------->R
-------->Z
-------->F
-------->P
-------->PPRIME
-------->FFPRIM
-------->Br
-------->Bz
-------->Jt
-------->Bmax
-------->q
-------->psi
-------->R
-------->Z
-------->F
-------->P
-------->PPRIME
-------->FFPRIM
-------->Br
-------->Bz
-------->Jt
-------->Bmax
-------->q
-------->psi
-------->R
-------->Z
-------->F
-------->P
-------->PPRIME
-------->FFPRIM
-------->Br
-------->Bz
-------->Jt
-------->Bmax
-------->q
-------->psi
-------->R
-------->Z
-------->F
-------->P
-------->PPRIME
-------->FFPRIM
-------->Br
-------->Bz
-------->Jt
-------->Bmax
-------->q
-------->psi
-------->R
-------->Z
-------->F
-------->P
-------->PPRIME
-------->FFPRIM
-------->Br
-------->Bz
-------->Jt
-------->Bmax
-------->q
-------->psi
-------->R
-------->Z
-------->F
-------->P
-------->PPRIME
-------->FFPRIM
-------->Br
-------->Bz
-------->Jt
-------->Bmax
-------->q
-------->psi
-------->R
-------->Z
-------->F
-------->P
-------->PPRIME
-------->FFPRIM
-------->Br
-------->Bz
-------->Jt
-------->Bmax
-------->q
-------->psi
-------->R
-------->Z
-------->F
-------->P
-------->PPRIME
-------->FFPRIM
-------->Br
-------->Bz
-------->Jt
-------->Bmax
-------->q
-------->psi
-------->R
-------->Z
-------->F
-------->P
-------->PPRIME
-------->FFPRIM
-------->Br
-------->Bz
-------->Jt
-------->Bmax
-------->q
-------->psi
-------->R
-------->Z
-------->F
-------->P
-------->PPRIME
-------->FFPRIM
-------->Br
-------->Bz
-------->Jt
-------->Bmax
-------->q
-------->psi
-------->R
-------->Z
-------->F
-------->P
-------->PPRIME
-------->FFPRIM
-------->Br
-------->Bz
-------->Jt
-------->Bmax
-------->q
-------->psi
-------->R
-------->Z
-------->F
-------->P
-------->PPRIME
-------->FFPRIM
-------->Br
-------->Bz
-------->Jt
-------->Bmax
-------->q
-------->psi
-------->R
-------->Z
-------->F
-------->P
-------->PPRIME
-------->FFPRIM
-------->Br
-------->Bz
-------->Jt
-------->Bmax
-------->q
-------->psi
-------->R
-------->Z
-------->F
-------->P
-------->PPRIME
-------->FFPRIM
-------->Br
-------->Bz
-------->Jt
-------->Bmax
-------->q
-------->psi
-------->R
-------->Z
-------->F
-------->P
-------->PPRIME
-------->FFPRIM
-------->Br
-------->Bz
-------->Jt
-------->Bmax
-------->q
-------->psi
-------->R
-------->Z
-------->F
-------->P
-------->PPRIME
-------->FFPRIM
-------->Br
-------->Bz
-------->Jt
-------->Bmax
-------->q
-------->psi
-------->R
-------->Z
-------->F
-------->P
-------->PPRIME
-------->FFPRIM
-------->Br
-------->Bz
-------->Jt
-------->Bmax
-------->q
-------->psi
-------->R
-------->Z
-------->F
-------->P
-------->PPRIME
-------->FFPRIM
-------->Br
-------->Bz
-------->Jt
-------->Bmax
-------->q
-------->psi
-------->R
-------->Z
-------->F
-------->P
-------->PPRIME
-------->FFPRIM
-------->Br
-------->Bz
-------->Jt
-------->Bmax
-------->q
-------->psi
-------->R
-------->Z
-------->F
-------->P
-------->PPRIME
-------->FFPRIM
-------->Br
-------->Bz
-------->Jt
-------->Bmax
-------->q
-------->psi
-------->R
-------->Z
-------->F
-------->P
-------->PPRIME
-------->FFPRIM
-------->Br
-------->Bz
-------->Jt
-------->Bmax
-------->q
-------->psi
-------->R
-------->Z
-------->F
-------->P
-------->PPRIME
-------->FFPRIM
-------->Br
-------->Bz
-------->Jt
-------->Bmax
-------->q
-------->psi
-------->R
-------->Z
-------->F
-------->P
-------->PPRIME
-------->FFPRIM
-------->Br
-------->Bz
-------->Jt
-------->Bmax
-------->q
-------->psi
-------->R
-------->Z
-------->F
-------->P
-------->PPRIME
-------->FFPRIM
-------->Br
-------->Bz
-------->Jt
-------->Bmax
-------->q
-------->psi
-------->R
-------->Z
-------->F
-------->P
-------->PPRIME
-------->FFPRIM
-------->Br
-------->Bz
-------->Jt
-------->Bmax
-------->q
-------->psi
-------->R
-------->Z
-------->F
-------->P
-------->PPRIME
-------->FFPRIM
-------->Br
-------->Bz
-------->Jt
-------->Bmax
-------->q
-------->psi
-------->R
-------->Z
-------->F
-------->P
-------->PPRIME
-------->FFPRIM
-------->Br
-------->Bz
-------->Jt
-------->Bmax
-------->q
-------->psi
-------->R
-------->Z
-------->F
-------->P
-------->PPRIME
-------->FFPRIM
-------->Br
-------->Bz
-------->Jt
-------->Bmax
-------->q
-------->psi
-------->R
-------->Z
-------->F
-------->P
-------->PPRIME
-------->FFPRIM
-------->Br
-------->Bz
-------->Jt
-------->Bmax
-------->q
-------->psi
-------->R
-------->Z
-------->F
-------->P
-------->PPRIME
-------->FFPRIM
-------->Br
-------->Bz
-------->Jt
-------->Bmax
-------->q
-------->psi
-------->R
-------->Z
-------->F
-------->P
-------->PPRIME
-------->FFPRIM
-------->Br
-------->Bz
-------->Jt
-------->Bmax
-------->q
-------->psi
-------->R
-------->Z
-------->F
-------->P
-------->PPRIME
-------->FFPRIM
-------->Br
-------->Bz
-------->Jt
-------->Bmax
-------->q
-------->psi
-------->R
-------->Z
-------->F
-------->P
-------->PPRIME
-------->FFPRIM
-------->Br
-------->Bz
-------->Jt
-------->Bmax
-------->q
-------->psi
-------->R
-------->Z
-------->F
-------->P
-------->PPRIME
-------->FFPRIM
-------->Br
-------->Bz
-------->Jt
-------->Bmax
-------->q
-------->psi
-------->R
-------->Z
-------->F
-------->P
-------->PPRIME
-------->FFPRIM
-------->Br
-------->Bz
-------->Jt
-------->Bmax
-------->q
-------->psi
-------->R
-------->Z
-------->F
-------->P
-------->PPRIME
-------->FFPRIM
-------->Br
-------->Bz
-------->Jt
-------->Bmax
-------->q
-------->psi
-------->R
-------->Z
-------->F
-------->P
-------->PPRIME
-------->FFPRIM
-------->Br
-------->Bz
-------->Jt
-------->Bmax
-------->q
-------->psi
-------->R
-------->Z
-------->F
-------->P
-------->PPRIME
-------->FFPRIM
-------->Br
-------->Bz
-------->Jt
-------->Bmax
-------->q
-------->psi
-------->R
-------->Z
-------->F
-------->P
-------->PPRIME
-------->FFPRIM
-------->Br
-------->Bz
-------->Jt
-------->Bmax
-------->q
-------->psi
-------->R
-------->Z
-------->F
-------->P
-------->PPRIME
-------->FFPRIM
-------->Br
-------->Bz
-------->Jt
-------->Bmax
-------->q
-------->psi
-------->R
-------->Z
-------->F
-------->P
-------->PPRIME
-------->FFPRIM
-------->Br
-------->Bz
-------->Jt
-------->Bmax
-------->q
-------->psi
-------->R
-------->Z
-------->F
-------->P
-------->PPRIME
-------->FFPRIM
-------->Br
-------->Bz
-------->Jt
-------->Bmax
-------->q
-------->psi
-------->R
-------->Z
-------->F
-------->P
-------->PPRIME
-------->FFPRIM
-------->Br
-------->Bz
-------->Jt
-------->Bmax
-------->q
-------->psi
-------->R
-------->Z
-------->F
-------->P
-------->PPRIME
-------->FFPRIM
-------->Br
-------->Bz
-------->Jt
-------->Bmax
-------->q
-------->psi
-------->R
-------->Z
-------->F
-------->P
-------->PPRIME
-------->FFPRIM
-------->Br
-------->Bz
-------->Jt
-------->Bmax
-------->q
-------->psi
-------->R
-------->Z
-------->F
-------->P
-------->PPRIME
-------->FFPRIM
-------->Br
-------->Bz
-------->Jt
-------->Bmax
-------->q
-------->psi
-------->R
-------->Z
-------->F
-------->P
-------->PPRIME
-------->FFPRIM
-------->Br
-------->Bz
-------->Jt
-------->Bmax
-------->q
-------->psi
-------->R
-------->Z
-------->F
-------->P
-------->PPRIME
-------->FFPRIM
-------->Br
-------->Bz
-------->Jt
-------->Bmax
-------->q
-------->psi
-------->R
-------->Z
-------->F
-------->P
-------->PPRIME
-------->FFPRIM
-------->Br
-------->Bz
-------->Jt
-------->Bmax
-------->q
-------->psi
-------->R
-------->Z
-------->F
-------->P
-------->PPRIME
-------->FFPRIM
-------->Br
-------->Bz
-------->Jt
-------->Bmax
-------->q
-------->psi
-------->R
-------->Z
-------->F
-------->P
-------->PPRIME
-------->FFPRIM
-------->Br
-------->Bz
-------->Jt
-------->Bmax
-------->q
-------->psi
-------->R
-------->Z
-------->F
-------->P
-------->PPRIME
-------->FFPRIM
-------->Br
-------->Bz
-------->Jt
-------->Bmax
-------->q
-------->psi
-------->R
-------->Z
-------->F
-------->P
-------->PPRIME
-------->FFPRIM
-------->Br
-------->Bz
-------->Jt
-------->Bmax
-------->q
-------->psi
-------->R
-------->Z
-------->F
-------->P
-------->PPRIME
-------->FFPRIM
-------->Br
-------->Bz
-------->Jt
-------->Bmax
-------->q
-------->psi
-------->R
-------->Z
-------->F
-------->P
-------->PPRIME
-------->FFPRIM
-------->Br
-------->Bz
-------->Jt
-------->Bmax
-------->q
-------->psi
-------->R
-------->Z
-------->F
-------->P
-------->PPRIME
-------->FFPRIM
-------->Br
-------->Bz
-------->Jt
-------->Bmax
-------->q
-------->psi
-------->R
-------->Z
-------->F
-------->P
-------->PPRIME
-------->FFPRIM
-------->Br
-------->Bz
-------->Jt
-------->Bmax
-------->q
-------->psi
-------->R
-------->Z
-------->F
-------->P
-------->PPRIME
-------->FFPRIM
-------->Br
-------->Bz
-------->Jt
-------->Bmax
-------->q
-------->psi
-------->R
-------->Z
-------->F
-------->P
-------->PPRIME
-------->FFPRIM
-------->Br
-------->Bz
-------->Jt
-------->Bmax
-------->q
-------->psi
-------->R
-------->Z
-------->F
-------->P
-------->PPRIME
-------->FFPRIM
-------->Br
-------->Bz
-------->Jt
-------->Bmax
-------->q
-------->psi
-------->R
-------->Z
-------->F
-------->P
-------->PPRIME
-------->FFPRIM
-------->Br
-------->Bz
-------->Jt
-------->Bmax
-------->q
-------->psi
-------->R
-------->Z
-------->F
-------->P
-------->PPRIME
-------->FFPRIM
-------->Br
-------->Bz
-------->Jt
-------->Bmax
-------->q
-------->psi
-------->R
-------->Z
-------->F
-------->P
-------->PPRIME
-------->FFPRIM
-------->Br
-------->Bz
-------->Jt
-------->Bmax
-------->q
-------->psi
-------->R
-------->Z
-------->F
-------->P
-------->PPRIME
-------->FFPRIM
-------->Br
-------->Bz
-------->Jt
-------->Bmax
-------->q
-------->psi
-------->R
-------->Z
-------->F
-------->P
-------->PPRIME
-------->FFPRIM
-------->Br
-------->Bz
-------->Jt
-------->Bmax
-------->q
-------->psi
-------->R
-------->Z
-------->F
-------->P
-------->PPRIME
-------->FFPRIM
-------->Br
-------->Bz
-------->Jt
-------->Bmax
-------->q
-------->psi
-------->R
-------->Z
-------->F
-------->P
-------->PPRIME
-------->FFPRIM
-------->Br
-------->Bz
-------->Jt
-------->Bmax
-------->q
-------->psi
-------->R
-------->Z
-------->F
-------->P
-------->PPRIME
-------->FFPRIM
-------->Br
-------->Bz
-------->Jt
-------->Bmax
-------->q
-------->psi
-------->R
-------->Z
-------->F
-------->P
-------->PPRIME
-------->FFPRIM
-------->Br
-------->Bz
-------->Jt
-------->Bmax
-------->q
-------->psi
-------->R
-------->Z
-------->F
-------->P
-------->PPRIME
-------->FFPRIM
-------->Br
-------->Bz
-------->Jt
-------->Bmax
-------->q
-------->psi
-------->R
-------->Z
-------->F
-------->P
-------->PPRIME
-------->FFPRIM
-------->Br
-------->Bz
-------->Jt
-------->Bmax
-------->q
-------->psi
-------->R
-------->Z
-------->F
-------->P
-------->PPRIME
-------->FFPRIM
-------->Br
-------->Bz
-------->Jt
-------->Bmax
-------->q
-------->psi
-------->R
-------->Z
-------->F
-------->P
-------->PPRIME
-------->FFPRIM
-------->Br
-------->Bz
-------->Jt
-------->Bmax
-------->q
-------->psi
-------->R
-------->Z
-------->F
-------->P
-------->PPRIME
-------->FFPRIM
-------->Br
-------->Bz
-------->Jt
-------->Bmax
-------->q
-------->psi
-------->R
-------->Z
-------->F
-------->P
-------->PPRIME
-------->FFPRIM
-------->Br
-------->Bz
-------->Jt
-------->Bmax
-------->q
-------->psi
-------->R
-------->Z
-------->F
-------->P
-------->PPRIME
-------->FFPRIM
-------->Br
-------->Bz
-------->Jt
-------->Bmax
-------->q
-------->psi
-------->R
-------->Z
-------->F
-------->P
-------->PPRIME
-------->FFPRIM
-------->Br
-------->Bz
-------->Jt
-------->Bmax
-------->q
-------->psi
-------->R
-------->Z
-------->F
-------->P
-------->PPRIME
-------->FFPRIM
-------->Br
-------->Bz
-------->Jt
-------->Bmax
-------->q
-------->psi
-------->R
-------->Z
-------->F
-------->P
-------->PPRIME
-------->FFPRIM
-------->Br
-------->Bz
-------->Jt
-------->Bmax
-------->q
-------->psi
-------->R
-------->Z
-------->F
-------->P
-------->PPRIME
-------->FFPRIM
-------->Br
-------->Bz
-------->Jt
-------->Bmax
-------->q
-------->psi
-------->R
-------->Z
-------->F
-------->P
-------->PPRIME
-------->FFPRIM
-------->Br
-------->Bz
-------->Jt
-------->Bmax
-------->q
-------->psi
-------->R
-------->Z
-------->F
-------->P
-------->PPRIME
-------->FFPRIM
-------->Br
-------->Bz
-------->Jt
-------->Bmax
-------->q
-------->psi
-------->R
-------->Z
-------->F
-------->P
-------->PPRIME
-------->FFPRIM
-------->Br
-------->Bz
-------->Jt
-------->Bmax
-------->q
-------->psi
-------->R
-------->Z
-------->F
-------->P
-------->PPRIME
-------->FFPRIM
-------->Br
-------->Bz
-------->Jt
-------->Bmax
-------->q
-------->psi
-------->R
-------->Z
-------->F
-------->P
-------->PPRIME
-------->FFPRIM
-------->Br
-------->Bz
-------->Jt
-------->Bmax
-------->q
-------->psi
-------->R
-------->Z
-------->F
-------->P
-------->PPRIME
-------->FFPRIM
-------->Br
-------->Bz
-------->Jt
-------->Bmax
-------->q
-------->psi
-------->R
-------->Z
-------->F
-------->P
-------->PPRIME
-------->FFPRIM
-------->Br
-------->Bz
-------->Jt
-------->Bmax
-------->q
-------->psi
-------->R
-------->Z
-------->F
-------->P
-------->PPRIME
-------->FFPRIM
-------->Br
-------->Bz
-------->Jt
-------->Bmax
-------->q
-------->psi
-------->R
-------->Z
-------->F
-------->P
-------->PPRIME
-------->FFPRIM
-------->Br
-------->Bz
-------->Jt
-------->Bmax
-------->q
-------->psi
-------->R
-------->Z
-------->F
-------->P
-------->PPRIME
-------->FFPRIM
-------->Br
-------->Bz
-------->Jt
-------->Bmax
-------->q
-------->psi
-------->R
-------->Z
-------->F
-------->P
-------->PPRIME
-------->FFPRIM
-------->Br
-------->Bz
-------->Jt
-------->Bmax
-------->q
-------->psi
-------->R
-------->Z
-------->F
-------->P
-------->PPRIME
-------->FFPRIM
-------->Br
-------->Bz
-------->Jt
-------->Bmax
-------->q
-------->psi
-------->R
-------->Z
-------->F
-------->P
-------->PPRIME
-------->FFPRIM
-------->Br
-------->Bz
-------->Jt
-------->Bmax
-------->q
-------->psi
-------->R
-------->Z
-------->F
-------->P
-------->PPRIME
-------->FFPRIM
-------->Br
-------->Bz
-------->Jt
-------->Bmax
-------->q
-------->psi
-------->R
-------->Z
-------->F
-------->P
-------->PPRIME
-------->FFPRIM
-------->Br
-------->Bz
-------->Jt
-------->Bmax
-------->q
-------->psi
-------->R
-------->Z
-------->F
-------->P
-------->PPRIME
-------->FFPRIM
-------->Br
-------->Bz
-------->Jt
-------->Bmax
-------->q
-------->psi
-------->R
-------->Z
-------->F
-------->P
-------->PPRIME
-------->FFPRIM
-------->Br
-------->Bz
-------->Jt
-------->Bmax
-------->q
-------->psi
-------->R
-------->Z
-------->F
-------->P
-------->PPRIME
-------->FFPRIM
-------->Br
-------->Bz
-------->Jt
-------->Bmax
-------->q
-------->psi
-------->R
-------->Z
-------->F
-------->P
-------->PPRIME
-------->FFPRIM
-------->Br
-------->Bz
-------->Jt
-------->Bmax
-------->q
-------->psi
-------->R
-------->Z
-------->F
-------->P
-------->PPRIME
-------->FFPRIM
-------->Br
-------->Bz
-------->Jt
-------->Bmax
-------->q
-------->psi
-------->R
-------->Z
-------->F
-------->P
-------->PPRIME
-------->FFPRIM
-------->Br
-------->Bz
-------->Jt
-------->Bmax
-------->q
---->BCENTR
------>R
------>a
------>R**2
------>1/R
------>1/R**2
------>Bp
------>Bp**2
------>Bp*R
------>Bp**2*R**2
------>Btot
------>Btot**2
------>Bt
------>Bt**2
------>ip
------>vp
------>q
------>hf
------>Jt
------>Jt/R
------>fc
------>grad_term
------>P
------>F
------>PPRIME
------>FFPRIM
------>dip/dpsi
------>Jeff
------>beta_t
------>beta_n
------>beta_p
------>fcap
------>hcap
------>gcap
------>psi
------>psin
------>R
------>R_centroid
------>Rmax_centroid
------>Rmin_centroid
------>Z
------>Z_centroid
------>a
------>dell
------>delta
------>delu
------>eps
------>kap
------>kapl
------>kapu
------>lonull
------>per
------>surfArea
------>upnull
------>zeta
------>zetail
------>zetaiu
------>zetaol
------>zetaou
------>zoffset
------>vol
------>cxArea
------>phi
------>bunit
------>rho
------>rhon
------>R
------>Z
------>Br
------>Bz
------>Bp
------>Bt
---->CURRENT
-------->li_from_definition
-------->li_(1)_TLUCE
-------->li_(2)_TLUCE
-------->li_(3)_TLUCE
-------->li_(1)_EFIT
-------->li_(3)_IMAS
------>J_efit_norm
------>xpoint
------>rlim
------>zlim
---->CASE
---->NW
---->NH
---->RDIM
---->ZDIM
---->RCENTR
---->RLEFT
---->ZMID
---->RMAXIS
---->ZMAXIS
---->SIMAG
---->SIBRY
---->BCENTR
---->CURRENT
---->FPOL
---->PRES
---->FFPRIM
---->PPRIME
---->PSIRZ
---->QPSI
---->NBBBS
---->LIMITR
---->RBBBS
---->ZBBBS
---->RLIM
---->ZLIM
---->KVTOR
---->RVTOR
---->NMASS
---->RHOVN
-------->scrape
-------->nextra
-------->itek
-------->ICPROF
-------->qvfit
-------->fwtbp
-------->kffcur
-------->kppcur
-------->fwtqa
-------->zelip
-------->iavem
-------->iavev
-------->n1coil
-------->nccoil
-------->nicoil
-------->iout
-------->fwtsi
-------->fwtmp2
-------->fwtcur
-------->fitdelz
-------->fwtfc
-------->fitsiref
-------->kersil
-------->ifitdelz
-------->ERROR
-------->ERRMIN
-------->MXITER
-------->fcurbd
-------->pcurbd
-------->kcalpa
-------->kcgama
-------->xalpa
-------->xgama
-------->RELAX
-------->keqdsk
-------->CALPA
-------->CGAMA
-------->ISHOT
-------->ITIME
-------->BETAP0
-------->RZERO
-------->QENP
-------->ENP
-------->EMP
-------->PLASMA
-------->EXPMP2
-------->COILS
-------->BTOR
-------->RCENTR
-------->BRSP
-------->ICURRT
-------->RBDRY
-------->ZBDRY
-------->NBDRY
-------->FWTSI
-------->FWTCUR
-------->MXITER
-------->NXITER
-------->LIMITR
-------->XLIM
-------->YLIM
-------->ERROR
-------->ICONVR
-------->IBUNMN
-------->PRESSR
-------->RPRESS
-------->QPSI
-------->PRESSW
-------->PRES
-------->NQPSI
-------->NPRESS
-------->SIGPRE
-------->KPPFNC
-------->KPPKNT
-------->PPKNT
-------->PPTENS
-------->KFFFNC
-------->KFFKNT
-------->FFKNT
-------->FFTENS
-------->KWWFNC
-------->KWWKNT
-------->WWKNT
-------->WWTENS
-------->PPBDRY
-------->PP2BDRY
-------->KPPBDRY
-------->KPP2BDRY
-------->FFBDRY
-------->FF2BDRY
-------->KFFBDRY
-------->KFF2BDRY
-------->WWBDRY
-------->WW2BDRY
-------->KWWBDRY
-------->KWW2BDRY
-------->KEEFNC
-------->KEEKNT
-------->EEKNT
-------->EETENS
-------->EEBDRY
-------->EE2BDRY
-------->KEEBDRY
-------->KEE2BDRY
-------->SAISIL
-------->SAIMPI
-------->SAIPR
-------->SAIIP
------>R
------>Z
------>PSI
------>PSI_NORM
------>PSIRZ
------>PSIRZ_NORM
------>RHOp
------>RHOpRZ
------>FPOLRZ
------>PRESRZ
------>QPSIRZ
------>FFPRIMRZ
------>PPRIMERZ
------>PRES0RZ
------>Br
------>Bz
------>Bp
------>Bt
------>Jr
------>Jz
------>Jt
------>Jp
------>Jt_fb
------>Jpar
------>PHI
------>PHI_NORM
------>PHIRZ
------>RHOm
------>RHO
------>RHORZ
------>Rx1
------>Zx1
------>Rx2
------>Zx2
------>R0
------>Z0
------>RCENTR
------>R0_interp
------>Z0_interp
------>levels
------>BCENTR
------>CURRENT
-------->psi
-------->R
-------->Z
-------->F
-------->P
-------->PPRIME
-------->FFPRIM
-------->Br
-------->Bz
-------->Jt
-------->Bmax
-------->q
-------->R
-------->a
-------->R**2
-------->1/R
-------->1/R**2
-------->Bp
-------->Bp**2
-------->Bp*R
-------->Bp**2*R**2
-------->Btot
-------->Btot**2
-------->Bt
-------->Bt**2
-------->ip
-------->vp
-------->q
-------->hf
-------->Jt
-------->Jt/R
-------->fc
-------->grad_term
-------->P
-------->F
-------->PPRIME
-------->FFPRIM
-------->dip/dpsi
-------->Jeff
-------->beta_t
-------->beta_n
-------->beta_p
-------->fcap
-------->hcap
-------->gcap
-------->psi
-------->psin
-------->R
-------->R_centroid
-------->Rmax_centroid
-------->Rmin_centroid
-------->Z
-------->Z_centroid
-------->a
-------->dell
-------->delta
-------->delu
-------->eps
-------->kap
-------->kapl
-------->kapu
-------->lonull
-------->per
-------->surfArea
-------->upnull
-------->zeta
-------->zetail
-------->zetaiu
-------->zetaol
-------->zetaou
-------->zoffset
-------->vol
-------->cxArea
-------->phi
-------->bunit
-------->rho
-------->rhon
-------->R
-------->Z
-------->Br
-------->Bz
-------->Bp
-------->Bt
---------->li_from_definition
---------->li_(1)_TLUCE
---------->li_(2)_TLUCE
---------->li_(3)_TLUCE
---------->li_(1)_EFIT
---------->li_(3)_IMAS
-------->J_efit_norm
---------->psi
---------->rhon
---------->R
---------->Z
---------->Br
---------->Bz
---------->s
---------->mid_index
---------->rho
-------->rvsin
-------->rvsout
-------->zvsin
-------->zvsout
-------->xpoint
-------->xpoint_inner_strike
-------->xpoint_outer_strike
-------->xpoint_outer_midplane
-------->xpoint_inner_midplane
-------->xpoint_private_region
-------->xpoint_outer_region
-------->xpoint_core_region
-------->xpoint_inner_region
-------->xpoint2
-------->rlim
-------->zlim
