/home/ye2698/DESC/desc/integrals/_interp_utils.py:19: UserWarning: 
jax-finufft is not installed.
If you want to use NUFFTs, follow the DESC installation instructions.
Otherwise you must set the parameter nufft_eps to zero
when computing effective ripple, Gamma_c, and any other
computations that involve bounce integrals.

  warnings.warn(
DESC version=0.15.0+425.ga8f1b2dda.
Using JAX backend: jax version=0.6.2, jaxlib version=0.6.2, dtype=float64.
Using device: NVIDIA A100 80GB PCIe (id=0), with 80.00 GB available memory.
Building objective: QS two-term
Precomputing transforms
Timer: Precomputing transforms = 316 ms
Building objective: aspect ratio
Precomputing transforms
Timer: Precomputing transforms = 39.4 ms
Building objective: volume
Precomputing transforms
Timer: Precomputing transforms = 39.2 ms
Timer: Objective build = 437 ms
Building objective: force
Precomputing transforms
Timer: Precomputing transforms = 466 ms
Timer: Objective build = 766 ms
Timer: Objective build = 2.15 ms
Timer: Eq Update LinearConstraintProjection build = 2.04 sec
Timer: Proximal projection build = 19.9 sec
Building objective: fixed cross-section R
Building objective: fixed cross-section Z
Building objective: fixed pressure
Building objective: fixed current
Building objective: fixed Psi
Timer: Objective build = 269 ms
Timer: LinearConstraintProjection build = 712 ms
Number of parameters: 45
Number of objectives: 461
Timer: Initializing the optimization = 20.9 sec

Starting optimization
Using method: proximal-lsq-exact
Solver options:
------------------------------------------------------------
Maximum Function Evaluations       : 1251
Maximum Allowed Total Δx Norm      : inf
Scaled Termination                 : True
Trust Region Method                : qr
Initial Trust Radius               : 8.993e+02
Maximum Trust Radius               : inf
Minimum Trust Radius               : 2.220e-16
Trust Radius Increase Ratio        : 2.000e+00
Trust Radius Decrease Ratio        : 2.500e-01
Trust Radius Increase Threshold    : 7.500e-01
Trust Radius Decrease Threshold    : 2.500e-01
------------------------------------------------------------ 

   Iteration     Total nfev        Cost      Cost reduction    Step norm     Optimality   
       0              1          2.800e+05                                    7.037e+02   
       1              2          6.081e+04      2.192e+05      1.242e-01      1.365e+02   
       2              3          9.615e+03      5.120e+04      1.735e-01      1.447e+01   
       3              4          1.683e+03      7.932e+03      2.137e-01      1.699e+00   
       4              6          1.574e+03      1.091e+02      2.184e-01      4.376e+00   
       5              7          6.412e+02      9.325e+02      2.079e-01      2.067e+00   
       6              8          9.608e+01      5.451e+02      1.837e-01      3.191e-01   
       7             10          6.023e+01      3.585e+01      1.605e-02      2.196e-02   
       8             12          5.113e+01      9.105e+00      3.993e-02      1.618e-01   
       9             13          3.965e+01      1.147e+01      5.279e-02      3.614e-01   
      10             14          2.945e+01      1.020e+01      1.683e-01      2.279e-01   
      11             16          2.665e+01      2.807e+00      2.556e-03      3.379e-01   
      12             17          2.205e+01      4.594e+00      3.359e-03      3.585e-02   
      13             19          2.170e+01      3.537e-01      5.205e-03      1.758e-02   
      14             20          2.148e+01      2.214e-01      4.196e-03      8.394e-02   
      15             21          2.113e+01      3.517e-01      2.238e-03      8.885e-02   
      16             22          2.092e+01      2.095e-01      2.707e-03      1.117e-01   
      17             23          2.041e+01      5.046e-01      3.230e-03      7.747e-02   
      18             24          2.026e+01      1.477e-01      8.210e-03      1.581e-01   
      19             25          1.963e+01      6.301e-01      2.897e-03      1.035e-01   
      20             27          1.954e+01      9.633e-02      1.654e-03      6.841e-02   
      21             28          1.933e+01      2.077e-01      1.171e-03      9.200e-03   
      22             29          1.925e+01      8.439e-02      7.768e-04      2.448e-02   
      23             30          1.917e+01      7.090e-02      1.036e-03      2.265e-02   
      24             31          1.910e+01      7.275e-02      1.033e-03      2.010e-02   
      25             32          1.903e+01      6.674e-02      9.775e-04      2.118e-02   
      26             33          1.897e+01      6.456e-02      9.161e-04      2.141e-02   
      27             34          1.890e+01      6.906e-02      8.747e-04      1.881e-02   
      28             35          1.887e+01      3.113e-02      1.514e-03      5.167e-02   
      29             36          1.875e+01      1.223e-01      5.831e-04      1.740e-02   
      30             37          1.872e+01      3.260e-02      7.007e-04      3.237e-02   
      31             38          1.862e+01      9.757e-02      6.071e-04      9.972e-04   
      32             39          1.856e+01      5.931e-02      1.210e-03      3.777e-02   
      33             40          1.839e+01      1.651e-01      1.093e-03      8.764e-03   
      34             41          1.837e+01      2.276e-02      2.207e-03      6.823e-02   
      35             42          1.816e+01      2.060e-01      4.685e-04      2.537e-02   
      36             44          1.813e+01      3.022e-02      3.127e-04      1.777e-02   
      37             45          1.810e+01      3.127e-02      3.337e-04      2.505e-03   
      38             47          1.810e+01      7.734e-03      1.207e-04      1.511e-03   
Optimization terminated successfully.
`ftol` condition satisfied. (ftol=1.00e-03)
         Current function value: 1.810e+01
         Total delta_x: 8.443e-01
         Iterations: 38
         Function evaluations: 47
         Jacobian evaluations: 39
Timer: Solution time = 3.04 min
Timer: Avg time per step = 4.68 sec
==============================================================================================================
                                                                 Start  -->   End
Total (sum of squares):                                      2.817e+05  -->   1.810e+01, 
Maximum absolute Quasi-symmetry (1,4) two-term error:        4.504e+00  -->   3.566e-02 (T^3)
Minimum absolute Quasi-symmetry (1,4) two-term error:        6.693e-04  -->   5.313e-06 (T^3)
Average absolute Quasi-symmetry (1,4) two-term error:        1.221e+00  -->   7.252e-03 (T^3)
Aspect ratio:                                                7.980e+00  -->   7.999e+00 (dimensionless)
Plasma volume:                                               3.094e-01  -->   1.234e+00 (m^3)
Maximum absolute Force error:                                3.576e+00  -->   1.384e+01 (N)
Minimum absolute Force error:                                6.721e-05  -->   9.489e-06 (N)
Average absolute Force error:                                1.192e-01  -->   1.747e-01 (N)
Maximum absolute Force error:                                4.852e-05  -->   1.878e-04 (normalized)
Minimum absolute Force error:                                9.120e-10  -->   1.287e-10 (normalized)
Average absolute Force error:                                1.617e-06  -->   2.371e-06 (normalized)
Cross-section R error:                                       0.000e+00  -->   0.000e+00 (m)
Cross-section Z error:                                       0.000e+00  -->   0.000e+00 (m)
Fixed pressure profile error:                                0.000e+00  -->   0.000e+00 (Pa)
Fixed current profile error:                                 0.000e+00  -->   0.000e+00 (A)
Fixed Psi error:                                             0.000e+00  -->   0.000e+00 (Wb)
==============================================================================================================

