/home/ye2698/DESC/desc/integrals/_interp_utils.py:19: UserWarning: 
jax-finufft is not installed.
If you want to use NUFFTs, follow the DESC installation instructions.
Otherwise you must set the parameter nufft_eps to zero
when computing effective ripple, Gamma_c, and any other
computations that involve bounce integrals.

  warnings.warn(
DESC version=0.15.0+425.ga8f1b2dda.
Using JAX backend: jax version=0.6.2, jaxlib version=0.6.2, dtype=float64.
Using device: NVIDIA A100 80GB PCIe (id=0), with 80.00 GB available memory.
Building objective: QS two-term
Precomputing transforms
Timer: Precomputing transforms = 316 ms
Building objective: aspect ratio
Precomputing transforms
Timer: Precomputing transforms = 38.8 ms
Building objective: volume
Precomputing transforms
Timer: Precomputing transforms = 38.7 ms
Timer: Objective build = 438 ms
Building objective: force
Precomputing transforms
Timer: Precomputing transforms = 466 ms
Timer: Objective build = 763 ms
Timer: Objective build = 2.11 ms
Timer: Eq Update LinearConstraintProjection build = 2.02 sec
Timer: Proximal projection build = 19.8 sec
Building objective: fixed cross-section R
Building objective: fixed cross-section Z
Building objective: fixed pressure
Building objective: fixed current
Building objective: fixed Psi
Timer: Objective build = 261 ms
Timer: LinearConstraintProjection build = 699 ms
Number of parameters: 45
Number of objectives: 461
Timer: Initializing the optimization = 20.8 sec

Starting optimization
Using method: proximal-lsq-exact
Solver options:
------------------------------------------------------------
Maximum Function Evaluations       : 1251
Maximum Allowed Total Δx Norm      : inf
Scaled Termination                 : True
Trust Region Method                : qr
Initial Trust Radius               : 1.166e+02
Maximum Trust Radius               : inf
Minimum Trust Radius               : 2.220e-16
Trust Radius Increase Ratio        : 2.000e+00
Trust Radius Decrease Ratio        : 2.500e-01
Trust Radius Increase Threshold    : 7.500e-01
Trust Radius Decrease Threshold    : 2.500e-01
------------------------------------------------------------ 

   Iteration     Total nfev        Cost      Cost reduction    Step norm     Optimality   
       0              1          2.802e+03                                    6.293e+01   
       1              2          9.966e+02      1.805e+03      8.292e-02      3.392e+01   
       2              3          8.586e+02      1.380e+02      6.075e-02      3.415e+01   
       3              4          1.341e+02      7.244e+02      4.603e-03      1.091e+01   
       4              6          6.380e+01      7.034e+01      3.691e-03      8.291e+00   
       5              7          2.248e+01      4.131e+01      3.433e-03      6.770e-01   
       6              9          2.126e+01      1.229e+00      1.324e-03      1.231e-01   
       7             10          2.058e+01      6.749e-01      1.891e-03      1.406e+00   
       8             11          1.884e+01      1.742e+00      2.746e-03      1.246e+00   
       9             12          1.717e+01      1.666e+00      2.975e-03      9.728e-01   
      10             13          1.607e+01      1.107e+00      3.017e-03      1.184e+00   
      11             14          1.427e+01      1.799e+00      3.445e-03      7.757e-01   
      12             16          1.333e+01      9.404e-01      1.806e-03      4.383e-01   
      13             18          1.292e+01      4.047e-01      8.751e-04      2.403e-01   
      14             19          1.259e+01      3.287e-01      1.866e-03      6.939e-01   
      15             20          1.196e+01      6.345e-01      1.863e-03      6.692e-01   
      16             21          1.135e+01      6.109e-01      1.933e-03      7.208e-01   
      17             22          1.072e+01      6.322e-01      1.935e-03      7.544e-01   
      18             23          1.019e+01      5.301e-01      1.897e-03      8.243e-01   
      19             24          9.602e+00      5.834e-01      2.136e-03      6.814e-01   
      20             25          9.080e+00      5.223e-01      2.019e-03      4.676e-01   
      21             26          8.926e+00      1.535e-01      2.997e-03      9.256e-01   
      22             27          8.159e+00      7.675e-01      4.458e-04      8.674e-02   
      23             30          8.134e+00      2.474e-02      5.871e-05      3.348e-02   
      24             31          8.105e+00      2.923e-02      1.113e-04      1.006e-01   
      25             32          8.040e+00      6.433e-02      2.470e-04      1.201e-01   
      26             33          7.945e+00      9.501e-02      5.008e-04      2.322e-01   
      27             34          7.802e+00      1.430e-01      4.315e-04      1.721e-01   
      28             35          7.644e+00      1.579e-01      7.804e-04      3.719e-01   
      29             36          7.347e+00      2.971e-01      7.440e-04      2.903e-01   
      30             37          6.855e+00      4.921e-01      1.703e-03      3.490e-01   
      31             39          6.768e+00      8.758e-02      1.204e-03      6.611e-01   
      32             40          6.522e+00      2.458e-01      1.210e-03      6.158e-01   
      33             41          6.403e+00      1.186e-01      1.010e-03      7.338e-01   
      34             42          6.205e+00      1.981e-01      8.539e-04      7.324e-01   
      35             43          6.034e+00      1.716e-01      7.428e-04      7.811e-01   
      36             44          5.897e+00      1.364e-01      8.579e-04      9.081e-01   
      37             45          5.407e+00      4.901e-01      2.632e-04      1.477e-01   
      38             46          5.329e+00      7.829e-02      6.476e-04      3.725e-01   
      39             47          5.169e+00      1.594e-01      7.220e-04      3.046e-01   
      40             49          5.072e+00      9.705e-02      4.056e-04      1.704e-01   
      41             50          4.995e+00      7.736e-02      8.132e-04      3.521e-01   
      42             78          4.995e+00      0.000e+00      0.000e+00      3.521e-01   
Warning: A bad approximation caused failure to predict improvement.
         Current function value: 4.995e+00
         Total delta_x: 1.205e-01
         Iterations: 42
         Function evaluations: 78
         Jacobian evaluations: 42
Timer: Solution time = 6.66 min
Timer: Avg time per step = 9.29 sec
==============================================================================================================
                                                                 Start  -->   End
Total (sum of squares):                                      2.819e+03  -->   4.995e+00, 
Maximum absolute Quasi-symmetry (1,4) two-term error:        4.504e+00  -->   3.987e-01 (T^3)
Minimum absolute Quasi-symmetry (1,4) two-term error:        6.693e-04  -->   2.632e-04 (T^3)
Average absolute Quasi-symmetry (1,4) two-term error:        1.221e+00  -->   5.564e-02 (T^3)
Aspect ratio:                                                7.980e+00  -->   7.997e+00 (dimensionless)
Plasma volume:                                               3.094e-01  -->   3.240e-01 (m^3)
Maximum absolute Force error:                                3.576e+00  -->   1.099e+01 (N)
Minimum absolute Force error:                                6.721e-05  -->   2.745e-05 (N)
Average absolute Force error:                                1.192e-01  -->   2.324e-01 (N)
Maximum absolute Force error:                                4.852e-05  -->   1.491e-04 (normalized)
Minimum absolute Force error:                                9.120e-10  -->   3.725e-10 (normalized)
Average absolute Force error:                                1.617e-06  -->   3.153e-06 (normalized)
Cross-section R error:                                       0.000e+00  -->   0.000e+00 (m)
Cross-section Z error:                                       0.000e+00  -->   0.000e+00 (m)
Fixed pressure profile error:                                0.000e+00  -->   0.000e+00 (Pa)
Fixed current profile error:                                 0.000e+00  -->   0.000e+00 (A)
Fixed Psi error:                                             0.000e+00  -->   0.000e+00 (Wb)
==============================================================================================================

