/home/ye2698/DESC/desc/integrals/_interp_utils.py:19: UserWarning: 
jax-finufft is not installed.
If you want to use NUFFTs, follow the DESC installation instructions.
Otherwise you must set the parameter nufft_eps to zero
when computing effective ripple, Gamma_c, and any other
computations that involve bounce integrals.

  warnings.warn(
DESC version=0.15.0+425.ga8f1b2dda.
Using JAX backend: jax version=0.6.2, jaxlib version=0.6.2, dtype=float64.
Using device: NVIDIA A100 80GB PCIe (id=0), with 80.00 GB available memory.
Building objective: QS two-term
Precomputing transforms
Timer: Precomputing transforms = 314 ms
Building objective: aspect ratio
Precomputing transforms
Timer: Precomputing transforms = 38.6 ms
Building objective: volume
Precomputing transforms
Timer: Precomputing transforms = 38.5 ms
Timer: Objective build = 434 ms
Building objective: force
Precomputing transforms
Timer: Precomputing transforms = 465 ms
Timer: Objective build = 763 ms
Timer: Objective build = 2.09 ms
Timer: Eq Update LinearConstraintProjection build = 2.03 sec
Timer: Proximal projection build = 19.8 sec
Building objective: fixed cross-section R
Building objective: fixed cross-section Z
Building objective: fixed pressure
Building objective: fixed current
Building objective: fixed Psi
Timer: Objective build = 262 ms
Timer: LinearConstraintProjection build = 709 ms
Number of parameters: 45
Number of objectives: 461
Timer: Initializing the optimization = 20.8 sec

Starting optimization
Using method: proximal-lsq-exact
Solver options:
------------------------------------------------------------
Maximum Function Evaluations       : 1251
Maximum Allowed Total Δx Norm      : inf
Scaled Termination                 : True
Trust Region Method                : qr
Initial Trust Radius               : 8.985e+02
Maximum Trust Radius               : inf
Minimum Trust Radius               : 2.220e-16
Trust Radius Increase Ratio        : 2.000e+00
Trust Radius Decrease Ratio        : 2.500e-01
Trust Radius Increase Threshold    : 7.500e-01
Trust Radius Decrease Threshold    : 2.500e-01
------------------------------------------------------------ 

   Iteration     Total nfev        Cost      Cost reduction    Step norm     Optimality   
       0              1          2.800e+05                                    7.039e+02   
       1              2          5.182e+04      2.282e+05      8.171e-02      7.918e+01   
       2              3          9.191e+03      4.263e+04      1.436e-01      1.344e+01   
       3              4          1.290e+03      7.901e+03      1.691e-01      1.756e+00   
       4              5          3.519e+02      9.380e+02      1.957e-01      4.545e-01   
       5              6          7.435e+01      2.775e+02      1.853e-01      3.604e-02   
       6             10          5.733e+01      1.702e+01      7.782e-02      3.526e-02   
       7             11          4.105e+01      1.628e+01      1.579e-01      1.159e-02   
       8             12          2.782e+01      1.323e+01      4.272e-02      1.052e-02   
       9             14          2.477e+01      3.053e+00      1.077e-01      5.469e-03   
      10             15          2.359e+01      1.177e+00      5.755e-02      4.926e-03   
      11             17          2.186e+01      1.730e+00      2.863e-02      1.547e-03   
      12             18          2.091e+01      9.554e-01      2.201e-02      1.853e-03   
      13             19          2.015e+01      7.594e-01      4.612e-02      4.552e-03   
      14             20          1.840e+01      1.745e+00      5.623e-02      1.057e-03   
      15             22          1.814e+01      2.587e-01      1.913e-02      1.600e-03   
      16             23          1.772e+01      4.255e-01      7.871e-03      2.141e-03   
      17             24          1.730e+01      4.145e-01      1.243e-02      3.554e-03   
      18             25          1.616e+01      1.144e+00      3.344e-02      3.581e-03   
      19             27          1.551e+01      6.521e-01      1.182e-02      3.269e-03   
      20             29          1.532e+01      1.918e-01      3.072e-02      4.150e-03   
      21             30          1.507e+01      2.477e-01      1.278e-02      2.010e-03   
      22             31          1.488e+01      1.837e-01      6.410e-03      1.018e-03   
      23             32          1.465e+01      2.380e-01      1.175e-02      3.177e-03   
      24             33          1.418e+01      4.615e-01      1.913e-02      8.324e-03   
      25             35          1.376e+01      4.224e-01      8.460e-03      7.641e-03   
      26             37          1.356e+01      1.982e-01      9.003e-03      1.123e-03   
      27             38          1.342e+01      1.474e-01      4.512e-03      1.370e-03   
      28             39          1.322e+01      2.019e-01      5.245e-03      2.504e-03   
      29             71          1.322e+01      0.000e+00      0.000e+00      2.504e-03   
Warning: A bad approximation caused failure to predict improvement.
         Current function value: 1.322e+01
         Total delta_x: 5.043e-01
         Iterations: 29
         Function evaluations: 71
         Jacobian evaluations: 29
Timer: Solution time = 5.97 min
Timer: Avg time per step = 11.9 sec
==============================================================================================================
                                                                 Start  -->   End
Total (sum of squares):                                      2.817e+05  -->   1.322e+01, 
Maximum absolute Quasi-symmetry (1,4) two-term error:        4.504e+00  -->   4.011e-02 (T^3)
Minimum absolute Quasi-symmetry (1,4) two-term error:        6.693e-04  -->   1.233e-05 (T^3)
Average absolute Quasi-symmetry (1,4) two-term error:        1.221e+00  -->   6.100e-03 (T^3)
Aspect ratio:                                                7.980e+00  -->   6.497e+00 (dimensionless)
Plasma volume:                                               3.094e-01  -->   1.050e+00 (m^3)
Maximum absolute Force error:                                3.576e+00  -->   2.052e+01 (N)
Minimum absolute Force error:                                6.721e-05  -->   1.704e-05 (N)
Average absolute Force error:                                1.192e-01  -->   3.287e-01 (N)
Maximum absolute Force error:                                4.852e-05  -->   2.785e-04 (normalized)
Minimum absolute Force error:                                9.120e-10  -->   2.312e-10 (normalized)
Average absolute Force error:                                1.617e-06  -->   4.460e-06 (normalized)
Cross-section R error:                                       0.000e+00  -->   0.000e+00 (m)
Cross-section Z error:                                       0.000e+00  -->   0.000e+00 (m)
Fixed pressure profile error:                                0.000e+00  -->   0.000e+00 (Pa)
Fixed current profile error:                                 0.000e+00  -->   0.000e+00 (A)
Fixed Psi error:                                             0.000e+00  -->   0.000e+00 (Wb)
==============================================================================================================

