/home/ye2698/DESC/desc/integrals/_interp_utils.py:19: UserWarning: 
jax-finufft is not installed.
If you want to use NUFFTs, follow the DESC installation instructions.
Otherwise you must set the parameter nufft_eps to zero
when computing effective ripple, Gamma_c, and any other
computations that involve bounce integrals.

  warnings.warn(
DESC version=0.15.0+425.ga8f1b2dda.
Using JAX backend: jax version=0.6.2, jaxlib version=0.6.2, dtype=float64.
Using device: NVIDIA A100 80GB PCIe (id=0), with 80.00 GB available memory.
Building objective: QS two-term
Precomputing transforms
Timer: Precomputing transforms = 317 ms
Building objective: aspect ratio
Precomputing transforms
Timer: Precomputing transforms = 39.2 ms
Building objective: volume
Precomputing transforms
Timer: Precomputing transforms = 38.8 ms
Timer: Objective build = 437 ms
Building objective: force
Precomputing transforms
Timer: Precomputing transforms = 468 ms
Timer: Objective build = 771 ms
Timer: Objective build = 2.06 ms
Timer: Eq Update LinearConstraintProjection build = 2.03 sec
Timer: Proximal projection build = 19.8 sec
Building objective: fixed cross-section R
Building objective: fixed cross-section Z
Building objective: fixed pressure
Building objective: fixed current
Building objective: fixed Psi
Timer: Objective build = 259 ms
Timer: LinearConstraintProjection build = 698 ms
Number of parameters: 45
Number of objectives: 461
Timer: Initializing the optimization = 20.9 sec

Starting optimization
Using method: proximal-lsq-exact
Solver options:
------------------------------------------------------------
Maximum Function Evaluations       : 1251
Maximum Allowed Total Δx Norm      : inf
Scaled Termination                 : True
Trust Region Method                : qr
Initial Trust Radius               : 9.016e+02
Maximum Trust Radius               : inf
Minimum Trust Radius               : 2.220e-16
Trust Radius Increase Ratio        : 2.000e+00
Trust Radius Decrease Ratio        : 2.500e-01
Trust Radius Increase Threshold    : 7.500e-01
Trust Radius Decrease Threshold    : 2.500e-01
------------------------------------------------------------ 

   Iteration     Total nfev        Cost      Cost reduction    Step norm     Optimality   
       0              1          2.800e+05                                    7.031e+02   
       1              2          6.272e+04      2.173e+05      1.228e-01      1.411e+02   
       2              3          1.981e+04      4.291e+04      1.202e-01      3.932e+01   
       3              5          8.568e+03      1.124e+04      9.937e-02      1.638e+01   
       4              6          2.983e+03      5.585e+03      7.952e-02      2.788e+00   
       5              8          2.869e+03      1.137e+02      1.826e-02      9.600e+00   
       6              9          1.846e+03      1.023e+03      6.022e-03      2.840e+00   
       7             10          1.284e+03      5.618e+02      1.020e-02      1.956e+00   
       8             11          1.112e+03      1.719e+02      1.807e-02      4.211e+00   
       9             12          6.202e+02      4.922e+02      6.671e-03      3.224e+00   
      10             13          3.897e+02      2.305e+02      3.217e-03      3.526e-01   
      11             15          3.591e+02      3.063e+01      8.544e-03      9.842e-02   
      12             16          3.429e+02      1.617e+01      1.346e-02      1.250e+00   
      13             17          3.381e+02      4.804e+00      1.047e-02      6.662e-01   
      14             18          3.157e+02      2.248e+01      6.146e-04      7.694e-01   
      15             20          3.057e+02      9.980e+00      2.054e-03      1.117e-01   
      16             21          2.974e+02      8.241e+00      1.761e-03      1.624e-01   
      17             23          2.940e+02      3.478e+00      6.052e-04      2.417e-01   
      18             24          2.876e+02      6.392e+00      2.032e-03      2.748e-01   
      19             25          2.786e+02      8.973e+00      3.913e-03      4.586e-01   
      20             26          2.682e+02      1.043e+01      8.993e-03      9.873e-01   
      21             28          2.524e+02      1.578e+01      1.286e-03      7.045e-01   
      22             29          2.515e+02      9.277e-01      5.602e-03      8.220e-01   
      23             30          2.399e+02      1.161e+01      1.307e-03      2.782e-01   
      24             31          2.348e+02      5.031e+00      2.003e-03      1.430e-01   
      25             32          2.308e+02      4.028e+00      4.863e-03      3.882e-01   
      26             33          2.205e+02      1.032e+01      4.413e-03      3.242e-01   
      27             34          2.125e+02      7.938e+00      1.082e-02      6.271e-01   
      28             36          2.033e+02      9.279e+00      1.322e-03      2.228e-01   
      29             37          1.978e+02      5.489e+00      5.756e-03      1.056e-01   
      30             38          1.916e+02      6.179e+00      5.902e-03      3.205e-01   
      31             39          1.841e+02      7.496e+00      5.652e-03      6.426e-01   
      32             40          1.770e+02      7.109e+00      5.162e-03      8.546e-01   
      33             41          1.691e+02      7.840e+00      6.025e-03      1.477e+00   
      34             42          1.645e+02      4.661e+00      7.903e-03      1.747e+00   
      35             43          1.530e+02      1.152e+01      7.086e-03      2.116e+00   
      36             44          1.429e+02      1.011e+01      8.898e-03      1.694e+00   
      37             45          1.324e+02      1.042e+01      6.275e-03      4.954e-01   
      38             46          1.242e+02      8.266e+00      6.058e-03      6.660e-01   
      39             47          1.174e+02      6.770e+00      6.087e-03      1.190e+00   
      40             48          1.066e+02      1.079e+01      3.796e-03      6.842e-01   
      41             50          1.020e+02      4.648e+00      1.818e-03      1.022e+00   
      42             51          9.866e+01      3.307e+00      7.506e-03      1.387e+00   
      43             53          9.011e+01      8.548e+00      2.702e-03      5.250e-01   
      44             56          8.870e+01      1.411e+00      3.597e-04      1.259e-01   
      45             58          8.853e+01      1.653e-01      1.849e-04      3.662e-02   
      46             86          8.853e+01      0.000e+00      0.000e+00      3.662e-02   
Warning: A bad approximation caused failure to predict improvement.
         Current function value: 8.853e+01
         Total delta_x: 2.367e-01
         Iterations: 46
         Function evaluations: 86
         Jacobian evaluations: 46
Timer: Solution time = 6.71 min
Timer: Avg time per step = 8.57 sec
==============================================================================================================
                                                                 Start  -->   End
Total (sum of squares):                                      2.817e+05  -->   8.853e+01, 
Maximum absolute Quasi-symmetry (1,4) two-term error:        4.504e+00  -->   1.312e-01 (T^3)
Minimum absolute Quasi-symmetry (1,4) two-term error:        6.693e-04  -->   6.609e-06 (T^3)
Average absolute Quasi-symmetry (1,4) two-term error:        1.221e+00  -->   1.847e-02 (T^3)
Aspect ratio:                                                7.980e+00  -->   8.000e+00 (dimensionless)
Plasma volume:                                               3.094e-01  -->   4.795e-01 (m^3)
Maximum absolute Force error:                                3.576e+00  -->   6.814e+00 (N)
Minimum absolute Force error:                                6.721e-05  -->   1.907e-05 (N)
Average absolute Force error:                                1.192e-01  -->   1.287e-01 (N)
Maximum absolute Force error:                                4.852e-05  -->   9.246e-05 (normalized)
Minimum absolute Force error:                                9.120e-10  -->   2.587e-10 (normalized)
Average absolute Force error:                                1.617e-06  -->   1.746e-06 (normalized)
Cross-section R error:                                       0.000e+00  -->   0.000e+00 (m)
Cross-section Z error:                                       0.000e+00  -->   0.000e+00 (m)
Fixed pressure profile error:                                0.000e+00  -->   0.000e+00 (Pa)
Fixed current profile error:                                 0.000e+00  -->   0.000e+00 (A)
Fixed Psi error:                                             0.000e+00  -->   0.000e+00 (Wb)
==============================================================================================================

