/home/ye2698/DESC/desc/integrals/_interp_utils.py:19: UserWarning: 
jax-finufft is not installed.
If you want to use NUFFTs, follow the DESC installation instructions.
Otherwise you must set the parameter nufft_eps to zero
when computing effective ripple, Gamma_c, and any other
computations that involve bounce integrals.

  warnings.warn(
DESC version=0.15.0+425.ga8f1b2dda.
Using JAX backend: jax version=0.6.2, jaxlib version=0.6.2, dtype=float64.
Using device: NVIDIA A100 80GB PCIe (id=0), with 80.00 GB available memory.
Building objective: QS two-term
Precomputing transforms
Timer: Precomputing transforms = 313 ms
Building objective: aspect ratio
Precomputing transforms
Timer: Precomputing transforms = 38.4 ms
Building objective: volume
Precomputing transforms
Timer: Precomputing transforms = 38.3 ms
Timer: Objective build = 432 ms
Building objective: force
Precomputing transforms
Timer: Precomputing transforms = 461 ms
Timer: Objective build = 757 ms
Timer: Objective build = 2.13 ms
Timer: Eq Update LinearConstraintProjection build = 2.01 sec
Timer: Proximal projection build = 19.7 sec
Building objective: fixed cross-section R
Building objective: fixed cross-section Z
Building objective: fixed pressure
Building objective: fixed current
Building objective: fixed Psi
Timer: Objective build = 256 ms
Timer: LinearConstraintProjection build = 698 ms
Number of parameters: 45
Number of objectives: 461
Timer: Initializing the optimization = 20.7 sec

Starting optimization
Using method: proximal-lsq-exact
Solver options:
------------------------------------------------------------
Maximum Function Evaluations       : 1251
Maximum Allowed Total Δx Norm      : inf
Scaled Termination                 : True
Trust Region Method                : qr
Initial Trust Radius               : 8.986e+02
Maximum Trust Radius               : inf
Minimum Trust Radius               : 2.220e-16
Trust Radius Increase Ratio        : 2.000e+00
Trust Radius Decrease Ratio        : 2.500e-01
Trust Radius Increase Threshold    : 7.500e-01
Trust Radius Decrease Threshold    : 2.500e-01
------------------------------------------------------------ 

   Iteration     Total nfev        Cost      Cost reduction    Step norm     Optimality   
       0              1          2.800e+05                                    7.039e+02   
       1              2          5.480e+04      2.252e+05      1.066e-01      9.804e+01   
       2              3          1.681e+04      3.799e+04      1.413e-01      2.075e+01   
       3              4          4.097e+03      1.271e+04      8.176e-02      3.089e+00   
       4              6          1.761e+03      2.336e+03      2.084e-01      6.415e-01   
       5              8          1.238e+03      5.235e+02      2.366e-02      2.739e-01   
       6              9          9.249e+02      3.130e+02      3.716e-02      3.373e-01   
       7             10          8.742e+02      5.072e+01      5.871e-02      2.337e-01   
       8             11          7.658e+02      1.085e+02      1.624e-02      2.376e-01   
       9             12          6.041e+02      1.616e+02      5.023e-02      1.520e-01   
      10             13          5.546e+02      4.959e+01      7.783e-02      4.627e-01   
      11             14          4.096e+02      1.449e+02      5.465e-03      1.322e-01   
      12             16          3.530e+02      5.660e+01      5.028e-03      1.640e-01   
      13             17          3.036e+02      4.948e+01      5.538e-03      1.598e-01   
      14             19          2.801e+02      2.346e+01      1.518e-02      1.882e-01   
      15             20          2.432e+02      3.692e+01      8.586e-03      1.372e-01   
      16             21          2.299e+02      1.326e+01      1.286e-02      3.423e-01   
      17             23          2.227e+02      7.231e+00      8.225e-03      4.651e-01   
      18             24          2.214e+02      1.297e+00      2.326e-02      3.506e-01   
      19             25          2.136e+02      7.812e+00      2.331e-03      1.483e-01   
      20             27          2.132e+02      3.484e-01      5.811e-04      8.345e-02   
      21             28          2.121e+02      1.100e+00      7.793e-05      2.653e-02   
      22             29          2.112e+02      9.358e-01      8.872e-04      4.265e-02   
      23             30          2.089e+02      2.327e+00      8.850e-04      2.972e-02   
      24             31          2.042e+02      4.688e+00      1.185e-03      2.026e-02   
      25             32          1.929e+02      1.133e+01      1.901e-03      1.816e-01   
      26             34          1.870e+02      5.849e+00      1.021e-03      2.156e-01   
      27             35          1.825e+02      4.514e+00      3.857e-03      5.257e-02   
      28             36          1.770e+02      5.539e+00      5.618e-03      3.245e-02   
      29             37          1.681e+02      8.848e+00      5.795e-03      3.451e-01   
      30             39          1.628e+02      5.306e+00      3.145e-03      8.135e-02   
      31             42          1.625e+02      2.736e-01      1.681e-03      3.249e-01   
      32             43          1.618e+02      7.738e-01      8.798e-04      2.243e-02   
      33             44          1.612e+02      5.282e-01      9.673e-04      2.909e-01   
      34             45          1.602e+02      1.070e+00      9.267e-04      2.066e-02   
      35             46          1.589e+02      1.284e+00      2.083e-03      2.956e-01   
      36             47          1.567e+02      2.121e+00      3.386e-03      7.907e-02   
      37             48          1.541e+02      2.646e+00      5.808e-03      5.999e-02   
      38             49          1.514e+02      2.675e+00      1.336e-02      5.757e-01   
      39             50          1.441e+02      7.302e+00      1.138e-02      2.909e-01   
      40             52          1.382e+02      5.893e+00      1.123e-02      1.802e-01   
      41             54          1.378e+02      4.116e-01      1.405e-03      8.895e-01   
      42             55          1.359e+02      1.903e+00      3.110e-04      3.587e-01   
      43             56          1.353e+02      5.924e-01      2.223e-03      3.718e-01   
      44             57          1.343e+02      1.003e+00      2.196e-03      5.631e-03   
      45             58          1.331e+02      1.204e+00      3.544e-03      3.701e-01   
      46             59          1.303e+02      2.843e+00      8.028e-03      3.475e-01   
      47             61          1.283e+02      1.980e+00      6.091e-03      7.160e-02   
      48             62          1.276e+02      6.669e-01      8.462e-03      3.921e-01   
      49             65          1.263e+02      1.300e+00      7.143e-05      2.177e-01   
      50             66          1.261e+02      1.815e-01      2.483e-03      1.331e-01   
      51             67          1.258e+02      3.186e-01      1.234e-03      6.675e-03   
      52             68          1.254e+02      4.409e-01      8.315e-04      1.628e-02   
      53             69          1.245e+02      8.843e-01      2.360e-03      2.564e-02   
      54             70          1.229e+02      1.578e+00      5.070e-03      4.742e-02   
      55             71          1.221e+02      7.773e-01      7.590e-03      2.066e-01   
      56             72          1.194e+02      2.763e+00      6.914e-03      2.647e-01   
      57             73          1.180e+02      1.417e+00      6.027e-03      1.073e-01   
      58             76          1.165e+02      1.474e+00      1.603e-03      2.123e-01   
      59             77          1.150e+02      1.515e+00      9.373e-04      9.304e-02   
      60             78          1.147e+02      2.552e-01      1.385e-03      1.506e-01   
      61             79          1.138e+02      9.389e-01      1.660e-03      5.038e-02   
      62             80          1.137e+02      1.337e-01      1.991e-03      1.857e-01   
      63             81          1.130e+02      6.525e-01      9.199e-04      1.524e-01   
      64             82          1.125e+02      5.276e-01      4.855e-04      8.448e-02   
      65             83          1.120e+02      4.527e-01      1.684e-03      8.778e-02   
      66             84          1.110e+02      1.003e+00      2.651e-03      1.768e-01   
      67             85          1.106e+02      4.395e-01      5.593e-03      3.280e-01   
      68             87          1.094e+02      1.197e+00      4.805e-04      2.585e-01   
      69             88          1.085e+02      8.307e-01      4.383e-04      8.529e-02   
      70             89          1.081e+02      4.786e-01      2.463e-03      2.008e-01   
      71             90          1.068e+02      1.282e+00      3.326e-03      4.841e-02   
      72             91          1.059e+02      9.290e-01      4.659e-03      1.130e-01   
      73             92          1.046e+02      1.290e+00      4.394e-03      1.063e-01   
      74             93          1.037e+02      8.979e-01      3.334e-03      2.435e-01   
      75             94          1.032e+02      4.835e-01      6.549e-03      1.535e-01   
      76             95          1.015e+02      1.730e+00      1.096e-03      1.622e-01   
      77             96          1.012e+02      2.898e-01      1.660e-03      1.707e-01   
      78             97          1.001e+02      1.061e+00      3.129e-04      1.020e-01   
      79             98          9.991e+01      1.977e-01      7.529e-04      9.317e-02   
      80             99          9.927e+01      6.393e-01      4.646e-04      6.244e-02   
      81             101         9.922e+01      5.202e-02      5.092e-04      5.570e-02   
Optimization terminated successfully.
`ftol` condition satisfied. (ftol=1.00e-03)
         Current function value: 9.922e+01
         Total delta_x: 2.678e-01
         Iterations: 81
         Function evaluations: 101
         Jacobian evaluations: 82
Timer: Solution time = 6.65 min
Timer: Avg time per step = 4.86 sec
==============================================================================================================
                                                                 Start  -->   End
Total (sum of squares):                                      2.817e+05  -->   9.922e+01, 
Maximum absolute Quasi-symmetry (1,4) two-term error:        4.504e+00  -->   1.554e-01 (T^3)
Minimum absolute Quasi-symmetry (1,4) two-term error:        6.693e-04  -->   9.619e-05 (T^3)
Average absolute Quasi-symmetry (1,4) two-term error:        1.221e+00  -->   1.989e-02 (T^3)
Aspect ratio:                                                7.980e+00  -->   7.893e+00 (dimensionless)
Plasma volume:                                               3.094e-01  -->   4.835e-01 (m^3)
Maximum absolute Force error:                                3.576e+00  -->   2.585e+01 (N)
Minimum absolute Force error:                                6.721e-05  -->   9.103e-06 (N)
Average absolute Force error:                                1.192e-01  -->   4.775e-01 (N)
Maximum absolute Force error:                                4.852e-05  -->   3.507e-04 (normalized)
Minimum absolute Force error:                                9.120e-10  -->   1.235e-10 (normalized)
Average absolute Force error:                                1.617e-06  -->   6.479e-06 (normalized)
Cross-section R error:                                       0.000e+00  -->   0.000e+00 (m)
Cross-section Z error:                                       0.000e+00  -->   0.000e+00 (m)
Fixed pressure profile error:                                0.000e+00  -->   0.000e+00 (Pa)
Fixed current profile error:                                 0.000e+00  -->   0.000e+00 (A)
Fixed Psi error:                                             0.000e+00  -->   0.000e+00 (Wb)
==============================================================================================================

