/home/ye2698/DESC/desc/integrals/_interp_utils.py:19: UserWarning: 
jax-finufft is not installed.
If you want to use NUFFTs, follow the DESC installation instructions.
Otherwise you must set the parameter nufft_eps to zero
when computing effective ripple, Gamma_c, and any other
computations that involve bounce integrals.

  warnings.warn(
DESC version=0.15.0+425.ga8f1b2dda.
Using JAX backend: jax version=0.6.2, jaxlib version=0.6.2, dtype=float64.
Using device: NVIDIA A100-PCIE-40GB (id=0), with 40.00 GB available memory.
Building objective: QS two-term
Precomputing transforms
Timer: Precomputing transforms = 341 ms
Building objective: aspect ratio
Precomputing transforms
Timer: Precomputing transforms = 39.7 ms
Building objective: volume
Precomputing transforms
Timer: Precomputing transforms = 39.8 ms
Timer: Objective build = 469 ms
Building objective: force
Precomputing transforms
Timer: Precomputing transforms = 571 ms
Timer: Objective build = 894 ms
Timer: Objective build = 2.37 ms
Timer: Eq Update LinearConstraintProjection build = 2.28 sec
Timer: Proximal projection build = 21.9 sec
Building objective: fixed cross-section R
Building objective: fixed cross-section Z
Building objective: fixed pressure
Building objective: fixed current
Building objective: fixed Psi
Timer: Objective build = 287 ms
Timer: LinearConstraintProjection build = 809 ms
Number of parameters: 45
Number of objectives: 461
Timer: Initializing the optimization = 23.1 sec

Starting optimization
Using method: proximal-lsq-exact
Solver options:
------------------------------------------------------------
Maximum Function Evaluations       : 1251
Maximum Allowed Total Δx Norm      : inf
Scaled Termination                 : True
Trust Region Method                : qr
Initial Trust Radius               : 1.167e+02
Maximum Trust Radius               : inf
Minimum Trust Radius               : 2.220e-16
Trust Radius Increase Ratio        : 2.000e+00
Trust Radius Decrease Ratio        : 2.500e-01
Trust Radius Increase Threshold    : 7.500e-01
Trust Radius Decrease Threshold    : 2.500e-01
------------------------------------------------------------ 

   Iteration     Total nfev        Cost      Cost reduction    Step norm     Optimality   
       0              1          2.802e+03                                    6.292e+01   
       1              3          2.910e+02      2.511e+03      8.884e-03      1.232e+01   
       2              5          1.373e+02      1.537e+02      5.634e-03      2.904e+00   
       3              7          1.137e+02      2.365e+01      3.375e-03      3.277e+00   
       4              8          8.975e+01      2.390e+01      8.555e-03      2.929e+00   
       5              9          7.325e+01      1.651e+01      1.662e-02      3.793e+00   
       6             11          6.224e+01      1.101e+01      2.339e-03      1.471e+00   
       7             13          5.928e+01      2.963e+00      1.421e-03      7.638e-01   
       8             15          5.800e+01      1.279e+00      7.030e-04      4.703e-01   
       9             16          5.669e+01      1.311e+00      1.265e-03      1.102e+00   
      10             17          5.477e+01      1.916e+00      1.215e-03      8.316e-01   
      11             18          5.236e+01      2.417e+00      2.127e-03      1.387e+00   
      12             19          4.882e+01      3.536e+00      1.902e-03      7.858e-01   
      13             20          4.793e+01      8.895e-01      3.231e-03      2.906e+00   
      14             21          4.215e+01      5.783e+00      8.438e-04      5.588e-01   
      15             22          4.042e+01      1.728e+00      1.428e-03      1.253e+00   
      16             23          3.725e+01      3.171e+00      1.388e-03      5.609e-01   
      17             24          3.707e+01      1.766e-01      2.867e-03      2.964e+00   
      18             25          3.152e+01      5.549e+00      9.985e-04      7.205e-01   
      19             26          3.007e+01      1.455e+00      1.489e-03      1.309e+00   
      20             27          2.707e+01      2.993e+00      1.433e-03      4.062e-01   
      21             28          2.379e+01      3.281e+00      2.760e-03      1.095e+00   
      22             29          2.365e+01      1.380e-01      5.595e-03      2.127e+00   
      23             30          1.770e+01      5.958e+00      9.021e-04      3.574e-01   
      24             32          1.657e+01      1.124e+00      6.780e-04      2.029e-01   
      25             33          1.493e+01      1.645e+00      1.475e-03      4.696e-01   
      26             34          1.278e+01      2.145e+00      3.090e-03      8.265e-01   
      27             36          1.117e+01      1.610e+00      1.387e-03      4.672e-01   
      28             37          1.057e+01      6.034e-01      2.421e-03      8.596e-01   
      29             38          8.838e+00      1.732e+00      2.079e-03      7.167e-01   
      30             39          7.333e+00      1.505e+00      2.128e-03      5.795e-01   
      31             40          6.499e+00      8.344e-01      2.292e-03      5.992e-01   
      32             41          5.586e+00      9.129e-01      1.989e-03      6.924e-01   
      33             42          4.457e+00      1.129e+00      1.483e-03      4.836e-01   
      34             43          4.391e+00      6.658e-02      3.114e-03      1.057e+00   
      35             44          3.854e+00      5.366e-01      8.088e-04      1.282e+00   
      36             45          2.781e+00      1.073e+00      8.289e-04      6.872e-01   
      37             46          2.162e+00      6.195e-01      9.100e-04      2.888e-01   
      38             47          2.000e+00      1.616e-01      2.081e-03      4.755e-01   
      39             49          1.695e+00      3.048e-01      4.271e-04      3.052e-01   
      40             50          1.514e+00      1.811e-01      9.522e-04      1.712e-01   
      41             52          1.504e+00      1.014e-02      4.482e-04      3.087e-01   
      42             53          1.406e+00      9.848e-02      1.006e-04      2.987e-02   
      43             54          1.386e+00      1.943e-02      2.120e-04      1.071e-01   
      44             55          1.355e+00      3.107e-02      2.129e-04      7.168e-02   
      45             56          1.314e+00      4.130e-02      4.352e-04      1.338e-01   
      46             57          1.267e+00      4.730e-02      4.268e-04      1.306e-01   
      47             58          1.229e+00      3.777e-02      4.080e-04      1.563e-01   
      48             59          1.190e+00      3.927e-02      3.838e-04      1.632e-01   
      49             60          1.151e+00      3.845e-02      3.623e-04      1.671e-01   
      50             61          1.119e+00      3.161e-02      3.474e-04      1.878e-01   
      51             62          1.082e+00      3.790e-02      3.397e-04      1.844e-01   
      52             63          1.036e+00      4.549e-02      3.429e-04      1.499e-01   
      53             65          1.008e+00      2.819e-02      1.807e-04      7.796e-02   
      54             66          9.879e-01      1.998e-02      3.552e-04      1.640e-01   
      55             67          9.526e-01      3.527e-02      3.643e-04      1.490e-01   
      56             68          9.275e-01      2.516e-02      3.395e-04      1.652e-01   
      57             69          9.024e-01      2.502e-02      2.887e-04      1.710e-01   
      58             70          8.795e-01      2.297e-02      2.473e-04      1.766e-01   
      59             71          8.560e-01      2.346e-02      2.672e-04      1.836e-01   
      60             72          8.324e-01      2.356e-02      3.450e-04      1.878e-01   
      61             74          7.958e-01      3.664e-02      1.157e-04      1.178e-02   
      62             76          7.934e-01      2.385e-03      7.600e-05      3.067e-02   
      63             77          7.902e-01      3.220e-03      6.833e-05      2.451e-02   
      64             78          7.851e-01      5.059e-03      1.309e-04      4.428e-02   
      65             79          7.785e-01      6.663e-03      1.318e-04      3.611e-02   
      66             80          7.775e-01      9.623e-04      2.504e-04      1.125e-01   
      67             107         7.775e-01      0.000e+00      0.000e+00      1.125e-01   
Warning: A bad approximation caused failure to predict improvement.
         Current function value: 7.775e-01
         Total delta_x: 7.911e-02
         Iterations: 67
         Function evaluations: 107
         Jacobian evaluations: 67
Timer: Solution time = 4.21 min
Timer: Avg time per step = 3.71 sec
==============================================================================================================
                                                                 Start  -->   End
Total (sum of squares):                                      2.820e+03  -->   7.775e-01, 
Maximum absolute Quasi-symmetry (1,4) two-term error:        4.504e+00  -->   2.451e-01 (T^3)
Minimum absolute Quasi-symmetry (1,4) two-term error:        6.693e-04  -->   5.056e-05 (T^3)
Average absolute Quasi-symmetry (1,4) two-term error:        1.221e+00  -->   2.372e-02 (T^3)
Aspect ratio:                                                7.980e+00  -->   7.999e+00 (dimensionless)
Plasma volume:                                               3.094e-01  -->   3.036e-01 (m^3)
Maximum absolute Force error:                                3.576e+00  -->   6.362e+00 (N)
Minimum absolute Force error:                                6.721e-05  -->   1.275e-05 (N)
Average absolute Force error:                                1.192e-01  -->   1.505e-01 (N)
Maximum absolute Force error:                                4.852e-05  -->   8.633e-05 (normalized)
Minimum absolute Force error:                                9.120e-10  -->   1.730e-10 (normalized)
Average absolute Force error:                                1.617e-06  -->   2.043e-06 (normalized)
Cross-section R error:                                       0.000e+00  -->   0.000e+00 (m)
Cross-section Z error:                                       0.000e+00  -->   0.000e+00 (m)
Fixed pressure profile error:                                0.000e+00  -->   0.000e+00 (Pa)
Fixed current profile error:                                 0.000e+00  -->   0.000e+00 (A)
Fixed Psi error:                                             0.000e+00  -->   0.000e+00 (Wb)
==============================================================================================================

