/home/ye2698/DESC/desc/integrals/_interp_utils.py:19: UserWarning: 
jax-finufft is not installed.
If you want to use NUFFTs, follow the DESC installation instructions.
Otherwise you must set the parameter nufft_eps to zero
when computing effective ripple, Gamma_c, and any other
computations that involve bounce integrals.

  warnings.warn(
DESC version=0.15.0+425.ga8f1b2dda.
Using JAX backend: jax version=0.6.2, jaxlib version=0.6.2, dtype=float64.
Using device: NVIDIA A100 80GB PCIe (id=0), with 80.00 GB available memory.
Building objective: QS two-term
Precomputing transforms
Timer: Precomputing transforms = 314 ms
Building objective: aspect ratio
Precomputing transforms
Timer: Precomputing transforms = 39.8 ms
Building objective: volume
Precomputing transforms
Timer: Precomputing transforms = 39.5 ms
Timer: Objective build = 435 ms
Building objective: force
Precomputing transforms
Timer: Precomputing transforms = 464 ms
Timer: Objective build = 756 ms
Timer: Objective build = 2.12 ms
Timer: Eq Update LinearConstraintProjection build = 2.02 sec
Timer: Proximal projection build = 19.8 sec
Building objective: fixed cross-section R
Building objective: fixed cross-section Z
Building objective: fixed pressure
Building objective: fixed current
Building objective: fixed Psi
Timer: Objective build = 261 ms
Timer: LinearConstraintProjection build = 711 ms
Number of parameters: 45
Number of objectives: 461
Timer: Initializing the optimization = 20.8 sec

Starting optimization
Using method: proximal-lsq-exact
Solver options:
------------------------------------------------------------
Maximum Function Evaluations       : 1251
Maximum Allowed Total Δx Norm      : inf
Scaled Termination                 : True
Trust Region Method                : qr
Initial Trust Radius               : 8.993e+02
Maximum Trust Radius               : inf
Minimum Trust Radius               : 2.220e-16
Trust Radius Increase Ratio        : 2.000e+00
Trust Radius Decrease Ratio        : 2.500e-01
Trust Radius Increase Threshold    : 7.500e-01
Trust Radius Decrease Threshold    : 2.500e-01
------------------------------------------------------------ 

   Iteration     Total nfev        Cost      Cost reduction    Step norm     Optimality   
       0              1          2.800e+05                                    7.037e+02   
       1              2          5.889e+04      2.211e+05      1.221e-01      1.411e+02   
       2              3          1.722e+04      4.167e+04      1.075e-01      2.822e+01   
       3              4          1.102e+04      6.208e+03      1.082e-01      8.009e+00   
       4              5          7.188e+03      3.828e+03      1.458e-01      6.590e+00   
       5              7          5.455e+03      1.733e+03      1.346e-01      3.429e+00   
       6              8          3.370e+03      2.085e+03      1.001e-01      2.776e+00   
       7              9          2.155e+03      1.214e+03      1.274e-01      3.727e+00   
       8             10          6.232e+02      1.532e+03      8.591e-02      1.352e+00   
       9             12          4.899e+02      1.333e+02      8.937e-03      2.342e+00   
      10             13          3.894e+02      1.005e+02      3.621e-02      4.111e-01   
      11             14          3.378e+02      5.158e+01      3.108e-02      2.152e-01   
      12             15          2.795e+02      5.826e+01      1.609e-02      5.194e-01   
      13             17          2.504e+02      2.907e+01      3.750e-03      1.623e-01   
      14             19          2.463e+02      4.132e+00      7.015e-03      1.406e-01   
      15             20          2.419e+02      4.455e+00      2.697e-03      1.574e-01   
      16             21          2.382e+02      3.684e+00      1.997e-03      2.066e-01   
      17             22          2.325e+02      5.634e+00      3.258e-03      2.081e-01   
      18             23          2.289e+02      3.654e+00      2.382e-03      1.654e-01   
      19             24          2.243e+02      4.567e+00      3.412e-03      7.299e-02   
      20             25          2.207e+02      3.631e+00      2.709e-03      2.014e-01   
      21             27          2.152e+02      5.531e+00      3.268e-03      4.013e-02   
      22             29          2.139e+02      1.269e+00      3.886e-04      5.464e-02   
      23             30          2.120e+02      1.930e+00      2.556e-03      3.972e-02   
      24             32          2.111e+02      8.986e-01      9.985e-04      2.479e-02   
      25             33          2.097e+02      1.397e+00      1.364e-03      6.058e-02   
      26             34          2.089e+02      7.326e-01      3.614e-03      1.938e-01   
      27             35          2.059e+02      3.006e+00      1.436e-03      6.400e-02   
      28             36          2.048e+02      1.165e+00      3.038e-03      2.480e-02   
      29             37          2.032e+02      1.589e+00      1.709e-03      3.295e-02   
      30             38          1.997e+02      3.432e+00      5.273e-03      6.232e-02   
      31             40          1.976e+02      2.110e+00      3.455e-03      5.403e-02   
      32             41          1.947e+02      2.920e+00      4.243e-03      5.026e-02   
      33             43          1.931e+02      1.594e+00      3.596e-03      4.405e-02   
      34             45          1.926e+02      5.047e-01      1.442e-03      1.690e-02   
      35             46          1.923e+02      3.620e-01      9.457e-04      1.758e-02   
      36             47          1.919e+02      3.180e-01      8.706e-04      1.624e-02   
      37             48          1.915e+02      4.158e-01      7.945e-04      1.908e-02   
      38             49          1.911e+02      4.589e-01      1.314e-03      2.749e-02   
      39             50          1.906e+02      4.444e-01      1.480e-03      2.262e-02   
      40             51          1.901e+02      4.695e-01      1.037e-03      1.995e-02   
      41             53          1.899e+02      2.832e-01      4.012e-04      1.388e-02   
      42             54          1.896e+02      2.485e-01      4.179e-04      2.954e-02   
      43             55          1.893e+02      3.243e-01      5.688e-04      3.703e-02   
      44             56          1.889e+02      3.786e-01      5.794e-04      3.975e-02   
      45             57          1.885e+02      4.036e-01      6.196e-04      3.869e-02   
      46             58          1.880e+02      5.295e-01      6.563e-04      2.637e-02   
      47             59          1.868e+02      1.155e+00      1.325e-03      1.976e-02   
      48             60          1.850e+02      1.809e+00      3.030e-03      4.717e-02   
      49             61          1.850e+02      1.393e-02      6.723e-03      2.468e-01   
      50             62          1.812e+02      3.820e+00      1.582e-03      1.020e-01   
      51             64          1.804e+02      8.238e-01      4.995e-04      3.799e-02   
      52             66          1.801e+02      2.196e-01      2.449e-04      2.752e-02   
      53             67          1.799e+02      2.162e-01      3.130e-04      2.639e-02   
      54             69          1.799e+02      6.640e-02      3.931e-05      1.735e-02   
Optimization terminated successfully.
`ftol` condition satisfied. (ftol=1.00e-03)
         Current function value: 1.799e+02
         Total delta_x: 3.651e-01
         Iterations: 54
         Function evaluations: 69
         Jacobian evaluations: 55
Timer: Solution time = 3.86 min
Timer: Avg time per step = 4.21 sec
==============================================================================================================
                                                                 Start  -->   End
Total (sum of squares):                                      2.817e+05  -->   1.799e+02, 
Maximum absolute Quasi-symmetry (1,4) two-term error:        4.504e+00  -->   1.403e-01 (T^3)
Minimum absolute Quasi-symmetry (1,4) two-term error:        6.693e-04  -->   1.524e-05 (T^3)
Average absolute Quasi-symmetry (1,4) two-term error:        1.221e+00  -->   2.523e-02 (T^3)
Aspect ratio:                                                7.980e+00  -->   7.990e+00 (dimensionless)
Plasma volume:                                               3.094e-01  -->   5.581e-01 (m^3)
Maximum absolute Force error:                                3.576e+00  -->   1.058e+01 (N)
Minimum absolute Force error:                                6.721e-05  -->   1.198e-05 (N)
Average absolute Force error:                                1.192e-01  -->   2.338e-01 (N)
Maximum absolute Force error:                                4.852e-05  -->   1.436e-04 (normalized)
Minimum absolute Force error:                                9.120e-10  -->   1.626e-10 (normalized)
Average absolute Force error:                                1.617e-06  -->   3.172e-06 (normalized)
Cross-section R error:                                       0.000e+00  -->   0.000e+00 (m)
Cross-section Z error:                                       0.000e+00  -->   0.000e+00 (m)
Fixed pressure profile error:                                0.000e+00  -->   0.000e+00 (Pa)
Fixed current profile error:                                 0.000e+00  -->   0.000e+00 (A)
Fixed Psi error:                                             0.000e+00  -->   0.000e+00 (Wb)
==============================================================================================================

