/home/ye2698/DESC/desc/integrals/_interp_utils.py:19: UserWarning: 
jax-finufft is not installed.
If you want to use NUFFTs, follow the DESC installation instructions.
Otherwise you must set the parameter nufft_eps to zero
when computing effective ripple, Gamma_c, and any other
computations that involve bounce integrals.

  warnings.warn(
DESC version=0.15.0+425.ga8f1b2dda.
Using JAX backend: jax version=0.6.2, jaxlib version=0.6.2, dtype=float64.
Using device: NVIDIA A100 80GB PCIe (id=0), with 80.00 GB available memory.
Building objective: QS two-term
Precomputing transforms
Timer: Precomputing transforms = 312 ms
Building objective: aspect ratio
Precomputing transforms
Timer: Precomputing transforms = 38.8 ms
Building objective: volume
Precomputing transforms
Timer: Precomputing transforms = 38.5 ms
Timer: Objective build = 432 ms
Building objective: force
Precomputing transforms
Timer: Precomputing transforms = 461 ms
Timer: Objective build = 755 ms
Timer: Objective build = 2.08 ms
Timer: Eq Update LinearConstraintProjection build = 2.01 sec
Timer: Proximal projection build = 19.8 sec
Building objective: fixed cross-section R
Building objective: fixed cross-section Z
Building objective: fixed pressure
Building objective: fixed current
Building objective: fixed Psi
Timer: Objective build = 296 ms
Timer: LinearConstraintProjection build = 740 ms
Number of parameters: 45
Number of objectives: 461
Timer: Initializing the optimization = 20.9 sec

Starting optimization
Using method: proximal-lsq-exact
Solver options:
------------------------------------------------------------
Maximum Function Evaluations       : 1251
Maximum Allowed Total Δx Norm      : inf
Scaled Termination                 : True
Trust Region Method                : qr
Initial Trust Radius               : 8.993e+02
Maximum Trust Radius               : inf
Minimum Trust Radius               : 2.220e-16
Trust Radius Increase Ratio        : 2.000e+00
Trust Radius Decrease Ratio        : 2.500e-01
Trust Radius Increase Threshold    : 7.500e-01
Trust Radius Decrease Threshold    : 2.500e-01
------------------------------------------------------------ 

   Iteration     Total nfev        Cost      Cost reduction    Step norm     Optimality   
       0              1          2.800e+05                                    7.037e+02   
       1              2          6.056e+04      2.195e+05      1.241e-01      1.492e+02   
       2              3          9.403e+03      5.115e+04      1.666e-01      1.076e+01   
       3              4          2.787e+03      6.616e+03      2.106e-01      4.985e+00   
       4              6          1.257e+03      1.529e+03      2.160e-01      3.580e+00   
       5              7          2.140e+02      1.043e+03      1.416e-01      2.130e-01   
       6              9          1.717e+02      4.237e+01      6.038e-02      9.914e-01   
       7             10          8.789e+01      8.376e+01      4.619e-02      4.392e-02   
       8             12          8.187e+01      6.027e+00      2.667e-02      2.177e-01   
       9             14          7.887e+01      2.993e+00      5.756e-03      4.548e-02   
      10             16          7.800e+01      8.767e-01      3.593e-03      1.405e-02   
      11             17          7.732e+01      6.760e-01      6.051e-03      2.654e-02   
      12             18          7.581e+01      1.508e+00      5.415e-03      1.931e-02   
      13             19          7.296e+01      2.852e+00      1.064e-02      3.842e-02   
      14             20          6.773e+01      5.231e+00      2.484e-02      8.092e-02   
      15             22          6.372e+01      4.015e+00      8.221e-03      8.394e-02   
      16             24          6.272e+01      9.941e-01      5.177e-03      1.137e-01   
      17             25          6.121e+01      1.508e+00      4.814e-03      1.841e-02   
      18             26          6.001e+01      1.204e+00      8.913e-03      8.114e-02   
      19             27          5.635e+01      3.661e+00      8.627e-03      4.737e-02   
      20             28          5.451e+01      1.839e+00      2.409e-02      3.470e-01   
      21             30          4.887e+01      5.644e+00      4.471e-03      2.522e-02   
      22             31          4.583e+01      3.041e+00      1.055e-02      3.690e-02   
      23             32          4.266e+01      3.165e+00      1.409e-02      1.209e-01   
      24             34          4.131e+01      1.352e+00      1.357e-03      3.305e-01   
      25             35          3.822e+01      3.091e+00      1.119e-02      4.717e-02   
      26             36          3.651e+01      1.710e+00      1.170e-02      1.477e-01   
      27             38          3.550e+01      1.003e+00      5.215e-03      2.123e-02   
      28             39          3.545e+01      5.495e-02      5.374e-03      1.665e-01   
      29             40          3.400e+01      1.445e+00      1.394e-03      1.476e-02   
      30             41          3.351e+01      4.904e-01      1.653e-03      4.594e-02   
      31             42          3.286e+01      6.545e-01      1.615e-03      1.475e-02   
      32             44          3.265e+01      2.101e-01      8.503e-04      1.309e-02   
      33             45          3.249e+01      1.576e-01      9.667e-04      5.211e-03   
      34             46          3.230e+01      1.926e-01      7.112e-04      2.765e-02   
      35             47          3.206e+01      2.352e-01      1.384e-03      2.229e-02   
      36             48          3.169e+01      3.710e-01      4.988e-03      8.598e-02   
      37             49          3.073e+01      9.593e-01      9.061e-03      5.867e-02   
      38             51          3.015e+01      5.791e-01      6.221e-03      5.309e-02   
      39             53          2.985e+01      3.004e-01      3.138e-03      8.376e-03   
      40             54          2.950e+01      3.570e-01      4.654e-03      2.317e-02   
      41             56          2.921e+01      2.911e-01      2.437e-03      6.979e-03   
      42             57          2.884e+01      3.644e-01      4.068e-03      3.051e-02   
      43             58          2.834e+01      5.037e-01      4.400e-03      1.956e-02   
      44             59          2.819e+01      1.525e-01      8.249e-03      1.716e-01   
      45             60          2.688e+01      1.309e+00      2.815e-03      1.319e-02   
      46             61          2.640e+01      4.788e-01      3.665e-03      5.729e-02   
      47             62          2.574e+01      6.581e-01      7.350e-03      1.788e-01   
      48             63          2.477e+01      9.706e-01      8.232e-03      1.534e-01   
      49             64          2.377e+01      9.983e-01      1.569e-02      2.497e-01   
      50             66          2.224e+01      1.531e+00      5.669e-03      6.275e-02   
      51             68          2.218e+01      6.280e-02      2.578e-03      6.564e-02   
      52             69          2.205e+01      1.290e-01      5.940e-04      7.892e-03   
      53             70          2.201e+01      3.434e-02      1.063e-03      3.002e-02   
      54             71          2.192e+01      9.864e-02      8.710e-04      4.674e-03   
      55             72          2.181e+01      1.018e-01      1.424e-03      3.666e-02   
      56             73          2.169e+01      1.205e-01      1.118e-03      2.558e-02   
      57             74          2.159e+01      1.067e-01      8.983e-04      2.853e-02   
      58             75          2.148e+01      1.047e-01      7.511e-04      2.771e-02   
      59             76          2.138e+01      9.945e-02      6.489e-04      2.763e-02   
      60             77          2.125e+01      1.349e-01      5.732e-04      1.896e-02   
      61             78          2.112e+01      1.222e-01      6.122e-04      2.149e-02   
      62             79          2.101e+01      1.197e-01      6.358e-04      1.991e-02   
      63             80          2.089e+01      1.162e-01      6.558e-04      1.852e-02   
      64             81          2.078e+01      1.129e-01      6.856e-04      1.624e-02   
      65             82          2.072e+01      5.305e-02      7.276e-04      1.773e-02   
      66             83          2.067e+01      5.396e-02      6.187e-04      9.320e-03   
      67             84          2.062e+01      4.541e-02      5.599e-04      7.454e-03   
      68             85          2.062e+01      1.021e-04      4.001e-05      5.604e-03   
      69             113         2.062e+01      0.000e+00      0.000e+00      5.604e-03   
Warning: A bad approximation caused failure to predict improvement.
         Current function value: 2.062e+01
         Total delta_x: 4.542e-01
         Iterations: 69
         Function evaluations: 113
         Jacobian evaluations: 69
Timer: Solution time = 5.35 min
Timer: Avg time per step = 4.59 sec
==============================================================================================================
                                                                 Start  -->   End
Total (sum of squares):                                      2.817e+05  -->   2.062e+01, 
Maximum absolute Quasi-symmetry (1,4) two-term error:        4.504e+00  -->   6.194e-02 (T^3)
Minimum absolute Quasi-symmetry (1,4) two-term error:        6.693e-04  -->   1.694e-05 (T^3)
Average absolute Quasi-symmetry (1,4) two-term error:        1.221e+00  -->   7.599e-03 (T^3)
Aspect ratio:                                                7.980e+00  -->   8.000e+00 (dimensionless)
Plasma volume:                                               3.094e-01  -->   7.958e-01 (m^3)
Maximum absolute Force error:                                3.576e+00  -->   4.397e+00 (N)
Minimum absolute Force error:                                6.721e-05  -->   1.146e-06 (N)
Average absolute Force error:                                1.192e-01  -->   1.192e-01 (N)
Maximum absolute Force error:                                4.852e-05  -->   5.966e-05 (normalized)
Minimum absolute Force error:                                9.120e-10  -->   1.554e-11 (normalized)
Average absolute Force error:                                1.617e-06  -->   1.618e-06 (normalized)
Cross-section R error:                                       0.000e+00  -->   0.000e+00 (m)
Cross-section Z error:                                       0.000e+00  -->   0.000e+00 (m)
Fixed pressure profile error:                                0.000e+00  -->   0.000e+00 (Pa)
Fixed current profile error:                                 0.000e+00  -->   0.000e+00 (A)
Fixed Psi error:                                             0.000e+00  -->   0.000e+00 (Wb)
==============================================================================================================

