/home/ye2698/DESC/desc/integrals/_interp_utils.py:19: UserWarning: 
jax-finufft is not installed.
If you want to use NUFFTs, follow the DESC installation instructions.
Otherwise you must set the parameter nufft_eps to zero
when computing effective ripple, Gamma_c, and any other
computations that involve bounce integrals.

  warnings.warn(
DESC version=0.15.0+425.ga8f1b2dda.
Using JAX backend: jax version=0.6.2, jaxlib version=0.6.2, dtype=float64.
Using device: NVIDIA A100-PCIE-40GB (id=0), with 40.00 GB available memory.
Building objective: QS two-term
Precomputing transforms
Timer: Precomputing transforms = 344 ms
Building objective: aspect ratio
Precomputing transforms
Timer: Precomputing transforms = 40.0 ms
Building objective: volume
Precomputing transforms
Timer: Precomputing transforms = 39.8 ms
Timer: Objective build = 472 ms
Building objective: force
Precomputing transforms
Timer: Precomputing transforms = 535 ms
Timer: Objective build = 866 ms
Timer: Objective build = 2.41 ms
Timer: Eq Update LinearConstraintProjection build = 2.27 sec
Timer: Proximal projection build = 21.8 sec
Building objective: fixed cross-section R
Building objective: fixed cross-section Z
Building objective: fixed pressure
Building objective: fixed current
Building objective: fixed Psi
Timer: Objective build = 293 ms
Timer: LinearConstraintProjection build = 816 ms
Number of parameters: 45
Number of objectives: 461
Timer: Initializing the optimization = 23.0 sec

Starting optimization
Using method: proximal-lsq-exact
Solver options:
------------------------------------------------------------
Maximum Function Evaluations       : 1251
Maximum Allowed Total Δx Norm      : inf
Scaled Termination                 : True
Trust Region Method                : qr
Initial Trust Radius               : 9.000e+01
Maximum Trust Radius               : inf
Minimum Trust Radius               : 2.220e-16
Trust Radius Increase Ratio        : 2.000e+00
Trust Radius Decrease Ratio        : 2.500e-01
Trust Radius Increase Threshold    : 7.500e-01
Trust Radius Decrease Threshold    : 2.500e-01
------------------------------------------------------------ 

   Iteration     Total nfev        Cost      Cost reduction    Step norm     Optimality   
       0              1          2.801e+03                                    7.039e+01   
       1              2          8.090e+02      1.992e+03      4.615e-02      1.432e+01   
       2              3          1.945e+02      6.145e+02      3.699e-02      6.546e+00   
       3              4          7.205e+01      1.225e+02      2.319e-02      3.864e+00   
       4              6          1.648e+01      5.557e+01      3.245e-02      5.861e-01   
       5              7          9.912e+00      6.570e+00      1.123e-02      2.182e-01   
       6              9          8.766e+00      1.145e+00      3.407e-02      3.491e-01   
       7             11          6.636e+00      2.130e+00      5.392e-03      5.998e-02   
       8             13          6.251e+00      3.847e-01      1.675e-03      5.899e-02   
       9             15          6.136e+00      1.154e-01      1.541e-03      5.899e-02   
      10             16          6.012e+00      1.239e-01      5.331e-03      1.297e-01   
      11             17          5.842e+00      1.702e-01      5.815e-03      1.384e-01   
      12             18          5.665e+00      1.774e-01      5.362e-03      1.388e-01   
      13             19          5.498e+00      1.670e-01      5.018e-03      1.405e-01   
      14             20          5.340e+00      1.580e-01      4.718e-03      1.415e-01   
      15             21          5.179e+00      1.608e-01      4.492e-03      1.305e-01   
      16             22          5.029e+00      1.498e-01      4.147e-03      1.216e-01   
      17             23          4.899e+00      1.305e-01      3.952e-03      1.201e-01   
      18             24          4.782e+00      1.168e-01      3.690e-03      1.203e-01   
      19             25          4.679e+00      1.025e-01      3.318e-03      1.256e-01   
      20             26          4.563e+00      1.161e-01      3.349e-03      1.234e-01   
      21             27          4.439e+00      1.239e-01      3.168e-03      1.221e-01   
      22             28          4.293e+00      1.460e-01      3.446e-03      1.179e-01   
      23             29          4.085e+00      2.081e-01      5.024e-03      2.067e-01   
      24             31          3.934e+00      1.507e-01      3.222e-03      1.109e-01   
      25             33          3.902e+00      3.231e-02      1.373e-03      5.519e-02   
      26             34          3.879e+00      2.263e-02      7.604e-04      2.643e-02   
      27             35          3.860e+00      1.913e-02      4.168e-04      2.043e-02   
      28             36          3.844e+00      1.613e-02      2.807e-04      1.908e-02   
      29             37          3.831e+00      1.322e-02      2.505e-04      1.905e-02   
      30             64          3.831e+00      0.000e+00      0.000e+00      1.905e-02   
Warning: A bad approximation caused failure to predict improvement.
         Current function value: 3.831e+00
         Total delta_x: 6.017e-02
         Iterations: 30
         Function evaluations: 64
         Jacobian evaluations: 30
Timer: Solution time = 4.33 min
Timer: Avg time per step = 8.39 sec
==============================================================================================================
                                                                 Start  -->   End
Total (sum of squares):                                      2.818e+03  -->   3.831e+00, 
Maximum absolute Quasi-symmetry (1,4) two-term error:        4.504e+00  -->   3.612e-01 (T^3)
Minimum absolute Quasi-symmetry (1,4) two-term error:        6.693e-04  -->   3.453e-04 (T^3)
Average absolute Quasi-symmetry (1,4) two-term error:        1.221e+00  -->   4.846e-02 (T^3)
Aspect ratio:                                                7.980e+00  -->   6.903e+00 (dimensionless)
Plasma volume:                                               3.094e-01  -->   3.070e-01 (m^3)
Maximum absolute Force error:                                3.576e+00  -->   9.164e+00 (N)
Minimum absolute Force error:                                6.721e-05  -->   9.610e-06 (N)
Average absolute Force error:                                1.192e-01  -->   2.824e-01 (N)
Maximum absolute Force error:                                4.852e-05  -->   1.243e-04 (normalized)
Minimum absolute Force error:                                9.120e-10  -->   1.304e-10 (normalized)
Average absolute Force error:                                1.617e-06  -->   3.832e-06 (normalized)
Cross-section R error:                                       0.000e+00  -->   0.000e+00 (m)
Cross-section Z error:                                       0.000e+00  -->   0.000e+00 (m)
Fixed pressure profile error:                                0.000e+00  -->   0.000e+00 (Pa)
Fixed current profile error:                                 0.000e+00  -->   0.000e+00 (A)
Fixed Psi error:                                             0.000e+00  -->   0.000e+00 (Wb)
==============================================================================================================

