/home/ye2698/DESC/desc/integrals/_interp_utils.py:19: UserWarning: 
jax-finufft is not installed.
If you want to use NUFFTs, follow the DESC installation instructions.
Otherwise you must set the parameter nufft_eps to zero
when computing effective ripple, Gamma_c, and any other
computations that involve bounce integrals.

  warnings.warn(
DESC version=0.15.0+425.ga8f1b2dda.
Using JAX backend: jax version=0.6.2, jaxlib version=0.6.2, dtype=float64.
Using device: NVIDIA A100-PCIE-40GB (id=0), with 40.00 GB available memory.
Building objective: QS two-term
Precomputing transforms
Timer: Precomputing transforms = 340 ms
Building objective: aspect ratio
Precomputing transforms
Timer: Precomputing transforms = 40.3 ms
Building objective: volume
Precomputing transforms
Timer: Precomputing transforms = 39.4 ms
Timer: Objective build = 468 ms
Building objective: force
Precomputing transforms
Timer: Precomputing transforms = 717 ms
Timer: Objective build = 1.11 sec
Timer: Objective build = 2.34 ms
Timer: Eq Update LinearConstraintProjection build = 2.98 sec
Timer: Proximal projection build = 23.5 sec
Building objective: fixed cross-section R
Building objective: fixed cross-section Z
Building objective: fixed pressure
Building objective: fixed current
Building objective: fixed Psi
Timer: Objective build = 669 ms
Timer: LinearConstraintProjection build = 905 ms
Number of parameters: 45
Number of objectives: 461
Timer: Initializing the optimization = 25.1 sec

Starting optimization
Using method: proximal-lsq-exact
Solver options:
------------------------------------------------------------
Maximum Function Evaluations       : 1251
Maximum Allowed Total Δx Norm      : inf
Scaled Termination                 : True
Trust Region Method                : qr
Initial Trust Radius               : 8.986e+01
Maximum Trust Radius               : inf
Minimum Trust Radius               : 2.220e-16
Trust Radius Increase Ratio        : 2.000e+00
Trust Radius Decrease Ratio        : 2.500e-01
Trust Radius Increase Threshold    : 7.500e-01
Trust Radius Decrease Threshold    : 2.500e-01
------------------------------------------------------------ 

   Iteration     Total nfev        Cost      Cost reduction    Step norm     Optimality   
       0              1          2.800e+03                                    7.039e+01   
       1              2          5.480e+02      2.252e+03      1.066e-01      9.804e+00   
       2              3          1.681e+02      3.799e+02      1.413e-01      2.075e+00   
       3              4          4.097e+01      1.271e+02      8.176e-02      3.089e-01   
       4              6          1.761e+01      2.336e+01      2.084e-01      6.415e-02   
       5              8          1.238e+01      5.235e+00      2.366e-02      2.739e-02   
       6              9          9.251e+00      3.128e+00      3.718e-02      3.393e-02   
       7             10          8.706e+00      5.449e-01      5.806e-02      2.230e-02   
       8             11          7.653e+00      1.053e+00      1.843e-02      2.387e-02   
       9             12          6.203e+00      1.450e+00      5.461e-02      1.958e-02   
      10             13          5.695e+00      5.076e-01      5.925e-02      4.842e-02   
      11             14          5.556e+00      1.390e-01      5.531e-03      3.312e-02   
      12             15          4.885e+00      6.711e-01      2.007e-02      2.181e-02   
      13             16          3.920e+00      9.647e-01      1.911e-02      1.583e-02   
      14             17          3.417e+00      5.031e-01      3.472e-02      3.665e-02   
      15             18          3.171e+00      2.461e-01      2.192e-02      1.852e-02   
      16             20          3.109e+00      6.231e-02      1.464e-02      7.331e-02   
      17             21          2.788e+00      3.204e-01      1.100e-03      2.125e-02   
      18             22          2.587e+00      2.014e-01      2.375e-03      7.309e-03   
      19             23          2.499e+00      8.816e-02      3.461e-03      2.586e-02   
      20             25          2.353e+00      1.461e-01      7.302e-03      7.357e-03   
      21             26          2.241e+00      1.120e-01      1.103e-02      1.617e-02   
      22             27          2.232e+00      8.604e-03      5.064e-03      1.917e-02   
      23             28          2.191e+00      4.081e-02      8.089e-03      7.001e-03   
      24             29          2.177e+00      1.393e-02      2.750e-03      3.990e-03   
      25             30          2.162e+00      1.514e-02      2.195e-03      3.763e-03   
      26             31          2.146e+00      1.603e-02      1.251e-03      3.911e-03   
      27             32          2.130e+00      1.655e-02      6.160e-04      4.287e-03   
      28             33          2.112e+00      1.744e-02      3.270e-04      4.506e-03   
      29             34          2.094e+00      1.810e-02      7.371e-04      4.780e-03   
      30             35          2.075e+00      1.958e-02      1.154e-03      4.808e-03   
      31             36          2.034e+00      4.035e-02      3.605e-03      5.638e-03   
      32             37          1.957e+00      7.721e-02      7.846e-03      1.060e-02   
      33             38          1.901e+00      5.587e-02      8.889e-03      2.360e-02   
      34             40          1.874e+00      2.756e-02      1.607e-03      4.389e-03   
      35             41          1.844e+00      2.984e-02      2.655e-03      2.765e-03   
      36             42          1.812e+00      3.178e-02      2.445e-03      3.010e-03   
      37             43          1.758e+00      5.439e-02      1.481e-03      5.896e-03   
      38             44          1.680e+00      7.756e-02      2.657e-03      1.549e-02   
      39             46          1.637e+00      4.283e-02      1.528e-03      2.485e-03   
      40             47          1.588e+00      4.950e-02      2.611e-03      1.756e-02   
      41             48          1.512e+00      7.539e-02      7.195e-03      1.764e-02   
      42             50          1.466e+00      4.638e-02      8.842e-03      1.164e-02   
      43             52          1.449e+00      1.679e-02      2.163e-03      1.251e-02   
      44             53          1.426e+00      2.280e-02      7.646e-03      3.273e-02   
      45             54          1.421e+00      5.731e-03      5.243e-03      4.664e-02   
      46             55          1.389e+00      3.151e-02      8.079e-04      1.196e-02   
      47             56          1.375e+00      1.421e-02      7.515e-04      1.158e-02   
      48             57          1.369e+00      6.114e-03      2.403e-03      2.295e-02   
      49             58          1.357e+00      1.152e-02      2.755e-03      1.996e-02   
      50             59          1.348e+00      9.045e-03      1.910e-03      2.183e-02   
      51             60          1.336e+00      1.262e-02      1.826e-03      1.804e-02   
      52             61          1.324e+00      1.122e-02      1.555e-03      1.889e-02   
      53             62          1.312e+00      1.259e-02      1.581e-03      1.750e-02   
      54             63          1.300e+00      1.161e-02      1.591e-03      1.935e-02   
      55             64          1.288e+00      1.211e-02      1.687e-03      1.990e-02   
      56             65          1.276e+00      1.181e-02      1.761e-03      2.165e-02   
      57             66          1.265e+00      1.160e-02      1.853e-03      2.318e-02   
      58             67          1.251e+00      1.346e-02      1.932e-03      2.202e-02   
      59             68          1.237e+00      1.406e-02      2.008e-03      2.010e-02   
      60             69          1.224e+00      1.294e-02      4.603e-03      4.950e-02   
      61             70          1.189e+00      3.534e-02      4.547e-03      2.311e-02   
      62             71          1.188e+00      5.654e-04      8.163e-03      5.799e-02   
      63             72          1.163e+00      2.490e-02      1.232e-03      4.384e-02   
      64             73          1.153e+00      1.068e-02      1.118e-03      2.546e-02   
      65             74          1.143e+00      9.847e-03      1.756e-03      7.832e-03   
      66             75          1.136e+00      6.806e-03      1.329e-03      1.607e-02   
      67             77          1.130e+00      5.718e-03      4.267e-04      7.817e-03   
      68             78          1.127e+00      3.619e-03      2.922e-04      1.001e-02   
      69             79          1.123e+00      4.141e-03      4.336e-04      8.639e-03   
      70             80          1.119e+00      3.768e-03      9.188e-04      7.993e-03   
      71             81          1.116e+00      3.162e-03      1.308e-03      7.207e-03   
      72             83          1.115e+00      3.146e-04      4.336e-04      2.299e-03   
      73             109         1.115e+00      0.000e+00      0.000e+00      2.299e-03   
Warning: A bad approximation caused failure to predict improvement.
         Current function value: 1.115e+00
         Total delta_x: 2.804e-01
         Iterations: 73
         Function evaluations: 109
         Jacobian evaluations: 73
Timer: Solution time = 6.96 min
Timer: Avg time per step = 5.64 sec
==============================================================================================================
                                                                 Start  -->   End
Total (sum of squares):                                      2.817e+03  -->   1.115e+00, 
Maximum absolute Quasi-symmetry (1,4) two-term error:        4.504e+00  -->   1.337e-01 (T^3)
Minimum absolute Quasi-symmetry (1,4) two-term error:        6.693e-04  -->   1.806e-05 (T^3)
Average absolute Quasi-symmetry (1,4) two-term error:        1.221e+00  -->   2.057e-02 (T^3)
Aspect ratio:                                                7.980e+00  -->   7.949e+00 (dimensionless)
Plasma volume:                                               3.094e-01  -->   5.028e-01 (m^3)
Maximum absolute Force error:                                3.576e+00  -->   3.351e+01 (N)
Minimum absolute Force error:                                6.721e-05  -->   7.126e-05 (N)
Average absolute Force error:                                1.192e-01  -->   3.530e-01 (N)
Maximum absolute Force error:                                4.852e-05  -->   4.547e-04 (normalized)
Minimum absolute Force error:                                9.120e-10  -->   9.670e-10 (normalized)
Average absolute Force error:                                1.617e-06  -->   4.789e-06 (normalized)
Cross-section R error:                                       0.000e+00  -->   0.000e+00 (m)
Cross-section Z error:                                       0.000e+00  -->   0.000e+00 (m)
Fixed pressure profile error:                                0.000e+00  -->   0.000e+00 (Pa)
Fixed current profile error:                                 0.000e+00  -->   0.000e+00 (A)
Fixed Psi error:                                             0.000e+00  -->   0.000e+00 (Wb)
==============================================================================================================

