/home/ye2698/DESC/desc/integrals/_interp_utils.py:19: UserWarning: 
jax-finufft is not installed.
If you want to use NUFFTs, follow the DESC installation instructions.
Otherwise you must set the parameter nufft_eps to zero
when computing effective ripple, Gamma_c, and any other
computations that involve bounce integrals.

  warnings.warn(
DESC version=0.15.0+425.ga8f1b2dda.
Using JAX backend: jax version=0.6.2, jaxlib version=0.6.2, dtype=float64.
Using device: NVIDIA A100 80GB PCIe (id=0), with 80.00 GB available memory.
Building objective: QS two-term
Precomputing transforms
Timer: Precomputing transforms = 314 ms
Building objective: aspect ratio
Precomputing transforms
Timer: Precomputing transforms = 38.9 ms
Building objective: volume
Precomputing transforms
Timer: Precomputing transforms = 38.7 ms
Timer: Objective build = 435 ms
Building objective: force
Precomputing transforms
Timer: Precomputing transforms = 465 ms
Timer: Objective build = 764 ms
Timer: Objective build = 2.12 ms
Timer: Eq Update LinearConstraintProjection build = 2.02 sec
Timer: Proximal projection build = 19.7 sec
Building objective: fixed cross-section R
Building objective: fixed cross-section Z
Building objective: fixed pressure
Building objective: fixed current
Building objective: fixed Psi
Timer: Objective build = 257 ms
Timer: LinearConstraintProjection build = 694 ms
Number of parameters: 45
Number of objectives: 461
Timer: Initializing the optimization = 20.7 sec

Starting optimization
Using method: proximal-lsq-exact
Solver options:
------------------------------------------------------------
Maximum Function Evaluations       : 1251
Maximum Allowed Total Δx Norm      : inf
Scaled Termination                 : True
Trust Region Method                : qr
Initial Trust Radius               : 8.985e+02
Maximum Trust Radius               : inf
Minimum Trust Radius               : 2.220e-16
Trust Radius Increase Ratio        : 2.000e+00
Trust Radius Decrease Ratio        : 2.500e-01
Trust Radius Increase Threshold    : 7.500e-01
Trust Radius Decrease Threshold    : 2.500e-01
------------------------------------------------------------ 

   Iteration     Total nfev        Cost      Cost reduction    Step norm     Optimality   
       0              1          2.800e+05                                    7.039e+02   
       1              2          4.364e+04      2.364e+05      5.959e-02      1.057e+02   
       2              3          2.218e+04      2.146e+04      2.546e-02      4.053e+01   
       3              4          7.595e+03      1.458e+04      7.167e-02      1.056e+01   
       4              5          1.634e+03      5.961e+03      1.578e-01      3.152e+00   
       5              7          6.416e+02      9.925e+02      4.651e-02      6.960e-01   
       6              8          4.968e+02      1.449e+02      5.314e-02      1.142e+00   
       7              9          3.233e+02      1.735e+02      3.297e-02      5.076e-01   
       8             10          2.993e+02      2.392e+01      5.350e-02      9.231e-01   
       9             11          1.927e+02      1.067e+02      2.610e-02      2.963e-01   
      10             12          1.182e+02      7.446e+01      4.248e-02      4.005e-01   
      11             13          8.022e+01      3.800e+01      1.061e-01      1.693e-01   
      12             14          5.975e+01      2.047e+01      9.054e-02      1.721e-01   
      13             15          3.407e+01      2.569e+01      8.793e-02      7.216e-02   
      14             16          2.870e+01      5.362e+00      9.588e-02      3.911e-02   
      15             17          2.686e+01      1.845e+00      7.607e-02      3.233e-02   
      16             20          2.647e+01      3.925e-01      1.681e-02      1.342e-02   
      17             21          2.616e+01      3.104e-01      4.071e-03      8.351e-04   
      18             22          2.597e+01      1.879e-01      1.197e-02      5.229e-03   
      19             24          2.582e+01      1.530e-01      3.670e-03      1.107e-03   
      20             25          2.558e+01      2.307e-01      9.397e-03      4.706e-03   
      21             27          2.554e+01      4.697e-02      7.341e-03      8.641e-03   
      22             28          2.531e+01      2.233e-01      5.959e-03      3.266e-03   
      23             29          2.518e+01      1.301e-01      9.822e-03      7.855e-03   
      24             30          2.492e+01      2.667e-01      7.273e-03      7.675e-03   
      25             35          2.491e+01      7.440e-03      7.611e-04      2.795e-03   
Optimization terminated successfully.
`ftol` condition satisfied. (ftol=1.00e-03)
         Current function value: 2.491e+01
         Total delta_x: 6.806e-01
         Iterations: 25
         Function evaluations: 35
         Jacobian evaluations: 26
Timer: Solution time = 6.09 min
Timer: Avg time per step = 14.0 sec
==============================================================================================================
                                                                 Start  -->   End
Total (sum of squares):                                      2.817e+05  -->   2.491e+01, 
Maximum absolute Quasi-symmetry (1,4) two-term error:        4.504e+00  -->   4.032e-02 (T^3)
Minimum absolute Quasi-symmetry (1,4) two-term error:        6.693e-04  -->   2.773e-06 (T^3)
Average absolute Quasi-symmetry (1,4) two-term error:        1.221e+00  -->   5.952e-03 (T^3)
Aspect ratio:                                                7.980e+00  -->   1.671e+00 (dimensionless)
Plasma volume:                                               3.094e-01  -->   3.073e-01 (m^3)
Maximum absolute Force error:                                3.576e+00  -->   2.854e+01 (N)
Minimum absolute Force error:                                6.721e-05  -->   1.871e-05 (N)
Average absolute Force error:                                1.192e-01  -->   5.416e-01 (N)
Maximum absolute Force error:                                4.852e-05  -->   3.872e-04 (normalized)
Minimum absolute Force error:                                9.120e-10  -->   2.539e-10 (normalized)
Average absolute Force error:                                1.617e-06  -->   7.349e-06 (normalized)
Cross-section R error:                                       0.000e+00  -->   0.000e+00 (m)
Cross-section Z error:                                       0.000e+00  -->   0.000e+00 (m)
Fixed pressure profile error:                                0.000e+00  -->   0.000e+00 (Pa)
Fixed current profile error:                                 0.000e+00  -->   0.000e+00 (A)
Fixed Psi error:                                             0.000e+00  -->   0.000e+00 (Wb)
==============================================================================================================

