/home/ye2698/DESC/desc/integrals/_interp_utils.py:19: UserWarning: 
jax-finufft is not installed.
If you want to use NUFFTs, follow the DESC installation instructions.
Otherwise you must set the parameter nufft_eps to zero
when computing effective ripple, Gamma_c, and any other
computations that involve bounce integrals.

  warnings.warn(
DESC version=0.15.0+425.ga8f1b2dda.
Using JAX backend: jax version=0.6.2, jaxlib version=0.6.2, dtype=float64.
Using device: NVIDIA A100-PCIE-40GB (id=0), with 40.00 GB available memory.
Building objective: QS two-term
Precomputing transforms
Timer: Precomputing transforms = 339 ms
Building objective: aspect ratio
Precomputing transforms
Timer: Precomputing transforms = 40.6 ms
Building objective: volume
Precomputing transforms
Timer: Precomputing transforms = 39.5 ms
Timer: Objective build = 467 ms
Building objective: force
Precomputing transforms
Timer: Precomputing transforms = 669 ms
Timer: Objective build = 1.09 sec
Timer: Objective build = 2.35 ms
Timer: Eq Update LinearConstraintProjection build = 2.35 sec
Timer: Proximal projection build = 23.5 sec
Building objective: fixed cross-section R
Building objective: fixed cross-section Z
Building objective: fixed pressure
Building objective: fixed current
Building objective: fixed Psi
Timer: Objective build = 672 ms
Timer: LinearConstraintProjection build = 919 ms
Number of parameters: 45
Number of objectives: 461
Timer: Initializing the optimization = 25.1 sec

Starting optimization
Using method: proximal-lsq-exact
Solver options:
------------------------------------------------------------
Maximum Function Evaluations       : 1251
Maximum Allowed Total Δx Norm      : inf
Scaled Termination                 : True
Trust Region Method                : qr
Initial Trust Radius               : 9.016e+02
Maximum Trust Radius               : inf
Minimum Trust Radius               : 2.220e-16
Trust Radius Increase Ratio        : 2.000e+00
Trust Radius Decrease Ratio        : 2.500e-01
Trust Radius Increase Threshold    : 7.500e-01
Trust Radius Decrease Threshold    : 2.500e-01
------------------------------------------------------------ 

   Iteration     Total nfev        Cost      Cost reduction    Step norm     Optimality   
       0              1          2.800e+05                                    7.031e+02   
       1              2          6.058e+04      2.195e+05      1.247e-01      1.513e+02   
       2              3          1.042e+04      5.016e+04      1.635e-01      1.347e+01   
       3              5          3.728e+03      6.689e+03      1.815e-01      1.144e+01   
       4              6          9.264e+02      2.801e+03      1.487e-01      6.330e+00   
       5              8          2.134e+02      7.130e+02      9.191e-03      2.106e+00   
       6              9          1.803e+02      3.312e+01      2.705e-02      3.549e+00   
       7             10          5.834e+01      1.220e+02      2.383e-03      2.375e-01   
       8             12          5.539e+01      2.951e+00      2.020e-03      8.179e-02   
       9             13          5.255e+01      2.833e+00      3.763e-03      1.347e-02   
      10             15          5.165e+01      9.059e-01      1.206e-03      7.155e-02   
      11             16          5.041e+01      1.236e+00      1.310e-03      9.038e-02   
      12             17          4.834e+01      2.068e+00      2.618e-03      1.161e-01   
      13             19          4.732e+01      1.026e+00      1.467e-03      8.421e-02   
      14             21          4.683e+01      4.872e-01      1.040e-03      1.428e-01   
      15             22          4.654e+01      2.863e-01      3.224e-03      3.349e-01   
      16             23          4.504e+01      1.501e+00      2.829e-03      1.958e-01   
      17             24          4.450e+01      5.484e-01      5.286e-03      2.278e-01   
      18             25          4.240e+01      2.095e+00      3.709e-03      1.534e-01   
      19             27          4.132e+01      1.079e+00      4.048e-03      1.645e-01   
      20             28          4.040e+01      9.169e-01      3.698e-03      1.348e-01   
      21             30          3.975e+01      6.586e-01      2.060e-03      1.131e-01   
      22             31          3.928e+01      4.613e-01      3.134e-03      8.044e-02   
      23             32          3.876e+01      5.241e-01      3.029e-03      1.802e-01   
      24             34          3.836e+01      4.051e-01      1.350e-03      9.338e-03   
      25             35          3.821e+01      1.440e-01      1.446e-03      1.250e-01   
      26             36          3.783e+01      3.778e-01      1.062e-03      6.228e-02   
      27             38          3.763e+01      2.040e-01      8.207e-04      1.354e-02   
      28             39          3.747e+01      1.624e-01      2.787e-03      1.684e-01   
      29             41          3.721e+01      2.570e-01      1.337e-03      2.285e-03   
      30             42          3.711e+01      1.014e-01      1.761e-03      1.058e-01   
      31             43          3.692e+01      1.934e-01      1.838e-03      7.634e-02   
      32             45          3.681e+01      1.084e-01      8.143e-04      3.014e-02   
      33             46          3.674e+01      7.071e-02      1.448e-03      1.114e-01   
      34             47          3.659e+01      1.454e-01      1.077e-03      9.940e-02   
      35             48          3.649e+01      9.832e-02      7.208e-04      1.169e-01   
      36             49          3.639e+01      1.067e-01      4.820e-04      1.244e-01   
      37             50          3.627e+01      1.126e-01      5.042e-04      1.271e-01   
      38             51          3.615e+01      1.259e-01      5.638e-04      1.217e-01   
      39             52          3.603e+01      1.148e-01      4.485e-04      1.228e-01   
      40             53          3.590e+01      1.298e-01      3.826e-04      1.221e-01   
      41             54          3.574e+01      1.634e-01      5.100e-04      1.093e-01   
      42             55          3.557e+01      1.651e-01      9.019e-04      1.023e-01   
      43             56          3.541e+01      1.640e-01      1.413e-03      1.020e-01   
      44             57          3.524e+01      1.722e-01      1.792e-03      9.775e-02   
      45             58          3.514e+01      9.697e-02      1.832e-03      8.219e-02   
      46             60          3.503e+01      1.098e-01      4.286e-04      2.950e-02   
      47             62          3.502e+01      1.597e-02      1.653e-04      2.144e-02   
Optimization terminated successfully.
`ftol` condition satisfied. (ftol=1.00e-03)
         Current function value: 3.502e+01
         Total delta_x: 6.131e-01
         Iterations: 47
         Function evaluations: 62
         Jacobian evaluations: 48
Timer: Solution time = 4.23 min
Timer: Avg time per step = 5.29 sec
==============================================================================================================
                                                                 Start  -->   End
Total (sum of squares):                                      2.817e+05  -->   3.502e+01, 
Maximum absolute Quasi-symmetry (1,4) two-term error:        4.504e+00  -->   5.830e-02 (T^3)
Minimum absolute Quasi-symmetry (1,4) two-term error:        6.693e-04  -->   1.154e-04 (T^3)
Average absolute Quasi-symmetry (1,4) two-term error:        1.221e+00  -->   1.025e-02 (T^3)
Aspect ratio:                                                7.980e+00  -->   8.001e+00 (dimensionless)
Plasma volume:                                               3.094e-01  -->   9.342e-01 (m^3)
Maximum absolute Force error:                                3.576e+00  -->   3.468e+00 (N)
Minimum absolute Force error:                                6.721e-05  -->   1.114e-05 (N)
Average absolute Force error:                                1.192e-01  -->   7.216e-02 (N)
Maximum absolute Force error:                                4.852e-05  -->   4.706e-05 (normalized)
Minimum absolute Force error:                                9.120e-10  -->   1.511e-10 (normalized)
Average absolute Force error:                                1.617e-06  -->   9.791e-07 (normalized)
Cross-section R error:                                       0.000e+00  -->   0.000e+00 (m)
Cross-section Z error:                                       0.000e+00  -->   0.000e+00 (m)
Fixed pressure profile error:                                0.000e+00  -->   0.000e+00 (Pa)
Fixed current profile error:                                 0.000e+00  -->   0.000e+00 (A)
Fixed Psi error:                                             0.000e+00  -->   0.000e+00 (Wb)
==============================================================================================================

