/home/ye2698/DESC/desc/integrals/_interp_utils.py:19: UserWarning: 
jax-finufft is not installed.
If you want to use NUFFTs, follow the DESC installation instructions.
Otherwise you must set the parameter nufft_eps to zero
when computing effective ripple, Gamma_c, and any other
computations that involve bounce integrals.

  warnings.warn(
DESC version=0.15.0+425.ga8f1b2dda.
Using JAX backend: jax version=0.6.2, jaxlib version=0.6.2, dtype=float64.
Using device: NVIDIA A100 80GB PCIe (id=0), with 80.00 GB available memory.
Building objective: QS two-term
Precomputing transforms
Timer: Precomputing transforms = 490 ms
Building objective: aspect ratio
Precomputing transforms
Timer: Precomputing transforms = 39.1 ms
Building objective: volume
Precomputing transforms
Timer: Precomputing transforms = 38.4 ms
Timer: Objective build = 763 ms
Building objective: force
Precomputing transforms
Timer: Precomputing transforms = 692 ms
Timer: Objective build = 1.96 sec
Timer: Objective build = 2.09 ms
Timer: Eq Update LinearConstraintProjection build = 5.03 sec
Timer: Proximal projection build = 31.1 sec
Building objective: fixed cross-section R
Building objective: fixed cross-section Z
Building objective: fixed pressure
Building objective: fixed current
Building objective: fixed Psi
Timer: Objective build = 356 ms
Timer: LinearConstraintProjection build = 1.47 sec
Number of parameters: 45
Number of objectives: 461
Timer: Initializing the optimization = 33.0 sec

Starting optimization
Using method: proximal-lsq-exact
Solver options:
------------------------------------------------------------
Maximum Function Evaluations       : 1251
Maximum Allowed Total Δx Norm      : inf
Scaled Termination                 : True
Trust Region Method                : qr
Initial Trust Radius               : 9.736e+01
Maximum Trust Radius               : inf
Minimum Trust Radius               : 2.220e-16
Trust Radius Increase Ratio        : 2.000e+00
Trust Radius Decrease Ratio        : 2.500e-01
Trust Radius Increase Threshold    : 7.500e-01
Trust Radius Decrease Threshold    : 2.500e-01
------------------------------------------------------------ 

   Iteration     Total nfev        Cost      Cost reduction    Step norm     Optimality   
       0              1          2.801e+03                                    6.831e+01   
       1              2          1.013e+03      1.788e+03      6.826e-02      3.419e+01   
       2              4          2.457e+02      7.674e+02      4.125e-03      1.453e+01   
       3              6          8.208e+01      1.636e+02      8.535e-03      6.096e+00   
       4              8          5.936e+01      2.272e+01      1.770e-03      2.671e+00   
       5              9          4.904e+01      1.031e+01      6.927e-04      9.458e-01   
       6             10          4.211e+01      6.929e+00      2.917e-03      7.129e-01   
       7             11          3.781e+01      4.300e+00      4.665e-03      1.621e+00   
       8             12          3.140e+01      6.410e+00      4.467e-03      3.281e+00   
       9             14          2.368e+01      7.727e+00      8.987e-04      9.973e-01   
      10             16          2.257e+01      1.111e+00      4.794e-04      6.910e-01   
      11             17          2.146e+01      1.102e+00      6.445e-04      1.968e-01   
      12             18          2.020e+01      1.261e+00      1.350e-03      4.657e-01   
      13             19          1.852e+01      1.682e+00      2.926e-03      9.058e-01   
      14             20          1.654e+01      1.979e+00      2.772e-03      1.179e+00   
      15             22          1.506e+01      1.482e+00      5.536e-04      1.735e-01   
      16             23          1.438e+01      6.808e-01      1.198e-03      6.460e-01   
      17             24          1.337e+01      1.011e+00      1.245e-03      4.889e-01   
      18             25          1.248e+01      8.858e-01      2.305e-03      1.286e+00   
      19             26          1.081e+01      1.671e+00      2.483e-03      1.303e+00   
      20             28          9.266e+00      1.546e+00      1.350e-03      7.391e-01   
      21             30          8.604e+00      6.610e-01      8.125e-04      2.294e-01   
      22             31          8.403e+00      2.013e-01      1.288e-03      8.610e-01   
      23             32          7.629e+00      7.742e-01      1.494e-03      3.588e-01   
      24             34          7.402e+00      2.271e-01      6.531e-04      3.740e-01   
      25             35          7.320e+00      8.228e-02      8.779e-04      7.280e-01   
      26             36          6.955e+00      3.648e-01      2.234e-04      6.901e-02   
      27             37          6.857e+00      9.815e-02      3.615e-04      2.401e-01   
      28             38          6.713e+00      1.440e-01      1.722e-04      1.570e-01   
      29             39          6.640e+00      7.219e-02      1.380e-04      2.092e-01   
      30             42          6.633e+00      7.384e-03      4.752e-05      7.825e-02   
      31             67          6.633e+00      0.000e+00      0.000e+00      7.825e-02   
Warning: A bad approximation caused failure to predict improvement.
         Current function value: 6.633e+00
         Total delta_x: 8.221e-02
         Iterations: 31
         Function evaluations: 67
         Jacobian evaluations: 31
Timer: Solution time = 4.29 min
Timer: Avg time per step = 8.04 sec
==============================================================================================================
                                                                 Start  -->   End
Total (sum of squares):                                      2.818e+03  -->   6.633e+00, 
Maximum absolute Quasi-symmetry (1,4) two-term error:        4.504e+00  -->   4.535e-01 (T^3)
Minimum absolute Quasi-symmetry (1,4) two-term error:        6.693e-04  -->   1.819e-04 (T^3)
Average absolute Quasi-symmetry (1,4) two-term error:        1.221e+00  -->   6.612e-02 (T^3)
Aspect ratio:                                                7.980e+00  -->   7.997e+00 (dimensionless)
Plasma volume:                                               3.094e-01  -->   3.109e-01 (m^3)
Maximum absolute Force error:                                3.576e+00  -->   8.705e+00 (N)
Minimum absolute Force error:                                6.721e-05  -->   7.946e-05 (N)
Average absolute Force error:                                1.192e-01  -->   1.555e-01 (N)
Maximum absolute Force error:                                4.852e-05  -->   1.181e-04 (normalized)
Minimum absolute Force error:                                9.120e-10  -->   1.078e-09 (normalized)
Average absolute Force error:                                1.617e-06  -->   2.110e-06 (normalized)
Cross-section R error:                                       0.000e+00  -->   0.000e+00 (m)
Cross-section Z error:                                       0.000e+00  -->   0.000e+00 (m)
Fixed pressure profile error:                                0.000e+00  -->   0.000e+00 (Pa)
Fixed current profile error:                                 0.000e+00  -->   0.000e+00 (A)
Fixed Psi error:                                             0.000e+00  -->   0.000e+00 (Wb)
==============================================================================================================

