/home/ye2698/DESC/desc/integrals/_interp_utils.py:19: UserWarning: 
jax-finufft is not installed.
If you want to use NUFFTs, follow the DESC installation instructions.
Otherwise you must set the parameter nufft_eps to zero
when computing effective ripple, Gamma_c, and any other
computations that involve bounce integrals.

  warnings.warn(
DESC version=0.15.0+425.ga8f1b2dda.
Using JAX backend: jax version=0.6.2, jaxlib version=0.6.2, dtype=float64.
Using device: NVIDIA A100 80GB PCIe (id=0), with 80.00 GB available memory.
Building objective: QS two-term
Precomputing transforms
Timer: Precomputing transforms = 317 ms
Building objective: aspect ratio
Precomputing transforms
Timer: Precomputing transforms = 39.0 ms
Building objective: volume
Precomputing transforms
Timer: Precomputing transforms = 38.8 ms
Timer: Objective build = 438 ms
Building objective: force
Precomputing transforms
Timer: Precomputing transforms = 466 ms
Timer: Objective build = 777 ms
Timer: Objective build = 2.11 ms
Timer: Eq Update LinearConstraintProjection build = 2.05 sec
Timer: Proximal projection build = 20.0 sec
Building objective: fixed cross-section R
Building objective: fixed cross-section Z
Building objective: fixed pressure
Building objective: fixed current
Building objective: fixed Psi
Timer: Objective build = 264 ms
Timer: LinearConstraintProjection build = 712 ms
Number of parameters: 45
Number of objectives: 461
Timer: Initializing the optimization = 21.0 sec

Starting optimization
Using method: proximal-lsq-exact
Solver options:
------------------------------------------------------------
Maximum Function Evaluations       : 1251
Maximum Allowed Total Δx Norm      : inf
Scaled Termination                 : True
Trust Region Method                : qr
Initial Trust Radius               : 8.986e+02
Maximum Trust Radius               : inf
Minimum Trust Radius               : 2.220e-16
Trust Radius Increase Ratio        : 2.000e+00
Trust Radius Decrease Ratio        : 2.500e-01
Trust Radius Increase Threshold    : 7.500e-01
Trust Radius Decrease Threshold    : 2.500e-01
------------------------------------------------------------ 

   Iteration     Total nfev        Cost      Cost reduction    Step norm     Optimality   
       0              1          2.800e+05                                    7.039e+02   
       1              2          5.244e+04      2.276e+05      1.102e-01      1.108e+02   
       2              3          4.742e+03      4.770e+04      1.978e-01      6.119e+00   
       3              4          1.679e+03      3.063e+03      2.702e-01      1.657e+00   
       4              6          6.554e+02      1.023e+03      2.065e-01      5.159e-01   
       5              9          6.057e+02      4.973e+01      5.562e-02      3.502e-01   
       6             10          5.453e+02      6.043e+01      1.051e-01      2.411e-01   
       7             11          5.351e+02      1.020e+01      2.092e-01      1.289e-01   
       8             12          5.331e+02      1.914e+00      4.832e-02      1.053e-01   
       9             13          5.293e+02      3.815e+00      1.140e-02      1.004e-01   
      10             43          5.293e+02      0.000e+00      0.000e+00      1.004e-01   
Warning: A bad approximation caused failure to predict improvement.
         Current function value: 5.293e+02
         Total delta_x: 1.212e+00
         Iterations: 10
         Function evaluations: 43
         Jacobian evaluations: 10
Timer: Solution time = 2.16 min
Timer: Avg time per step = 11.8 sec
==============================================================================================================
                                                                 Start  -->   End
Total (sum of squares):                                      2.817e+05  -->   5.293e+02, 
Maximum absolute Quasi-symmetry (1,4) two-term error:        4.504e+00  -->   5.334e-01 (T^3)
Minimum absolute Quasi-symmetry (1,4) two-term error:        6.693e-04  -->   5.584e-05 (T^3)
Average absolute Quasi-symmetry (1,4) two-term error:        1.221e+00  -->   1.584e-02 (T^3)
Aspect ratio:                                                7.980e+00  -->   5.796e+00 (dimensionless)
Plasma volume:                                               3.094e-01  -->   4.150e+00 (m^3)
Maximum absolute Force error:                                3.576e+00  -->   5.112e+03 (N)
Minimum absolute Force error:                                6.721e-05  -->   2.189e-02 (N)
Average absolute Force error:                                1.192e-01  -->   1.567e+02 (N)
Maximum absolute Force error:                                4.852e-05  -->   6.936e-02 (normalized)
Minimum absolute Force error:                                9.120e-10  -->   2.971e-07 (normalized)
Average absolute Force error:                                1.617e-06  -->   2.126e-03 (normalized)
Cross-section R error:                                       0.000e+00  -->   0.000e+00 (m)
Cross-section Z error:                                       0.000e+00  -->   0.000e+00 (m)
Fixed pressure profile error:                                0.000e+00  -->   0.000e+00 (Pa)
Fixed current profile error:                                 0.000e+00  -->   0.000e+00 (A)
Fixed Psi error:                                             0.000e+00  -->   0.000e+00 (Wb)
==============================================================================================================

