/home/ye2698/DESC/desc/integrals/_interp_utils.py:19: UserWarning: 
jax-finufft is not installed.
If you want to use NUFFTs, follow the DESC installation instructions.
Otherwise you must set the parameter nufft_eps to zero
when computing effective ripple, Gamma_c, and any other
computations that involve bounce integrals.

  warnings.warn(
DESC version=0.15.0+425.ga8f1b2dda.
Using JAX backend: jax version=0.6.2, jaxlib version=0.6.2, dtype=float64.
Using device: NVIDIA A100 80GB PCIe (id=0), with 80.00 GB available memory.
Building objective: QS two-term
Precomputing transforms
Timer: Precomputing transforms = 328 ms
Building objective: aspect ratio
Precomputing transforms
Timer: Precomputing transforms = 39.5 ms
Building objective: volume
Precomputing transforms
Timer: Precomputing transforms = 38.7 ms
Timer: Objective build = 453 ms
Building objective: force
Precomputing transforms
Timer: Precomputing transforms = 481 ms
Timer: Objective build = 793 ms
Timer: Objective build = 2.12 ms
Timer: Eq Update LinearConstraintProjection build = 2.09 sec
Timer: Proximal projection build = 20.2 sec
Building objective: fixed cross-section R
Building objective: fixed cross-section Z
Building objective: fixed pressure
Building objective: fixed current
Building objective: fixed Psi
Timer: Objective build = 265 ms
Timer: LinearConstraintProjection build = 707 ms
Number of parameters: 45
Number of objectives: 461
Timer: Initializing the optimization = 21.2 sec

Starting optimization
Using method: proximal-lsq-exact
Solver options:
------------------------------------------------------------
Maximum Function Evaluations       : 1251
Maximum Allowed Total Δx Norm      : inf
Scaled Termination                 : True
Trust Region Method                : qr
Initial Trust Radius               : 8.986e+02
Maximum Trust Radius               : inf
Minimum Trust Radius               : 2.220e-16
Trust Radius Increase Ratio        : 2.000e+00
Trust Radius Decrease Ratio        : 2.500e-01
Trust Radius Increase Threshold    : 7.500e-01
Trust Radius Decrease Threshold    : 2.500e-01
------------------------------------------------------------ 

   Iteration     Total nfev        Cost      Cost reduction    Step norm     Optimality   
       0              1          2.800e+05                                    7.039e+02   
       1              2          5.279e+04      2.272e+05      1.101e-01      9.516e+01   
       2              3          7.365e+03      4.542e+04      1.900e-01      1.121e+01   
       3              4          4.326e+03      3.039e+03      2.621e-01      6.385e+00   
       4              5          1.572e+03      2.754e+03      4.603e-02      5.575e-01   
       5              9          1.472e+03      1.004e+02      5.811e-02      5.269e-01   
       6             10          1.329e+03      1.427e+02      1.113e-01      2.565e-01   
       7             11          1.311e+03      1.808e+01      1.407e-01      4.067e-01   
       8             12          1.288e+03      2.285e+01      2.008e-02      2.617e-01   
       9             14          1.286e+03      1.933e+00      2.596e-02      1.655e-01   
      10             44          1.286e+03      0.000e+00      0.000e+00      1.655e-01   
Warning: A bad approximation caused failure to predict improvement.
         Current function value: 1.286e+03
         Total delta_x: 3.302e-01
         Iterations: 10
         Function evaluations: 44
         Jacobian evaluations: 10
Timer: Solution time = 2.28 min
Timer: Avg time per step = 12.4 sec
==============================================================================================================
                                                                 Start  -->   End
Total (sum of squares):                                      2.817e+05  -->   1.286e+03, 
Maximum absolute Quasi-symmetry (1,4) two-term error:        4.504e+00  -->   9.485e-01 (T^3)
Minimum absolute Quasi-symmetry (1,4) two-term error:        6.693e-04  -->   4.629e-05 (T^3)
Average absolute Quasi-symmetry (1,4) two-term error:        1.221e+00  -->   2.124e-02 (T^3)
Aspect ratio:                                                7.980e+00  -->   3.775e+00 (dimensionless)
Plasma volume:                                               3.094e-01  -->   2.564e+00 (m^3)
Maximum absolute Force error:                                3.576e+00  -->   8.868e+02 (N)
Minimum absolute Force error:                                6.721e-05  -->   6.399e-03 (N)
Average absolute Force error:                                1.192e-01  -->   3.115e+01 (N)
Maximum absolute Force error:                                4.852e-05  -->   1.203e-02 (normalized)
Minimum absolute Force error:                                9.120e-10  -->   8.683e-08 (normalized)
Average absolute Force error:                                1.617e-06  -->   4.226e-04 (normalized)
Cross-section R error:                                       0.000e+00  -->   0.000e+00 (m)
Cross-section Z error:                                       0.000e+00  -->   0.000e+00 (m)
Fixed pressure profile error:                                0.000e+00  -->   0.000e+00 (Pa)
Fixed current profile error:                                 0.000e+00  -->   0.000e+00 (A)
Fixed Psi error:                                             0.000e+00  -->   0.000e+00 (Wb)
==============================================================================================================

