/home/ye2698/DESC/desc/integrals/_interp_utils.py:19: UserWarning: 
jax-finufft is not installed.
If you want to use NUFFTs, follow the DESC installation instructions.
Otherwise you must set the parameter nufft_eps to zero
when computing effective ripple, Gamma_c, and any other
computations that involve bounce integrals.

  warnings.warn(
DESC version=0.15.0+425.ga8f1b2dda.
Using JAX backend: jax version=0.6.2, jaxlib version=0.6.2, dtype=float64.
Using device: NVIDIA A100 80GB PCIe (id=0), with 80.00 GB available memory.
Building objective: QS two-term
Precomputing transforms
Timer: Precomputing transforms = 317 ms
Building objective: aspect ratio
Precomputing transforms
Timer: Precomputing transforms = 39.6 ms
Building objective: volume
Precomputing transforms
Timer: Precomputing transforms = 38.9 ms
Timer: Objective build = 438 ms
Building objective: force
Precomputing transforms
Timer: Precomputing transforms = 469 ms
Timer: Objective build = 769 ms
Timer: Objective build = 2.11 ms
Timer: Eq Update LinearConstraintProjection build = 2.02 sec
Timer: Proximal projection build = 19.7 sec
Building objective: fixed cross-section R
Building objective: fixed cross-section Z
Building objective: fixed pressure
Building objective: fixed current
Building objective: fixed Psi
Timer: Objective build = 260 ms
Timer: LinearConstraintProjection build = 693 ms
Number of parameters: 45
Number of objectives: 461
Timer: Initializing the optimization = 20.7 sec

Starting optimization
Using method: proximal-lsq-exact
Solver options:
------------------------------------------------------------
Maximum Function Evaluations       : 1251
Maximum Allowed Total Δx Norm      : inf
Scaled Termination                 : True
Trust Region Method                : qr
Initial Trust Radius               : 8.986e+02
Maximum Trust Radius               : inf
Minimum Trust Radius               : 2.220e-16
Trust Radius Increase Ratio        : 2.000e+00
Trust Radius Decrease Ratio        : 2.500e-01
Trust Radius Increase Threshold    : 7.500e-01
Trust Radius Decrease Threshold    : 2.500e-01
------------------------------------------------------------ 

   Iteration     Total nfev        Cost      Cost reduction    Step norm     Optimality   
       0              1          2.800e+05                                    7.039e+02   
       1              2          5.676e+04      2.233e+05      9.678e-02      1.488e+02   
       2              3          2.109e+04      3.567e+04      8.601e-02      2.971e+01   
       3              4          5.616e+03      1.547e+04      2.669e-02      4.686e+00   
       4              5          4.035e+03      1.581e+03      2.074e-01      6.696e+00   
       5              6          1.825e+03      2.210e+03      6.949e-02      1.521e+00   
       6              7          1.825e+03      1.465e-01      5.031e-02      2.107e+00   
       7              8          1.673e+03      1.524e+02      3.714e-02      1.364e+00   
       8              9          1.390e+03      2.829e+02      1.273e-02      5.693e-01   
       9             10          1.164e+03      2.260e+02      3.227e-02      2.690e-01   
      10             11          1.092e+03      7.166e+01      3.145e-02      8.517e-01   
      11             12          1.034e+03      5.754e+01      3.845e-02      5.509e-01   
      12             13          9.196e+02      1.148e+02      8.853e-03      2.431e-01   
      13             15          8.889e+02      3.076e+01      1.366e-02      1.154e-01   
      14             16          8.533e+02      3.554e+01      1.006e-03      6.224e-02   
      15             17          8.037e+02      4.965e+01      2.075e-02      2.767e-01   
      16             18          7.619e+02      4.180e+01      4.564e-02      2.107e-01   
      17             19          6.842e+02      7.769e+01      2.274e-02      3.520e-01   
      18             20          5.896e+02      9.460e+01      4.580e-02      5.875e-01   
      19             23          5.605e+02      2.906e+01      1.601e-02      5.448e-01   
      20             24          5.398e+02      2.070e+01      1.556e-02      3.216e-01   
      21             25          5.272e+02      1.267e+01      9.078e-03      1.134e-01   
      22             26          5.144e+02      1.275e+01      2.965e-03      9.226e-02   
      23             27          4.951e+02      1.932e+01      2.704e-03      1.873e-01   
      24             28          4.797e+02      1.542e+01      1.139e-02      4.276e-01   
      25             30          4.631e+02      1.660e+01      7.505e-03      2.308e-01   
      26             31          4.526e+02      1.044e+01      3.446e-03      8.864e-02   
      27             32          4.380e+02      1.459e+01      3.718e-03      8.511e-02   
      28             33          4.174e+02      2.068e+01      4.038e-03      2.032e-01   
      29             35          4.027e+02      1.464e+01      1.738e-03      8.171e-02   
      30             37          3.963e+02      6.453e+00      1.734e-03      5.420e-02   
      31             38          3.848e+02      1.144e+01      2.113e-03      7.600e-02   
      32             39          3.722e+02      1.262e+01      2.653e-03      2.847e-01   
      33             41          3.618e+02      1.043e+01      3.966e-03      8.076e-02   
      34             42          3.516e+02      1.022e+01      6.259e-03      9.992e-02   
      35             44          3.455e+02      6.028e+00      2.278e-03      6.535e-02   
      36             45          3.360e+02      9.485e+00      2.819e-03      1.526e-01   
      37             46          3.343e+02      1.713e+00      6.178e-03      5.640e-01   
      38             47          3.097e+02      2.467e+01      6.799e-03      3.537e-01   
      39             48          2.977e+02      1.199e+01      1.134e-02      9.688e-02   
      40             50          2.944e+02      3.229e+00      4.575e-03      1.278e-01   
      41             51          2.918e+02      2.635e+00      5.226e-03      2.213e-01   
      42             52          2.900e+02      1.805e+00      4.317e-03      2.418e-01   
      43             53          2.866e+02      3.351e+00      3.386e-03      1.420e-01   
      44             54          2.840e+02      2.672e+00      4.668e-03      1.240e-01   
      45             56          2.824e+02      1.616e+00      2.345e-03      4.138e-02   
      46             57          2.816e+02      7.400e-01      3.014e-03      3.315e-02   
      47             58          2.803e+02      1.284e+00      1.584e-03      3.369e-02   
      48             59          2.782e+02      2.134e+00      1.106e-03      4.671e-02   
      49             60          2.743e+02      3.944e+00      3.472e-03      7.892e-02   
      50             62          2.729e+02      1.318e+00      2.464e-03      1.056e-01   
      51             63          2.712e+02      1.720e+00      2.128e-03      9.053e-02   
      52             64          2.693e+02      1.897e+00      1.271e-03      1.329e-01   
      53             65          2.654e+02      3.913e+00      3.268e-03      1.409e-01   
      54             66          2.645e+02      8.884e-01      7.242e-03      3.035e-01   
      55             67          2.623e+02      2.216e+00      6.818e-03      2.170e-01   
      56             68          2.598e+02      2.528e+00      6.215e-04      5.211e-02   
      57             69          2.567e+02      3.030e+00      2.036e-03      1.866e-02   
      58             70          2.532e+02      3.519e+00      3.763e-03      2.389e-01   
      59             72          2.515e+02      1.775e+00      2.145e-03      2.649e-01   
      60             73          2.482e+02      3.244e+00      2.012e-03      8.034e-02   
      61             74          2.461e+02      2.090e+00      2.233e-03      1.927e-01   
      62             75          2.425e+02      3.622e+00      2.502e-03      1.492e-01   
      63             77          2.411e+02      1.351e+00      1.161e-03      7.264e-02   
      64             78          2.396e+02      1.531e+00      2.362e-03      2.416e-01   
      65             79          2.367e+02      2.909e+00      2.241e-03      3.697e-01   
      66             80          2.330e+02      3.694e+00      3.251e-03      1.740e-01   
      67             81          2.312e+02      1.787e+00      4.595e-03      1.365e-01   
      68             83          2.298e+02      1.413e+00      3.083e-03      3.158e-01   
      69             84          2.286e+02      1.228e+00      1.729e-03      1.421e-01   
      70             85          2.264e+02      2.172e+00      2.464e-03      9.982e-02   
      71             86          2.226e+02      3.825e+00      3.680e-03      4.956e-02   
      72             88          2.205e+02      2.108e+00      1.885e-03      7.918e-02   
      73             89          2.188e+02      1.628e+00      3.953e-03      4.892e-01   
      74             90          2.183e+02      5.562e-01      5.460e-03      5.047e-01   
      75             91          2.127e+02      5.607e+00      2.330e-03      1.613e-01   
      76             94          2.123e+02      3.857e-01      4.135e-04      2.280e-02   
      77             95          2.120e+02      2.497e-01      2.877e-04      4.601e-02   
      78             97          2.119e+02      1.697e-01      1.597e-04      1.098e-02   
Optimization terminated successfully.
`ftol` condition satisfied. (ftol=1.00e-03)
         Current function value: 2.119e+02
         Total delta_x: 3.191e-01
         Iterations: 78
         Function evaluations: 97
         Jacobian evaluations: 79
Timer: Solution time = 6.82 min
Timer: Avg time per step = 5.18 sec
==============================================================================================================
                                                                 Start  -->   End
Total (sum of squares):                                      2.817e+05  -->   2.119e+02, 
Maximum absolute Quasi-symmetry (1,4) two-term error:        4.504e+00  -->   1.957e-01 (T^3)
Minimum absolute Quasi-symmetry (1,4) two-term error:        6.693e-04  -->   2.570e-04 (T^3)
Average absolute Quasi-symmetry (1,4) two-term error:        1.221e+00  -->   3.038e-02 (T^3)
Aspect ratio:                                                7.980e+00  -->   7.757e+00 (dimensionless)
Plasma volume:                                               3.094e-01  -->   4.247e-01 (m^3)
Maximum absolute Force error:                                3.576e+00  -->   4.492e+00 (N)
Minimum absolute Force error:                                6.721e-05  -->   7.171e-06 (N)
Average absolute Force error:                                1.192e-01  -->   1.084e-01 (N)
Maximum absolute Force error:                                4.852e-05  -->   6.094e-05 (normalized)
Minimum absolute Force error:                                9.120e-10  -->   9.730e-11 (normalized)
Average absolute Force error:                                1.617e-06  -->   1.471e-06 (normalized)
Cross-section R error:                                       0.000e+00  -->   0.000e+00 (m)
Cross-section Z error:                                       0.000e+00  -->   0.000e+00 (m)
Fixed pressure profile error:                                0.000e+00  -->   0.000e+00 (Pa)
Fixed current profile error:                                 0.000e+00  -->   0.000e+00 (A)
Fixed Psi error:                                             0.000e+00  -->   0.000e+00 (Wb)
==============================================================================================================

