/home/ye2698/DESC/desc/integrals/_interp_utils.py:19: UserWarning: 
jax-finufft is not installed.
If you want to use NUFFTs, follow the DESC installation instructions.
Otherwise you must set the parameter nufft_eps to zero
when computing effective ripple, Gamma_c, and any other
computations that involve bounce integrals.

  warnings.warn(
DESC version=0.15.0+425.ga8f1b2dda.
Using JAX backend: jax version=0.6.2, jaxlib version=0.6.2, dtype=float64.
Using device: NVIDIA A100 80GB PCIe (id=0), with 80.00 GB available memory.
Building objective: QS two-term
Precomputing transforms
Timer: Precomputing transforms = 505 ms
Building objective: aspect ratio
Precomputing transforms
Timer: Precomputing transforms = 39.3 ms
Building objective: volume
Precomputing transforms
Timer: Precomputing transforms = 38.9 ms
Timer: Objective build = 700 ms
Building objective: force
Precomputing transforms
Timer: Precomputing transforms = 861 ms
Timer: Objective build = 2.62 sec
Timer: Objective build = 2.11 ms
Timer: Eq Update LinearConstraintProjection build = 5.51 sec
Timer: Proximal projection build = 32.3 sec
Building objective: fixed cross-section R
Building objective: fixed cross-section Z
Building objective: fixed pressure
Building objective: fixed current
Building objective: fixed Psi
Timer: Objective build = 670 ms
Timer: LinearConstraintProjection build = 1.08 sec
Number of parameters: 45
Number of objectives: 461
Timer: Initializing the optimization = 34.1 sec

Starting optimization
Using method: proximal-lsq-exact
Solver options:
------------------------------------------------------------
Maximum Function Evaluations       : 1251
Maximum Allowed Total Δx Norm      : inf
Scaled Termination                 : True
Trust Region Method                : qr
Initial Trust Radius               : 8.993e+02
Maximum Trust Radius               : inf
Minimum Trust Radius               : 2.220e-16
Trust Radius Increase Ratio        : 2.000e+00
Trust Radius Decrease Ratio        : 2.500e-01
Trust Radius Increase Threshold    : 7.500e-01
Trust Radius Decrease Threshold    : 2.500e-01
------------------------------------------------------------ 

   Iteration     Total nfev        Cost      Cost reduction    Step norm     Optimality   
       0              1          2.800e+05                                    7.037e+02   
       1              2          4.965e+04      2.304e+05      1.171e-01      1.528e+02   
       2              3          3.166e+04      1.799e+04      9.312e-02      2.650e+01   
       3              5          1.652e+04      1.514e+04      3.178e-02      8.592e+00   
       4              7          1.148e+04      5.041e+03      2.911e-02      8.679e+00   
       5              8          5.493e+03      5.982e+03      9.937e-02      6.218e+00   
       6             10          3.409e+03      2.084e+03      5.941e-03      1.528e+00   
       7             11          2.412e+03      9.974e+02      1.908e-02      3.393e+00   
       8             13          1.735e+03      6.763e+02      1.678e-02      9.488e-01   
       9             14          1.372e+03      3.629e+02      1.110e-02      1.192e+00   
      10             15          1.000e+03      3.724e+02      1.457e-02      1.467e+00   
      11             16          6.914e+02      3.086e+02      4.582e-02      7.764e-01   
      12             18          5.330e+02      1.584e+02      5.701e-03      1.290e+00   
      13             20          4.694e+02      6.355e+01      3.459e-03      2.785e-01   
      14             21          4.541e+02      1.536e+01      1.111e-02      1.754e+00   
      15             22          4.232e+02      3.089e+01      1.457e-02      1.373e+00   
      16             23          3.654e+02      5.783e+01      1.649e-02      9.179e-01   
      17             25          3.363e+02      2.912e+01      6.969e-03      2.531e-01   
      18             26          2.998e+02      3.647e+01      1.557e-02      7.639e-01   
      19             28          2.876e+02      1.223e+01      9.752e-03      1.498e+00   
      20             29          2.636e+02      2.397e+01      4.295e-03      8.900e-01   
      21             31          2.499e+02      1.367e+01      2.991e-03      3.094e-01   
      22             32          2.392e+02      1.075e+01      5.053e-03      9.350e-01   
      23             33          2.186e+02      2.056e+01      5.814e-03      1.817e-01   
      24             35          2.081e+02      1.053e+01      2.137e-03      4.222e-01   
      25             36          1.943e+02      1.374e+01      3.708e-03      5.869e-01   
      26             38          1.857e+02      8.597e+00      2.311e-03      1.718e-01   
      27             40          1.825e+02      3.202e+00      5.787e-04      1.941e-01   
      28             41          1.771e+02      5.443e+00      1.861e-03      2.960e-01   
      29             43          1.732e+02      3.868e+00      8.683e-04      1.276e-01   
      30             44          1.692e+02      4.006e+00      1.899e-03      2.949e-01   
      31             46          1.656e+02      3.597e+00      9.542e-04      1.138e-01   
      32             48          1.644e+02      1.276e+00      5.040e-04      5.511e-02   
      33             49          1.623e+02      2.083e+00      8.971e-04      1.051e-01   
      34             51          1.612e+02      1.083e+00      4.899e-04      5.360e-02   
      35             52          1.595e+02      1.696e+00      8.121e-04      1.051e-01   
      36             53          1.587e+02      7.929e-01      1.354e-03      3.136e-01   
      37             54          1.560e+02      2.695e+00      1.463e-04      1.033e-01   
      38             55          1.542e+02      1.852e+00      4.310e-04      2.188e-01   
      39             85          1.542e+02      0.000e+00      0.000e+00      2.188e-01   
Warning: A bad approximation caused failure to predict improvement.
         Current function value: 1.542e+02
         Total delta_x: 1.930e-01
         Iterations: 39
         Function evaluations: 85
         Jacobian evaluations: 39
Timer: Solution time = 4.97 min
Timer: Avg time per step = 7.45 sec
==============================================================================================================
                                                                 Start  -->   End
Total (sum of squares):                                      2.817e+05  -->   1.542e+02, 
Maximum absolute Quasi-symmetry (1,4) two-term error:        4.504e+00  -->   1.891e-01 (T^3)
Minimum absolute Quasi-symmetry (1,4) two-term error:        6.693e-04  -->   2.192e-04 (T^3)
Average absolute Quasi-symmetry (1,4) two-term error:        1.221e+00  -->   2.776e-02 (T^3)
Aspect ratio:                                                7.980e+00  -->   7.984e+00 (dimensionless)
Plasma volume:                                               3.094e-01  -->   4.040e-01 (m^3)
Maximum absolute Force error:                                3.576e+00  -->   6.279e+00 (N)
Minimum absolute Force error:                                6.721e-05  -->   1.314e-04 (N)
Average absolute Force error:                                1.192e-01  -->   1.543e-01 (N)
Maximum absolute Force error:                                4.852e-05  -->   8.519e-05 (normalized)
Minimum absolute Force error:                                9.120e-10  -->   1.783e-09 (normalized)
Average absolute Force error:                                1.617e-06  -->   2.094e-06 (normalized)
Cross-section R error:                                       0.000e+00  -->   0.000e+00 (m)
Cross-section Z error:                                       0.000e+00  -->   0.000e+00 (m)
Fixed pressure profile error:                                0.000e+00  -->   0.000e+00 (Pa)
Fixed current profile error:                                 0.000e+00  -->   0.000e+00 (A)
Fixed Psi error:                                             0.000e+00  -->   0.000e+00 (Wb)
==============================================================================================================

