/home/ye2698/DESC/desc/integrals/_interp_utils.py:19: UserWarning: 
jax-finufft is not installed.
If you want to use NUFFTs, follow the DESC installation instructions.
Otherwise you must set the parameter nufft_eps to zero
when computing effective ripple, Gamma_c, and any other
computations that involve bounce integrals.

  warnings.warn(
DESC version=0.15.0+425.ga8f1b2dda.
Using JAX backend: jax version=0.6.2, jaxlib version=0.6.2, dtype=float64.
Using device: NVIDIA A100-PCIE-40GB (id=0), with 40.00 GB available memory.
Building objective: QS two-term
Precomputing transforms
Timer: Precomputing transforms = 341 ms
Building objective: aspect ratio
Precomputing transforms
Timer: Precomputing transforms = 39.3 ms
Building objective: volume
Precomputing transforms
Timer: Precomputing transforms = 38.9 ms
Timer: Objective build = 467 ms
Building objective: force
Precomputing transforms
Timer: Precomputing transforms = 584 ms
Timer: Objective build = 905 ms
Timer: Objective build = 2.35 ms
Timer: Eq Update LinearConstraintProjection build = 2.30 sec
Timer: Proximal projection build = 21.9 sec
Building objective: fixed cross-section R
Building objective: fixed cross-section Z
Building objective: fixed pressure
Building objective: fixed current
Building objective: fixed Psi
Timer: Objective build = 288 ms
Timer: LinearConstraintProjection build = 796 ms
Number of parameters: 45
Number of objectives: 461
Timer: Initializing the optimization = 23.0 sec

Starting optimization
Using method: proximal-lsq-exact
Solver options:
------------------------------------------------------------
Maximum Function Evaluations       : 1251
Maximum Allowed Total Δx Norm      : inf
Scaled Termination                 : True
Trust Region Method                : qr
Initial Trust Radius               : 8.985e+02
Maximum Trust Radius               : inf
Minimum Trust Radius               : 2.220e-16
Trust Radius Increase Ratio        : 2.000e+00
Trust Radius Decrease Ratio        : 2.500e-01
Trust Radius Increase Threshold    : 7.500e-01
Trust Radius Decrease Threshold    : 2.500e-01
------------------------------------------------------------ 

   Iteration     Total nfev        Cost      Cost reduction    Step norm     Optimality   
       0              1          2.800e+05                                    7.039e+02   
       1              2          5.735e+04      2.227e+05      7.469e-02      9.155e+01   
       2              3          1.267e+04      4.468e+04      8.848e-02      1.718e+01   
       3              4          2.860e+03      9.810e+03      2.565e-01      4.303e+00   
       4              5          7.881e+02      2.072e+03      5.672e-02      1.254e+00   
       5              8          5.492e+02      2.389e+02      1.823e-01      1.274e+00   
       6              9          3.454e+02      2.039e+02      7.951e-02      1.577e-01   
       7             10          2.229e+02      1.224e+02      2.992e-02      4.778e-02   
       8             11          1.648e+02      5.814e+01      3.765e-02      6.255e-02   
       9             12          1.186e+02      4.616e+01      1.098e-01      4.990e-02   
      10             13          8.084e+01      3.777e+01      4.718e-02      8.450e-03   
      11             15          7.252e+01      8.325e+00      5.521e-02      1.543e-02   
      12             16          5.750e+01      1.502e+01      4.154e-02      6.541e-02   
      13             17          4.249e+01      1.501e+01      1.111e-01      4.991e-02   
      14             18          3.402e+01      8.472e+00      9.142e-02      3.424e-02   
      15             19          3.111e+01      2.908e+00      8.450e-02      9.729e-03   
      16             20          2.759e+01      3.526e+00      8.887e-02      8.773e-03   
      17             22          2.725e+01      3.353e-01      4.522e-02      6.416e-03   
      18             24          2.672e+01      5.380e-01      1.294e-02      3.175e-03   
      19             26          2.650e+01      2.105e-01      6.075e-03      5.747e-03   
      20             27          2.630e+01      2.018e-01      1.061e-02      7.663e-04   
      21             28          2.599e+01      3.126e-01      1.416e-02      3.712e-03   
      22             31          2.589e+01      1.046e-01      1.345e-03      3.856e-04   
      23             32          2.579e+01      9.316e-02      4.048e-03      3.659e-04   
      24             33          2.572e+01      7.015e-02      1.004e-02      1.383e-03   
      25             65          2.572e+01      0.000e+00      0.000e+00      1.383e-03   
Warning: A bad approximation caused failure to predict improvement.
         Current function value: 2.572e+01
         Total delta_x: 6.920e-01
         Iterations: 25
         Function evaluations: 65
         Jacobian evaluations: 25
Timer: Solution time = 7.22 min
Timer: Avg time per step = 16.6 sec
==============================================================================================================
                                                                 Start  -->   End
Total (sum of squares):                                      2.817e+05  -->   2.572e+01, 
Maximum absolute Quasi-symmetry (1,4) two-term error:        4.504e+00  -->   3.485e-02 (T^3)
Minimum absolute Quasi-symmetry (1,4) two-term error:        6.693e-04  -->   1.027e-05 (T^3)
Average absolute Quasi-symmetry (1,4) two-term error:        1.221e+00  -->   5.439e-03 (T^3)
Aspect ratio:                                                7.980e+00  -->   1.423e+00 (dimensionless)
Plasma volume:                                               3.094e-01  -->   3.192e-01 (m^3)
Maximum absolute Force error:                                3.576e+00  -->   3.271e+01 (N)
Minimum absolute Force error:                                6.721e-05  -->   1.925e-04 (N)
Average absolute Force error:                                1.192e-01  -->   9.423e-01 (N)
Maximum absolute Force error:                                4.852e-05  -->   4.439e-04 (normalized)
Minimum absolute Force error:                                9.120e-10  -->   2.611e-09 (normalized)
Average absolute Force error:                                1.617e-06  -->   1.279e-05 (normalized)
Cross-section R error:                                       0.000e+00  -->   0.000e+00 (m)
Cross-section Z error:                                       0.000e+00  -->   0.000e+00 (m)
Fixed pressure profile error:                                0.000e+00  -->   0.000e+00 (Pa)
Fixed current profile error:                                 0.000e+00  -->   0.000e+00 (A)
Fixed Psi error:                                             0.000e+00  -->   0.000e+00 (Wb)
==============================================================================================================

