/home/ye2698/DESC/desc/integrals/_interp_utils.py:19: UserWarning: 
jax-finufft is not installed.
If you want to use NUFFTs, follow the DESC installation instructions.
Otherwise you must set the parameter nufft_eps to zero
when computing effective ripple, Gamma_c, and any other
computations that involve bounce integrals.

  warnings.warn(
DESC version=0.15.0+425.ga8f1b2dda.
Using JAX backend: jax version=0.6.2, jaxlib version=0.6.2, dtype=float64.
Using device: NVIDIA A100-PCIE-40GB (id=0), with 40.00 GB available memory.
Building objective: QS two-term
Precomputing transforms
Timer: Precomputing transforms = 346 ms
Building objective: aspect ratio
Precomputing transforms
Timer: Precomputing transforms = 40.3 ms
Building objective: volume
Precomputing transforms
Timer: Precomputing transforms = 40.5 ms
Timer: Objective build = 476 ms
Building objective: force
Precomputing transforms
Timer: Precomputing transforms = 537 ms
Timer: Objective build = 866 ms
Timer: Objective build = 2.44 ms
Timer: Eq Update LinearConstraintProjection build = 2.28 sec
Timer: Proximal projection build = 21.8 sec
Building objective: fixed cross-section R
Building objective: fixed cross-section Z
Building objective: fixed pressure
Building objective: fixed current
Building objective: fixed Psi
Timer: Objective build = 292 ms
Timer: LinearConstraintProjection build = 807 ms
Number of parameters: 45
Number of objectives: 461
Timer: Initializing the optimization = 23.0 sec

Starting optimization
Using method: proximal-lsq-exact
Solver options:
------------------------------------------------------------
Maximum Function Evaluations       : 1251
Maximum Allowed Total Δx Norm      : inf
Scaled Termination                 : True
Trust Region Method                : qr
Initial Trust Radius               : 9.020e+01
Maximum Trust Radius               : inf
Minimum Trust Radius               : 2.220e-16
Trust Radius Increase Ratio        : 2.000e+00
Trust Radius Decrease Ratio        : 2.500e-01
Trust Radius Increase Threshold    : 7.500e-01
Trust Radius Decrease Threshold    : 2.500e-01
------------------------------------------------------------ 

   Iteration     Total nfev        Cost      Cost reduction    Step norm     Optimality   
       0              1          2.800e+03                                    7.031e+01   
       1              2          4.812e+02      2.319e+03      8.801e-02      1.774e+01   
       2              4          4.276e+02      5.356e+01      5.805e-03      6.160e+00   
       3              5          1.729e+02      2.548e+02      2.669e-03      7.549e+00   
       4              6          1.495e+02      2.338e+01      4.865e-03      1.400e+01   
       5              7          6.294e+01      8.653e+01      8.532e-04      4.416e+00   
       6              8          4.266e+01      2.028e+01      7.954e-03      3.242e+00   
       7             10          3.246e+01      1.021e+01      6.154e-04      9.650e-01   
       8             11          2.694e+01      5.519e+00      4.934e-03      8.236e-01   
       9             12          2.245e+01      4.486e+00      6.393e-03      9.076e-01   
      10             13          2.105e+01      1.404e+00      4.490e-03      2.018e+00   
      11             14          1.578e+01      5.274e+00      2.007e-03      7.480e-01   
      12             15          1.372e+01      2.057e+00      3.285e-03      5.760e-01   
      13             16          1.195e+01      1.766e+00      9.336e-03      1.455e+00   
      14             17          1.064e+01      1.314e+00      7.603e-03      1.538e+00   
      15             19          7.975e+00      2.663e+00      1.447e-03      4.761e-01   
      16             20          7.320e+00      6.554e-01      3.601e-03      9.354e-01   
      17             22          6.503e+00      8.172e-01      1.580e-03      3.364e-01   
      18             24          6.298e+00      2.049e-01      7.707e-04      1.029e-01   
      19             25          6.097e+00      2.007e-01      1.653e-03      2.501e-01   
      20             27          5.905e+00      1.924e-01      7.293e-04      1.016e-01   
      21             28          5.700e+00      2.050e-01      1.486e-03      2.531e-01   
      22             30          5.549e+00      1.504e-01      6.268e-04      1.150e-01   
      23             31          5.355e+00      1.947e-01      1.422e-03      2.219e-01   
      24             32          4.935e+00      4.199e-01      2.787e-03      1.156e-01   
      25             34          4.727e+00      2.079e-01      1.550e-03      5.165e-02   
      26             35          4.421e+00      3.057e-01      2.569e-03      2.610e-01   
      27             37          4.215e+00      2.061e-01      1.293e-03      9.548e-02   
      28             38          3.969e+00      2.459e-01      1.517e-03      3.184e-01   
      29             40          3.845e+00      1.247e-01      5.507e-04      4.137e-01   
      30             41          3.656e+00      1.890e-01      5.587e-04      1.634e-01   
      31             42          3.614e+00      4.179e-02      1.324e-03      4.936e-01   
      32             44          3.453e+00      1.608e-01      4.288e-05      1.090e-01   
      33             45          3.421e+00      3.195e-02      4.072e-04      8.191e-02   
      34             46          3.395e+00      2.591e-02      2.763e-04      4.028e-02   
      35             48          3.389e+00      5.996e-03      1.587e-04      4.887e-02   
      36             49          3.384e+00      4.730e-03      1.741e-04      4.976e-02   
      37             50          3.381e+00      3.771e-03      1.725e-04      5.058e-02   
      38             51          3.378e+00      2.467e-03      5.636e-05      1.868e-02   
Optimization terminated successfully.
`ftol` condition satisfied. (ftol=1.00e-03)
         Current function value: 3.378e+00
         Total delta_x: 8.895e-02
         Iterations: 38
         Function evaluations: 51
         Jacobian evaluations: 39
Timer: Solution time = 3.09 min
Timer: Avg time per step = 4.75 sec
==============================================================================================================
                                                                 Start  -->   End
Total (sum of squares):                                      2.817e+03  -->   3.378e+00, 
Maximum absolute Quasi-symmetry (1,4) two-term error:        4.504e+00  -->   3.233e-01 (T^3)
Minimum absolute Quasi-symmetry (1,4) two-term error:        6.693e-04  -->   1.271e-04 (T^3)
Average absolute Quasi-symmetry (1,4) two-term error:        1.221e+00  -->   4.622e-02 (T^3)
Aspect ratio:                                                7.980e+00  -->   7.995e+00 (dimensionless)
Plasma volume:                                               3.094e-01  -->   3.161e-01 (m^3)
Maximum absolute Force error:                                3.576e+00  -->   5.773e+00 (N)
Minimum absolute Force error:                                6.721e-05  -->   4.599e-05 (N)
Average absolute Force error:                                1.192e-01  -->   1.210e-01 (N)
Maximum absolute Force error:                                4.852e-05  -->   7.833e-05 (normalized)
Minimum absolute Force error:                                9.120e-10  -->   6.241e-10 (normalized)
Average absolute Force error:                                1.617e-06  -->   1.642e-06 (normalized)
Cross-section R error:                                       0.000e+00  -->   0.000e+00 (m)
Cross-section Z error:                                       0.000e+00  -->   0.000e+00 (m)
Fixed pressure profile error:                                0.000e+00  -->   0.000e+00 (Pa)
Fixed current profile error:                                 0.000e+00  -->   0.000e+00 (A)
Fixed Psi error:                                             0.000e+00  -->   0.000e+00 (Wb)
==============================================================================================================

